#
# There is insufficient memory for the Java Runtime Environment to continue.
# Native memory allocation (malloc) failed to allocate 1761952 bytes for Chunk::new
# Possible reasons:
#   The system is out of physical RAM or swap space
#   The process is running with CompressedOops enabled, and the Java Heap may be blocking the growth of the native heap
# Possible solutions:
#   Reduce memory load on the system
#   Increase physical memory or swap space
#   Check if swap backing store is full
#   Decrease Java heap size (-Xmx/-Xms)
#   Decrease number of Java threads
#   Decrease Java thread stack sizes (-Xss)
#   Set larger code cache with -XX:ReservedCodeCacheSize=
#   JVM is running with Unscaled Compressed Oops mode in which the Java heap is
#     placed in the first 4GB address space. The Java Heap base address is the
#     maximum limit for the native heap growth. Please use -XX:HeapBaseMinAddress
#     to set the Java Heap base and to place the Java Heap above 4GB virtual address.
# This output file may be truncated or incomplete.
#
#  Out of Memory Error (arena.cpp:189), pid=25480, tid=7888
#
# JRE version: OpenJDK Runtime Environment Corretto-17.0.6.10.1 (17.0.6+10) (build 17.0.6+10-LTS)
# Java VM: OpenJDK 64-Bit Server VM Corretto-17.0.6.10.1 (17.0.6+10-LTS, mixed mode, sharing, tiered, compressed oops, compressed class ptrs, g1 gc, windows-amd64)
# No core dump will be written. Minidumps are not enabled by default on client versions of Windows
#

---------------  S U M M A R Y ------------

Command Line: --add-opens=java.base/java.util=ALL-UNNAMED --add-opens=java.base/java.lang=ALL-UNNAMED --add-opens=java.base/java.lang.invoke=ALL-UNNAMED --add-opens=java.prefs/java.util.prefs=ALL-UNNAMED --add-opens=java.base/java.nio.charset=ALL-UNNAMED --add-opens=java.base/java.net=ALL-UNNAMED --add-opens=java.base/java.util.concurrent.atomic=ALL-UNNAMED -XX:MaxMetaspaceSize=384m -XX:+HeapDumpOnOutOfMemoryError -Xms256m -Xmx512m -Dfile.encoding=windows-1250 -Duser.country=CZ -Duser.language=cs -Duser.variant -javaagent:C:\Users\hp\.gradle\wrapper\dists\gradle-8.3-bin\dxjbbhstwasg8cbags9q7cvli\gradle-8.3\lib\agents\gradle-instrumentation-agent-8.3.jar org.gradle.launcher.daemon.bootstrap.GradleDaemon 8.3

Host: Intel(R) Core(TM) i5-8250U CPU @ 1.60GHz, 8 cores, 5G,  Windows 10 , 64 bit Build 19041 (10.0.19041.3570)
Time: Sat Oct 14 19:34:12 2023 Stindows 10 , 64 bit Build 19041 (10.0.19041.3570) elapsed time: 20.896013 seconds (0d 0h 0m 20s)

---------------  T H R E A D  ---------------

Current thread (0x00000166675ed5e0):  JavaThread "C2 CompilerThread0" daemon [_thread_in_native, id=7888, stack(0x0000004f56500000,0x0000004f56600000)]


Current CompileTask:
C2:  20896 5614       4       java.lang.Class::getMethodsRecursive (99 bytes)

Stack: [0x0000004f56500000,0x0000004f56600000]
Native frames: (J=compiled Java code, j=interpreted, Vv=VM code, C=native code)
V  [jvm.dll+0x64b39a]
V  [jvm.dll+0x7ff044]
V  [jvm.dll+0x8007fe]
V  [jvm.dll+0x800e53]
V  [jvm.dll+0x235848]
V  [jvm.dll+0xbce6c]
V  [jvm.dll+0xbd44c]
V  [jvm.dll+0x34f2a7]
V  [jvm.dll+0x319ccf]
V  [jvm.dll+0x31910a]
V  [jvm.dll+0x209ca5]
V  [jvm.dll+0x209237]
V  [jvm.dll+0x19926d]
V  [jvm.dll+0x2185dd]
V  [jvm.dll+0x216824]
V  [jvm.dll+0x7b77bb]
V  [jvm.dll+0x7b1d6a]
V  [jvm.dll+0x64a265]
C  [ucrtbase.dll+0x21bb2]
C  [KERNEL32.DLL+0x17344]
C  [ntdll.dll+0x526b1]


---------------  P R O C E S S  ---------------

Threads class SMR info:
_java_thread_list=0x0000016668d3e1a0, length=83, elements={
0x000001664ca483f0, 0x00000166675d1f20, 0x00000166675d2ca0, 0x00000166675e8ba0,
0x00000166675eb870, 0x00000166675ec130, 0x00000166675ec9f0, 0x00000166675ed5e0,
0x00000166675ee6f0, 0x000001666760e7e0, 0x00000166680af660, 0x00000166681a2780,
0x00000166697d50b0, 0x00000166697d0930, 0x0000016669a1a650, 0x000001666899ae80,
0x0000016669335ea0, 0x0000016668a1af80, 0x00000166684572d0, 0x0000016668dad9f0,
0x0000016668dafba0, 0x0000016668dae390, 0x0000016668db0a10, 0x0000016668dadec0,
0x0000016668dae860, 0x0000016668daed30, 0x0000016668daf200, 0x0000016668db0ee0,
0x0000016668daf6d0, 0x0000016668db0070, 0x0000016668db13b0, 0x000001666bcb2cd0,
0x000001666bcaee40, 0x000001666bcb31a0, 0x000001666bcacc90, 0x000001666bcb2330,
0x000001666bcadb00, 0x000001666bcb2800, 0x000001666bcb0b20, 0x000001666bcb0ff0,
0x000001666bcadfd0, 0x000001666bcaf310, 0x000001666bcabe20, 0x000001666bcac7c0,
0x000001666bcb0650, 0x000001666bcb14c0, 0x000001666bcad160, 0x000001666bcae970,
0x000001666bcaf7e0, 0x000001666bcb0180, 0x000001666bcafcb0, 0x000001666c3e56e0,
0x000001666c3e6ef0, 0x000001666c3e9f10, 0x000001666c3e5210, 0x000001666c3e3a00,
0x000001666c3e6a20, 0x000001666c3e8700, 0x000001666c3e9570, 0x000001666c3e8bd0,
0x000001666c3e3ed0, 0x000001666c3e43a0, 0x000001666c3e73c0, 0x000001666c3e4870,
0x000001666c3e4d40, 0x000001666c3e7890, 0x000001666c3e90a0, 0x000001666c3e6080,
0x000001666c3e8230, 0x000001666c3e9a40, 0x000001666c3e6550, 0x000001666c3e5bb0,
0x000001666c3e7d60, 0x000001666c3e3060, 0x000001666eaad4c0, 0x000001666eaae330,
0x000001666eaa82f0, 0x000001666eaaf1a0, 0x000001666eaad990, 0x000001666eaa87c0,
0x000001666eaacff0, 0x000001666eaaae40, 0x000001666eaae800
}

Java Threads: ( => current thread )
  0x000001664ca483f0 JavaThread "main" [_thread_blocked, id=23908, stack(0x0000004f55800000,0x0000004f55900000)]
  0x00000166675d1f20 JavaThread "Reference Handler" daemon [_thread_blocked, id=24772, stack(0x0000004f55f00000,0x0000004f56000000)]
  0x00000166675d2ca0 JavaThread "Finalizer" daemon [_thread_blocked, id=23200, stack(0x0000004f56000000,0x0000004f56100000)]
  0x00000166675e8ba0 JavaThread "Signal Dispatcher" daemon [_thread_blocked, id=20708, stack(0x0000004f56100000,0x0000004f56200000)]
  0x00000166675eb870 JavaThread "Attach Listener" daemon [_thread_blocked, id=4304, stack(0x0000004f56200000,0x0000004f56300000)]
  0x00000166675ec130 JavaThread "Service Thread" daemon [_thread_blocked, id=12820, stack(0x0000004f56300000,0x0000004f56400000)]
  0x00000166675ec9f0 JavaThread "Monitor Deflation Thread" daemon [_thread_blocked, id=17616, stack(0x0000004f56400000,0x0000004f56500000)]
=>0x00000166675ed5e0 JavaThread "C2 CompilerThread0" daemon [_thread_in_native, id=7888, stack(0x0000004f56500000,0x0000004f56600000)]
  0x00000166675ee6f0 JavaThread "C1 CompilerThread0" daemon [_thread_blocked, id=19944, stack(0x0000004f56600000,0x0000004f56700000)]
  0x000001666760e7e0 JavaThread "Sweeper thread" daemon [_thread_blocked, id=12504, stack(0x0000004f56700000,0x0000004f56800000)]
  0x00000166680af660 JavaThread "Common-Cleaner" daemon [_thread_blocked, id=4628, stack(0x0000004f56800000,0x0000004f56900000)]
  0x00000166681a2780 JavaThread "Notification Thread" daemon [_thread_blocked, id=18392, stack(0x0000004f56900000,0x0000004f56a00000)]
  0x00000166697d50b0 JavaThread "Daemon health stats" [_thread_blocked, id=22068, stack(0x0000004f57000000,0x0000004f57100000)]
  0x00000166697d0930 JavaThread "Incoming local TCP Connector on port 57801" [_thread_in_native, id=3228, stack(0x0000004f57100000,0x0000004f57200000)]
  0x0000016669a1a650 JavaThread "Daemon periodic checks" [_thread_blocked, id=9520, stack(0x0000004f57200000,0x0000004f57300000)]
  0x000001666899ae80 JavaThread "Daemon" [_thread_blocked, id=17564, stack(0x0000004f57300000,0x0000004f57400000)]
  0x0000016669335ea0 JavaThread "Handler for socket connection from /127.0.0.1:57801 to /127.0.0.1:57802" [_thread_in_native, id=21028, stack(0x0000004f57400000,0x0000004f57500000)]
  0x0000016668a1af80 JavaThread "Cancel handler" [_thread_blocked, id=18300, stack(0x0000004f57500000,0x0000004f57600000)]
  0x00000166684572d0 JavaThread "Daemon worker" [_thread_blocked, id=24980, stack(0x0000004f57600000,0x0000004f57700000)]
  0x0000016668dad9f0 JavaThread "Asynchronous log dispatcher for DefaultDaemonConnection: socket connection from /127.0.0.1:57801 to /127.0.0.1:57802" [_thread_blocked, id=23712, stack(0x0000004f57700000,0x0000004f57800000)]
  0x0000016668dafba0 JavaThread "Stdin handler" [_thread_blocked, id=21812, stack(0x0000004f57800000,0x0000004f57900000)]
  0x0000016668dae390 JavaThread "Daemon client event forwarder" [_thread_blocked, id=23532, stack(0x0000004f57900000,0x0000004f57a00000)]
  0x0000016668db0a10 JavaThread "Cache worker for journal cache (C:\Users\hp\.gradle\caches\journal-1)" [_thread_blocked, id=19980, stack(0x0000004f57a00000,0x0000004f57b00000)]
  0x0000016668dadec0 JavaThread "File lock request listener" [_thread_in_native, id=2200, stack(0x0000004f57b00000,0x0000004f57c00000)]
  0x0000016668dae860 JavaThread "Cache worker for file hash cache (C:\Users\hp\.gradle\caches\8.3\fileHashes)" [_thread_blocked, id=23768, stack(0x0000004f57c00000,0x0000004f57d00000)]
  0x0000016668daed30 JavaThread "File watcher server" daemon [_thread_in_native, id=7580, stack(0x0000004f57d00000,0x0000004f57e00000)]
  0x0000016668daf200 JavaThread "File watcher consumer" daemon [_thread_blocked, id=25132, stack(0x0000004f57e00000,0x0000004f57f00000)]
  0x0000016668db0ee0 JavaThread "Cache worker for checksums cache (C:\Users\hp\IdeaProjects\j2w-ukol03\.gradle\8.3\checksums)" [_thread_blocked, id=12768, stack(0x0000004f57f00000,0x0000004f58000000)]
  0x0000016668daf6d0 JavaThread "Cache worker for file hash cache (C:\Users\hp\IdeaProjects\j2w-ukol03\.gradle\8.3\fileHashes)" [_thread_blocked, id=10568, stack(0x0000004f58000000,0x0000004f58100000)]
  0x0000016668db0070 JavaThread "Cache worker for cache directory md-supplier (C:\Users\hp\.gradle\caches\8.3\md-supplier)" [_thread_blocked, id=10284, stack(0x0000004f58100000,0x0000004f58200000)]
  0x0000016668db13b0 JavaThread "Cache worker for file content cache (C:\Users\hp\.gradle\caches\8.3\fileContent)" [_thread_blocked, id=25168, stack(0x0000004f58500000,0x0000004f58600000)]
  0x000001666bcb2cd0 JavaThread "Cache worker for cache directory md-rule (C:\Users\hp\.gradle\caches\8.3\md-rule)" [_thread_blocked, id=24412, stack(0x0000004f58600000,0x0000004f58700000)]
  0x000001666bcaee40 JavaThread "Cache worker for execution history cache (C:\Users\hp\.gradle\caches\8.3\executionHistory)" [_thread_blocked, id=10032, stack(0x0000004f58700000,0x0000004f58800000)]
  0x000001666bcb31a0 JavaThread "jar transforms" [_thread_blocked, id=25524, stack(0x0000004f58800000,0x0000004f58900000)]
  0x000001666bcacc90 JavaThread "jar transforms Thread 2" [_thread_blocked, id=9720, stack(0x0000004f58900000,0x0000004f58a00000)]
  0x000001666bcb2330 JavaThread "jar transforms Thread 3" [_thread_blocked, id=22456, stack(0x0000004f58a00000,0x0000004f58b00000)]
  0x000001666bcadb00 JavaThread "jar transforms Thread 4" [_thread_blocked, id=18204, stack(0x0000004f58b00000,0x0000004f58c00000)]
  0x000001666bcb2800 JavaThread "jar transforms Thread 5" [_thread_blocked, id=24452, stack(0x0000004f58c00000,0x0000004f58d00000)]
  0x000001666bcb0b20 JavaThread "jar transforms Thread 6" [_thread_blocked, id=2180, stack(0x0000004f58d00000,0x0000004f58e00000)]
  0x000001666bcb0ff0 JavaThread "Cache worker for dependencies-accessors (C:\Users\hp\IdeaProjects\j2w-ukol03\.gradle\8.3\dependencies-accessors)" [_thread_blocked, id=18776, stack(0x0000004f58e00000,0x0000004f58f00000)]
  0x000001666bcadfd0 JavaThread "jar transforms Thread 7" [_thread_blocked, id=23516, stack(0x0000004f58f00000,0x0000004f59000000)]
  0x000001666bcaf310 JavaThread "Cache worker for Build Output Cleanup Cache (C:\Users\hp\IdeaProjects\j2w-ukol03\.gradle\buildOutputCleanup)" [_thread_blocked, id=20876, stack(0x0000004f59000000,0x0000004f59100000)]
  0x000001666bcabe20 JavaThread "Unconstrained build operations" [_thread_blocked, id=13716, stack(0x0000004f59100000,0x0000004f59200000)]
  0x000001666bcac7c0 JavaThread "Unconstrained build operations Thread 2" [_thread_blocked, id=8268, stack(0x0000004f59200000,0x0000004f59300000)]
  0x000001666bcb0650 JavaThread "Unconstrained build operations Thread 3" [_thread_blocked, id=25516, stack(0x0000004f59300000,0x0000004f59400000)]
  0x000001666bcb14c0 JavaThread "Unconstrained build operations Thread 4" [_thread_blocked, id=24500, stack(0x0000004f59400000,0x0000004f59500000)]
  0x000001666bcad160 JavaThread "Unconstrained build operations Thread 5" [_thread_blocked, id=21428, stack(0x0000004f59500000,0x0000004f59600000)]
  0x000001666bcae970 JavaThread "Unconstrained build operations Thread 6" [_thread_blocked, id=19588, stack(0x0000004f59600000,0x0000004f59700000)]
  0x000001666bcaf7e0 JavaThread "Unconstrained build operations Thread 7" [_thread_blocked, id=612, stack(0x0000004f59700000,0x0000004f59800000)]
  0x000001666bcb0180 JavaThread "jar transforms Thread 8" [_thread_blocked, id=8600, stack(0x0000004f59800000,0x0000004f59900000)]
  0x000001666bcafcb0 JavaThread "Memory manager" [_thread_blocked, id=22656, stack(0x0000004f59900000,0x0000004f59a00000)]
  0x000001666c3e56e0 JavaThread "included builds" [_thread_in_vm, id=24700, stack(0x0000004f59b00000,0x0000004f59c00000)]
  0x000001666c3e6ef0 JavaThread "Execution worker" [_thread_blocked, id=17112, stack(0x0000004f59c00000,0x0000004f59d00000)]
  0x000001666c3e9f10 JavaThread "Execution worker Thread 2" [_thread_blocked, id=16912, stack(0x0000004f59d00000,0x0000004f59e00000)]
  0x000001666c3e5210 JavaThread "Execution worker Thread 3" [_thread_blocked, id=24024, stack(0x0000004f59e00000,0x0000004f59f00000)]
  0x000001666c3e3a00 JavaThread "Execution worker Thread 4" [_thread_blocked, id=21264, stack(0x0000004f59f00000,0x0000004f5a000000)]
  0x000001666c3e6a20 JavaThread "Execution worker Thread 5" [_thread_blocked, id=9124, stack(0x0000004f5a000000,0x0000004f5a100000)]
  0x000001666c3e8700 JavaThread "Execution worker Thread 6" [_thread_blocked, id=3272, stack(0x0000004f5a100000,0x0000004f5a200000)]
  0x000001666c3e9570 JavaThread "Execution worker Thread 7" [_thread_blocked, id=11016, stack(0x0000004f5a200000,0x0000004f5a300000)]
  0x000001666c3e8bd0 JavaThread "Cache worker for execution history cache (C:\Users\hp\IdeaProjects\j2w-ukol03\.gradle\8.3\executionHistory)" [_thread_blocked, id=21684, stack(0x0000004f5a300000,0x0000004f5a400000)]
  0x000001666c3e3ed0 JavaThread "Unconstrained build operations Thread 8" [_thread_blocked, id=5804, stack(0x0000004f5a400000,0x0000004f5a500000)]
  0x000001666c3e43a0 JavaThread "Unconstrained build operations Thread 9" [_thread_blocked, id=18488, stack(0x0000004f5a500000,0x0000004f5a600000)]
  0x000001666c3e73c0 JavaThread "Unconstrained build operations Thread 10" [_thread_blocked, id=20076, stack(0x0000004f5a600000,0x0000004f5a700000)]
  0x000001666c3e4870 JavaThread "Unconstrained build operations Thread 11" [_thread_blocked, id=23872, stack(0x0000004f5a700000,0x0000004f5a800000)]
  0x000001666c3e4d40 JavaThread "Unconstrained build operations Thread 12" [_thread_blocked, id=19972, stack(0x0000004f5a800000,0x0000004f5a900000)]
  0x000001666c3e7890 JavaThread "Unconstrained build operations Thread 13" [_thread_blocked, id=4832, stack(0x0000004f5a900000,0x0000004f5aa00000)]
  0x000001666c3e90a0 JavaThread "Unconstrained build operations Thread 14" [_thread_blocked, id=20772, stack(0x0000004f5aa00000,0x0000004f5ab00000)]
  0x000001666c3e6080 JavaThread "Unconstrained build operations Thread 15" [_thread_blocked, id=23568, stack(0x0000004f5ab00000,0x0000004f5ac00000)]
  0x000001666c3e8230 JavaThread "Unconstrained build operations Thread 16" [_thread_blocked, id=12360, stack(0x0000004f5ac00000,0x0000004f5ad00000)]
  0x000001666c3e9a40 JavaThread "Unconstrained build operations Thread 17" [_thread_blocked, id=25060, stack(0x0000004f5ad00000,0x0000004f5ae00000)]
  0x000001666c3e6550 JavaThread "Unconstrained build operations Thread 18" [_thread_blocked, id=8624, stack(0x0000004f5ae00000,0x0000004f5af00000)]
  0x000001666c3e5bb0 JavaThread "Unconstrained build operations Thread 19" [_thread_blocked, id=24064, stack(0x0000004f5af00000,0x0000004f5b000000)]
  0x000001666c3e7d60 JavaThread "Unconstrained build operations Thread 20" [_thread_blocked, id=10124, stack(0x0000004f5b000000,0x0000004f5b100000)]
  0x000001666c3e3060 JavaThread "Unconstrained build operations Thread 21" [_thread_blocked, id=20072, stack(0x0000004f5b100000,0x0000004f5b200000)]
  0x000001666eaad4c0 JavaThread "Unconstrained build operations Thread 22" [_thread_blocked, id=22748, stack(0x0000004f5b200000,0x0000004f5b300000)]
  0x000001666eaae330 JavaThread "Unconstrained build operations Thread 23" [_thread_blocked, id=24676, stack(0x0000004f5b300000,0x0000004f5b400000)]
  0x000001666eaa82f0 JavaThread "Unconstrained build operations Thread 24" [_thread_blocked, id=19612, stack(0x0000004f5b400000,0x0000004f5b500000)]
  0x000001666eaaf1a0 JavaThread "Unconstrained build operations Thread 25" [_thread_blocked, id=2864, stack(0x0000004f5b500000,0x0000004f5b600000)]
  0x000001666eaad990 JavaThread "Unconstrained build operations Thread 26" [_thread_blocked, id=21224, stack(0x0000004f5b600000,0x0000004f5b700000)]
  0x000001666eaa87c0 JavaThread "Unconstrained build operations Thread 27" [_thread_blocked, id=24984, stack(0x0000004f5b700000,0x0000004f5b800000)]
  0x000001666eaacff0 JavaThread "Unconstrained build operations Thread 28" [_thread_blocked, id=9104, stack(0x0000004f5b800000,0x0000004f5b900000)]
  0x000001666eaaae40 JavaThread "Unconstrained build operations Thread 29" [_thread_blocked, id=21332, stack(0x0000004f5b900000,0x0000004f5ba00000)]
  0x000001666eaae800 JavaThread "Unconstrained build operations Thread 30" [_thread_blocked, id=21800, stack(0x0000004f5ba00000,0x0000004f5bb00000)]

Other Threads:
  0x00000166675ce410 VMThread "VM Thread" [stack: 0x0000004f55e00000,0x0000004f55f00000] [id=1392]
  0x000001664ca8eb40 WatcherThread [stack: 0x0000004f56a00000,0x0000004f56b00000] [id=22780]
  0x000001664ca75c50 GCTaskThread "GC Thread#0" [stack: 0x0000004f55900000,0x0000004f55a00000] [id=25276]
  0x0000016668b60cb0 GCTaskThread "GC Thread#1" [stack: 0x0000004f56b00000,0x0000004f56c00000] [id=23668]
  0x0000016668b60f60 GCTaskThread "GC Thread#2" [stack: 0x0000004f56c00000,0x0000004f56d00000] [id=13804]
  0x0000016668b1b950 GCTaskThread "GC Thread#3" [stack: 0x0000004f56d00000,0x0000004f56e00000] [id=12240]
  0x0000016668b1bc00 GCTaskThread "GC Thread#4" [stack: 0x0000004f56e00000,0x0000004f56f00000] [id=25128]
  0x0000016668b1c4c0 GCTaskThread "GC Thread#5" [stack: 0x0000004f56f00000,0x0000004f57000000] [id=20340]
  0x000001666af25390 GCTaskThread "GC Thread#6" [stack: 0x0000004f58200000,0x0000004f58300000] [id=23988]
  0x000001666af25640 GCTaskThread "GC Thread#7" [stack: 0x0000004f58300000,0x0000004f58400000] [id=12712]
  0x000001664ca7aaa0 ConcurrentGCThread "G1 Main Marker" [stack: 0x0000004f55a00000,0x0000004f55b00000] [id=6608]
  0x000001664ca7b3c0 ConcurrentGCThread "G1 Conc#0" [stack: 0x0000004f55b00000,0x0000004f55c00000] [id=1672]
  0x000001666bda2020 ConcurrentGCThread "G1 Conc#1" [stack: 0x0000004f58400000,0x0000004f58500000] [id=8972]
  0x000001664cb1dde0 ConcurrentGCThread "G1 Refine#0" [stack: 0x0000004f55c00000,0x0000004f55d00000] [id=9980]
  0x000001666b020ed0 ConcurrentGCThread "G1 Refine#1" [stack: 0x0000004f59a00000,0x0000004f59b00000] [id=23068]
  0x000001664cb1e710 ConcurrentGCThread "G1 Service" [stack: 0x0000004f55d00000,0x0000004f55e00000] [id=20700]

Threads with active compile tasks:
C2 CompilerThread0    20976 5614       4       java.lang.Class::getMethodsRecursive (99 bytes)

VM state: not at safepoint (normal execution)

VM Mutex/Monitor currently owned by a thread: None

Heap address: 0x00000000e0000000, size: 512 MB, Compressed Oops mode: 32-bit

CDS archive(s) mapped at: [0x0000000800000000-0x0000000800bc0000-0x0000000800bc0000), size 12320768, SharedBaseAddress: 0x0000000800000000, ArchiveRelocationMode: 0.
Compressed class space mapped at: 0x0000000800c00000-0x0000000814000000, reserved size: 322961408
Narrow klass base: 0x0000000800000000, Narrow klass shift: 0, Narrow klass range: 0x100000000

GC Precious Log:
 CPUs: 8 total, 8 available
 Memory: 6024M
 Large Page Support: Disabled
 NUMA Support: Disabled
 Compressed Oops: Enabled (32-bit)
 Heap Region Size: 1M
 Heap Min Capacity: 256M
 Heap Initial Capacity: 256M
 Heap Max Capacity: 512M
 Pre-touch: Disabled
 Parallel Workers: 8
 Concurrent Workers: 2
 Concurrent Refinement Workers: 8
 Periodic GC: Disabled

Heap:
 garbage-first heap   total 262144K, used 88756K [0x00000000e0000000, 0x0000000100000000)
  region size 1024K, 59 young (60416K), 10 survivors (10240K)
 Metaspace       used 51573K, committed 52096K, reserved 364544K
  class space    used 7266K, committed 7488K, reserved 315392K

Heap Regions: E=young(eden), S=young(survivor), O=old, HS=humongous(starts), HC=humongous(continues), CS=collection set, F=free, OA=open archive, CA=closed archive, TAMS=top-at-mark-start (previous, next)
|   0|0x00000000e0000000, 0x00000000e0100000, 0x00000000e0100000|100%|HS|  |TAMS 0x00000000e0100000, 0x00000000e0000000| Complete 
|   1|0x00000000e0100000, 0x00000000e0200000, 0x00000000e0200000|100%|HC|  |TAMS 0x00000000e0200000, 0x00000000e0100000| Complete 
|   2|0x00000000e0200000, 0x00000000e0300000, 0x00000000e0300000|100%|HC|  |TAMS 0x00000000e0300000, 0x00000000e0200000| Complete 
|   3|0x00000000e0300000, 0x00000000e0400000, 0x00000000e0400000|100%|HC|  |TAMS 0x00000000e0400000, 0x00000000e0300000| Complete 
|   4|0x00000000e0400000, 0x00000000e0500000, 0x00000000e0500000|100%| O|  |TAMS 0x00000000e0500000, 0x00000000e0400000| Untracked 
|   5|0x00000000e0500000, 0x00000000e0600000, 0x00000000e0600000|100%| O|  |TAMS 0x00000000e0600000, 0x00000000e0500000| Untracked 
|   6|0x00000000e0600000, 0x00000000e0700000, 0x00000000e0700000|100%| O|  |TAMS 0x00000000e0700000, 0x00000000e0600000| Untracked 
|   7|0x00000000e0700000, 0x00000000e0800000, 0x00000000e0800000|100%| O|  |TAMS 0x00000000e0800000, 0x00000000e0700000| Untracked 
|   8|0x00000000e0800000, 0x00000000e0900000, 0x00000000e0900000|100%| O|  |TAMS 0x00000000e0900000, 0x00000000e0800000| Untracked 
|   9|0x00000000e0900000, 0x00000000e0a00000, 0x00000000e0a00000|100%| O|  |TAMS 0x00000000e0a00000, 0x00000000e0900000| Untracked 
|  10|0x00000000e0a00000, 0x00000000e0b00000, 0x00000000e0b00000|100%| O|  |TAMS 0x00000000e0ab6600, 0x00000000e0a00000| Untracked 
|  11|0x00000000e0b00000, 0x00000000e0b00000, 0x00000000e0c00000|  0%| F|  |TAMS 0x00000000e0b00000, 0x00000000e0b00000| Untracked 
|  12|0x00000000e0c00000, 0x00000000e0c00000, 0x00000000e0d00000|  0%| F|  |TAMS 0x00000000e0c00000, 0x00000000e0c00000| Untracked 
|  13|0x00000000e0d00000, 0x00000000e0e00000, 0x00000000e0e00000|100%| O|  |TAMS 0x00000000e0d00000, 0x00000000e0d00000| Untracked 
|  14|0x00000000e0e00000, 0x00000000e0f00000, 0x00000000e0f00000|100%| O|  |TAMS 0x00000000e0e00000, 0x00000000e0e00000| Untracked 
|  15|0x00000000e0f00000, 0x00000000e1000000, 0x00000000e1000000|100%| O|  |TAMS 0x00000000e0f00000, 0x00000000e0f00000| Untracked 
|  16|0x00000000e1000000, 0x00000000e1100000, 0x00000000e1100000|100%| O|  |TAMS 0x00000000e1000000, 0x00000000e1000000| Untracked 
|  17|0x00000000e1100000, 0x00000000e1200000, 0x00000000e1200000|100%| O|  |TAMS 0x00000000e1100000, 0x00000000e1100000| Untracked 
|  18|0x00000000e1200000, 0x00000000e1300000, 0x00000000e1300000|100%| O|  |TAMS 0x00000000e1200000, 0x00000000e1200000| Untracked 
|  19|0x00000000e1300000, 0x00000000e1400000, 0x00000000e1400000|100%| O|  |TAMS 0x00000000e1300000, 0x00000000e1300000| Untracked 
|  20|0x00000000e1400000, 0x00000000e1500000, 0x00000000e1500000|100%| O|  |TAMS 0x00000000e1400000, 0x00000000e1400000| Untracked 
|  21|0x00000000e1500000, 0x00000000e1600000, 0x00000000e1600000|100%| O|  |TAMS 0x00000000e1500000, 0x00000000e1500000| Untracked 
|  22|0x00000000e1600000, 0x00000000e1700000, 0x00000000e1700000|100%| O|  |TAMS 0x00000000e1600000, 0x00000000e1600000| Untracked 
|  23|0x00000000e1700000, 0x00000000e1800000, 0x00000000e1800000|100%| O|  |TAMS 0x00000000e1700000, 0x00000000e1700000| Untracked 
|  24|0x00000000e1800000, 0x00000000e1900000, 0x00000000e1900000|100%| O|  |TAMS 0x00000000e1800000, 0x00000000e1800000| Untracked 
|  25|0x00000000e1900000, 0x00000000e1a00000, 0x00000000e1a00000|100%| O|  |TAMS 0x00000000e1900000, 0x00000000e1900000| Untracked 
|  26|0x00000000e1a00000, 0x00000000e1b00000, 0x00000000e1b00000|100%| O|  |TAMS 0x00000000e1a00000, 0x00000000e1a00000| Untracked 
|  27|0x00000000e1b00000, 0x00000000e1c00000, 0x00000000e1c00000|100%| O|  |TAMS 0x00000000e1b00000, 0x00000000e1b00000| Untracked 
|  28|0x00000000e1c00000, 0x00000000e1d00000, 0x00000000e1d00000|100%| O|  |TAMS 0x00000000e1c00000, 0x00000000e1c00000| Untracked 
|  29|0x00000000e1d00000, 0x00000000e1e00000, 0x00000000e1e00000|100%| O|  |TAMS 0x00000000e1d00000, 0x00000000e1d00000| Untracked 
|  30|0x00000000e1e00000, 0x00000000e1f00000, 0x00000000e1f00000|100%| O|  |TAMS 0x00000000e1e00000, 0x00000000e1e00000| Untracked 
|  31|0x00000000e1f00000, 0x00000000e2000000, 0x00000000e2000000|100%| O|  |TAMS 0x00000000e1f00000, 0x00000000e1f00000| Untracked 
|  32|0x00000000e2000000, 0x00000000e2022200, 0x00000000e2100000| 13%| O|  |TAMS 0x00000000e2000000, 0x00000000e2000000| Untracked 
|  33|0x00000000e2100000, 0x00000000e2100000, 0x00000000e2200000|  0%| F|  |TAMS 0x00000000e2100000, 0x00000000e2100000| Untracked 
|  34|0x00000000e2200000, 0x00000000e2200000, 0x00000000e2300000|  0%| F|  |TAMS 0x00000000e2200000, 0x00000000e2200000| Untracked 
|  35|0x00000000e2300000, 0x00000000e2300000, 0x00000000e2400000|  0%| F|  |TAMS 0x00000000e2300000, 0x00000000e2300000| Untracked 
|  36|0x00000000e2400000, 0x00000000e2400000, 0x00000000e2500000|  0%| F|  |TAMS 0x00000000e2400000, 0x00000000e2400000| Untracked 
|  37|0x00000000e2500000, 0x00000000e2500000, 0x00000000e2600000|  0%| F|  |TAMS 0x00000000e2500000, 0x00000000e2500000| Untracked 
|  38|0x00000000e2600000, 0x00000000e2600000, 0x00000000e2700000|  0%| F|  |TAMS 0x00000000e2600000, 0x00000000e2600000| Untracked 
|  39|0x00000000e2700000, 0x00000000e2700000, 0x00000000e2800000|  0%| F|  |TAMS 0x00000000e2700000, 0x00000000e2700000| Untracked 
|  40|0x00000000e2800000, 0x00000000e2800000, 0x00000000e2900000|  0%| F|  |TAMS 0x00000000e2800000, 0x00000000e2800000| Untracked 
|  41|0x00000000e2900000, 0x00000000e2900000, 0x00000000e2a00000|  0%| F|  |TAMS 0x00000000e2900000, 0x00000000e2900000| Untracked 
|  42|0x00000000e2a00000, 0x00000000e2a00000, 0x00000000e2b00000|  0%| F|  |TAMS 0x00000000e2a00000, 0x00000000e2a00000| Untracked 
|  43|0x00000000e2b00000, 0x00000000e2b00000, 0x00000000e2c00000|  0%| F|  |TAMS 0x00000000e2b00000, 0x00000000e2b00000| Untracked 
|  44|0x00000000e2c00000, 0x00000000e2c00000, 0x00000000e2d00000|  0%| F|  |TAMS 0x00000000e2c00000, 0x00000000e2c00000| Untracked 
|  45|0x00000000e2d00000, 0x00000000e2d00000, 0x00000000e2e00000|  0%| F|  |TAMS 0x00000000e2d00000, 0x00000000e2d00000| Untracked 
|  46|0x00000000e2e00000, 0x00000000e2e00000, 0x00000000e2f00000|  0%| F|  |TAMS 0x00000000e2e00000, 0x00000000e2e00000| Untracked 
|  47|0x00000000e2f00000, 0x00000000e2f00000, 0x00000000e3000000|  0%| F|  |TAMS 0x00000000e2f00000, 0x00000000e2f00000| Untracked 
|  48|0x00000000e3000000, 0x00000000e3000000, 0x00000000e3100000|  0%| F|  |TAMS 0x00000000e3000000, 0x00000000e3000000| Untracked 
|  49|0x00000000e3100000, 0x00000000e3100000, 0x00000000e3200000|  0%| F|  |TAMS 0x00000000e3100000, 0x00000000e3100000| Untracked 
|  50|0x00000000e3200000, 0x00000000e3200000, 0x00000000e3300000|  0%| F|  |TAMS 0x00000000e3200000, 0x00000000e3200000| Untracked 
|  51|0x00000000e3300000, 0x00000000e3300000, 0x00000000e3400000|  0%| F|  |TAMS 0x00000000e3300000, 0x00000000e3300000| Untracked 
|  52|0x00000000e3400000, 0x00000000e3400000, 0x00000000e3500000|  0%| F|  |TAMS 0x00000000e3400000, 0x00000000e3400000| Untracked 
|  53|0x00000000e3500000, 0x00000000e3500000, 0x00000000e3600000|  0%| F|  |TAMS 0x00000000e3500000, 0x00000000e3500000| Untracked 
|  54|0x00000000e3600000, 0x00000000e3600000, 0x00000000e3700000|  0%| F|  |TAMS 0x00000000e3600000, 0x00000000e3600000| Untracked 
|  55|0x00000000e3700000, 0x00000000e3700000, 0x00000000e3800000|  0%| F|  |TAMS 0x00000000e3700000, 0x00000000e3700000| Untracked 
|  56|0x00000000e3800000, 0x00000000e3800000, 0x00000000e3900000|  0%| F|  |TAMS 0x00000000e3800000, 0x00000000e3800000| Untracked 
|  57|0x00000000e3900000, 0x00000000e3900000, 0x00000000e3a00000|  0%| F|  |TAMS 0x00000000e3900000, 0x00000000e3900000| Untracked 
|  58|0x00000000e3a00000, 0x00000000e3a00000, 0x00000000e3b00000|  0%| F|  |TAMS 0x00000000e3a00000, 0x00000000e3a00000| Untracked 
|  59|0x00000000e3b00000, 0x00000000e3b00000, 0x00000000e3c00000|  0%| F|  |TAMS 0x00000000e3b00000, 0x00000000e3b00000| Untracked 
|  60|0x00000000e3c00000, 0x00000000e3c00000, 0x00000000e3d00000|  0%| F|  |TAMS 0x00000000e3c00000, 0x00000000e3c00000| Untracked 
|  61|0x00000000e3d00000, 0x00000000e3d00000, 0x00000000e3e00000|  0%| F|  |TAMS 0x00000000e3d00000, 0x00000000e3d00000| Untracked 
|  62|0x00000000e3e00000, 0x00000000e3e00000, 0x00000000e3f00000|  0%| F|  |TAMS 0x00000000e3e00000, 0x00000000e3e00000| Untracked 
|  63|0x00000000e3f00000, 0x00000000e3f00000, 0x00000000e4000000|  0%| F|  |TAMS 0x00000000e3f00000, 0x00000000e3f00000| Untracked 
|  64|0x00000000e4000000, 0x00000000e4000000, 0x00000000e4100000|  0%| F|  |TAMS 0x00000000e4000000, 0x00000000e4000000| Untracked 
|  65|0x00000000e4100000, 0x00000000e4100000, 0x00000000e4200000|  0%| F|  |TAMS 0x00000000e4100000, 0x00000000e4100000| Untracked 
|  66|0x00000000e4200000, 0x00000000e4200000, 0x00000000e4300000|  0%| F|  |TAMS 0x00000000e4200000, 0x00000000e4200000| Untracked 
|  67|0x00000000e4300000, 0x00000000e4300000, 0x00000000e4400000|  0%| F|  |TAMS 0x00000000e4300000, 0x00000000e4300000| Untracked 
|  68|0x00000000e4400000, 0x00000000e4400000, 0x00000000e4500000|  0%| F|  |TAMS 0x00000000e4400000, 0x00000000e4400000| Untracked 
|  69|0x00000000e4500000, 0x00000000e4500000, 0x00000000e4600000|  0%| F|  |TAMS 0x00000000e4500000, 0x00000000e4500000| Untracked 
|  70|0x00000000e4600000, 0x00000000e4600000, 0x00000000e4700000|  0%| F|  |TAMS 0x00000000e4600000, 0x00000000e4600000| Untracked 
|  71|0x00000000e4700000, 0x00000000e4700000, 0x00000000e4800000|  0%| F|  |TAMS 0x00000000e4700000, 0x00000000e4700000| Untracked 
|  72|0x00000000e4800000, 0x00000000e4800000, 0x00000000e4900000|  0%| F|  |TAMS 0x00000000e4800000, 0x00000000e4800000| Untracked 
|  73|0x00000000e4900000, 0x00000000e4900000, 0x00000000e4a00000|  0%| F|  |TAMS 0x00000000e4900000, 0x00000000e4900000| Untracked 
|  74|0x00000000e4a00000, 0x00000000e4a00000, 0x00000000e4b00000|  0%| F|  |TAMS 0x00000000e4a00000, 0x00000000e4a00000| Untracked 
|  75|0x00000000e4b00000, 0x00000000e4b00000, 0x00000000e4c00000|  0%| F|  |TAMS 0x00000000e4b00000, 0x00000000e4b00000| Untracked 
|  76|0x00000000e4c00000, 0x00000000e4c00000, 0x00000000e4d00000|  0%| F|  |TAMS 0x00000000e4c00000, 0x00000000e4c00000| Untracked 
|  77|0x00000000e4d00000, 0x00000000e4d00000, 0x00000000e4e00000|  0%| F|  |TAMS 0x00000000e4d00000, 0x00000000e4d00000| Untracked 
|  78|0x00000000e4e00000, 0x00000000e4e00000, 0x00000000e4f00000|  0%| F|  |TAMS 0x00000000e4e00000, 0x00000000e4e00000| Untracked 
|  79|0x00000000e4f00000, 0x00000000e4f00000, 0x00000000e5000000|  0%| F|  |TAMS 0x00000000e4f00000, 0x00000000e4f00000| Untracked 
|  80|0x00000000e5000000, 0x00000000e5000000, 0x00000000e5100000|  0%| F|  |TAMS 0x00000000e5000000, 0x00000000e5000000| Untracked 
|  81|0x00000000e5100000, 0x00000000e5100000, 0x00000000e5200000|  0%| F|  |TAMS 0x00000000e5100000, 0x00000000e5100000| Untracked 
|  82|0x00000000e5200000, 0x00000000e5200000, 0x00000000e5300000|  0%| F|  |TAMS 0x00000000e5200000, 0x00000000e5200000| Untracked 
|  83|0x00000000e5300000, 0x00000000e5300000, 0x00000000e5400000|  0%| F|  |TAMS 0x00000000e5300000, 0x00000000e5300000| Untracked 
|  84|0x00000000e5400000, 0x00000000e5400000, 0x00000000e5500000|  0%| F|  |TAMS 0x00000000e5400000, 0x00000000e5400000| Untracked 
|  85|0x00000000e5500000, 0x00000000e5500000, 0x00000000e5600000|  0%| F|  |TAMS 0x00000000e5500000, 0x00000000e5500000| Untracked 
|  86|0x00000000e5600000, 0x00000000e5600000, 0x00000000e5700000|  0%| F|  |TAMS 0x00000000e5600000, 0x00000000e5600000| Untracked 
|  87|0x00000000e5700000, 0x00000000e5700000, 0x00000000e5800000|  0%| F|  |TAMS 0x00000000e5700000, 0x00000000e5700000| Untracked 
|  88|0x00000000e5800000, 0x00000000e5800000, 0x00000000e5900000|  0%| F|  |TAMS 0x00000000e5800000, 0x00000000e5800000| Untracked 
|  89|0x00000000e5900000, 0x00000000e5900000, 0x00000000e5a00000|  0%| F|  |TAMS 0x00000000e5900000, 0x00000000e5900000| Untracked 
|  90|0x00000000e5a00000, 0x00000000e5a00000, 0x00000000e5b00000|  0%| F|  |TAMS 0x00000000e5a00000, 0x00000000e5a00000| Untracked 
|  91|0x00000000e5b00000, 0x00000000e5b00000, 0x00000000e5c00000|  0%| F|  |TAMS 0x00000000e5b00000, 0x00000000e5b00000| Untracked 
|  92|0x00000000e5c00000, 0x00000000e5c00000, 0x00000000e5d00000|  0%| F|  |TAMS 0x00000000e5c00000, 0x00000000e5c00000| Untracked 
|  93|0x00000000e5d00000, 0x00000000e5d00000, 0x00000000e5e00000|  0%| F|  |TAMS 0x00000000e5d00000, 0x00000000e5d00000| Untracked 
|  94|0x00000000e5e00000, 0x00000000e5e00000, 0x00000000e5f00000|  0%| F|  |TAMS 0x00000000e5e00000, 0x00000000e5e00000| Untracked 
|  95|0x00000000e5f00000, 0x00000000e5f00000, 0x00000000e6000000|  0%| F|  |TAMS 0x00000000e5f00000, 0x00000000e5f00000| Untracked 
|  96|0x00000000e6000000, 0x00000000e6000000, 0x00000000e6100000|  0%| F|  |TAMS 0x00000000e6000000, 0x00000000e6000000| Untracked 
|  97|0x00000000e6100000, 0x00000000e6100000, 0x00000000e6200000|  0%| F|  |TAMS 0x00000000e6100000, 0x00000000e6100000| Untracked 
|  98|0x00000000e6200000, 0x00000000e6200000, 0x00000000e6300000|  0%| F|  |TAMS 0x00000000e6200000, 0x00000000e6200000| Untracked 
|  99|0x00000000e6300000, 0x00000000e6300000, 0x00000000e6400000|  0%| F|  |TAMS 0x00000000e6300000, 0x00000000e6300000| Untracked 
| 100|0x00000000e6400000, 0x00000000e6400000, 0x00000000e6500000|  0%| F|  |TAMS 0x00000000e6400000, 0x00000000e6400000| Untracked 
| 101|0x00000000e6500000, 0x00000000e6500000, 0x00000000e6600000|  0%| F|  |TAMS 0x00000000e6500000, 0x00000000e6500000| Untracked 
| 102|0x00000000e6600000, 0x00000000e6600000, 0x00000000e6700000|  0%| F|  |TAMS 0x00000000e6600000, 0x00000000e6600000| Untracked 
| 103|0x00000000e6700000, 0x00000000e6700000, 0x00000000e6800000|  0%| F|  |TAMS 0x00000000e6700000, 0x00000000e6700000| Untracked 
| 104|0x00000000e6800000, 0x00000000e6800000, 0x00000000e6900000|  0%| F|  |TAMS 0x00000000e6800000, 0x00000000e6800000| Untracked 
| 105|0x00000000e6900000, 0x00000000e6900000, 0x00000000e6a00000|  0%| F|  |TAMS 0x00000000e6900000, 0x00000000e6900000| Untracked 
| 106|0x00000000e6a00000, 0x00000000e6a00000, 0x00000000e6b00000|  0%| F|  |TAMS 0x00000000e6a00000, 0x00000000e6a00000| Untracked 
| 107|0x00000000e6b00000, 0x00000000e6b00000, 0x00000000e6c00000|  0%| F|  |TAMS 0x00000000e6b00000, 0x00000000e6b00000| Untracked 
| 108|0x00000000e6c00000, 0x00000000e6c00000, 0x00000000e6d00000|  0%| F|  |TAMS 0x00000000e6c00000, 0x00000000e6c00000| Untracked 
| 109|0x00000000e6d00000, 0x00000000e6d00000, 0x00000000e6e00000|  0%| F|  |TAMS 0x00000000e6d00000, 0x00000000e6d00000| Untracked 
| 110|0x00000000e6e00000, 0x00000000e6e8b0e0, 0x00000000e6f00000| 54%| S|CS|TAMS 0x00000000e6e00000, 0x00000000e6e00000| Complete 
| 111|0x00000000e6f00000, 0x00000000e7000000, 0x00000000e7000000|100%| S|CS|TAMS 0x00000000e6f00000, 0x00000000e6f00000| Complete 
| 112|0x00000000e7000000, 0x00000000e7100000, 0x00000000e7100000|100%| S|CS|TAMS 0x00000000e7000000, 0x00000000e7000000| Complete 
| 113|0x00000000e7100000, 0x00000000e7200000, 0x00000000e7200000|100%| S|CS|TAMS 0x00000000e7100000, 0x00000000e7100000| Complete 
| 114|0x00000000e7200000, 0x00000000e7300000, 0x00000000e7300000|100%| S|CS|TAMS 0x00000000e7200000, 0x00000000e7200000| Complete 
| 115|0x00000000e7300000, 0x00000000e7400000, 0x00000000e7400000|100%| S|CS|TAMS 0x00000000e7300000, 0x00000000e7300000| Complete 
| 116|0x00000000e7400000, 0x00000000e7500000, 0x00000000e7500000|100%| S|CS|TAMS 0x00000000e7400000, 0x00000000e7400000| Complete 
| 117|0x00000000e7500000, 0x00000000e7600000, 0x00000000e7600000|100%| S|CS|TAMS 0x00000000e7500000, 0x00000000e7500000| Complete 
| 118|0x00000000e7600000, 0x00000000e7700000, 0x00000000e7700000|100%| S|CS|TAMS 0x00000000e7600000, 0x00000000e7600000| Complete 
| 119|0x00000000e7700000, 0x00000000e7800000, 0x00000000e7800000|100%| S|CS|TAMS 0x00000000e7700000, 0x00000000e7700000| Complete 
| 120|0x00000000e7800000, 0x00000000e7800000, 0x00000000e7900000|  0%| F|  |TAMS 0x00000000e7800000, 0x00000000e7800000| Untracked 
| 121|0x00000000e7900000, 0x00000000e7900000, 0x00000000e7a00000|  0%| F|  |TAMS 0x00000000e7900000, 0x00000000e7900000| Untracked 
| 122|0x00000000e7a00000, 0x00000000e7a00000, 0x00000000e7b00000|  0%| F|  |TAMS 0x00000000e7a00000, 0x00000000e7a00000| Untracked 
| 123|0x00000000e7b00000, 0x00000000e7b00000, 0x00000000e7c00000|  0%| F|  |TAMS 0x00000000e7b00000, 0x00000000e7b00000| Untracked 
| 124|0x00000000e7c00000, 0x00000000e7c00000, 0x00000000e7d00000|  0%| F|  |TAMS 0x00000000e7c00000, 0x00000000e7c00000| Untracked 
| 125|0x00000000e7d00000, 0x00000000e7d00000, 0x00000000e7e00000|  0%| F|  |TAMS 0x00000000e7d00000, 0x00000000e7d00000| Untracked 
| 126|0x00000000e7e00000, 0x00000000e7e00000, 0x00000000e7f00000|  0%| F|  |TAMS 0x00000000e7e00000, 0x00000000e7e00000| Untracked 
| 127|0x00000000e7f00000, 0x00000000e7f00000, 0x00000000e8000000|  0%| F|  |TAMS 0x00000000e7f00000, 0x00000000e7f00000| Untracked 
| 128|0x00000000e8000000, 0x00000000e8000000, 0x00000000e8100000|  0%| F|  |TAMS 0x00000000e8000000, 0x00000000e8000000| Untracked 
| 129|0x00000000e8100000, 0x00000000e8100000, 0x00000000e8200000|  0%| F|  |TAMS 0x00000000e8100000, 0x00000000e8100000| Untracked 
| 130|0x00000000e8200000, 0x00000000e8200000, 0x00000000e8300000|  0%| F|  |TAMS 0x00000000e8200000, 0x00000000e8200000| Untracked 
| 131|0x00000000e8300000, 0x00000000e8300000, 0x00000000e8400000|  0%| F|  |TAMS 0x00000000e8300000, 0x00000000e8300000| Untracked 
| 132|0x00000000e8400000, 0x00000000e8400000, 0x00000000e8500000|  0%| F|  |TAMS 0x00000000e8400000, 0x00000000e8400000| Untracked 
| 133|0x00000000e8500000, 0x00000000e8500000, 0x00000000e8600000|  0%| F|  |TAMS 0x00000000e8500000, 0x00000000e8500000| Untracked 
| 134|0x00000000e8600000, 0x00000000e8600000, 0x00000000e8700000|  0%| F|  |TAMS 0x00000000e8600000, 0x00000000e8600000| Untracked 
| 135|0x00000000e8700000, 0x00000000e8700000, 0x00000000e8800000|  0%| F|  |TAMS 0x00000000e8700000, 0x00000000e8700000| Untracked 
| 136|0x00000000e8800000, 0x00000000e8800000, 0x00000000e8900000|  0%| F|  |TAMS 0x00000000e8800000, 0x00000000e8800000| Untracked 
| 137|0x00000000e8900000, 0x00000000e8900000, 0x00000000e8a00000|  0%| F|  |TAMS 0x00000000e8900000, 0x00000000e8900000| Untracked 
| 138|0x00000000e8a00000, 0x00000000e8a00000, 0x00000000e8b00000|  0%| F|  |TAMS 0x00000000e8a00000, 0x00000000e8a00000| Untracked 
| 139|0x00000000e8b00000, 0x00000000e8b00000, 0x00000000e8c00000|  0%| F|  |TAMS 0x00000000e8b00000, 0x00000000e8b00000| Untracked 
| 140|0x00000000e8c00000, 0x00000000e8c00000, 0x00000000e8d00000|  0%| F|  |TAMS 0x00000000e8c00000, 0x00000000e8c00000| Untracked 
| 141|0x00000000e8d00000, 0x00000000e8d00000, 0x00000000e8e00000|  0%| F|  |TAMS 0x00000000e8d00000, 0x00000000e8d00000| Untracked 
| 142|0x00000000e8e00000, 0x00000000e8e00000, 0x00000000e8f00000|  0%| F|  |TAMS 0x00000000e8e00000, 0x00000000e8e00000| Untracked 
| 143|0x00000000e8f00000, 0x00000000e8f00000, 0x00000000e9000000|  0%| F|  |TAMS 0x00000000e8f00000, 0x00000000e8f00000| Untracked 
| 144|0x00000000e9000000, 0x00000000e9000000, 0x00000000e9100000|  0%| F|  |TAMS 0x00000000e9000000, 0x00000000e9000000| Untracked 
| 145|0x00000000e9100000, 0x00000000e9100000, 0x00000000e9200000|  0%| F|  |TAMS 0x00000000e9100000, 0x00000000e9100000| Untracked 
| 146|0x00000000e9200000, 0x00000000e9200000, 0x00000000e9300000|  0%| F|  |TAMS 0x00000000e9200000, 0x00000000e9200000| Untracked 
| 147|0x00000000e9300000, 0x00000000e9300000, 0x00000000e9400000|  0%| F|  |TAMS 0x00000000e9300000, 0x00000000e9300000| Untracked 
| 148|0x00000000e9400000, 0x00000000e9400000, 0x00000000e9500000|  0%| F|  |TAMS 0x00000000e9400000, 0x00000000e9400000| Untracked 
| 149|0x00000000e9500000, 0x00000000e9500000, 0x00000000e9600000|  0%| F|  |TAMS 0x00000000e9500000, 0x00000000e9500000| Untracked 
| 150|0x00000000e9600000, 0x00000000e9600000, 0x00000000e9700000|  0%| F|  |TAMS 0x00000000e9600000, 0x00000000e9600000| Untracked 
| 151|0x00000000e9700000, 0x00000000e9700000, 0x00000000e9800000|  0%| F|  |TAMS 0x00000000e9700000, 0x00000000e9700000| Untracked 
| 152|0x00000000e9800000, 0x00000000e9800000, 0x00000000e9900000|  0%| F|  |TAMS 0x00000000e9800000, 0x00000000e9800000| Untracked 
| 153|0x00000000e9900000, 0x00000000e9900000, 0x00000000e9a00000|  0%| F|  |TAMS 0x00000000e9900000, 0x00000000e9900000| Untracked 
| 154|0x00000000e9a00000, 0x00000000e9a00000, 0x00000000e9b00000|  0%| F|  |TAMS 0x00000000e9a00000, 0x00000000e9a00000| Untracked 
| 155|0x00000000e9b00000, 0x00000000e9b00000, 0x00000000e9c00000|  0%| F|  |TAMS 0x00000000e9b00000, 0x00000000e9b00000| Untracked 
| 156|0x00000000e9c00000, 0x00000000e9c00000, 0x00000000e9d00000|  0%| F|  |TAMS 0x00000000e9c00000, 0x00000000e9c00000| Untracked 
| 157|0x00000000e9d00000, 0x00000000e9d00000, 0x00000000e9e00000|  0%| F|  |TAMS 0x00000000e9d00000, 0x00000000e9d00000| Untracked 
| 158|0x00000000e9e00000, 0x00000000e9e00000, 0x00000000e9f00000|  0%| F|  |TAMS 0x00000000e9e00000, 0x00000000e9e00000| Untracked 
| 159|0x00000000e9f00000, 0x00000000e9f00000, 0x00000000ea000000|  0%| F|  |TAMS 0x00000000e9f00000, 0x00000000e9f00000| Untracked 
| 160|0x00000000ea000000, 0x00000000ea000000, 0x00000000ea100000|  0%| F|  |TAMS 0x00000000ea000000, 0x00000000ea000000| Untracked 
| 161|0x00000000ea100000, 0x00000000ea100000, 0x00000000ea200000|  0%| F|  |TAMS 0x00000000ea100000, 0x00000000ea100000| Untracked 
| 162|0x00000000ea200000, 0x00000000ea200000, 0x00000000ea300000|  0%| F|  |TAMS 0x00000000ea200000, 0x00000000ea200000| Untracked 
| 163|0x00000000ea300000, 0x00000000ea300000, 0x00000000ea400000|  0%| F|  |TAMS 0x00000000ea300000, 0x00000000ea300000| Untracked 
| 164|0x00000000ea400000, 0x00000000ea400000, 0x00000000ea500000|  0%| F|  |TAMS 0x00000000ea400000, 0x00000000ea400000| Untracked 
| 165|0x00000000ea500000, 0x00000000ea500000, 0x00000000ea600000|  0%| F|  |TAMS 0x00000000ea500000, 0x00000000ea500000| Untracked 
| 166|0x00000000ea600000, 0x00000000ea600000, 0x00000000ea700000|  0%| F|  |TAMS 0x00000000ea600000, 0x00000000ea600000| Untracked 
| 167|0x00000000ea700000, 0x00000000ea700000, 0x00000000ea800000|  0%| F|  |TAMS 0x00000000ea700000, 0x00000000ea700000| Untracked 
| 168|0x00000000ea800000, 0x00000000ea800000, 0x00000000ea900000|  0%| F|  |TAMS 0x00000000ea800000, 0x00000000ea800000| Untracked 
| 169|0x00000000ea900000, 0x00000000ea900000, 0x00000000eaa00000|  0%| F|  |TAMS 0x00000000ea900000, 0x00000000ea900000| Untracked 
| 170|0x00000000eaa00000, 0x00000000eaa00000, 0x00000000eab00000|  0%| F|  |TAMS 0x00000000eaa00000, 0x00000000eaa00000| Untracked 
| 171|0x00000000eab00000, 0x00000000eab00000, 0x00000000eac00000|  0%| F|  |TAMS 0x00000000eab00000, 0x00000000eab00000| Untracked 
| 172|0x00000000eac00000, 0x00000000eac00000, 0x00000000ead00000|  0%| F|  |TAMS 0x00000000eac00000, 0x00000000eac00000| Untracked 
| 173|0x00000000ead00000, 0x00000000ead00000, 0x00000000eae00000|  0%| F|  |TAMS 0x00000000ead00000, 0x00000000ead00000| Untracked 
| 174|0x00000000eae00000, 0x00000000eae00000, 0x00000000eaf00000|  0%| F|  |TAMS 0x00000000eae00000, 0x00000000eae00000| Untracked 
| 175|0x00000000eaf00000, 0x00000000eaf00000, 0x00000000eb000000|  0%| F|  |TAMS 0x00000000eaf00000, 0x00000000eaf00000| Untracked 
| 176|0x00000000eb000000, 0x00000000eb000000, 0x00000000eb100000|  0%| F|  |TAMS 0x00000000eb000000, 0x00000000eb000000| Untracked 
| 177|0x00000000eb100000, 0x00000000eb100000, 0x00000000eb200000|  0%| F|  |TAMS 0x00000000eb100000, 0x00000000eb100000| Untracked 
| 178|0x00000000eb200000, 0x00000000eb200000, 0x00000000eb300000|  0%| F|  |TAMS 0x00000000eb200000, 0x00000000eb200000| Untracked 
| 179|0x00000000eb300000, 0x00000000eb300000, 0x00000000eb400000|  0%| F|  |TAMS 0x00000000eb300000, 0x00000000eb300000| Untracked 
| 180|0x00000000eb400000, 0x00000000eb400000, 0x00000000eb500000|  0%| F|  |TAMS 0x00000000eb400000, 0x00000000eb400000| Untracked 
| 181|0x00000000eb500000, 0x00000000eb500000, 0x00000000eb600000|  0%| F|  |TAMS 0x00000000eb500000, 0x00000000eb500000| Untracked 
| 182|0x00000000eb600000, 0x00000000eb600000, 0x00000000eb700000|  0%| F|  |TAMS 0x00000000eb600000, 0x00000000eb600000| Untracked 
| 183|0x00000000eb700000, 0x00000000eb700000, 0x00000000eb800000|  0%| F|  |TAMS 0x00000000eb700000, 0x00000000eb700000| Untracked 
| 184|0x00000000eb800000, 0x00000000eb800000, 0x00000000eb900000|  0%| F|  |TAMS 0x00000000eb800000, 0x00000000eb800000| Untracked 
| 185|0x00000000eb900000, 0x00000000eb900000, 0x00000000eba00000|  0%| F|  |TAMS 0x00000000eb900000, 0x00000000eb900000| Untracked 
| 186|0x00000000eba00000, 0x00000000eba00000, 0x00000000ebb00000|  0%| F|  |TAMS 0x00000000eba00000, 0x00000000eba00000| Untracked 
| 187|0x00000000ebb00000, 0x00000000ebb00000, 0x00000000ebc00000|  0%| F|  |TAMS 0x00000000ebb00000, 0x00000000ebb00000| Untracked 
| 188|0x00000000ebc00000, 0x00000000ebc00000, 0x00000000ebd00000|  0%| F|  |TAMS 0x00000000ebc00000, 0x00000000ebc00000| Untracked 
| 189|0x00000000ebd00000, 0x00000000ebd00000, 0x00000000ebe00000|  0%| F|  |TAMS 0x00000000ebd00000, 0x00000000ebd00000| Untracked 
| 190|0x00000000ebe00000, 0x00000000ebe00000, 0x00000000ebf00000|  0%| F|  |TAMS 0x00000000ebe00000, 0x00000000ebe00000| Untracked 
| 191|0x00000000ebf00000, 0x00000000ebf00000, 0x00000000ec000000|  0%| F|  |TAMS 0x00000000ebf00000, 0x00000000ebf00000| Untracked 
| 192|0x00000000ec000000, 0x00000000ec000000, 0x00000000ec100000|  0%| F|  |TAMS 0x00000000ec000000, 0x00000000ec000000| Untracked 
| 193|0x00000000ec100000, 0x00000000ec100000, 0x00000000ec200000|  0%| F|  |TAMS 0x00000000ec100000, 0x00000000ec100000| Untracked 
| 194|0x00000000ec200000, 0x00000000ec200000, 0x00000000ec300000|  0%| F|  |TAMS 0x00000000ec200000, 0x00000000ec200000| Untracked 
| 195|0x00000000ec300000, 0x00000000ec300000, 0x00000000ec400000|  0%| F|  |TAMS 0x00000000ec300000, 0x00000000ec300000| Untracked 
| 196|0x00000000ec400000, 0x00000000ec400000, 0x00000000ec500000|  0%| F|  |TAMS 0x00000000ec400000, 0x00000000ec400000| Untracked 
| 197|0x00000000ec500000, 0x00000000ec500000, 0x00000000ec600000|  0%| F|  |TAMS 0x00000000ec500000, 0x00000000ec500000| Untracked 
| 198|0x00000000ec600000, 0x00000000ec600000, 0x00000000ec700000|  0%| F|  |TAMS 0x00000000ec600000, 0x00000000ec600000| Untracked 
| 199|0x00000000ec700000, 0x00000000ec700000, 0x00000000ec800000|  0%| F|  |TAMS 0x00000000ec700000, 0x00000000ec700000| Untracked 
| 200|0x00000000ec800000, 0x00000000ec800000, 0x00000000ec900000|  0%| F|  |TAMS 0x00000000ec800000, 0x00000000ec800000| Untracked 
| 201|0x00000000ec900000, 0x00000000ec900000, 0x00000000eca00000|  0%| F|  |TAMS 0x00000000ec900000, 0x00000000ec900000| Untracked 
| 202|0x00000000eca00000, 0x00000000eca00000, 0x00000000ecb00000|  0%| F|  |TAMS 0x00000000eca00000, 0x00000000eca00000| Untracked 
| 203|0x00000000ecb00000, 0x00000000ecb00000, 0x00000000ecc00000|  0%| F|  |TAMS 0x00000000ecb00000, 0x00000000ecb00000| Untracked 
| 204|0x00000000ecc00000, 0x00000000ecc00000, 0x00000000ecd00000|  0%| F|  |TAMS 0x00000000ecc00000, 0x00000000ecc00000| Untracked 
| 205|0x00000000ecd00000, 0x00000000ecd00000, 0x00000000ece00000|  0%| F|  |TAMS 0x00000000ecd00000, 0x00000000ecd00000| Untracked 
| 206|0x00000000ece00000, 0x00000000ece00000, 0x00000000ecf00000|  0%| F|  |TAMS 0x00000000ece00000, 0x00000000ece00000| Untracked 
| 207|0x00000000ecf00000, 0x00000000ed000000, 0x00000000ed000000|100%| E|  |TAMS 0x00000000ecf00000, 0x00000000ecf00000| Complete 
| 208|0x00000000ed000000, 0x00000000ed100000, 0x00000000ed100000|100%| E|CS|TAMS 0x00000000ed000000, 0x00000000ed000000| Complete 
| 209|0x00000000ed100000, 0x00000000ed200000, 0x00000000ed200000|100%| E|CS|TAMS 0x00000000ed100000, 0x00000000ed100000| Complete 
| 210|0x00000000ed200000, 0x00000000ed300000, 0x00000000ed300000|100%| E|CS|TAMS 0x00000000ed200000, 0x00000000ed200000| Complete 
| 211|0x00000000ed300000, 0x00000000ed400000, 0x00000000ed400000|100%| E|CS|TAMS 0x00000000ed300000, 0x00000000ed300000| Complete 
| 212|0x00000000ed400000, 0x00000000ed500000, 0x00000000ed500000|100%| E|CS|TAMS 0x00000000ed400000, 0x00000000ed400000| Complete 
| 213|0x00000000ed500000, 0x00000000ed600000, 0x00000000ed600000|100%| E|CS|TAMS 0x00000000ed500000, 0x00000000ed500000| Complete 
| 214|0x00000000ed600000, 0x00000000ed700000, 0x00000000ed700000|100%| E|CS|TAMS 0x00000000ed600000, 0x00000000ed600000| Complete 
| 215|0x00000000ed700000, 0x00000000ed800000, 0x00000000ed800000|100%| E|CS|TAMS 0x00000000ed700000, 0x00000000ed700000| Complete 
| 216|0x00000000ed800000, 0x00000000ed900000, 0x00000000ed900000|100%| E|CS|TAMS 0x00000000ed800000, 0x00000000ed800000| Complete 
| 217|0x00000000ed900000, 0x00000000eda00000, 0x00000000eda00000|100%| E|CS|TAMS 0x00000000ed900000, 0x00000000ed900000| Complete 
| 218|0x00000000eda00000, 0x00000000edb00000, 0x00000000edb00000|100%| E|CS|TAMS 0x00000000eda00000, 0x00000000eda00000| Complete 
| 219|0x00000000edb00000, 0x00000000edc00000, 0x00000000edc00000|100%| E|CS|TAMS 0x00000000edb00000, 0x00000000edb00000| Complete 
| 220|0x00000000edc00000, 0x00000000edd00000, 0x00000000edd00000|100%| E|CS|TAMS 0x00000000edc00000, 0x00000000edc00000| Complete 
| 221|0x00000000edd00000, 0x00000000ede00000, 0x00000000ede00000|100%| E|CS|TAMS 0x00000000edd00000, 0x00000000edd00000| Complete 
| 222|0x00000000ede00000, 0x00000000edf00000, 0x00000000edf00000|100%| E|CS|TAMS 0x00000000ede00000, 0x00000000ede00000| Complete 
| 223|0x00000000edf00000, 0x00000000ee000000, 0x00000000ee000000|100%| E|CS|TAMS 0x00000000edf00000, 0x00000000edf00000| Complete 
| 224|0x00000000ee000000, 0x00000000ee100000, 0x00000000ee100000|100%| E|  |TAMS 0x00000000ee000000, 0x00000000ee000000| Complete 
| 225|0x00000000ee100000, 0x00000000ee200000, 0x00000000ee200000|100%| E|CS|TAMS 0x00000000ee100000, 0x00000000ee100000| Complete 
| 226|0x00000000ee200000, 0x00000000ee300000, 0x00000000ee300000|100%| E|CS|TAMS 0x00000000ee200000, 0x00000000ee200000| Complete 
| 227|0x00000000ee300000, 0x00000000ee400000, 0x00000000ee400000|100%| E|CS|TAMS 0x00000000ee300000, 0x00000000ee300000| Complete 
| 228|0x00000000ee400000, 0x00000000ee500000, 0x00000000ee500000|100%| E|CS|TAMS 0x00000000ee400000, 0x00000000ee400000| Complete 
| 229|0x00000000ee500000, 0x00000000ee600000, 0x00000000ee600000|100%| E|CS|TAMS 0x00000000ee500000, 0x00000000ee500000| Complete 
| 230|0x00000000ee600000, 0x00000000ee700000, 0x00000000ee700000|100%| E|CS|TAMS 0x00000000ee600000, 0x00000000ee600000| Complete 
| 231|0x00000000ee700000, 0x00000000ee800000, 0x00000000ee800000|100%| E|CS|TAMS 0x00000000ee700000, 0x00000000ee700000| Complete 
| 232|0x00000000ee800000, 0x00000000ee900000, 0x00000000ee900000|100%| E|CS|TAMS 0x00000000ee800000, 0x00000000ee800000| Complete 
| 233|0x00000000ee900000, 0x00000000eea00000, 0x00000000eea00000|100%| E|CS|TAMS 0x00000000ee900000, 0x00000000ee900000| Complete 
| 234|0x00000000eea00000, 0x00000000eeb00000, 0x00000000eeb00000|100%| E|CS|TAMS 0x00000000eea00000, 0x00000000eea00000| Complete 
| 235|0x00000000eeb00000, 0x00000000eec00000, 0x00000000eec00000|100%| E|CS|TAMS 0x00000000eeb00000, 0x00000000eeb00000| Complete 
| 236|0x00000000eec00000, 0x00000000eed00000, 0x00000000eed00000|100%| E|CS|TAMS 0x00000000eec00000, 0x00000000eec00000| Complete 
| 237|0x00000000eed00000, 0x00000000eee00000, 0x00000000eee00000|100%| E|CS|TAMS 0x00000000eed00000, 0x00000000eed00000| Complete 
| 238|0x00000000eee00000, 0x00000000eef00000, 0x00000000eef00000|100%| E|CS|TAMS 0x00000000eee00000, 0x00000000eee00000| Complete 
| 239|0x00000000eef00000, 0x00000000ef000000, 0x00000000ef000000|100%| E|CS|TAMS 0x00000000eef00000, 0x00000000eef00000| Complete 
| 240|0x00000000ef000000, 0x00000000ef100000, 0x00000000ef100000|100%| E|CS|TAMS 0x00000000ef000000, 0x00000000ef000000| Complete 
| 241|0x00000000ef100000, 0x00000000ef200000, 0x00000000ef200000|100%| E|CS|TAMS 0x00000000ef100000, 0x00000000ef100000| Complete 
| 242|0x00000000ef200000, 0x00000000ef300000, 0x00000000ef300000|100%| E|CS|TAMS 0x00000000ef200000, 0x00000000ef200000| Complete 
| 243|0x00000000ef300000, 0x00000000ef400000, 0x00000000ef400000|100%| E|CS|TAMS 0x00000000ef300000, 0x00000000ef300000| Complete 
| 244|0x00000000ef400000, 0x00000000ef500000, 0x00000000ef500000|100%| E|CS|TAMS 0x00000000ef400000, 0x00000000ef400000| Complete 
| 245|0x00000000ef500000, 0x00000000ef600000, 0x00000000ef600000|100%| E|CS|TAMS 0x00000000ef500000, 0x00000000ef500000| Complete 
| 246|0x00000000ef600000, 0x00000000ef700000, 0x00000000ef700000|100%| E|CS|TAMS 0x00000000ef600000, 0x00000000ef600000| Complete 
| 247|0x00000000ef700000, 0x00000000ef800000, 0x00000000ef800000|100%| E|CS|TAMS 0x00000000ef700000, 0x00000000ef700000| Complete 
| 248|0x00000000ef800000, 0x00000000ef900000, 0x00000000ef900000|100%| E|CS|TAMS 0x00000000ef800000, 0x00000000ef800000| Complete 
| 249|0x00000000ef900000, 0x00000000efa00000, 0x00000000efa00000|100%| E|CS|TAMS 0x00000000ef900000, 0x00000000ef900000| Complete 
| 250|0x00000000efa00000, 0x00000000efb00000, 0x00000000efb00000|100%| E|CS|TAMS 0x00000000efa00000, 0x00000000efa00000| Complete 
| 251|0x00000000efb00000, 0x00000000efc00000, 0x00000000efc00000|100%| E|CS|TAMS 0x00000000efb00000, 0x00000000efb00000| Complete 
| 252|0x00000000efc00000, 0x00000000efd00000, 0x00000000efd00000|100%| E|CS|TAMS 0x00000000efc00000, 0x00000000efc00000| Complete 
| 253|0x00000000efd00000, 0x00000000efe00000, 0x00000000efe00000|100%| E|CS|TAMS 0x00000000efd00000, 0x00000000efd00000| Complete 
| 254|0x00000000efe00000, 0x00000000eff00000, 0x00000000eff00000|100%| E|CS|TAMS 0x00000000efe00000, 0x00000000efe00000| Complete 
| 255|0x00000000eff00000, 0x00000000f0000000, 0x00000000f0000000|100%| E|CS|TAMS 0x00000000eff00000, 0x00000000eff00000| Complete 

Card table byte_map: [0x0000016663980000,0x0000016663a80000] _byte_map_base: 0x0000016663280000

Marking Bits (Prev, Next): (CMBitMap*) 0x000001664ca76170, (CMBitMap*) 0x000001664ca761b0
 Prev Bits: [0x0000016663b80000, 0x0000016664380000)
 Next Bits: [0x0000016664380000, 0x0000016664b80000)

Polling page: 0x000001664a9b0000

Metaspace:

Usage:
  Non-class:     43.27 MB used.
      Class:      7.10 MB used.
       Both:     50.37 MB used.

Virtual space:
  Non-class space:       48.00 MB reserved,      43.56 MB ( 91%) committed,  6 nodes.
      Class space:      308.00 MB reserved,       7.31 MB (  2%) committed,  1 nodes.
             Both:      356.00 MB reserved,      50.88 MB ( 14%) committed. 

Chunk freelists:
   Non-Class:  480.00 KB
       Class:  666.00 KB
        Both:  1.12 MB

MaxMetaspaceSize: 384.00 MB
CompressedClassSpaceSize: 308.00 MB
Initial GC threshold: 21.00 MB
Current GC threshold: 58.69 MB
CDS: on
MetaspaceReclaimPolicy: balanced
 - commit_granule_bytes: 65536.
 - commit_granule_words: 8192.
 - virtual_space_node_default_size: 1048576.
 - enlarge_chunks_in_place: 1.
 - new_chunks_are_fully_committed: 0.
 - uncommit_free_chunks: 1.
 - use_allocation_guard: 0.
 - handle_deallocations: 1.


Internal statistics:

num_allocs_failed_limit: 6.
num_arena_births: 588.
num_arena_deaths: 0.
num_vsnodes_births: 7.
num_vsnodes_deaths: 0.
num_space_committed: 814.
num_space_uncommitted: 0.
num_chunks_returned_to_freelist: 6.
num_chunks_taken_from_freelist: 2627.
num_chunk_merges: 6.
num_chunk_splits: 1718.
num_chunks_enlarged: 1141.
num_purges: 0.
num_inconsistent_stats: 0.

CodeHeap 'non-profiled nmethods': size=120000Kb used=3007Kb max_used=3007Kb free=116992Kb
 bounds [0x000001665c020000, 0x000001665c310000, 0x0000016663550000]
CodeHeap 'profiled nmethods': size=120000Kb used=12868Kb max_used=12868Kb free=107132Kb
 bounds [0x0000016654550000, 0x00000166551f0000, 0x000001665ba80000]
CodeHeap 'non-nmethods': size=5760Kb used=2333Kb max_used=2415Kb free=3427Kb
 bounds [0x000001665ba80000, 0x000001665bcf0000, 0x000001665c020000]
 total_blobs=7153 nmethods=6303 adapters=762
 compilation: enabled
              stopped_count=0, restarted_count=0
 full_count=0

Compilation events (20 events):
Event: 20.795 Thread 0x00000166675ee6f0 6315       1       java.util.Spliterators$EmptySpliterator::estimateSize (2 bytes)
Event: 20.795 Thread 0x00000166675ee6f0 nmethod 6315 0x000001665c30d490 code [0x000001665c30d620, 0x000001665c30d6f8]
Event: 20.795 Thread 0x00000166675ee6f0 6313       1       org.gradle.api.internal.DelegatingDomainObjectSet::getDelegate (5 bytes)
Event: 20.795 Thread 0x00000166675ee6f0 nmethod 6313 0x000001665c30d790 code [0x000001665c30d920, 0x000001665c30d9f8]
Event: 20.795 Thread 0x00000166675ee6f0 6308       2       org.gradle.cache.internal.btree.BlockPayload::<init> (5 bytes)
Event: 20.796 Thread 0x00000166675ee6f0 nmethod 6308 0x00000166551d0d90 code [0x00000166551d0f20, 0x00000166551d1018]
Event: 20.798 Thread 0x00000166675ee6f0 6318       1       org.gradle.internal.component.model.LocalComponentDependencyMetadata::isEndorsingStrictVersions (5 bytes)
Event: 20.798 Thread 0x00000166675ee6f0 nmethod 6318 0x000001665c30da90 code [0x000001665c30dc20, 0x000001665c30dcf8]
Event: 20.818 Thread 0x00000166675ee6f0 6321       3       org.gradle.api.internal.artifacts.ModuleComponentSelectorSerializer::readCapabilities (70 bytes)
Event: 20.819 Thread 0x00000166675ee6f0 nmethod 6321 0x00000166551d1090 code [0x00000166551d1300, 0x00000166551d1db8]
Event: 20.819 Thread 0x00000166675ee6f0 6320       3       org.gradle.api.internal.artifacts.ivyservice.modulecache.ModuleMetadataSerializer$Reader::readMavenDependency (148 bytes)
Event: 20.821 Thread 0x00000166675ee6f0 nmethod 6320 0x00000166551d2190 code [0x00000166551d24e0, 0x00000166551d3c28]
Event: 20.821 Thread 0x00000166675ee6f0 6323       2       java.util.ArrayList::clear (43 bytes)
Event: 20.821 Thread 0x00000166675ee6f0 nmethod 6323 0x00000166551d4410 code [0x00000166551d45a0, 0x00000166551d4778]
Event: 20.821 Thread 0x00000166675ee6f0 6322       2       org.gradle.api.internal.artifacts.ivyservice.modulecache.ModuleMetadataSerializer$Reader::readString (10 bytes)
Event: 20.821 Thread 0x00000166675ee6f0 nmethod 6322 0x00000166551d4890 code [0x00000166551d4a20, 0x00000166551d4b48]
Event: 20.821 Thread 0x00000166675ee6f0 6324       1       org.gradle.internal.resources.AbstractResourceLockRegistry$ThreadLockDetails::access$200 (5 bytes)
Event: 20.821 Thread 0x00000166675ee6f0 nmethod 6324 0x000001665c30dd90 code [0x000001665c30df20, 0x000001665c30dfd8]
Event: 20.824 Thread 0x00000166675ee6f0 6325       1       org.gradle.internal.logging.events.ProgressStartEvent::getBuildOperationCategory (5 bytes)
Event: 20.824 Thread 0x00000166675ee6f0 nmethod 6325 0x000001665c30e090 code [0x000001665c30e220, 0x000001665c30e2f8]

GC Heap History (10 events):
Event: 3.427 GC heap before
{Heap before GC invocations=0 (full 0):
 garbage-first heap   total 262144K, used 26624K [0x00000000e0000000, 0x0000000100000000)
  region size 1024K, 23 young (23552K), 0 survivors (0K)
 Metaspace       used 3093K, committed 3200K, reserved 323584K
  class space    used 394K, committed 448K, reserved 315392K
}
Event: 3.440 GC heap after
{Heap after GC invocations=1 (full 0):
 garbage-first heap   total 262144K, used 10571K [0x00000000e0000000, 0x0000000100000000)
  region size 1024K, 3 young (3072K), 3 survivors (3072K)
 Metaspace       used 3093K, committed 3200K, reserved 323584K
  class space    used 394K, committed 448K, reserved 315392K
}
Event: 4.569 GC heap before
{Heap before GC invocations=1 (full 0):
 garbage-first heap   total 262144K, used 36171K [0x00000000e0000000, 0x0000000100000000)
  region size 1024K, 28 young (28672K), 3 survivors (3072K)
 Metaspace       used 4010K, committed 4160K, reserved 323584K
  class space    used 491K, committed 576K, reserved 315392K
}
Event: 4.572 GC heap after
{Heap after GC invocations=2 (full 0):
 garbage-first heap   total 262144K, used 11687K [0x00000000e0000000, 0x0000000100000000)
  region size 1024K, 1 young (1024K), 1 survivors (1024K)
 Metaspace       used 4010K, committed 4160K, reserved 323584K
  class space    used 491K, committed 576K, reserved 315392K
}
Event: 9.757 GC heap before
{Heap before GC invocations=2 (full 0):
 garbage-first heap   total 262144K, used 129447K [0x00000000e0000000, 0x0000000100000000)
  region size 1024K, 116 young (118784K), 1 survivors (1024K)
 Metaspace       used 21160K, committed 21504K, reserved 339968K
  class space    used 3153K, committed 3328K, reserved 315392K
}
Event: 9.769 GC heap after
{Heap after GC invocations=3 (full 0):
 garbage-first heap   total 262144K, used 22511K [0x00000000e0000000, 0x0000000100000000)
  region size 1024K, 12 young (12288K), 12 survivors (12288K)
 Metaspace       used 21160K, committed 21504K, reserved 339968K
  class space    used 3153K, committed 3328K, reserved 315392K
}
Event: 13.232 GC heap before
{Heap before GC invocations=4 (full 0):
 garbage-first heap   total 262144K, used 137199K [0x00000000e0000000, 0x0000000100000000)
  region size 1024K, 121 young (123904K), 12 survivors (12288K)
 Metaspace       used 35545K, committed 35968K, reserved 348160K
  class space    used 4965K, committed 5184K, reserved 315392K
}
Event: 13.249 GC heap after
{Heap after GC invocations=5 (full 0):
 garbage-first heap   total 262144K, used 31966K [0x00000000e0000000, 0x0000000100000000)
  region size 1024K, 10 young (10240K), 10 survivors (10240K)
 Metaspace       used 35545K, committed 35968K, reserved 348160K
  class space    used 4965K, committed 5184K, reserved 315392K
}
Event: 18.897 GC heap before
{Heap before GC invocations=6 (full 0):
 garbage-first heap   total 262144K, used 162014K [0x00000000e0000000, 0x0000000100000000)
  region size 1024K, 136 young (139264K), 10 survivors (10240K)
 Metaspace       used 48160K, committed 48704K, reserved 364544K
  class space    used 6808K, committed 7040K, reserved 315392K
}
Event: 18.928 GC heap after
{Heap after GC invocations=7 (full 0):
 garbage-first heap   total 262144K, used 40628K [0x00000000e0000000, 0x0000000100000000)
  region size 1024K, 10 young (10240K), 10 survivors (10240K)
 Metaspace       used 48160K, committed 48704K, reserved 364544K
  class space    used 6808K, committed 7040K, reserved 315392K
}

Dll operation events (14 events):
Event: 0.034 Loaded shared library C:\Users\hp\.jdks\corretto-17.0.6\bin\java.dll
Event: 0.089 Loaded shared library C:\Users\hp\.jdks\corretto-17.0.6\bin\jsvml.dll
Event: 0.346 Loaded shared library C:\Users\hp\.jdks\corretto-17.0.6\bin\zip.dll
Event: 0.356 Loaded shared library C:\Users\hp\.jdks\corretto-17.0.6\bin\instrument.dll
Event: 0.381 Loaded shared library C:\Users\hp\.jdks\corretto-17.0.6\bin\net.dll
Event: 0.392 Loaded shared library C:\Users\hp\.jdks\corretto-17.0.6\bin\nio.dll
Event: 0.423 Loaded shared library C:\Users\hp\.jdks\corretto-17.0.6\bin\zip.dll
Event: 1.953 Loaded shared library C:\Users\hp\.jdks\corretto-17.0.6\bin\jimage.dll
Event: 2.219 Loaded shared library C:\Users\hp\.jdks\corretto-17.0.6\bin\verify.dll
Event: 2.946 Loaded shared library C:\Users\hp\.gradle\native\68d5fa5c4cc2d200863cafc0d521ce42e7d3e7ee720ec0a83991735586a16f82\windows-amd64\native-platform.dll
Event: 2.996 Loaded shared library C:\Users\hp\.gradle\native\e376f236ea51e6404a007f0833ffe2c6e607c4080706a723a18a27aeea778392\windows-amd64\native-platform-file-events.dll
Event: 5.311 Loaded shared library C:\Users\hp\.jdks\corretto-17.0.6\bin\management.dll
Event: 5.319 Loaded shared library C:\Users\hp\.jdks\corretto-17.0.6\bin\management_ext.dll
Event: 6.461 Loaded shared library C:\Users\hp\.jdks\corretto-17.0.6\bin\sunmscapi.dll

Deoptimization events (20 events):
Event: 20.221 Thread 0x000001666c3e56e0 DEOPT PACKING pc=0x000001665c1a1778 sp=0x0000004f59bf9730
Event: 20.221 Thread 0x000001666c3e56e0 DEOPT UNPACKING pc=0x000001665bad69a3 sp=0x0000004f59bf9640 mode 2
Event: 20.262 Thread 0x000001666c3e56e0 Uncommon trap: trap_request=0xffffffde fr.pc=0x000001665c1b6954 relative=0x0000000000000234
Event: 20.262 Thread 0x000001666c3e56e0 Uncommon trap: reason=class_check action=maybe_recompile pc=0x000001665c1b6954 method=java.util.regex.Matcher.getTextLength()I @ 4 c2
Event: 20.262 Thread 0x000001666c3e56e0 DEOPT PACKING pc=0x000001665c1b6954 sp=0x0000004f59bf96f0
Event: 20.262 Thread 0x000001666c3e56e0 DEOPT UNPACKING pc=0x000001665bad69a3 sp=0x0000004f59bf9618 mode 2
Event: 20.319 Thread 0x000001666c3e56e0 Uncommon trap: trap_request=0xffffffde fr.pc=0x000001665c1b6954 relative=0x0000000000000234
Event: 20.319 Thread 0x000001666c3e56e0 Uncommon trap: reason=class_check action=maybe_recompile pc=0x000001665c1b6954 method=java.util.regex.Matcher.getTextLength()I @ 4 c2
Event: 20.319 Thread 0x000001666c3e56e0 DEOPT PACKING pc=0x000001665c1b6954 sp=0x0000004f59bf9460
Event: 20.319 Thread 0x000001666c3e56e0 DEOPT UNPACKING pc=0x000001665bad69a3 sp=0x0000004f59bf9388 mode 2
Event: 20.370 Thread 0x000001666c3e56e0 Uncommon trap: trap_request=0xffffff45 fr.pc=0x000001665c0d0920 relative=0x0000000000000680
Event: 20.370 Thread 0x000001666c3e56e0 Uncommon trap: reason=unstable_if action=reinterpret pc=0x000001665c0d0920 method=java.lang.String.replace(CC)Ljava/lang/String; @ 2 c2
Event: 20.370 Thread 0x000001666c3e56e0 DEOPT PACKING pc=0x000001665c0d0920 sp=0x0000004f59bf99f0
Event: 20.370 Thread 0x000001666c3e56e0 DEOPT UNPACKING pc=0x000001665bad69a3 sp=0x0000004f59bf99a0 mode 2
Event: 20.486 Thread 0x000001666c3e56e0 Uncommon trap: trap_request=0xffffff45 fr.pc=0x000001665c255304 relative=0x0000000000000464
Event: 20.486 Thread 0x000001666c3e56e0 Uncommon trap: reason=unstable_if action=reinterpret pc=0x000001665c255304 method=java.lang.String.<init>([CIILjava/lang/Void;)V @ 43 c2
Event: 20.486 Thread 0x000001666c3e56e0 DEOPT PACKING pc=0x000001665c255304 sp=0x0000004f59bf9690
Event: 20.486 Thread 0x000001666c3e56e0 DEOPT UNPACKING pc=0x000001665bad69a3 sp=0x0000004f59bf95d8 mode 2
Event: 20.627 Thread 0x000001666c3e56e0 DEOPT PACKING pc=0x000001665499acdc sp=0x0000004f59bf7860
Event: 20.627 Thread 0x000001666c3e56e0 DEOPT UNPACKING pc=0x000001665bad7143 sp=0x0000004f59bf6de0 mode 0

Classes unloaded (0 events):
No events

Classes redefined (0 events):
No events

Internal exceptions (20 events):
Event: 19.303 Thread 0x00000166684572d0 Exception <a 'java/lang/ClassNotFoundException'{0x00000000ef87fc50}: org/gradle/api/tasks/compile/JavaCompile_DecoratedCustomizer> (0x00000000ef87fc50) 
thrown [s\src\hotspot\share\classfile\systemDictionary.cpp, line 256]
Event: 19.354 Thread 0x00000166684572d0 Exception <a 'java/lang/ClassNotFoundException'{0x00000000ef639fa0}: org/gradle/language/jvm/tasks/ProcessResources_DecoratedBeanInfo> (0x00000000ef639fa0) 
thrown [s\src\hotspot\share\classfile\systemDictionary.cpp, line 256]
Event: 19.355 Thread 0x00000166684572d0 Exception <a 'java/lang/ClassNotFoundException'{0x00000000ef646c70}: org/gradle/language/jvm/tasks/ProcessResourcesBeanInfo> (0x00000000ef646c70) 
thrown [s\src\hotspot\share\classfile\systemDictionary.cpp, line 256]
Event: 19.356 Thread 0x00000166684572d0 Exception <a 'java/lang/ClassNotFoundException'{0x00000000ef6512e0}: org/gradle/api/tasks/CopyBeanInfo> (0x00000000ef6512e0) 
thrown [s\src\hotspot\share\classfile\systemDictionary.cpp, line 256]
Event: 19.356 Thread 0x00000166684572d0 Exception <a 'java/lang/ClassNotFoundException'{0x00000000ef65ba58}: org/gradle/api/tasks/AbstractCopyTaskBeanInfo> (0x00000000ef65ba58) 
thrown [s\src\hotspot\share\classfile\systemDictionary.cpp, line 256]
Event: 19.357 Thread 0x00000166684572d0 Exception <a 'java/lang/ClassNotFoundException'{0x00000000ef666228}: org/gradle/api/tasks/AbstractCopyTaskCustomizer> (0x00000000ef666228) 
thrown [s\src\hotspot\share\classfile\systemDictionary.cpp, line 256]
Event: 19.363 Thread 0x00000166684572d0 Exception <a 'java/lang/ClassNotFoundException'{0x00000000ef6e5b30}: org/gradle/api/tasks/CopyCustomizer> (0x00000000ef6e5b30) 
thrown [s\src\hotspot\share\classfile\systemDictionary.cpp, line 256]
Event: 19.367 Thread 0x00000166684572d0 Exception <a 'java/lang/ClassNotFoundException'{0x00000000ef509d68}: org/gradle/language/jvm/tasks/ProcessResourcesCustomizer> (0x00000000ef509d68) 
thrown [s\src\hotspot\share\classfile\systemDictionary.cpp, line 256]
Event: 19.370 Thread 0x00000166684572d0 Exception <a 'java/lang/ClassNotFoundException'{0x00000000ef52aa18}: org/gradle/language/jvm/tasks/ProcessResources_DecoratedCustomizer> (0x00000000ef52aa18) 
thrown [s\src\hotspot\share\classfile\systemDictionary.cpp, line 256]
Event: 19.389 Thread 0x00000166684572d0 Exception <a 'java/lang/ClassNotFoundException'{0x00000000ef5cb3b0}: org/gradle/api/DefaultTask_DecoratedBeanInfo> (0x00000000ef5cb3b0) 
thrown [s\src\hotspot\share\classfile\systemDictionary.cpp, line 256]
Event: 19.389 Thread 0x00000166684572d0 Exception <a 'java/lang/ClassNotFoundException'{0x00000000ef5d59b8}: org/gradle/api/DefaultTask_DecoratedCustomizer> (0x00000000ef5d59b8) 
thrown [s\src\hotspot\share\classfile\systemDictionary.cpp, line 256]
Event: 19.480 Thread 0x000001666c3e56e0 Exception <a 'java/lang/NoSuchMethodError'{0x00000000ef177428}: 'java.lang.Object java.lang.invoke.DirectMethodHandle$Holder.newInvokeSpecial(java.lang.Object, java.lang.Object, java.lang.Object, java.lang.Object, int, java.lang.Object)'> (0x00000000ef177428) 
thrown [s\src\hotspot\share\interpreter\linkResolver.cpp, line 759]
Event: 19.480 Thread 0x000001666c3e56e0 Exception <a 'java/lang/NoSuchMethodError'{0x00000000ef17b790}: 'java.lang.Object java.lang.invoke.Invokers$Holder.linkToTargetMethod(java.lang.Object, java.lang.Object, java.lang.Object, int, java.lang.Object, java.lang.Object)'> (0x00000000ef17b790) 
thrown [s\src\hotspot\share\interpreter\linkResolver.cpp, line 759]
Event: 19.513 Thread 0x000001666c3e56e0 Exception <a 'java/lang/NoSuchMethodError'{0x00000000ef02d3e8}: 'void java.lang.invoke.DirectMethodHandle$Holder.invokeInterface(java.lang.Object, java.lang.Object, java.lang.Object, java.lang.Object)'> (0x00000000ef02d3e8) 
thrown [s\src\hotspot\share\interpreter\linkResolver.cpp, line 759]
Event: 19.590 Thread 0x0000016668dae390 Exception <a 'java/lang/NoSuchMethodError'{0x00000000eefdb5b8}: static Lorg/gradle/internal/build/event/types/DefaultTaskStartedProgressEvent;.<clinit>()V> (0x00000000eefdb5b8) 
thrown [s\src\hotspot\share\prims\jni.cpp, line 1107]
Event: 19.592 Thread 0x0000016668dae390 Exception <a 'java/lang/NoSuchMethodError'{0x00000000eefe5718}: static Lorg/gradle/internal/build/event/types/DefaultTaskDescriptor;.<clinit>()V> (0x00000000eefe5718) 
thrown [s\src\hotspot\share\prims\jni.cpp, line 1107]
Event: 19.597 Thread 0x0000016668dae390 Exception <a 'java/lang/NoSuchMethodError'{0x00000000eee250e0}: static Lorg/gradle/internal/build/event/types/DefaultBinaryPluginIdentifier;.<clinit>()V> (0x00000000eee250e0) 
thrown [s\src\hotspot\share\prims\jni.cpp, line 1107]
Event: 19.605 Thread 0x000001666c3e56e0 Exception <a 'java/lang/IncompatibleClassChangeError'{0x00000000eee67bc0}: Found class java.lang.Object, but interface was expected> (0x00000000eee67bc0) 
thrown [s\src\hotspot\share\interpreter\linkResolver.cpp, line 826]
Event: 19.738 Thread 0x000001666c3e56e0 Exception <a 'java/lang/IncompatibleClassChangeError'{0x00000000eeb4c8f0}: Found class java.lang.Object, but interface was expected> (0x00000000eeb4c8f0) 
thrown [s\src\hotspot\share\interpreter\linkResolver.cpp, line 826]
Event: 19.745 Thread 0x000001666c3e56e0 Exception <a 'java/lang/NoSuchMethodError'{0x00000000eeb67828}: static Ljava/lang/Object;.<clinit>()V> (0x00000000eeb67828) 
thrown [s\src\hotspot\share\prims\jni.cpp, line 1107]

VM Operations (20 events):
Event: 17.432 Executing VM operation: Cleanup
Event: 17.433 Executing VM operation: Cleanup done
Event: 18.446 Executing VM operation: Cleanup
Event: 18.447 Executing VM operation: Cleanup done
Event: 18.578 Executing VM operation: HandshakeAllThreads
Event: 18.578 Executing VM operation: HandshakeAllThreads done
Event: 18.589 Executing VM operation: HandshakeAllThreads
Event: 18.589 Executing VM operation: HandshakeAllThreads done
Event: 18.897 Executing VM operation: G1CollectForAllocation
Event: 18.928 Executing VM operation: G1CollectForAllocation done
Event: 19.246 Executing VM operation: HandshakeAllThreads
Event: 19.246 Executing VM operation: HandshakeAllThreads done
Event: 19.562 Executing VM operation: HandshakeAllThreads
Event: 19.563 Executing VM operation: HandshakeAllThreads done
Event: 19.565 Executing VM operation: HandshakeAllThreads
Event: 19.565 Executing VM operation: HandshakeAllThreads done
Event: 20.238 Executing VM operation: ICBufferFull
Event: 20.238 Executing VM operation: ICBufferFull done
Event: 20.403 Executing VM operation: HandshakeAllThreads
Event: 20.417 Executing VM operation: HandshakeAllThreads done

Events (20 events):
Event: 20.289 Thread 0x000001666c3e43a0 Thread added: 0x000001666c3e43a0
Event: 20.311 Thread 0x000001666c3e73c0 Thread added: 0x000001666c3e73c0
Event: 20.337 Thread 0x000001666c3e4870 Thread added: 0x000001666c3e4870
Event: 20.365 Thread 0x000001666c3e4d40 Thread added: 0x000001666c3e4d40
Event: 20.385 Thread 0x000001666c3e7890 Thread added: 0x000001666c3e7890
Event: 20.437 Thread 0x000001666c3e90a0 Thread added: 0x000001666c3e90a0
Event: 20.452 Thread 0x000001666c3e6080 Thread added: 0x000001666c3e6080
Event: 20.481 Thread 0x000001666c3e8230 Thread added: 0x000001666c3e8230
Event: 20.514 Thread 0x000001666c3e9a40 Thread added: 0x000001666c3e9a40
Event: 20.540 Thread 0x000001666c3e6550 Thread added: 0x000001666c3e6550
Event: 20.563 Thread 0x000001666c3e5bb0 Thread added: 0x000001666c3e5bb0
Event: 20.626 Thread 0x000001666c3e7d60 Thread added: 0x000001666c3e7d60
Event: 20.642 Thread 0x000001666c3e3060 Thread added: 0x000001666c3e3060
Event: 20.658 Thread 0x000001666eaad4c0 Thread added: 0x000001666eaad4c0
Event: 20.685 Thread 0x000001666eaae330 Thread added: 0x000001666eaae330
Event: 20.714 Thread 0x000001666eaa82f0 Thread added: 0x000001666eaa82f0
Event: 20.735 Thread 0x000001666eaaf1a0 Thread added: 0x000001666eaaf1a0
Event: 20.772 Thread 0x000001666eaad990 Thread added: 0x000001666eaad990
Event: 20.786 Thread 0x000001666eaa87c0 Thread added: 0x000001666eaa87c0
Event: 20.857 Thread 0x000001666eaacff0 Thread added: 0x000001666eaacff0


Dynamic libraries:
0x00007ff66a9f0000 - 0x00007ff66a9fd000 	C:\Users\hp\.jdks\corretto-17.0.6\bin\java.exe
0x00007ff8038d0000 - 0x00007ff803ac7000 	C:\Windows\SYSTEM32\ntdll.dll
0x00007ff8033d0000 - 0x00007ff80348d000 	C:\Windows\System32\KERNEL32.DLL
0x00007ff8014a0000 - 0x00007ff801796000 	C:\Windows\System32\KERNELBASE.dll
0x00007ff801050000 - 0x00007ff801150000 	C:\Windows\System32\ucrtbase.dll
0x00007fffb90d0000 - 0x00007fffb90e7000 	C:\Users\hp\.jdks\corretto-17.0.6\bin\jli.dll
0x00007fffb91d0000 - 0x00007fffb91e5000 	C:\Users\hp\.jdks\corretto-17.0.6\bin\VCRUNTIME140.dll
0x00007ff802d50000 - 0x00007ff802eee000 	C:\Windows\System32\USER32.dll
0x00007ff800f80000 - 0x00007ff800fa2000 	C:\Windows\System32\win32u.dll
0x00007ff801930000 - 0x00007ff80195c000 	C:\Windows\System32\GDI32.dll
0x00007ff8012c0000 - 0x00007ff8013da000 	C:\Windows\System32\gdi32full.dll
0x00007ff800fb0000 - 0x00007ff80104d000 	C:\Windows\System32\msvcp_win.dll
0x00007fffe4260000 - 0x00007fffe44fa000 	C:\Windows\WinSxS\amd64_microsoft.windows.common-controls_6595b64144ccf1df_6.0.19041.3570_none_60bb2a3971f3e41a\COMCTL32.dll
0x00007ff8030d0000 - 0x00007ff80316e000 	C:\Windows\System32\msvcrt.dll
0x00007ff801900000 - 0x00007ff801930000 	C:\Windows\System32\IMM32.DLL
0x00007fffaa660000 - 0x00007fffaa6fb000 	C:\Users\hp\.jdks\corretto-17.0.6\bin\msvcp140.dll
0x00007fff7d7b0000 - 0x00007fff7e3c8000 	C:\Users\hp\.jdks\corretto-17.0.6\bin\server\jvm.dll
0x00007ff803170000 - 0x00007ff80321e000 	C:\Windows\System32\ADVAPI32.dll
0x00007ff803030000 - 0x00007ff8030cc000 	C:\Windows\System32\sechost.dll
0x00007ff801cf0000 - 0x00007ff801e16000 	C:\Windows\System32\RPCRT4.dll
0x00007ffffae50000 - 0x00007ffffae5a000 	C:\Windows\SYSTEM32\VERSION.dll
0x00007fffbffd0000 - 0x00007fffbffd9000 	C:\Windows\SYSTEM32\WSOCK32.dll
0x00007ff801f10000 - 0x00007ff801f7b000 	C:\Windows\System32\WS2_32.dll
0x00007fffe8e60000 - 0x00007fffe8e87000 	C:\Windows\SYSTEM32\WINMM.dll
0x00007ffffedd0000 - 0x00007ffffede2000 	C:\Windows\SYSTEM32\kernel.appcore.dll
0x00007ffffccd0000 - 0x00007ffffccda000 	C:\Users\hp\.jdks\corretto-17.0.6\bin\jimage.dll
0x00007fffecda0000 - 0x00007fffecf84000 	C:\Windows\SYSTEM32\DBGHELP.DLL
0x00007fffe4670000 - 0x00007fffe46a4000 	C:\Windows\SYSTEM32\dbgcore.DLL
0x00007ff801150000 - 0x00007ff8011d2000 	C:\Windows\System32\bcryptPrimitives.dll
0x00007ffffcd70000 - 0x00007ffffcd7e000 	C:\Users\hp\.jdks\corretto-17.0.6\bin\instrument.dll
0x00007fffb98c0000 - 0x00007fffb98e5000 	C:\Users\hp\.jdks\corretto-17.0.6\bin\java.dll
0x00007fffa72f0000 - 0x00007fffa73c6000 	C:\Users\hp\.jdks\corretto-17.0.6\bin\jsvml.dll
0x00007ff802130000 - 0x00007ff802874000 	C:\Windows\System32\SHELL32.dll
0x00007ffffefd0000 - 0x00007fffff76b000 	C:\Windows\SYSTEM32\windows.storage.dll
0x00007ff803500000 - 0x00007ff803854000 	C:\Windows\System32\combase.dll
0x00007ff8009c0000 - 0x00007ff8009ed000 	C:\Windows\SYSTEM32\Wldp.dll
0x00007ff802f80000 - 0x00007ff80302d000 	C:\Windows\System32\SHCORE.dll
0x00007ff802cf0000 - 0x00007ff802d45000 	C:\Windows\System32\shlwapi.dll
0x00007ff800eb0000 - 0x00007ff800ed5000 	C:\Windows\SYSTEM32\profapi.dll
0x00007fffb8a90000 - 0x00007fffb8aa8000 	C:\Users\hp\.jdks\corretto-17.0.6\bin\zip.dll
0x00007fffbc010000 - 0x00007fffbc029000 	C:\Users\hp\.jdks\corretto-17.0.6\bin\net.dll
0x00007ffffa570000 - 0x00007ffffa67a000 	C:\Windows\SYSTEM32\WINHTTP.dll
0x00007ff800720000 - 0x00007ff80078a000 	C:\Windows\system32\mswsock.dll
0x00007fffb9200000 - 0x00007fffb9215000 	C:\Users\hp\.jdks\corretto-17.0.6\bin\nio.dll
0x00007fffbfb90000 - 0x00007fffbfba0000 	C:\Users\hp\.jdks\corretto-17.0.6\bin\verify.dll
0x00007ffff1e30000 - 0x00007ffff1e57000 	C:\Users\hp\.gradle\native\68d5fa5c4cc2d200863cafc0d521ce42e7d3e7ee720ec0a83991735586a16f82\windows-amd64\native-platform.dll
0x00007fffa6720000 - 0x00007fffa6864000 	C:\Users\hp\.gradle\native\e376f236ea51e6404a007f0833ffe2c6e607c4080706a723a18a27aeea778392\windows-amd64\native-platform-file-events.dll
0x00007ffffcd60000 - 0x00007ffffcd69000 	C:\Users\hp\.jdks\corretto-17.0.6\bin\management.dll
0x00007ffffcd50000 - 0x00007ffffcd5b000 	C:\Users\hp\.jdks\corretto-17.0.6\bin\management_ext.dll
0x00007ff801e20000 - 0x00007ff801e28000 	C:\Windows\System32\PSAPI.DLL
0x00007ff800920000 - 0x00007ff800938000 	C:\Windows\SYSTEM32\CRYPTSP.dll
0x00007ffffff60000 - 0x00007ffffff94000 	C:\Windows\system32\rsaenh.dll
0x00007ff801290000 - 0x00007ff8012b7000 	C:\Windows\System32\bcrypt.dll
0x00007ff800e70000 - 0x00007ff800e9e000 	C:\Windows\SYSTEM32\USERENV.dll
0x00007ff800910000 - 0x00007ff80091c000 	C:\Windows\SYSTEM32\CRYPTBASE.dll
0x00007ff8003a0000 - 0x00007ff8003db000 	C:\Windows\SYSTEM32\IPHLPAPI.DLL
0x00007ff801ce0000 - 0x00007ff801ce8000 	C:\Windows\System32\NSI.dll
0x00007ffffa9f0000 - 0x00007ffffaa07000 	C:\Windows\SYSTEM32\dhcpcsvc6.DLL
0x00007ffffafc0000 - 0x00007ffffafdd000 	C:\Windows\SYSTEM32\dhcpcsvc.DLL
0x00007ff8003e0000 - 0x00007ff8004aa000 	C:\Windows\SYSTEM32\DNSAPI.dll
0x00007ffffcd40000 - 0x00007ffffcd4e000 	C:\Users\hp\.jdks\corretto-17.0.6\bin\sunmscapi.dll
0x00007ff8017a0000 - 0x00007ff8018fd000 	C:\Windows\System32\CRYPT32.dll
0x00007ff800a30000 - 0x00007ff800a57000 	C:\Windows\SYSTEM32\ncrypt.dll
0x00007ff8009f0000 - 0x00007ff800a2b000 	C:\Windows\SYSTEM32\NTASN1.dll
0x00007fffe4f70000 - 0x00007fffe4f77000 	C:\Windows\system32\wshunix.dll

dbghelp: loaded successfully - version: 4.0.5 - missing functions: none
symbol engine: initialized successfully - sym options: 0x614 - pdb path: .;C:\Users\hp\.jdks\corretto-17.0.6\bin;C:\Windows\SYSTEM32;C:\Windows\WinSxS\amd64_microsoft.windows.common-controls_6595b64144ccf1df_6.0.19041.3570_none_60bb2a3971f3e41a;C:\Users\hp\.jdks\corretto-17.0.6\bin\server;C:\Users\hp\.gradle\native\68d5fa5c4cc2d200863cafc0d521ce42e7d3e7ee720ec0a83991735586a16f82\windows-amd64;C:\Users\hp\.gradle\native\e376f236ea51e6404a007f0833ffe2c6e607c4080706a723a18a27aeea778392\windows-amd64

VM Arguments:
jvm_args: --add-opens=java.base/java.util=ALL-UNNAMED --add-opens=java.base/java.lang=ALL-UNNAMED --add-opens=java.base/java.lang.invoke=ALL-UNNAMED --add-opens=java.prefs/java.util.prefs=ALL-UNNAMED --add-opens=java.base/java.nio.charset=ALL-UNNAMED --add-opens=java.base/java.net=ALL-UNNAMED --add-opens=java.base/java.util.concurrent.atomic=ALL-UNNAMED -XX:MaxMetaspaceSize=384m -XX:+HeapDumpOnOutOfMemoryError -Xms256m -Xmx512m -Dfile.encoding=windows-1250 -Duser.country=CZ -Duser.language=cs -Duser.variant -javaagent:C:\Users\hp\.gradle\wrapper\dists\gradle-8.3-bin\dxjbbhstwasg8cbags9q7cvli\gradle-8.3\lib\agents\gradle-instrumentation-agent-8.3.jar 
java_command: org.gradle.launcher.daemon.bootstrap.GradleDaemon 8.3
java_class_path (initial): C:\Users\hp\.gradle\wrapper\dists\gradle-8.3-bin\dxjbbhstwasg8cbags9q7cvli\gradle-8.3\lib\gradle-launcher-8.3.jar
Launcher Type: SUN_STANDARD

[Global flags]
     intx CICompilerCount                          = 4                                         {product} {ergonomic}
   size_t CompressedClassSpaceSize                 = 322961408                                 {product} {ergonomic}
     uint ConcGCThreads                            = 2                                         {product} {ergonomic}
     uint G1ConcRefinementThreads                  = 8                                         {product} {ergonomic}
   size_t G1HeapRegionSize                         = 1048576                                   {product} {ergonomic}
    uintx GCDrainStackTargetSize                   = 64                                        {product} {ergonomic}
     bool HeapDumpOnOutOfMemoryError               = true                                   {manageable} {command line}
   size_t InitialHeapSize                          = 268435456                                 {product} {command line}
   size_t MarkStackSize                            = 4194304                                   {product} {ergonomic}
   size_t MaxHeapSize                              = 536870912                                 {product} {command line}
   size_t MaxMetaspaceSize                         = 402653184                                 {product} {command line}
   size_t MaxNewSize                               = 321912832                                 {product} {ergonomic}
   size_t MinHeapDeltaBytes                        = 1048576                                   {product} {ergonomic}
   size_t MinHeapSize                              = 268435456                                 {product} {command line}
    uintx NonNMethodCodeHeapSize                   = 5839372                                {pd product} {ergonomic}
    uintx NonProfiledCodeHeapSize                  = 122909434                              {pd product} {ergonomic}
    uintx ProfiledCodeHeapSize                     = 122909434                              {pd product} {ergonomic}
    uintx ReservedCodeCacheSize                    = 251658240                              {pd product} {ergonomic}
     bool SegmentedCodeCache                       = true                                      {product} {ergonomic}
   size_t SoftMaxHeapSize                          = 536870912                              {manageable} {ergonomic}
     bool UseCompressedClassPointers               = true                           {product lp64_product} {ergonomic}
     bool UseCompressedOops                        = true                           {product lp64_product} {ergonomic}
     bool UseG1GC                                  = true                                      {product} {ergonomic}
     bool UseLargePagesIndividualAllocation        = false                                  {pd product} {ergonomic}

Logging:
Log output configuration:
 #0: stdout all=warning uptime,level,tags
 #1: stderr all=off uptime,level,tags

Environment Variables:
PATH=C:\Program Files (x86)\Common Files\Oracle\Java\javapath;C:\Program Files\Microsoft\jdk-11.0.12.7-hotspot\bin;C:\Windows\system32;C:\Windows;C:\Windows\System32\Wbem;C:\Windows\System32\WindowsPowerShell\v1.0\;C:\Windows\System32\OpenSSH\;C:\Program Files\Microsoft SQL Server\Client SDK\ODBC\170\Tools\Binn\;C:\Program Files (x86)\Microsoft SQL Server\150\Tools\Binn\;C:\Program Files\Microsoft SQL Server\150\Tools\Binn\;C:\Program Files\Microsoft SQL Server\150\DTS\Binn\;C:\Program Files (x86)\Microsoft SQL Server\150\DTS\Binn\;C:\Program Files\Azure Data Studio\bin;C:\Program Files\dotnet\;C:\Program Files\Git\cmd;C:\Users\hp\AppData\Local\Programs\Python\Python311\Scripts\;C:\Users\hp\AppData\Local\Programs\Python\Python311\;C:\Users\hp\AppData\Local\Programs\Python\Python39\Scripts\;C:\Users\hp\AppData\Local\Programs\Python\Python39\;C:\Users\hp\AppData\Local\Microsoft\WindowsApps;C:\Users\hp\AppData\Local\Programs\Microsoft VS Code\bin;C:\Users\hp\.dotnet\tools;C:\Users\hp\AppData\Local\JetBrains\Toolbox\scripts;C:\Users\hp\AppData\Local\GitHubDesktop\bin
USERNAME=hp
OS=Windows_NT
PROCESSOR_IDENTIFIER=Intel64 Family 6 Model 142 Stepping 10, GenuineIntel
TMP=C:\Users\hp\AppData\Local\Temp
TEMP=C:\Users\hp\AppData\Local\Temp



---------------  S Y S T E M  ---------------

OS:
 Windows 10 , 64 bit Build 19041 (10.0.19041.3570)
OS uptime: 1 days 5:12 hours
Hyper-V role detected

CPU: total 8 (initial active 8) (4 cores per cpu, 2 threads per core) family 6 model 142 stepping 10 microcode 0xea, cx8, cmov, fxsr, ht, mmx, 3dnowpref, sse, sse2, sse3, ssse3, sse4.1, sse4.2, popcnt, lzcnt, tsc, tscinvbit, avx, avx2, aes, erms, clmul, bmi1, bmi2, adx, fma, vzeroupper, clflush, clflushopt, hv

Memory: 4k page, system-wide physical 6024M (289M free)
TotalPageFile size 24456M (AvailPageFile size 156M)
current process WorkingSet (physical memory assigned to process): 292M, peak: 301M
current process commit charge ("private bytes"): 463M, peak: 472M

vm_info: OpenJDK 64-Bit Server VM (17.0.6+10-LTS) for windows-amd64 JRE (17.0.6+10-LTS), built on Jan 13 2023 22:57:04 by "Administrator" with MS VC++ 15.9 (VS2017)

END.
