#
# There is insufficient memory for the Java Runtime Environment to continue.
# Native memory allocation (malloc) failed to allocate 1896592 bytes for Chunk::new
# Possible reasons:
#   The system is out of physical RAM or swap space
#   The process is running with CompressedOops enabled, and the Java Heap may be blocking the growth of the native heap
# Possible solutions:
#   Reduce memory load on the system
#   Increase physical memory or swap space
#   Check if swap backing store is full
#   Decrease Java heap size (-Xmx/-Xms)
#   Decrease number of Java threads
#   Decrease Java thread stack sizes (-Xss)
#   Set larger code cache with -XX:ReservedCodeCacheSize=
#   JVM is running with Unscaled Compressed Oops mode in which the Java heap is
#     placed in the first 4GB address space. The Java Heap base address is the
#     maximum limit for the native heap growth. Please use -XX:HeapBaseMinAddress
#     to set the Java Heap base and to place the Java Heap above 4GB virtual address.
# This output file may be truncated or incomplete.
#
#  Out of Memory Error (arena.cpp:189), pid=14848, tid=22104
#
# JRE version: OpenJDK Runtime Environment Corretto-17.0.6.10.1 (17.0.6+10) (build 17.0.6+10-LTS)
# Java VM: OpenJDK 64-Bit Server VM Corretto-17.0.6.10.1 (17.0.6+10-LTS, mixed mode, sharing, tiered, compressed oops, compressed class ptrs, g1 gc, windows-amd64)
# No core dump will be written. Minidumps are not enabled by default on client versions of Windows
#

---------------  S U M M A R Y ------------

Command Line: --add-opens=java.base/java.util=ALL-UNNAMED --add-opens=java.base/java.lang=ALL-UNNAMED --add-opens=java.base/java.lang.invoke=ALL-UNNAMED --add-opens=java.prefs/java.util.prefs=ALL-UNNAMED --add-opens=java.base/java.nio.charset=ALL-UNNAMED --add-opens=java.base/java.net=ALL-UNNAMED --add-opens=java.base/java.util.concurrent.atomic=ALL-UNNAMED -XX:MaxMetaspaceSize=384m -XX:+HeapDumpOnOutOfMemoryError -Xms256m -Xmx512m -Dfile.encoding=windows-1250 -Duser.country=CZ -Duser.language=cs -Duser.variant -javaagent:C:\Users\hp\.gradle\wrapper\dists\gradle-8.3-bin\dxjbbhstwasg8cbags9q7cvli\gradle-8.3\lib\agents\gradle-instrumentation-agent-8.3.jar org.gradle.launcher.daemon.bootstrap.GradleDaemon 8.3

Host: Intel(R) Core(TM) i5-8250U CPU @ 1.60GHz, 8 cores, 5G,  Windows 10 , 64 bit Build 19041 (10.0.19041.3570)
Time: Sun Oct 15 12:17:50 2023 Stindows 10 , 64 bit Build 19041 (10.0.19041.3570) elapsed time: 6.692386 seconds (0d 0h 0m 6s)

---------------  T H R E A D  ---------------

Current thread (0x000001b95dd7b2d0):  JavaThread "C2 CompilerThread0" daemon [_thread_in_native, id=22104, stack(0x0000006eb9b00000,0x0000006eb9c00000)]


Current CompileTask:
C2:   6692 2401       4       java.net.URLClassLoader$1::run (5 bytes)

Stack: [0x0000006eb9b00000,0x0000006eb9c00000]
Native frames: (J=compiled Java code, j=interpreted, Vv=VM code, C=native code)
V  [jvm.dll+0x64b39a]
V  [jvm.dll+0x7ff044]
V  [jvm.dll+0x8007fe]
V  [jvm.dll+0x800e53]
V  [jvm.dll+0x235848]
V  [jvm.dll+0xbce6c]
V  [jvm.dll+0xbd44c]
V  [jvm.dll+0x34f2a7]
V  [jvm.dll+0x319ccf]
V  [jvm.dll+0x31910a]
V  [jvm.dll+0x209ca5]
V  [jvm.dll+0x209237]
V  [jvm.dll+0x19926d]
V  [jvm.dll+0x2185dd]
V  [jvm.dll+0x216824]
V  [jvm.dll+0x7b77bb]
V  [jvm.dll+0x7b1d6a]
V  [jvm.dll+0x64a265]
C  [ucrtbase.dll+0x21bb2]
C  [KERNEL32.DLL+0x17344]
C  [ntdll.dll+0x526b1]


---------------  P R O C E S S  ---------------

Threads class SMR info:
_java_thread_list=0x000001b9602fd4e0, length=25, elements={
0x000001b943225840, 0x000001b95dd5bbd0, 0x000001b95dd5d0f0, 0x000001b95dd70850,
0x000001b95dd74130, 0x000001b95dd75190, 0x000001b95dd761f0, 0x000001b95dd7b2d0,
0x000001b95dd7d430, 0x000001b95dd94160, 0x000001b95e89d950, 0x000001b95e92ce60,
0x000001b95ffa3680, 0x000001b95f29ff30, 0x000001b960267b50, 0x000001b9601ba0a0,
0x000001b9601e3050, 0x000001b960006550, 0x000001b960008bd0, 0x000001b960006a20,
0x000001b960006080, 0x000001b960009570, 0x000001b960007d60, 0x000001b960006ef0,
0x000001b9600090a0
}

Java Threads: ( => current thread )
  0x000001b943225840 JavaThread "main" [_thread_blocked, id=21764, stack(0x0000006eb8e00000,0x0000006eb8f00000)]
  0x000001b95dd5bbd0 JavaThread "Reference Handler" daemon [_thread_blocked, id=12876, stack(0x0000006eb9500000,0x0000006eb9600000)]
  0x000001b95dd5d0f0 JavaThread "Finalizer" daemon [_thread_blocked, id=23800, stack(0x0000006eb9600000,0x0000006eb9700000)]
  0x000001b95dd70850 JavaThread "Signal Dispatcher" daemon [_thread_blocked, id=9420, stack(0x0000006eb9700000,0x0000006eb9800000)]
  0x000001b95dd74130 JavaThread "Attach Listener" daemon [_thread_blocked, id=5712, stack(0x0000006eb9800000,0x0000006eb9900000)]
  0x000001b95dd75190 JavaThread "Service Thread" daemon [_thread_blocked, id=19060, stack(0x0000006eb9900000,0x0000006eb9a00000)]
  0x000001b95dd761f0 JavaThread "Monitor Deflation Thread" daemon [_thread_blocked, id=22596, stack(0x0000006eb9a00000,0x0000006eb9b00000)]
=>0x000001b95dd7b2d0 JavaThread "C2 CompilerThread0" daemon [_thread_in_native, id=22104, stack(0x0000006eb9b00000,0x0000006eb9c00000)]
  0x000001b95dd7d430 JavaThread "C1 CompilerThread0" daemon [_thread_blocked, id=14220, stack(0x0000006eb9c00000,0x0000006eb9d00000)]
  0x000001b95dd94160 JavaThread "Sweeper thread" daemon [_thread_blocked, id=14864, stack(0x0000006eb9d00000,0x0000006eb9e00000)]
  0x000001b95e89d950 JavaThread "Common-Cleaner" daemon [_thread_blocked, id=6312, stack(0x0000006eb9e00000,0x0000006eb9f00000)]
  0x000001b95e92ce60 JavaThread "Notification Thread" daemon [_thread_blocked, id=4544, stack(0x0000006eb9f00000,0x0000006eba000000)]
  0x000001b95ffa3680 JavaThread "Daemon health stats" [_thread_blocked, id=19036, stack(0x0000006eba600000,0x0000006eba700000)]
  0x000001b95f29ff30 JavaThread "Incoming local TCP Connector on port 59852" [_thread_in_native, id=25200, stack(0x0000006eba700000,0x0000006eba800000)]
  0x000001b960267b50 JavaThread "Daemon periodic checks" [_thread_blocked, id=17360, stack(0x0000006eba800000,0x0000006eba900000)]
  0x000001b9601ba0a0 JavaThread "Daemon" [_thread_blocked, id=20768, stack(0x0000006eba900000,0x0000006ebaa00000)]
  0x000001b9601e3050 JavaThread "Handler for socket connection from /127.0.0.1:59852 to /127.0.0.1:59853" [_thread_in_native, id=5668, stack(0x0000006ebaa00000,0x0000006ebab00000)]
  0x000001b960006550 JavaThread "Cancel handler" [_thread_blocked, id=19292, stack(0x0000006ebab00000,0x0000006ebac00000)]
  0x000001b960008bd0 JavaThread "Daemon worker" [_thread_in_native, id=4248, stack(0x0000006ebac00000,0x0000006ebad00000)]
  0x000001b960006a20 JavaThread "Asynchronous log dispatcher for DefaultDaemonConnection: socket connection from /127.0.0.1:59852 to /127.0.0.1:59853" [_thread_blocked, id=23316, stack(0x0000006ebad00000,0x0000006ebae00000)]
  0x000001b960006080 JavaThread "Stdin handler" [_thread_blocked, id=2328, stack(0x0000006ebae00000,0x0000006ebaf00000)]
  0x000001b960009570 JavaThread "Daemon client event forwarder" [_thread_blocked, id=12148, stack(0x0000006ebaf00000,0x0000006ebb000000)]
  0x000001b960007d60 JavaThread "Cache worker for journal cache (C:\Users\hp\.gradle\caches\journal-1)" [_thread_blocked, id=8972, stack(0x0000006ebb000000,0x0000006ebb100000)]
  0x000001b960006ef0 JavaThread "File lock request listener" [_thread_in_native, id=25524, stack(0x0000006ebb100000,0x0000006ebb200000)]
  0x000001b9600090a0 JavaThread "Cache worker for file hash cache (C:\Users\hp\.gradle\caches\8.3\fileHashes)" [_thread_blocked, id=8236, stack(0x0000006ebb200000,0x0000006ebb300000)]

Other Threads:
  0x000001b95dd57060 VMThread "VM Thread" [stack: 0x0000006eb9400000,0x0000006eb9500000] [id=22836]
  0x000001b943226700 WatcherThread [stack: 0x0000006eba000000,0x0000006eba100000] [id=22256]
  0x000001b943254070 GCTaskThread "GC Thread#0" [stack: 0x0000006eb8f00000,0x0000006eb9000000] [id=3028]
  0x000001b95f0c3ea0 GCTaskThread "GC Thread#1" [stack: 0x0000006eba100000,0x0000006eba200000] [id=25048]
  0x000001b95efea1d0 GCTaskThread "GC Thread#2" [stack: 0x0000006eba200000,0x0000006eba300000] [id=10740]
  0x000001b95f08f6b0 GCTaskThread "GC Thread#3" [stack: 0x0000006eba300000,0x0000006eba400000] [id=23404]
  0x000001b95f08f960 GCTaskThread "GC Thread#4" [stack: 0x0000006eba400000,0x0000006eba500000] [id=7552]
  0x000001b95f08fc10 GCTaskThread "GC Thread#5" [stack: 0x0000006eba500000,0x0000006eba600000] [id=20600]
  0x000001b943258ec0 ConcurrentGCThread "G1 Main Marker" [stack: 0x0000006eb9000000,0x0000006eb9100000] [id=23784]
  0x000001b94325a020 ConcurrentGCThread "G1 Conc#0" [stack: 0x0000006eb9100000,0x0000006eb9200000] [id=7924]
  0x000001b9432fd550 ConcurrentGCThread "G1 Refine#0" [stack: 0x0000006eb9200000,0x0000006eb9300000] [id=2632]
  0x000001b9432fde80 ConcurrentGCThread "G1 Service" [stack: 0x0000006eb9300000,0x0000006eb9400000] [id=24592]

Threads with active compile tasks:
C2 CompilerThread0     6782 2401       4       java.net.URLClassLoader$1::run (5 bytes)

VM state: not at safepoint (normal execution)

VM Mutex/Monitor currently owned by a thread: None

Heap address: 0x00000000e0000000, size: 512 MB, Compressed Oops mode: 32-bit

CDS archive(s) mapped at: [0x0000000800000000-0x0000000800bc0000-0x0000000800bc0000), size 12320768, SharedBaseAddress: 0x0000000800000000, ArchiveRelocationMode: 0.
Compressed class space mapped at: 0x0000000800c00000-0x0000000814000000, reserved size: 322961408
Narrow klass base: 0x0000000800000000, Narrow klass shift: 0, Narrow klass range: 0x100000000

GC Precious Log:
 CPUs: 8 total, 8 available
 Memory: 6024M
 Large Page Support: Disabled
 NUMA Support: Disabled
 Compressed Oops: Enabled (32-bit)
 Heap Region Size: 1M
 Heap Min Capacity: 256M
 Heap Initial Capacity: 256M
 Heap Max Capacity: 512M
 Pre-touch: Disabled
 Parallel Workers: 8
 Concurrent Workers: 2
 Concurrent Refinement Workers: 8
 Periodic GC: Disabled

Heap:
 garbage-first heap   total 262144K, used 106296K [0x00000000e0000000, 0x0000000100000000)
  region size 1024K, 94 young (96256K), 3 survivors (3072K)
 Metaspace       used 18512K, committed 18816K, reserved 331776K
  class space    used 2725K, committed 2880K, reserved 315392K

Heap Regions: E=young(eden), S=young(survivor), O=old, HS=humongous(starts), HC=humongous(continues), CS=collection set, F=free, OA=open archive, CA=closed archive, TAMS=top-at-mark-start (previous, next)
|   0|0x00000000e0000000, 0x00000000e0100000, 0x00000000e0100000|100%|HS|  |TAMS 0x00000000e0000000, 0x00000000e0000000| Complete 
|   1|0x00000000e0100000, 0x00000000e0200000, 0x00000000e0200000|100%|HC|  |TAMS 0x00000000e0100000, 0x00000000e0100000| Complete 
|   2|0x00000000e0200000, 0x00000000e0300000, 0x00000000e0300000|100%|HC|  |TAMS 0x00000000e0200000, 0x00000000e0200000| Complete 
|   3|0x00000000e0300000, 0x00000000e0400000, 0x00000000e0400000|100%|HC|  |TAMS 0x00000000e0300000, 0x00000000e0300000| Complete 
|   4|0x00000000e0400000, 0x00000000e0500000, 0x00000000e0500000|100%| O|  |TAMS 0x00000000e0400000, 0x00000000e0400000| Untracked 
|   5|0x00000000e0500000, 0x00000000e0600000, 0x00000000e0600000|100%| O|  |TAMS 0x00000000e0500000, 0x00000000e0500000| Untracked 
|   6|0x00000000e0600000, 0x00000000e0700000, 0x00000000e0700000|100%| O|  |TAMS 0x00000000e0600000, 0x00000000e0600000| Untracked 
|   7|0x00000000e0700000, 0x00000000e0800000, 0x00000000e0800000|100%| O|  |TAMS 0x00000000e0700000, 0x00000000e0700000| Untracked 
|   8|0x00000000e0800000, 0x00000000e0900000, 0x00000000e0900000|100%| O|  |TAMS 0x00000000e0800000, 0x00000000e0800000| Untracked 
|   9|0x00000000e0900000, 0x00000000e0a00000, 0x00000000e0a00000|100%| O|  |TAMS 0x00000000e0900000, 0x00000000e0900000| Untracked 
|  10|0x00000000e0a00000, 0x00000000e0a6fa00, 0x00000000e0b00000| 43%| O|  |TAMS 0x00000000e0a00000, 0x00000000e0a00000| Untracked 
|  11|0x00000000e0b00000, 0x00000000e0c00000, 0x00000000e0c00000|100%|HS|  |TAMS 0x00000000e0b00000, 0x00000000e0b00000| Complete 
|  12|0x00000000e0c00000, 0x00000000e0c00000, 0x00000000e0d00000|  0%| F|  |TAMS 0x00000000e0c00000, 0x00000000e0c00000| Untracked 
|  13|0x00000000e0d00000, 0x00000000e0d00000, 0x00000000e0e00000|  0%| F|  |TAMS 0x00000000e0d00000, 0x00000000e0d00000| Untracked 
|  14|0x00000000e0e00000, 0x00000000e0e00000, 0x00000000e0f00000|  0%| F|  |TAMS 0x00000000e0e00000, 0x00000000e0e00000| Untracked 
|  15|0x00000000e0f00000, 0x00000000e0f00000, 0x00000000e1000000|  0%| F|  |TAMS 0x00000000e0f00000, 0x00000000e0f00000| Untracked 
|  16|0x00000000e1000000, 0x00000000e1000000, 0x00000000e1100000|  0%| F|  |TAMS 0x00000000e1000000, 0x00000000e1000000| Untracked 
|  17|0x00000000e1100000, 0x00000000e1100000, 0x00000000e1200000|  0%| F|  |TAMS 0x00000000e1100000, 0x00000000e1100000| Untracked 
|  18|0x00000000e1200000, 0x00000000e1200000, 0x00000000e1300000|  0%| F|  |TAMS 0x00000000e1200000, 0x00000000e1200000| Untracked 
|  19|0x00000000e1300000, 0x00000000e1300000, 0x00000000e1400000|  0%| F|  |TAMS 0x00000000e1300000, 0x00000000e1300000| Untracked 
|  20|0x00000000e1400000, 0x00000000e1400000, 0x00000000e1500000|  0%| F|  |TAMS 0x00000000e1400000, 0x00000000e1400000| Untracked 
|  21|0x00000000e1500000, 0x00000000e1500000, 0x00000000e1600000|  0%| F|  |TAMS 0x00000000e1500000, 0x00000000e1500000| Untracked 
|  22|0x00000000e1600000, 0x00000000e1600000, 0x00000000e1700000|  0%| F|  |TAMS 0x00000000e1600000, 0x00000000e1600000| Untracked 
|  23|0x00000000e1700000, 0x00000000e1700000, 0x00000000e1800000|  0%| F|  |TAMS 0x00000000e1700000, 0x00000000e1700000| Untracked 
|  24|0x00000000e1800000, 0x00000000e1800000, 0x00000000e1900000|  0%| F|  |TAMS 0x00000000e1800000, 0x00000000e1800000| Untracked 
|  25|0x00000000e1900000, 0x00000000e1900000, 0x00000000e1a00000|  0%| F|  |TAMS 0x00000000e1900000, 0x00000000e1900000| Untracked 
|  26|0x00000000e1a00000, 0x00000000e1a00000, 0x00000000e1b00000|  0%| F|  |TAMS 0x00000000e1a00000, 0x00000000e1a00000| Untracked 
|  27|0x00000000e1b00000, 0x00000000e1b00000, 0x00000000e1c00000|  0%| F|  |TAMS 0x00000000e1b00000, 0x00000000e1b00000| Untracked 
|  28|0x00000000e1c00000, 0x00000000e1c00000, 0x00000000e1d00000|  0%| F|  |TAMS 0x00000000e1c00000, 0x00000000e1c00000| Untracked 
|  29|0x00000000e1d00000, 0x00000000e1d00000, 0x00000000e1e00000|  0%| F|  |TAMS 0x00000000e1d00000, 0x00000000e1d00000| Untracked 
|  30|0x00000000e1e00000, 0x00000000e1e00000, 0x00000000e1f00000|  0%| F|  |TAMS 0x00000000e1e00000, 0x00000000e1e00000| Untracked 
|  31|0x00000000e1f00000, 0x00000000e1f00000, 0x00000000e2000000|  0%| F|  |TAMS 0x00000000e1f00000, 0x00000000e1f00000| Untracked 
|  32|0x00000000e2000000, 0x00000000e2000000, 0x00000000e2100000|  0%| F|  |TAMS 0x00000000e2000000, 0x00000000e2000000| Untracked 
|  33|0x00000000e2100000, 0x00000000e2100000, 0x00000000e2200000|  0%| F|  |TAMS 0x00000000e2100000, 0x00000000e2100000| Untracked 
|  34|0x00000000e2200000, 0x00000000e2200000, 0x00000000e2300000|  0%| F|  |TAMS 0x00000000e2200000, 0x00000000e2200000| Untracked 
|  35|0x00000000e2300000, 0x00000000e2300000, 0x00000000e2400000|  0%| F|  |TAMS 0x00000000e2300000, 0x00000000e2300000| Untracked 
|  36|0x00000000e2400000, 0x00000000e2400000, 0x00000000e2500000|  0%| F|  |TAMS 0x00000000e2400000, 0x00000000e2400000| Untracked 
|  37|0x00000000e2500000, 0x00000000e2500000, 0x00000000e2600000|  0%| F|  |TAMS 0x00000000e2500000, 0x00000000e2500000| Untracked 
|  38|0x00000000e2600000, 0x00000000e2600000, 0x00000000e2700000|  0%| F|  |TAMS 0x00000000e2600000, 0x00000000e2600000| Untracked 
|  39|0x00000000e2700000, 0x00000000e2700000, 0x00000000e2800000|  0%| F|  |TAMS 0x00000000e2700000, 0x00000000e2700000| Untracked 
|  40|0x00000000e2800000, 0x00000000e2800000, 0x00000000e2900000|  0%| F|  |TAMS 0x00000000e2800000, 0x00000000e2800000| Untracked 
|  41|0x00000000e2900000, 0x00000000e2900000, 0x00000000e2a00000|  0%| F|  |TAMS 0x00000000e2900000, 0x00000000e2900000| Untracked 
|  42|0x00000000e2a00000, 0x00000000e2a00000, 0x00000000e2b00000|  0%| F|  |TAMS 0x00000000e2a00000, 0x00000000e2a00000| Untracked 
|  43|0x00000000e2b00000, 0x00000000e2b00000, 0x00000000e2c00000|  0%| F|  |TAMS 0x00000000e2b00000, 0x00000000e2b00000| Untracked 
|  44|0x00000000e2c00000, 0x00000000e2c00000, 0x00000000e2d00000|  0%| F|  |TAMS 0x00000000e2c00000, 0x00000000e2c00000| Untracked 
|  45|0x00000000e2d00000, 0x00000000e2d00000, 0x00000000e2e00000|  0%| F|  |TAMS 0x00000000e2d00000, 0x00000000e2d00000| Untracked 
|  46|0x00000000e2e00000, 0x00000000e2e00000, 0x00000000e2f00000|  0%| F|  |TAMS 0x00000000e2e00000, 0x00000000e2e00000| Untracked 
|  47|0x00000000e2f00000, 0x00000000e2f00000, 0x00000000e3000000|  0%| F|  |TAMS 0x00000000e2f00000, 0x00000000e2f00000| Untracked 
|  48|0x00000000e3000000, 0x00000000e3000000, 0x00000000e3100000|  0%| F|  |TAMS 0x00000000e3000000, 0x00000000e3000000| Untracked 
|  49|0x00000000e3100000, 0x00000000e3100000, 0x00000000e3200000|  0%| F|  |TAMS 0x00000000e3100000, 0x00000000e3100000| Untracked 
|  50|0x00000000e3200000, 0x00000000e3200000, 0x00000000e3300000|  0%| F|  |TAMS 0x00000000e3200000, 0x00000000e3200000| Untracked 
|  51|0x00000000e3300000, 0x00000000e3300000, 0x00000000e3400000|  0%| F|  |TAMS 0x00000000e3300000, 0x00000000e3300000| Untracked 
|  52|0x00000000e3400000, 0x00000000e3400000, 0x00000000e3500000|  0%| F|  |TAMS 0x00000000e3400000, 0x00000000e3400000| Untracked 
|  53|0x00000000e3500000, 0x00000000e3500000, 0x00000000e3600000|  0%| F|  |TAMS 0x00000000e3500000, 0x00000000e3500000| Untracked 
|  54|0x00000000e3600000, 0x00000000e3600000, 0x00000000e3700000|  0%| F|  |TAMS 0x00000000e3600000, 0x00000000e3600000| Untracked 
|  55|0x00000000e3700000, 0x00000000e3700000, 0x00000000e3800000|  0%| F|  |TAMS 0x00000000e3700000, 0x00000000e3700000| Untracked 
|  56|0x00000000e3800000, 0x00000000e3800000, 0x00000000e3900000|  0%| F|  |TAMS 0x00000000e3800000, 0x00000000e3800000| Untracked 
|  57|0x00000000e3900000, 0x00000000e3900000, 0x00000000e3a00000|  0%| F|  |TAMS 0x00000000e3900000, 0x00000000e3900000| Untracked 
|  58|0x00000000e3a00000, 0x00000000e3a00000, 0x00000000e3b00000|  0%| F|  |TAMS 0x00000000e3a00000, 0x00000000e3a00000| Untracked 
|  59|0x00000000e3b00000, 0x00000000e3b00000, 0x00000000e3c00000|  0%| F|  |TAMS 0x00000000e3b00000, 0x00000000e3b00000| Untracked 
|  60|0x00000000e3c00000, 0x00000000e3c00000, 0x00000000e3d00000|  0%| F|  |TAMS 0x00000000e3c00000, 0x00000000e3c00000| Untracked 
|  61|0x00000000e3d00000, 0x00000000e3d00000, 0x00000000e3e00000|  0%| F|  |TAMS 0x00000000e3d00000, 0x00000000e3d00000| Untracked 
|  62|0x00000000e3e00000, 0x00000000e3e00000, 0x00000000e3f00000|  0%| F|  |TAMS 0x00000000e3e00000, 0x00000000e3e00000| Untracked 
|  63|0x00000000e3f00000, 0x00000000e3f00000, 0x00000000e4000000|  0%| F|  |TAMS 0x00000000e3f00000, 0x00000000e3f00000| Untracked 
|  64|0x00000000e4000000, 0x00000000e4000000, 0x00000000e4100000|  0%| F|  |TAMS 0x00000000e4000000, 0x00000000e4000000| Untracked 
|  65|0x00000000e4100000, 0x00000000e4100000, 0x00000000e4200000|  0%| F|  |TAMS 0x00000000e4100000, 0x00000000e4100000| Untracked 
|  66|0x00000000e4200000, 0x00000000e4200000, 0x00000000e4300000|  0%| F|  |TAMS 0x00000000e4200000, 0x00000000e4200000| Untracked 
|  67|0x00000000e4300000, 0x00000000e4300000, 0x00000000e4400000|  0%| F|  |TAMS 0x00000000e4300000, 0x00000000e4300000| Untracked 
|  68|0x00000000e4400000, 0x00000000e4400000, 0x00000000e4500000|  0%| F|  |TAMS 0x00000000e4400000, 0x00000000e4400000| Untracked 
|  69|0x00000000e4500000, 0x00000000e4500000, 0x00000000e4600000|  0%| F|  |TAMS 0x00000000e4500000, 0x00000000e4500000| Untracked 
|  70|0x00000000e4600000, 0x00000000e4600000, 0x00000000e4700000|  0%| F|  |TAMS 0x00000000e4600000, 0x00000000e4600000| Untracked 
|  71|0x00000000e4700000, 0x00000000e4700000, 0x00000000e4800000|  0%| F|  |TAMS 0x00000000e4700000, 0x00000000e4700000| Untracked 
|  72|0x00000000e4800000, 0x00000000e4800000, 0x00000000e4900000|  0%| F|  |TAMS 0x00000000e4800000, 0x00000000e4800000| Untracked 
|  73|0x00000000e4900000, 0x00000000e4900000, 0x00000000e4a00000|  0%| F|  |TAMS 0x00000000e4900000, 0x00000000e4900000| Untracked 
|  74|0x00000000e4a00000, 0x00000000e4a00000, 0x00000000e4b00000|  0%| F|  |TAMS 0x00000000e4a00000, 0x00000000e4a00000| Untracked 
|  75|0x00000000e4b00000, 0x00000000e4b00000, 0x00000000e4c00000|  0%| F|  |TAMS 0x00000000e4b00000, 0x00000000e4b00000| Untracked 
|  76|0x00000000e4c00000, 0x00000000e4c00000, 0x00000000e4d00000|  0%| F|  |TAMS 0x00000000e4c00000, 0x00000000e4c00000| Untracked 
|  77|0x00000000e4d00000, 0x00000000e4d00000, 0x00000000e4e00000|  0%| F|  |TAMS 0x00000000e4d00000, 0x00000000e4d00000| Untracked 
|  78|0x00000000e4e00000, 0x00000000e4e00000, 0x00000000e4f00000|  0%| F|  |TAMS 0x00000000e4e00000, 0x00000000e4e00000| Untracked 
|  79|0x00000000e4f00000, 0x00000000e4f00000, 0x00000000e5000000|  0%| F|  |TAMS 0x00000000e4f00000, 0x00000000e4f00000| Untracked 
|  80|0x00000000e5000000, 0x00000000e5000000, 0x00000000e5100000|  0%| F|  |TAMS 0x00000000e5000000, 0x00000000e5000000| Untracked 
|  81|0x00000000e5100000, 0x00000000e5100000, 0x00000000e5200000|  0%| F|  |TAMS 0x00000000e5100000, 0x00000000e5100000| Untracked 
|  82|0x00000000e5200000, 0x00000000e5200000, 0x00000000e5300000|  0%| F|  |TAMS 0x00000000e5200000, 0x00000000e5200000| Untracked 
|  83|0x00000000e5300000, 0x00000000e5300000, 0x00000000e5400000|  0%| F|  |TAMS 0x00000000e5300000, 0x00000000e5300000| Untracked 
|  84|0x00000000e5400000, 0x00000000e5400000, 0x00000000e5500000|  0%| F|  |TAMS 0x00000000e5400000, 0x00000000e5400000| Untracked 
|  85|0x00000000e5500000, 0x00000000e5500000, 0x00000000e5600000|  0%| F|  |TAMS 0x00000000e5500000, 0x00000000e5500000| Untracked 
|  86|0x00000000e5600000, 0x00000000e5600000, 0x00000000e5700000|  0%| F|  |TAMS 0x00000000e5600000, 0x00000000e5600000| Untracked 
|  87|0x00000000e5700000, 0x00000000e5700000, 0x00000000e5800000|  0%| F|  |TAMS 0x00000000e5700000, 0x00000000e5700000| Untracked 
|  88|0x00000000e5800000, 0x00000000e5800000, 0x00000000e5900000|  0%| F|  |TAMS 0x00000000e5800000, 0x00000000e5800000| Untracked 
|  89|0x00000000e5900000, 0x00000000e5900000, 0x00000000e5a00000|  0%| F|  |TAMS 0x00000000e5900000, 0x00000000e5900000| Untracked 
|  90|0x00000000e5a00000, 0x00000000e5a00000, 0x00000000e5b00000|  0%| F|  |TAMS 0x00000000e5a00000, 0x00000000e5a00000| Untracked 
|  91|0x00000000e5b00000, 0x00000000e5b00000, 0x00000000e5c00000|  0%| F|  |TAMS 0x00000000e5b00000, 0x00000000e5b00000| Untracked 
|  92|0x00000000e5c00000, 0x00000000e5c00000, 0x00000000e5d00000|  0%| F|  |TAMS 0x00000000e5c00000, 0x00000000e5c00000| Untracked 
|  93|0x00000000e5d00000, 0x00000000e5d00000, 0x00000000e5e00000|  0%| F|  |TAMS 0x00000000e5d00000, 0x00000000e5d00000| Untracked 
|  94|0x00000000e5e00000, 0x00000000e5e00000, 0x00000000e5f00000|  0%| F|  |TAMS 0x00000000e5e00000, 0x00000000e5e00000| Untracked 
|  95|0x00000000e5f00000, 0x00000000e5f00000, 0x00000000e6000000|  0%| F|  |TAMS 0x00000000e5f00000, 0x00000000e5f00000| Untracked 
|  96|0x00000000e6000000, 0x00000000e6000000, 0x00000000e6100000|  0%| F|  |TAMS 0x00000000e6000000, 0x00000000e6000000| Untracked 
|  97|0x00000000e6100000, 0x00000000e6100000, 0x00000000e6200000|  0%| F|  |TAMS 0x00000000e6100000, 0x00000000e6100000| Untracked 
|  98|0x00000000e6200000, 0x00000000e6200000, 0x00000000e6300000|  0%| F|  |TAMS 0x00000000e6200000, 0x00000000e6200000| Untracked 
|  99|0x00000000e6300000, 0x00000000e6300000, 0x00000000e6400000|  0%| F|  |TAMS 0x00000000e6300000, 0x00000000e6300000| Untracked 
| 100|0x00000000e6400000, 0x00000000e6400000, 0x00000000e6500000|  0%| F|  |TAMS 0x00000000e6400000, 0x00000000e6400000| Untracked 
| 101|0x00000000e6500000, 0x00000000e6500000, 0x00000000e6600000|  0%| F|  |TAMS 0x00000000e6500000, 0x00000000e6500000| Untracked 
| 102|0x00000000e6600000, 0x00000000e6600000, 0x00000000e6700000|  0%| F|  |TAMS 0x00000000e6600000, 0x00000000e6600000| Untracked 
| 103|0x00000000e6700000, 0x00000000e6700000, 0x00000000e6800000|  0%| F|  |TAMS 0x00000000e6700000, 0x00000000e6700000| Untracked 
| 104|0x00000000e6800000, 0x00000000e6800000, 0x00000000e6900000|  0%| F|  |TAMS 0x00000000e6800000, 0x00000000e6800000| Untracked 
| 105|0x00000000e6900000, 0x00000000e6900000, 0x00000000e6a00000|  0%| F|  |TAMS 0x00000000e6900000, 0x00000000e6900000| Untracked 
| 106|0x00000000e6a00000, 0x00000000e6a00000, 0x00000000e6b00000|  0%| F|  |TAMS 0x00000000e6a00000, 0x00000000e6a00000| Untracked 
| 107|0x00000000e6b00000, 0x00000000e6b00000, 0x00000000e6c00000|  0%| F|  |TAMS 0x00000000e6b00000, 0x00000000e6b00000| Untracked 
| 108|0x00000000e6c00000, 0x00000000e6c00000, 0x00000000e6d00000|  0%| F|  |TAMS 0x00000000e6c00000, 0x00000000e6c00000| Untracked 
| 109|0x00000000e6d00000, 0x00000000e6d00000, 0x00000000e6e00000|  0%| F|  |TAMS 0x00000000e6d00000, 0x00000000e6d00000| Untracked 
| 110|0x00000000e6e00000, 0x00000000e6e00000, 0x00000000e6f00000|  0%| F|  |TAMS 0x00000000e6e00000, 0x00000000e6e00000| Untracked 
| 111|0x00000000e6f00000, 0x00000000e6f00000, 0x00000000e7000000|  0%| F|  |TAMS 0x00000000e6f00000, 0x00000000e6f00000| Untracked 
| 112|0x00000000e7000000, 0x00000000e7000000, 0x00000000e7100000|  0%| F|  |TAMS 0x00000000e7000000, 0x00000000e7000000| Untracked 
| 113|0x00000000e7100000, 0x00000000e7100000, 0x00000000e7200000|  0%| F|  |TAMS 0x00000000e7100000, 0x00000000e7100000| Untracked 
| 114|0x00000000e7200000, 0x00000000e7200000, 0x00000000e7300000|  0%| F|  |TAMS 0x00000000e7200000, 0x00000000e7200000| Untracked 
| 115|0x00000000e7300000, 0x00000000e7300000, 0x00000000e7400000|  0%| F|  |TAMS 0x00000000e7300000, 0x00000000e7300000| Untracked 
| 116|0x00000000e7400000, 0x00000000e7400000, 0x00000000e7500000|  0%| F|  |TAMS 0x00000000e7400000, 0x00000000e7400000| Untracked 
| 117|0x00000000e7500000, 0x00000000e7500000, 0x00000000e7600000|  0%| F|  |TAMS 0x00000000e7500000, 0x00000000e7500000| Untracked 
| 118|0x00000000e7600000, 0x00000000e7600000, 0x00000000e7700000|  0%| F|  |TAMS 0x00000000e7600000, 0x00000000e7600000| Untracked 
| 119|0x00000000e7700000, 0x00000000e7700000, 0x00000000e7800000|  0%| F|  |TAMS 0x00000000e7700000, 0x00000000e7700000| Untracked 
| 120|0x00000000e7800000, 0x00000000e7800000, 0x00000000e7900000|  0%| F|  |TAMS 0x00000000e7800000, 0x00000000e7800000| Untracked 
| 121|0x00000000e7900000, 0x00000000e7900000, 0x00000000e7a00000|  0%| F|  |TAMS 0x00000000e7900000, 0x00000000e7900000| Untracked 
| 122|0x00000000e7a00000, 0x00000000e7a00000, 0x00000000e7b00000|  0%| F|  |TAMS 0x00000000e7a00000, 0x00000000e7a00000| Untracked 
| 123|0x00000000e7b00000, 0x00000000e7b00000, 0x00000000e7c00000|  0%| F|  |TAMS 0x00000000e7b00000, 0x00000000e7b00000| Untracked 
| 124|0x00000000e7c00000, 0x00000000e7c00000, 0x00000000e7d00000|  0%| F|  |TAMS 0x00000000e7c00000, 0x00000000e7c00000| Untracked 
| 125|0x00000000e7d00000, 0x00000000e7d00000, 0x00000000e7e00000|  0%| F|  |TAMS 0x00000000e7d00000, 0x00000000e7d00000| Untracked 
| 126|0x00000000e7e00000, 0x00000000e7e00000, 0x00000000e7f00000|  0%| F|  |TAMS 0x00000000e7e00000, 0x00000000e7e00000| Untracked 
| 127|0x00000000e7f00000, 0x00000000e7f00000, 0x00000000e8000000|  0%| F|  |TAMS 0x00000000e7f00000, 0x00000000e7f00000| Untracked 
| 128|0x00000000e8000000, 0x00000000e8000000, 0x00000000e8100000|  0%| F|  |TAMS 0x00000000e8000000, 0x00000000e8000000| Untracked 
| 129|0x00000000e8100000, 0x00000000e8100000, 0x00000000e8200000|  0%| F|  |TAMS 0x00000000e8100000, 0x00000000e8100000| Untracked 
| 130|0x00000000e8200000, 0x00000000e8200000, 0x00000000e8300000|  0%| F|  |TAMS 0x00000000e8200000, 0x00000000e8200000| Untracked 
| 131|0x00000000e8300000, 0x00000000e8300000, 0x00000000e8400000|  0%| F|  |TAMS 0x00000000e8300000, 0x00000000e8300000| Untracked 
| 132|0x00000000e8400000, 0x00000000e8400000, 0x00000000e8500000|  0%| F|  |TAMS 0x00000000e8400000, 0x00000000e8400000| Untracked 
| 133|0x00000000e8500000, 0x00000000e8500000, 0x00000000e8600000|  0%| F|  |TAMS 0x00000000e8500000, 0x00000000e8500000| Untracked 
| 134|0x00000000e8600000, 0x00000000e8600000, 0x00000000e8700000|  0%| F|  |TAMS 0x00000000e8600000, 0x00000000e8600000| Untracked 
| 135|0x00000000e8700000, 0x00000000e8700000, 0x00000000e8800000|  0%| F|  |TAMS 0x00000000e8700000, 0x00000000e8700000| Untracked 
| 136|0x00000000e8800000, 0x00000000e8800000, 0x00000000e8900000|  0%| F|  |TAMS 0x00000000e8800000, 0x00000000e8800000| Untracked 
| 137|0x00000000e8900000, 0x00000000e8900000, 0x00000000e8a00000|  0%| F|  |TAMS 0x00000000e8900000, 0x00000000e8900000| Untracked 
| 138|0x00000000e8a00000, 0x00000000e8a00000, 0x00000000e8b00000|  0%| F|  |TAMS 0x00000000e8a00000, 0x00000000e8a00000| Untracked 
| 139|0x00000000e8b00000, 0x00000000e8b00000, 0x00000000e8c00000|  0%| F|  |TAMS 0x00000000e8b00000, 0x00000000e8b00000| Untracked 
| 140|0x00000000e8c00000, 0x00000000e8c00000, 0x00000000e8d00000|  0%| F|  |TAMS 0x00000000e8c00000, 0x00000000e8c00000| Untracked 
| 141|0x00000000e8d00000, 0x00000000e8d00000, 0x00000000e8e00000|  0%| F|  |TAMS 0x00000000e8d00000, 0x00000000e8d00000| Untracked 
| 142|0x00000000e8e00000, 0x00000000e8e00000, 0x00000000e8f00000|  0%| F|  |TAMS 0x00000000e8e00000, 0x00000000e8e00000| Untracked 
| 143|0x00000000e8f00000, 0x00000000e8f00000, 0x00000000e9000000|  0%| F|  |TAMS 0x00000000e8f00000, 0x00000000e8f00000| Untracked 
| 144|0x00000000e9000000, 0x00000000e9000000, 0x00000000e9100000|  0%| F|  |TAMS 0x00000000e9000000, 0x00000000e9000000| Untracked 
| 145|0x00000000e9100000, 0x00000000e9100000, 0x00000000e9200000|  0%| F|  |TAMS 0x00000000e9100000, 0x00000000e9100000| Untracked 
| 146|0x00000000e9200000, 0x00000000e9200000, 0x00000000e9300000|  0%| F|  |TAMS 0x00000000e9200000, 0x00000000e9200000| Untracked 
| 147|0x00000000e9300000, 0x00000000e9300000, 0x00000000e9400000|  0%| F|  |TAMS 0x00000000e9300000, 0x00000000e9300000| Untracked 
| 148|0x00000000e9400000, 0x00000000e9400000, 0x00000000e9500000|  0%| F|  |TAMS 0x00000000e9400000, 0x00000000e9400000| Untracked 
| 149|0x00000000e9500000, 0x00000000e9500000, 0x00000000e9600000|  0%| F|  |TAMS 0x00000000e9500000, 0x00000000e9500000| Untracked 
| 150|0x00000000e9600000, 0x00000000e9600000, 0x00000000e9700000|  0%| F|  |TAMS 0x00000000e9600000, 0x00000000e9600000| Untracked 
| 151|0x00000000e9700000, 0x00000000e9700000, 0x00000000e9800000|  0%| F|  |TAMS 0x00000000e9700000, 0x00000000e9700000| Untracked 
| 152|0x00000000e9800000, 0x00000000e9800000, 0x00000000e9900000|  0%| F|  |TAMS 0x00000000e9800000, 0x00000000e9800000| Untracked 
| 153|0x00000000e9900000, 0x00000000e9900000, 0x00000000e9a00000|  0%| F|  |TAMS 0x00000000e9900000, 0x00000000e9900000| Untracked 
| 154|0x00000000e9a00000, 0x00000000e9a00000, 0x00000000e9b00000|  0%| F|  |TAMS 0x00000000e9a00000, 0x00000000e9a00000| Untracked 
| 155|0x00000000e9b00000, 0x00000000e9b00000, 0x00000000e9c00000|  0%| F|  |TAMS 0x00000000e9b00000, 0x00000000e9b00000| Untracked 
| 156|0x00000000e9c00000, 0x00000000e9c00000, 0x00000000e9d00000|  0%| F|  |TAMS 0x00000000e9c00000, 0x00000000e9c00000| Untracked 
| 157|0x00000000e9d00000, 0x00000000e9d00000, 0x00000000e9e00000|  0%| F|  |TAMS 0x00000000e9d00000, 0x00000000e9d00000| Untracked 
| 158|0x00000000e9e00000, 0x00000000e9e00000, 0x00000000e9f00000|  0%| F|  |TAMS 0x00000000e9e00000, 0x00000000e9e00000| Untracked 
| 159|0x00000000e9f00000, 0x00000000e9f00000, 0x00000000ea000000|  0%| F|  |TAMS 0x00000000e9f00000, 0x00000000e9f00000| Untracked 
| 160|0x00000000ea000000, 0x00000000ea000000, 0x00000000ea100000|  0%| F|  |TAMS 0x00000000ea000000, 0x00000000ea000000| Untracked 
| 161|0x00000000ea100000, 0x00000000ea100000, 0x00000000ea200000|  0%| F|  |TAMS 0x00000000ea100000, 0x00000000ea100000| Untracked 
| 162|0x00000000ea200000, 0x00000000ea300000, 0x00000000ea300000|100%| E|  |TAMS 0x00000000ea200000, 0x00000000ea200000| Complete 
| 163|0x00000000ea300000, 0x00000000ea400000, 0x00000000ea400000|100%| E|CS|TAMS 0x00000000ea300000, 0x00000000ea300000| Complete 
| 164|0x00000000ea400000, 0x00000000ea500000, 0x00000000ea500000|100%| E|CS|TAMS 0x00000000ea400000, 0x00000000ea400000| Complete 
| 165|0x00000000ea500000, 0x00000000ea600000, 0x00000000ea600000|100%| E|CS|TAMS 0x00000000ea500000, 0x00000000ea500000| Complete 
| 166|0x00000000ea600000, 0x00000000ea700000, 0x00000000ea700000|100%| E|CS|TAMS 0x00000000ea600000, 0x00000000ea600000| Complete 
| 167|0x00000000ea700000, 0x00000000ea800000, 0x00000000ea800000|100%| E|CS|TAMS 0x00000000ea700000, 0x00000000ea700000| Complete 
| 168|0x00000000ea800000, 0x00000000ea900000, 0x00000000ea900000|100%| E|CS|TAMS 0x00000000ea800000, 0x00000000ea800000| Complete 
| 169|0x00000000ea900000, 0x00000000eaa00000, 0x00000000eaa00000|100%| E|CS|TAMS 0x00000000ea900000, 0x00000000ea900000| Complete 
| 170|0x00000000eaa00000, 0x00000000eab00000, 0x00000000eab00000|100%| E|CS|TAMS 0x00000000eaa00000, 0x00000000eaa00000| Complete 
| 171|0x00000000eab00000, 0x00000000eac00000, 0x00000000eac00000|100%| E|CS|TAMS 0x00000000eab00000, 0x00000000eab00000| Complete 
| 172|0x00000000eac00000, 0x00000000ead00000, 0x00000000ead00000|100%| E|CS|TAMS 0x00000000eac00000, 0x00000000eac00000| Complete 
| 173|0x00000000ead00000, 0x00000000eae00000, 0x00000000eae00000|100%| E|CS|TAMS 0x00000000ead00000, 0x00000000ead00000| Complete 
| 174|0x00000000eae00000, 0x00000000eaf00000, 0x00000000eaf00000|100%| E|CS|TAMS 0x00000000eae00000, 0x00000000eae00000| Complete 
| 175|0x00000000eaf00000, 0x00000000eb000000, 0x00000000eb000000|100%| E|CS|TAMS 0x00000000eaf00000, 0x00000000eaf00000| Complete 
| 176|0x00000000eb000000, 0x00000000eb100000, 0x00000000eb100000|100%| E|CS|TAMS 0x00000000eb000000, 0x00000000eb000000| Complete 
| 177|0x00000000eb100000, 0x00000000eb200000, 0x00000000eb200000|100%| E|CS|TAMS 0x00000000eb100000, 0x00000000eb100000| Complete 
| 178|0x00000000eb200000, 0x00000000eb300000, 0x00000000eb300000|100%| E|CS|TAMS 0x00000000eb200000, 0x00000000eb200000| Complete 
| 179|0x00000000eb300000, 0x00000000eb400000, 0x00000000eb400000|100%| E|CS|TAMS 0x00000000eb300000, 0x00000000eb300000| Complete 
| 180|0x00000000eb400000, 0x00000000eb500000, 0x00000000eb500000|100%| E|CS|TAMS 0x00000000eb400000, 0x00000000eb400000| Complete 
| 181|0x00000000eb500000, 0x00000000eb600000, 0x00000000eb600000|100%| E|CS|TAMS 0x00000000eb500000, 0x00000000eb500000| Complete 
| 182|0x00000000eb600000, 0x00000000eb700000, 0x00000000eb700000|100%| E|CS|TAMS 0x00000000eb600000, 0x00000000eb600000| Complete 
| 183|0x00000000eb700000, 0x00000000eb800000, 0x00000000eb800000|100%| E|CS|TAMS 0x00000000eb700000, 0x00000000eb700000| Complete 
| 184|0x00000000eb800000, 0x00000000eb900000, 0x00000000eb900000|100%| E|CS|TAMS 0x00000000eb800000, 0x00000000eb800000| Complete 
| 185|0x00000000eb900000, 0x00000000eba00000, 0x00000000eba00000|100%| E|CS|TAMS 0x00000000eb900000, 0x00000000eb900000| Complete 
| 186|0x00000000eba00000, 0x00000000ebb00000, 0x00000000ebb00000|100%| E|CS|TAMS 0x00000000eba00000, 0x00000000eba00000| Complete 
| 187|0x00000000ebb00000, 0x00000000ebc00000, 0x00000000ebc00000|100%| E|CS|TAMS 0x00000000ebb00000, 0x00000000ebb00000| Complete 
| 188|0x00000000ebc00000, 0x00000000ebd00000, 0x00000000ebd00000|100%| E|CS|TAMS 0x00000000ebc00000, 0x00000000ebc00000| Complete 
| 189|0x00000000ebd00000, 0x00000000ebe00000, 0x00000000ebe00000|100%| E|CS|TAMS 0x00000000ebd00000, 0x00000000ebd00000| Complete 
| 190|0x00000000ebe00000, 0x00000000ebf00000, 0x00000000ebf00000|100%| E|CS|TAMS 0x00000000ebe00000, 0x00000000ebe00000| Complete 
| 191|0x00000000ebf00000, 0x00000000ec000000, 0x00000000ec000000|100%| E|CS|TAMS 0x00000000ebf00000, 0x00000000ebf00000| Complete 
| 192|0x00000000ec000000, 0x00000000ec100000, 0x00000000ec100000|100%| E|CS|TAMS 0x00000000ec000000, 0x00000000ec000000| Complete 
| 193|0x00000000ec100000, 0x00000000ec200000, 0x00000000ec200000|100%| E|CS|TAMS 0x00000000ec100000, 0x00000000ec100000| Complete 
| 194|0x00000000ec200000, 0x00000000ec300000, 0x00000000ec300000|100%| E|CS|TAMS 0x00000000ec200000, 0x00000000ec200000| Complete 
| 195|0x00000000ec300000, 0x00000000ec400000, 0x00000000ec400000|100%| E|CS|TAMS 0x00000000ec300000, 0x00000000ec300000| Complete 
| 196|0x00000000ec400000, 0x00000000ec500000, 0x00000000ec500000|100%| E|CS|TAMS 0x00000000ec400000, 0x00000000ec400000| Complete 
| 197|0x00000000ec500000, 0x00000000ec600000, 0x00000000ec600000|100%| E|CS|TAMS 0x00000000ec500000, 0x00000000ec500000| Complete 
| 198|0x00000000ec600000, 0x00000000ec700000, 0x00000000ec700000|100%| E|CS|TAMS 0x00000000ec600000, 0x00000000ec600000| Complete 
| 199|0x00000000ec700000, 0x00000000ec800000, 0x00000000ec800000|100%| E|CS|TAMS 0x00000000ec700000, 0x00000000ec700000| Complete 
| 200|0x00000000ec800000, 0x00000000ec900000, 0x00000000ec900000|100%| E|CS|TAMS 0x00000000ec800000, 0x00000000ec800000| Complete 
| 201|0x00000000ec900000, 0x00000000eca00000, 0x00000000eca00000|100%| E|CS|TAMS 0x00000000ec900000, 0x00000000ec900000| Complete 
| 202|0x00000000eca00000, 0x00000000ecb00000, 0x00000000ecb00000|100%| E|CS|TAMS 0x00000000eca00000, 0x00000000eca00000| Complete 
| 203|0x00000000ecb00000, 0x00000000ecc00000, 0x00000000ecc00000|100%| E|CS|TAMS 0x00000000ecb00000, 0x00000000ecb00000| Complete 
| 204|0x00000000ecc00000, 0x00000000ecd00000, 0x00000000ecd00000|100%| E|CS|TAMS 0x00000000ecc00000, 0x00000000ecc00000| Complete 
| 205|0x00000000ecd00000, 0x00000000ece00000, 0x00000000ece00000|100%| E|CS|TAMS 0x00000000ecd00000, 0x00000000ecd00000| Complete 
| 206|0x00000000ece00000, 0x00000000ecf00000, 0x00000000ecf00000|100%| E|CS|TAMS 0x00000000ece00000, 0x00000000ece00000| Complete 
| 207|0x00000000ecf00000, 0x00000000ed000000, 0x00000000ed000000|100%| E|CS|TAMS 0x00000000ecf00000, 0x00000000ecf00000| Complete 
| 208|0x00000000ed000000, 0x00000000ed100000, 0x00000000ed100000|100%| E|CS|TAMS 0x00000000ed000000, 0x00000000ed000000| Complete 
| 209|0x00000000ed100000, 0x00000000ed200000, 0x00000000ed200000|100%| E|CS|TAMS 0x00000000ed100000, 0x00000000ed100000| Complete 
| 210|0x00000000ed200000, 0x00000000ed300000, 0x00000000ed300000|100%| E|CS|TAMS 0x00000000ed200000, 0x00000000ed200000| Complete 
| 211|0x00000000ed300000, 0x00000000ed400000, 0x00000000ed400000|100%| E|CS|TAMS 0x00000000ed300000, 0x00000000ed300000| Complete 
| 212|0x00000000ed400000, 0x00000000ed500000, 0x00000000ed500000|100%| E|CS|TAMS 0x00000000ed400000, 0x00000000ed400000| Complete 
| 213|0x00000000ed500000, 0x00000000ed600000, 0x00000000ed600000|100%| E|CS|TAMS 0x00000000ed500000, 0x00000000ed500000| Complete 
| 214|0x00000000ed600000, 0x00000000ed700000, 0x00000000ed700000|100%| E|CS|TAMS 0x00000000ed600000, 0x00000000ed600000| Complete 
| 215|0x00000000ed700000, 0x00000000ed800000, 0x00000000ed800000|100%| E|CS|TAMS 0x00000000ed700000, 0x00000000ed700000| Complete 
| 216|0x00000000ed800000, 0x00000000ed900000, 0x00000000ed900000|100%| E|CS|TAMS 0x00000000ed800000, 0x00000000ed800000| Complete 
| 217|0x00000000ed900000, 0x00000000eda00000, 0x00000000eda00000|100%| E|CS|TAMS 0x00000000ed900000, 0x00000000ed900000| Complete 
| 218|0x00000000eda00000, 0x00000000edb00000, 0x00000000edb00000|100%| E|CS|TAMS 0x00000000eda00000, 0x00000000eda00000| Complete 
| 219|0x00000000edb00000, 0x00000000edc00000, 0x00000000edc00000|100%| E|CS|TAMS 0x00000000edb00000, 0x00000000edb00000| Complete 
| 220|0x00000000edc00000, 0x00000000edd00000, 0x00000000edd00000|100%| E|CS|TAMS 0x00000000edc00000, 0x00000000edc00000| Complete 
| 221|0x00000000edd00000, 0x00000000ede00000, 0x00000000ede00000|100%| E|CS|TAMS 0x00000000edd00000, 0x00000000edd00000| Complete 
| 222|0x00000000ede00000, 0x00000000edf00000, 0x00000000edf00000|100%| E|CS|TAMS 0x00000000ede00000, 0x00000000ede00000| Complete 
| 223|0x00000000edf00000, 0x00000000edf5e9b0, 0x00000000ee000000| 36%| S|CS|TAMS 0x00000000edf00000, 0x00000000edf00000| Complete 
| 224|0x00000000ee000000, 0x00000000ee100000, 0x00000000ee100000|100%| S|CS|TAMS 0x00000000ee000000, 0x00000000ee000000| Complete 
| 225|0x00000000ee100000, 0x00000000ee200000, 0x00000000ee200000|100%| S|CS|TAMS 0x00000000ee100000, 0x00000000ee100000| Complete 
| 226|0x00000000ee200000, 0x00000000ee300000, 0x00000000ee300000|100%| E|CS|TAMS 0x00000000ee200000, 0x00000000ee200000| Complete 
| 227|0x00000000ee300000, 0x00000000ee400000, 0x00000000ee400000|100%| E|CS|TAMS 0x00000000ee300000, 0x00000000ee300000| Complete 
| 228|0x00000000ee400000, 0x00000000ee500000, 0x00000000ee500000|100%| E|CS|TAMS 0x00000000ee400000, 0x00000000ee400000| Complete 
| 229|0x00000000ee500000, 0x00000000ee600000, 0x00000000ee600000|100%| E|CS|TAMS 0x00000000ee500000, 0x00000000ee500000| Complete 
| 230|0x00000000ee600000, 0x00000000ee700000, 0x00000000ee700000|100%| E|CS|TAMS 0x00000000ee600000, 0x00000000ee600000| Complete 
| 231|0x00000000ee700000, 0x00000000ee800000, 0x00000000ee800000|100%| E|CS|TAMS 0x00000000ee700000, 0x00000000ee700000| Complete 
| 232|0x00000000ee800000, 0x00000000ee900000, 0x00000000ee900000|100%| E|CS|TAMS 0x00000000ee800000, 0x00000000ee800000| Complete 
| 233|0x00000000ee900000, 0x00000000eea00000, 0x00000000eea00000|100%| E|CS|TAMS 0x00000000ee900000, 0x00000000ee900000| Complete 
| 234|0x00000000eea00000, 0x00000000eeb00000, 0x00000000eeb00000|100%| E|CS|TAMS 0x00000000eea00000, 0x00000000eea00000| Complete 
| 235|0x00000000eeb00000, 0x00000000eec00000, 0x00000000eec00000|100%| E|CS|TAMS 0x00000000eeb00000, 0x00000000eeb00000| Complete 
| 236|0x00000000eec00000, 0x00000000eed00000, 0x00000000eed00000|100%| E|CS|TAMS 0x00000000eec00000, 0x00000000eec00000| Complete 
| 237|0x00000000eed00000, 0x00000000eee00000, 0x00000000eee00000|100%| E|CS|TAMS 0x00000000eed00000, 0x00000000eed00000| Complete 
| 238|0x00000000eee00000, 0x00000000eef00000, 0x00000000eef00000|100%| E|CS|TAMS 0x00000000eee00000, 0x00000000eee00000| Complete 
| 239|0x00000000eef00000, 0x00000000ef000000, 0x00000000ef000000|100%| E|CS|TAMS 0x00000000eef00000, 0x00000000eef00000| Complete 
| 240|0x00000000ef000000, 0x00000000ef100000, 0x00000000ef100000|100%| E|CS|TAMS 0x00000000ef000000, 0x00000000ef000000| Complete 
| 241|0x00000000ef100000, 0x00000000ef200000, 0x00000000ef200000|100%| E|CS|TAMS 0x00000000ef100000, 0x00000000ef100000| Complete 
| 242|0x00000000ef200000, 0x00000000ef300000, 0x00000000ef300000|100%| E|CS|TAMS 0x00000000ef200000, 0x00000000ef200000| Complete 
| 243|0x00000000ef300000, 0x00000000ef400000, 0x00000000ef400000|100%| E|CS|TAMS 0x00000000ef300000, 0x00000000ef300000| Complete 
| 244|0x00000000ef400000, 0x00000000ef500000, 0x00000000ef500000|100%| E|CS|TAMS 0x00000000ef400000, 0x00000000ef400000| Complete 
| 245|0x00000000ef500000, 0x00000000ef600000, 0x00000000ef600000|100%| E|CS|TAMS 0x00000000ef500000, 0x00000000ef500000| Complete 
| 246|0x00000000ef600000, 0x00000000ef700000, 0x00000000ef700000|100%| E|CS|TAMS 0x00000000ef600000, 0x00000000ef600000| Complete 
| 247|0x00000000ef700000, 0x00000000ef800000, 0x00000000ef800000|100%| E|CS|TAMS 0x00000000ef700000, 0x00000000ef700000| Complete 
| 248|0x00000000ef800000, 0x00000000ef900000, 0x00000000ef900000|100%| E|CS|TAMS 0x00000000ef800000, 0x00000000ef800000| Complete 
| 249|0x00000000ef900000, 0x00000000efa00000, 0x00000000efa00000|100%| E|CS|TAMS 0x00000000ef900000, 0x00000000ef900000| Complete 
| 250|0x00000000efa00000, 0x00000000efb00000, 0x00000000efb00000|100%| E|CS|TAMS 0x00000000efa00000, 0x00000000efa00000| Complete 
| 251|0x00000000efb00000, 0x00000000efc00000, 0x00000000efc00000|100%| E|CS|TAMS 0x00000000efb00000, 0x00000000efb00000| Complete 
| 252|0x00000000efc00000, 0x00000000efd00000, 0x00000000efd00000|100%| E|CS|TAMS 0x00000000efc00000, 0x00000000efc00000| Complete 
| 253|0x00000000efd00000, 0x00000000efe00000, 0x00000000efe00000|100%| E|CS|TAMS 0x00000000efd00000, 0x00000000efd00000| Complete 
| 254|0x00000000efe00000, 0x00000000eff00000, 0x00000000eff00000|100%| E|CS|TAMS 0x00000000efe00000, 0x00000000efe00000| Complete 
| 255|0x00000000eff00000, 0x00000000f0000000, 0x00000000f0000000|100%| E|CS|TAMS 0x00000000eff00000, 0x00000000eff00000| Complete 

Card table byte_map: [0x000001b95a160000,0x000001b95a260000] _byte_map_base: 0x000001b959a60000

Marking Bits (Prev, Next): (CMBitMap*) 0x000001b943254590, (CMBitMap*) 0x000001b9432545d0
 Prev Bits: [0x000001b95a360000, 0x000001b95ab60000)
 Next Bits: [0x000001b95ab60000, 0x000001b95b360000)

Polling page: 0x000001b941180000

Metaspace:

Usage:
  Non-class:     15.50 MB used.
      Class:      2.67 MB used.
       Both:     18.16 MB used.

Virtual space:
  Non-class space:       16.00 MB reserved,      15.63 MB ( 98%) committed,  2 nodes.
      Class space:      308.00 MB reserved,       2.81 MB ( <1%) committed,  1 nodes.
             Both:      324.00 MB reserved,      18.44 MB (  6%) committed. 

Chunk freelists:
   Non-Class:  400.00 KB
       Class:  1.20 MB
        Both:  1.59 MB

MaxMetaspaceSize: 384.00 MB
CompressedClassSpaceSize: 308.00 MB
Initial GC threshold: 21.00 MB
Current GC threshold: 21.00 MB
CDS: on
MetaspaceReclaimPolicy: balanced
 - commit_granule_bytes: 65536.
 - commit_granule_words: 8192.
 - virtual_space_node_default_size: 1048576.
 - enlarge_chunks_in_place: 1.
 - new_chunks_are_fully_committed: 0.
 - uncommit_free_chunks: 1.
 - use_allocation_guard: 0.
 - handle_deallocations: 1.


Internal statistics:

num_allocs_failed_limit: 0.
num_arena_births: 228.
num_arena_deaths: 0.
num_vsnodes_births: 3.
num_vsnodes_deaths: 0.
num_space_committed: 295.
num_space_uncommitted: 0.
num_chunks_returned_to_freelist: 0.
num_chunks_taken_from_freelist: 873.
num_chunk_merges: 0.
num_chunk_splits: 577.
num_chunks_enlarged: 417.
num_purges: 0.
num_inconsistent_stats: 0.

CodeHeap 'non-profiled nmethods': size=120000Kb used=1203Kb max_used=1203Kb free=118796Kb
 bounds [0x000001b952800000, 0x000001b952a70000, 0x000001b959d30000]
CodeHeap 'profiled nmethods': size=120000Kb used=5294Kb max_used=5294Kb free=114705Kb
 bounds [0x000001b94ad30000, 0x000001b94b260000, 0x000001b952260000]
CodeHeap 'non-nmethods': size=5760Kb used=1224Kb max_used=1278Kb free=4535Kb
 bounds [0x000001b952260000, 0x000001b9524d0000, 0x000001b952800000]
 total_blobs=3070 nmethods=2536 adapters=445
 compilation: enabled
              stopped_count=0, restarted_count=0
 full_count=0

Compilation events (20 events):
Event: 6.622 Thread 0x000001b95dd7d430 2455       3       org.gradle.internal.service.DefaultServiceRegistry::access$1600 (6 bytes)
Event: 6.622 Thread 0x000001b95dd7d430 nmethod 2455 0x000001b94b225b90 code [0x000001b94b225d20, 0x000001b94b225e28]
Event: 6.623 Thread 0x000001b95dd7d430 2457       3       java.lang.invoke.VarHandleGuards::guard_LL_V (125 bytes)
Event: 6.627 Thread 0x000001b95dd7d430 nmethod 2457 0x000001b94b225f10 code [0x000001b94b226360, 0x000001b94b228eb8]
Event: 6.627 Thread 0x000001b95dd7d430 2459       3       java.util.concurrent.ConcurrentLinkedQueue::offer (120 bytes)
Event: 6.630 Thread 0x000001b95dd7d430 nmethod 2459 0x000001b94b229a90 code [0x000001b94b229ec0, 0x000001b94b22bf28]
Event: 6.630 Thread 0x000001b95dd7d430 2458       3       java.util.concurrent.ConcurrentLinkedQueue::add (6 bytes)
Event: 6.630 Thread 0x000001b95dd7d430 nmethod 2458 0x000001b94b22c910 code [0x000001b94b22cac0, 0x000001b94b22cc08]
Event: 6.635 Thread 0x000001b95dd7d430 2461       3       org.gradle.internal.service.DefaultServiceRegistry$OwnServices::instanceRealized (233 bytes)
Event: 6.638 Thread 0x000001b95dd7d430 nmethod 2461 0x000001b94b22cc90 code [0x000001b94b22d200, 0x000001b94b230588]
Event: 6.642 Thread 0x000001b95dd7d430 2462       3       jdk.internal.jimage.ImageLocation::verify (218 bytes)
Event: 6.643 Thread 0x000001b95dd7d430 nmethod 2462 0x000001b94b231610 code [0x000001b94b2318c0, 0x000001b94b232638]
Event: 6.655 Thread 0x000001b95dd7d430 2463       3       java.lang.AbstractStringBuilder::appendChars (130 bytes)
Event: 6.656 Thread 0x000001b95dd7d430 nmethod 2463 0x000001b94b232b90 code [0x000001b94b232d80, 0x000001b94b233328]
Event: 6.656 Thread 0x000001b95dd7d430 2464       1       com.google.common.io.LineReader::access$000 (5 bytes)
Event: 6.657 Thread 0x000001b95dd7d430 nmethod 2464 0x000001b95292ae10 code [0x000001b95292afa0, 0x000001b95292b058]
Event: 6.659 Thread 0x000001b95dd7d430 2465       3       java.lang.StringBuilder::append (10 bytes)
Event: 6.660 Thread 0x000001b95dd7d430 nmethod 2465 0x000001b94b233590 code [0x000001b94b233720, 0x000001b94b233868]
Event: 6.660 Thread 0x000001b95dd7d430 2466       3       java.lang.AbstractStringBuilder::append (33 bytes)
Event: 6.660 Thread 0x000001b95dd7d430 nmethod 2466 0x000001b94b233910 code [0x000001b94b233ac0, 0x000001b94b233ca8]

GC Heap History (4 events):
Event: 1.454 GC heap before
{Heap before GC invocations=0 (full 0):
 garbage-first heap   total 262144K, used 26624K [0x00000000e0000000, 0x0000000100000000)
  region size 1024K, 23 young (23552K), 0 survivors (0K)
 Metaspace       used 3077K, committed 3200K, reserved 323584K
  class space    used 393K, committed 448K, reserved 315392K
}
Event: 1.462 GC heap after
{Heap after GC invocations=1 (full 0):
 garbage-first heap   total 262144K, used 10533K [0x00000000e0000000, 0x0000000100000000)
  region size 1024K, 3 young (3072K), 3 survivors (3072K)
 Metaspace       used 3077K, committed 3200K, reserved 323584K
  class space    used 393K, committed 448K, reserved 315392K
}
Event: 2.628 GC heap before
{Heap before GC invocations=1 (full 0):
 garbage-first heap   total 262144K, used 38181K [0x00000000e0000000, 0x0000000100000000)
  region size 1024K, 30 young (30720K), 3 survivors (3072K)
 Metaspace       used 4016K, committed 4160K, reserved 323584K
  class space    used 491K, committed 576K, reserved 315392K
}
Event: 2.633 GC heap after
{Heap after GC invocations=2 (full 0):
 garbage-first heap   total 262144K, used 13112K [0x00000000e0000000, 0x0000000100000000)
  region size 1024K, 3 young (3072K), 3 survivors (3072K)
 Metaspace       used 4016K, committed 4160K, reserved 323584K
  class space    used 491K, committed 576K, reserved 315392K
}

Dll operation events (14 events):
Event: 0.022 Loaded shared library C:\Users\hp\.jdks\corretto-17.0.6\bin\java.dll
Event: 0.042 Loaded shared library C:\Users\hp\.jdks\corretto-17.0.6\bin\jsvml.dll
Event: 0.186 Loaded shared library C:\Users\hp\.jdks\corretto-17.0.6\bin\zip.dll
Event: 0.193 Loaded shared library C:\Users\hp\.jdks\corretto-17.0.6\bin\instrument.dll
Event: 0.205 Loaded shared library C:\Users\hp\.jdks\corretto-17.0.6\bin\net.dll
Event: 0.210 Loaded shared library C:\Users\hp\.jdks\corretto-17.0.6\bin\nio.dll
Event: 0.224 Loaded shared library C:\Users\hp\.jdks\corretto-17.0.6\bin\zip.dll
Event: 0.708 Loaded shared library C:\Users\hp\.jdks\corretto-17.0.6\bin\jimage.dll
Event: 0.815 Loaded shared library C:\Users\hp\.jdks\corretto-17.0.6\bin\verify.dll
Event: 1.207 Loaded shared library C:\Users\hp\.gradle\native\68d5fa5c4cc2d200863cafc0d521ce42e7d3e7ee720ec0a83991735586a16f82\windows-amd64\native-platform.dll
Event: 1.225 Loaded shared library C:\Users\hp\.gradle\native\e376f236ea51e6404a007f0833ffe2c6e607c4080706a723a18a27aeea778392\windows-amd64\native-platform-file-events.dll
Event: 3.217 Loaded shared library C:\Users\hp\.jdks\corretto-17.0.6\bin\management.dll
Event: 3.225 Loaded shared library C:\Users\hp\.jdks\corretto-17.0.6\bin\management_ext.dll
Event: 4.173 Loaded shared library C:\Users\hp\.jdks\corretto-17.0.6\bin\sunmscapi.dll

Deoptimization events (20 events):
Event: 5.257 Thread 0x000001b960008bd0 Uncommon trap: trap_request=0xffffff45 fr.pc=0x000001b952879ba8 relative=0x0000000000000608
Event: 5.258 Thread 0x000001b960008bd0 Uncommon trap: reason=unstable_if action=reinterpret pc=0x000001b952879ba8 method=java.io.File.getName()Ljava/lang/String; @ 16 c2
Event: 5.258 Thread 0x000001b960008bd0 DEOPT PACKING pc=0x000001b952879ba8 sp=0x0000006ebacfced0
Event: 5.258 Thread 0x000001b960008bd0 DEOPT UNPACKING pc=0x000001b9522b69a3 sp=0x0000006ebacfcea0 mode 2
Event: 5.798 Thread 0x000001b960008bd0 Uncommon trap: trap_request=0xffffff45 fr.pc=0x000001b95290f874 relative=0x0000000000000074
Event: 5.798 Thread 0x000001b960008bd0 Uncommon trap: reason=unstable_if action=reinterpret pc=0x000001b95290f874 method=jdk.internal.misc.Unsafe.convEndian(ZI)I @ 4 c2
Event: 5.798 Thread 0x000001b960008bd0 DEOPT PACKING pc=0x000001b95290f874 sp=0x0000006ebacfaaa0
Event: 5.798 Thread 0x000001b960008bd0 DEOPT UNPACKING pc=0x000001b9522b69a3 sp=0x0000006ebacfa9a8 mode 2
Event: 6.339 Thread 0x000001b960008bd0 Uncommon trap: trap_request=0xffffff45 fr.pc=0x000001b9529155dc relative=0x00000000000001bc
Event: 6.339 Thread 0x000001b960008bd0 Uncommon trap: reason=unstable_if action=reinterpret pc=0x000001b9529155dc method=java.util.HashMap.getNode(Ljava/lang/Object;)Ljava/util/HashMap$Node; @ 131 c2
Event: 6.339 Thread 0x000001b960008bd0 DEOPT PACKING pc=0x000001b9529155dc sp=0x0000006ebacfaf00
Event: 6.339 Thread 0x000001b960008bd0 DEOPT UNPACKING pc=0x000001b9522b69a3 sp=0x0000006ebacfae10 mode 2
Event: 6.339 Thread 0x000001b960008bd0 Uncommon trap: trap_request=0xffffff45 fr.pc=0x000001b952923220 relative=0x00000000000002e0
Event: 6.339 Thread 0x000001b960008bd0 Uncommon trap: reason=unstable_if action=reinterpret pc=0x000001b952923220 method=java.util.HashMap.getNode(Ljava/lang/Object;)Ljava/util/HashMap$Node; @ 131 c2
Event: 6.339 Thread 0x000001b960008bd0 DEOPT PACKING pc=0x000001b952923220 sp=0x0000006ebacfae80
Event: 6.339 Thread 0x000001b960008bd0 DEOPT UNPACKING pc=0x000001b9522b69a3 sp=0x0000006ebacfae10 mode 2
Event: 6.560 Thread 0x000001b960008bd0 Uncommon trap: trap_request=0xffffff45 fr.pc=0x000001b952829484 relative=0x00000000000000e4
Event: 6.560 Thread 0x000001b960008bd0 Uncommon trap: reason=unstable_if action=reinterpret pc=0x000001b952829484 method=java.util.HashMap.hash(Ljava/lang/Object;)I @ 1 c2
Event: 6.560 Thread 0x000001b960008bd0 DEOPT PACKING pc=0x000001b952829484 sp=0x0000006ebacf9e40
Event: 6.560 Thread 0x000001b960008bd0 DEOPT UNPACKING pc=0x000001b9522b69a3 sp=0x0000006ebacf9d80 mode 2

Classes unloaded (0 events):
No events

Classes redefined (0 events):
No events

Internal exceptions (20 events):
Event: 4.787 Thread 0x000001b960008bd0 Exception <a 'java/lang/NoSuchMethodError'{0x00000000ed0fb938}: 'java.lang.Object java.lang.invoke.Invokers$Holder.invoker(java.lang.Object, java.lang.Object, java.lang.Object, java.lang.Object, java.lang.Object, java.lang.Object, java.lang.Object, java.lang.Object, java.lang.Object, java.lang.Object)'> (0x00000000ed0fb938) 
thrown [s\src\hotspot\share\interpreter\linkResolver.cpp, line 759]
Event: 4.788 Thread 0x000001b960008bd0 Exception <a 'java/lang/NoSuchMethodError'{0x00000000ecf01bb0}: 'java.lang.Object java.lang.invoke.DirectMethodHandle$Holder.invokeSpecial(java.lang.Object, java.lang.Object, java.lang.Object, java.lang.Object, java.lang.Object, java.lang.Object, java.lang.Object, java.lang.Object, java.lang.Object, java.lang.Object, java.lang.Object)'> (0x00000000ecf01bb0) 
thrown [s\src\hotspot\share\interpreter\linkResolver.cpp, line 759]
Event: 5.073 Thread 0x000001b960008bd0 Exception <a 'java/lang/NoSuchMethodError'{0x00000000ecaca788}: 'void java.lang.invoke.DirectMethodHandle$Holder.invokeStaticInit(java.lang.Object)'> (0x00000000ecaca788) 
thrown [s\src\hotspot\share\interpreter\linkResolver.cpp, line 759]
Event: 5.097 Thread 0x000001b960008bd0 Exception <a 'java/lang/NoSuchMethodError'{0x00000000ec97abd8}: 'java.lang.Object java.lang.invoke.DirectMethodHandle$Holder.newInvokeSpecial(java.lang.Object, java.lang.Object, java.lang.Object, int)'> (0x00000000ec97abd8) 
thrown [s\src\hotspot\share\interpreter\linkResolver.cpp, line 759]
Event: 5.098 Thread 0x000001b960008bd0 Exception <a 'java/lang/NoSuchMethodError'{0x00000000ec97f508}: 'java.lang.Object java.lang.invoke.DirectMethodHandle$Holder.invokeSpecial(java.lang.Object, java.lang.Object, java.lang.Object, java.lang.Object, int)'> (0x00000000ec97f508) 
thrown [s\src\hotspot\share\interpreter\linkResolver.cpp, line 759]
Event: 5.098 Thread 0x000001b960008bd0 Exception <a 'java/lang/NoSuchMethodError'{0x00000000ec802f08}: 'java.lang.Object java.lang.invoke.Invokers$Holder.linkToTargetMethod(java.lang.Object, java.lang.Object, int, java.lang.Object)'> (0x00000000ec802f08) 
thrown [s\src\hotspot\share\interpreter\linkResolver.cpp, line 759]
Event: 5.482 Thread 0x000001b960009570 Exception <a 'java/lang/NoSuchMethodError'{0x00000000ec0399c0}: static Lorg/gradle/internal/build/event/types/DefaultOperationStartedProgressEvent;.<clinit>()V> (0x00000000ec0399c0) 
thrown [s\src\hotspot\share\prims\jni.cpp, line 1107]
Event: 5.485 Thread 0x000001b960009570 Exception <a 'java/lang/NoSuchMethodError'{0x00000000ec03ba88}: static Lorg/gradle/internal/build/event/types/AbstractProgressEvent;.<clinit>()V> (0x00000000ec03ba88) 
thrown [s\src\hotspot\share\prims\jni.cpp, line 1107]
Event: 5.488 Thread 0x000001b960009570 Exception <a 'java/lang/NoSuchMethodError'{0x00000000ec044b48}: static Lorg/gradle/internal/build/event/types/DefaultOperationDescriptor;.<clinit>()V> (0x00000000ec044b48) 
thrown [s\src\hotspot\share\prims\jni.cpp, line 1107]
Event: 5.495 Thread 0x000001b960009570 Exception <a 'java/lang/NoSuchMethodError'{0x00000000ec05b608}: static Lorg/gradle/internal/operations/OperationIdentifier;.<clinit>()V> (0x00000000ec05b608) 
thrown [s\src\hotspot\share\prims\jni.cpp, line 1107]
Event: 5.881 Thread 0x000001b960008bd0 Exception <a 'java/lang/NoSuchMethodError'{0x00000000eb82c700}: 'int java.lang.invoke.DirectMethodHandle$Holder.invokeSpecialIFC(java.lang.Object, java.lang.Object, java.lang.Object, java.lang.Object)'> (0x00000000eb82c700) 
thrown [s\src\hotspot\share\interpreter\linkResolver.cpp, line 759]
Event: 5.887 Thread 0x000001b960008bd0 Exception <a 'java/lang/NoSuchMethodError'{0x00000000eb83b6d8}: 'java.lang.Object java.lang.invoke.DirectMethodHandle$Holder.invokeInterface(java.lang.Object, java.lang.Object, java.lang.Object)'> (0x00000000eb83b6d8) 
thrown [s\src\hotspot\share\interpreter\linkResolver.cpp, line 759]
Event: 5.891 Thread 0x000001b960008bd0 Exception <a 'java/lang/IncompatibleClassChangeError'{0x00000000eb83f2f0}: Found class java.lang.Object, but interface was expected> (0x00000000eb83f2f0) 
thrown [s\src\hotspot\share\interpreter\linkResolver.cpp, line 826]
Event: 5.959 Thread 0x000001b960008bd0 Exception <a 'java/lang/NoSuchMethodError'{0x00000000eb72bb50}: 'int java.lang.invoke.DirectMethodHandle$Holder.invokeStatic(java.lang.Object, java.lang.Object, java.lang.Object, java.lang.Object)'> (0x00000000eb72bb50) 
thrown [s\src\hotspot\share\interpreter\linkResolver.cpp, line 759]
Event: 5.960 Thread 0x000001b960008bd0 Exception <a 'java/lang/NoSuchMethodError'{0x00000000eb72f778}: 'java.lang.Object java.lang.invoke.Invokers$Holder.invokeExact_MT(java.lang.Object, java.lang.Object, java.lang.Object, java.lang.Object, java.lang.Object, java.lang.Object)'> (0x00000000eb72f778) 
thrown [s\src\hotspot\share\interpreter\linkResolver.cpp, line 759]
Event: 6.138 Thread 0x000001b960008bd0 Exception <a 'java/lang/NoSuchMethodError'{0x00000000eb30ba78}: 'java.lang.Object java.lang.invoke.DirectMethodHandle$Holder.invokeSpecial(java.lang.Object, java.lang.Object, java.lang.Object, java.lang.Object, java.lang.Object, java.lang.Object, java.lang.Object, java.lang.Object, java.lang.Object)'> (0x00000000eb30ba78) 
thrown [s\src\hotspot\share\interpreter\linkResolver.cpp, line 759]
Event: 6.304 Thread 0x000001b960008bd0 Exception <a 'java/lang/NoSuchMethodError'{0x00000000eaff2748}: 'java.lang.Object java.lang.invoke.DirectMethodHandle$Holder.invokeVirtual(java.lang.Object, java.lang.Object, java.lang.Object, java.lang.Object)'> (0x00000000eaff2748) 
thrown [s\src\hotspot\share\interpreter\linkResolver.cpp, line 759]
Event: 6.359 Thread 0x000001b960008bd0 Exception <a 'java/lang/NoSuchMethodError'{0x00000000ead48198}: 'java.lang.Object java.lang.invoke.DirectMethodHandle$Holder.newInvokeSpecial(java.lang.Object, java.lang.Object, java.lang.Object, java.lang.Object, java.lang.Object, java.lang.Object, java.lang.Object)'> (0x00000000ead48198) 
thrown [s\src\hotspot\share\interpreter\linkResolver.cpp, line 759]
Event: 6.360 Thread 0x000001b960008bd0 Exception <a 'java/lang/NoSuchMethodError'{0x00000000ead4ce68}: 'java.lang.Object java.lang.invoke.Invokers$Holder.linkToTargetMethod(java.lang.Object, java.lang.Object, java.lang.Object, java.lang.Object, java.lang.Object, java.lang.Object, java.lang.Object)'> (0x00000000ead4ce68) 
thrown [s\src\hotspot\share\interpreter\linkResolver.cpp, line 759]
Event: 6.560 Thread 0x000001b960008bd0 Implicit null exception at 0x000001b9528293e0 to 0x000001b95282947a

VM Operations (20 events):
Event: 3.648 Executing VM operation: HandshakeAllThreads
Event: 3.648 Executing VM operation: HandshakeAllThreads done
Event: 3.648 Executing VM operation: Cleanup
Event: 3.648 Executing VM operation: Cleanup done
Event: 4.039 Executing VM operation: HandshakeAllThreads
Event: 4.039 Executing VM operation: HandshakeAllThreads done
Event: 4.199 Executing VM operation: HandshakeAllThreads
Event: 4.199 Executing VM operation: HandshakeAllThreads done
Event: 4.737 Executing VM operation: HandshakeAllThreads
Event: 4.737 Executing VM operation: HandshakeAllThreads done
Event: 4.737 Executing VM operation: Cleanup
Event: 4.738 Executing VM operation: Cleanup done
Event: 5.269 Executing VM operation: HandshakeAllThreads
Event: 5.269 Executing VM operation: HandshakeAllThreads done
Event: 5.331 Executing VM operation: HandshakeAllThreads
Event: 5.331 Executing VM operation: HandshakeAllThreads done
Event: 5.331 Executing VM operation: HandshakeAllThreads
Event: 5.332 Executing VM operation: HandshakeAllThreads done
Event: 6.338 Executing VM operation: Cleanup
Event: 6.338 Executing VM operation: Cleanup done

Events (20 events):
Event: 5.798 loading class sun/security/provider/ByteArrayAccess$LE done
Event: 5.835 Thread 0x000001b9600090a0 Thread added: 0x000001b9600090a0
Event: 5.864 loading class java/util/concurrent/Semaphore
Event: 5.864 loading class java/util/concurrent/Semaphore done
Event: 5.868 loading class java/nio/file/FileVisitOption
Event: 5.868 loading class java/nio/file/FileVisitOption done
Event: 5.892 loading class java/util/stream/ReduceOps$1
Event: 5.893 loading class java/util/stream/ReduceOps$1 done
Event: 5.893 loading class java/util/stream/ReduceOps$1ReducingSink
Event: 5.893 loading class java/util/stream/ReduceOps$1ReducingSink done
Event: 6.242 loading class javax/xml/parsers/ParserConfigurationException
Event: 6.244 loading class javax/xml/parsers/ParserConfigurationException done
Event: 6.244 loading class org/xml/sax/SAXException
Event: 6.244 loading class org/xml/sax/SAXException done
Event: 6.244 loading class javax/xml/xpath/XPathExpressionException
Event: 6.245 loading class javax/xml/xpath/XPathException
Event: 6.245 loading class javax/xml/xpath/XPathException done
Event: 6.245 loading class javax/xml/xpath/XPathExpressionException done
Event: 6.246 loading class org/xml/sax/ErrorHandler
Event: 6.246 loading class org/xml/sax/ErrorHandler done


Dynamic libraries:
0x00007ff7c1630000 - 0x00007ff7c163d000 	C:\Users\hp\.jdks\corretto-17.0.6\bin\java.exe
0x00007ff8038d0000 - 0x00007ff803ac7000 	C:\Windows\SYSTEM32\ntdll.dll
0x00007ff8033d0000 - 0x00007ff80348d000 	C:\Windows\System32\KERNEL32.DLL
0x00007ff8014a0000 - 0x00007ff801796000 	C:\Windows\System32\KERNELBASE.dll
0x00007ff801050000 - 0x00007ff801150000 	C:\Windows\System32\ucrtbase.dll
0x00007fffc09a0000 - 0x00007fffc09b5000 	C:\Users\hp\.jdks\corretto-17.0.6\bin\VCRUNTIME140.dll
0x00007fffc0a70000 - 0x00007fffc0a87000 	C:\Users\hp\.jdks\corretto-17.0.6\bin\jli.dll
0x00007ff802d50000 - 0x00007ff802eee000 	C:\Windows\System32\USER32.dll
0x00007ff800f80000 - 0x00007ff800fa2000 	C:\Windows\System32\win32u.dll
0x00007ff801930000 - 0x00007ff80195c000 	C:\Windows\System32\GDI32.dll
0x00007fffe4260000 - 0x00007fffe44fa000 	C:\Windows\WinSxS\amd64_microsoft.windows.common-controls_6595b64144ccf1df_6.0.19041.3570_none_60bb2a3971f3e41a\COMCTL32.dll
0x00007ff8012c0000 - 0x00007ff8013da000 	C:\Windows\System32\gdi32full.dll
0x00007ff8030d0000 - 0x00007ff80316e000 	C:\Windows\System32\msvcrt.dll
0x00007ff800fb0000 - 0x00007ff80104d000 	C:\Windows\System32\msvcp_win.dll
0x00007ff801900000 - 0x00007ff801930000 	C:\Windows\System32\IMM32.DLL
0x00007fffadd50000 - 0x00007fffaddeb000 	C:\Users\hp\.jdks\corretto-17.0.6\bin\msvcp140.dll
0x00007fff959a0000 - 0x00007fff965b8000 	C:\Users\hp\.jdks\corretto-17.0.6\bin\server\jvm.dll
0x00007ff803170000 - 0x00007ff80321e000 	C:\Windows\System32\ADVAPI32.dll
0x00007ff803030000 - 0x00007ff8030cc000 	C:\Windows\System32\sechost.dll
0x00007ff801cf0000 - 0x00007ff801e16000 	C:\Windows\System32\RPCRT4.dll
0x00007ffffae50000 - 0x00007ffffae5a000 	C:\Windows\SYSTEM32\VERSION.dll
0x00007fffbffd0000 - 0x00007fffbffd9000 	C:\Windows\SYSTEM32\WSOCK32.dll
0x00007fffe8e60000 - 0x00007fffe8e87000 	C:\Windows\SYSTEM32\WINMM.dll
0x00007ff801f10000 - 0x00007ff801f7b000 	C:\Windows\System32\WS2_32.dll
0x00007ffffedd0000 - 0x00007ffffede2000 	C:\Windows\SYSTEM32\kernel.appcore.dll
0x00007fffe4f80000 - 0x00007fffe4f8a000 	C:\Users\hp\.jdks\corretto-17.0.6\bin\jimage.dll
0x00007fffecda0000 - 0x00007fffecf84000 	C:\Windows\SYSTEM32\DBGHELP.DLL
0x00007fffe4670000 - 0x00007fffe46a4000 	C:\Windows\SYSTEM32\dbgcore.DLL
0x00007ff801150000 - 0x00007ff8011d2000 	C:\Windows\System32\bcryptPrimitives.dll
0x00007fffc0be0000 - 0x00007fffc0bee000 	C:\Users\hp\.jdks\corretto-17.0.6\bin\instrument.dll
0x00007fffbfc90000 - 0x00007fffbfcb5000 	C:\Users\hp\.jdks\corretto-17.0.6\bin\java.dll
0x00007fffaa6b0000 - 0x00007fffaa786000 	C:\Users\hp\.jdks\corretto-17.0.6\bin\jsvml.dll
0x00007ff802130000 - 0x00007ff802874000 	C:\Windows\System32\SHELL32.dll
0x00007ffffefd0000 - 0x00007fffff76b000 	C:\Windows\SYSTEM32\windows.storage.dll
0x00007ff803500000 - 0x00007ff803854000 	C:\Windows\System32\combase.dll
0x00007ff8009c0000 - 0x00007ff8009ed000 	C:\Windows\SYSTEM32\Wldp.dll
0x00007ff802f80000 - 0x00007ff80302d000 	C:\Windows\System32\SHCORE.dll
0x00007ff802cf0000 - 0x00007ff802d45000 	C:\Windows\System32\shlwapi.dll
0x00007ff800eb0000 - 0x00007ff800ed5000 	C:\Windows\SYSTEM32\profapi.dll
0x00007fffbfd40000 - 0x00007fffbfd58000 	C:\Users\hp\.jdks\corretto-17.0.6\bin\zip.dll
0x00007fffbffe0000 - 0x00007fffbfff9000 	C:\Users\hp\.jdks\corretto-17.0.6\bin\net.dll
0x00007ffffa570000 - 0x00007ffffa67a000 	C:\Windows\SYSTEM32\WINHTTP.dll
0x00007ff800720000 - 0x00007ff80078a000 	C:\Windows\system32\mswsock.dll
0x00007fffbff50000 - 0x00007fffbff65000 	C:\Users\hp\.jdks\corretto-17.0.6\bin\nio.dll
0x00007fffc0a60000 - 0x00007fffc0a70000 	C:\Users\hp\.jdks\corretto-17.0.6\bin\verify.dll
0x00007ffff1e30000 - 0x00007ffff1e57000 	C:\Users\hp\.gradle\native\68d5fa5c4cc2d200863cafc0d521ce42e7d3e7ee720ec0a83991735586a16f82\windows-amd64\native-platform.dll
0x00007fffa6990000 - 0x00007fffa6ad4000 	C:\Users\hp\.gradle\native\e376f236ea51e6404a007f0833ffe2c6e607c4080706a723a18a27aeea778392\windows-amd64\native-platform-file-events.dll
0x00007fffc0960000 - 0x00007fffc0969000 	C:\Users\hp\.jdks\corretto-17.0.6\bin\management.dll
0x00007fffc03b0000 - 0x00007fffc03bb000 	C:\Users\hp\.jdks\corretto-17.0.6\bin\management_ext.dll
0x00007ff801e20000 - 0x00007ff801e28000 	C:\Windows\System32\PSAPI.DLL
0x00007ff800920000 - 0x00007ff800938000 	C:\Windows\SYSTEM32\CRYPTSP.dll
0x00007ffffff60000 - 0x00007ffffff94000 	C:\Windows\system32\rsaenh.dll
0x00007ff801290000 - 0x00007ff8012b7000 	C:\Windows\System32\bcrypt.dll
0x00007ff800e70000 - 0x00007ff800e9e000 	C:\Windows\SYSTEM32\USERENV.dll
0x00007ff800910000 - 0x00007ff80091c000 	C:\Windows\SYSTEM32\CRYPTBASE.dll
0x00007ff8003a0000 - 0x00007ff8003db000 	C:\Windows\SYSTEM32\IPHLPAPI.DLL
0x00007ff801ce0000 - 0x00007ff801ce8000 	C:\Windows\System32\NSI.dll
0x00007ffffa9f0000 - 0x00007ffffaa07000 	C:\Windows\SYSTEM32\dhcpcsvc6.DLL
0x00007ffffafc0000 - 0x00007ffffafdd000 	C:\Windows\SYSTEM32\dhcpcsvc.DLL
0x00007ff8003e0000 - 0x00007ff8004aa000 	C:\Windows\SYSTEM32\DNSAPI.dll
0x00007fffc0260000 - 0x00007fffc026e000 	C:\Users\hp\.jdks\corretto-17.0.6\bin\sunmscapi.dll
0x00007ff8017a0000 - 0x00007ff8018fd000 	C:\Windows\System32\CRYPT32.dll
0x00007ff800a30000 - 0x00007ff800a57000 	C:\Windows\SYSTEM32\ncrypt.dll
0x00007ff8009f0000 - 0x00007ff800a2b000 	C:\Windows\SYSTEM32\NTASN1.dll
0x00007fffe4f70000 - 0x00007fffe4f77000 	C:\Windows\system32\wshunix.dll

dbghelp: loaded successfully - version: 4.0.5 - missing functions: none
symbol engine: initialized successfully - sym options: 0x614 - pdb path: .;C:\Users\hp\.jdks\corretto-17.0.6\bin;C:\Windows\SYSTEM32;C:\Windows\WinSxS\amd64_microsoft.windows.common-controls_6595b64144ccf1df_6.0.19041.3570_none_60bb2a3971f3e41a;C:\Users\hp\.jdks\corretto-17.0.6\bin\server;C:\Users\hp\.gradle\native\68d5fa5c4cc2d200863cafc0d521ce42e7d3e7ee720ec0a83991735586a16f82\windows-amd64;C:\Users\hp\.gradle\native\e376f236ea51e6404a007f0833ffe2c6e607c4080706a723a18a27aeea778392\windows-amd64

VM Arguments:
jvm_args: --add-opens=java.base/java.util=ALL-UNNAMED --add-opens=java.base/java.lang=ALL-UNNAMED --add-opens=java.base/java.lang.invoke=ALL-UNNAMED --add-opens=java.prefs/java.util.prefs=ALL-UNNAMED --add-opens=java.base/java.nio.charset=ALL-UNNAMED --add-opens=java.base/java.net=ALL-UNNAMED --add-opens=java.base/java.util.concurrent.atomic=ALL-UNNAMED -XX:MaxMetaspaceSize=384m -XX:+HeapDumpOnOutOfMemoryError -Xms256m -Xmx512m -Dfile.encoding=windows-1250 -Duser.country=CZ -Duser.language=cs -Duser.variant -javaagent:C:\Users\hp\.gradle\wrapper\dists\gradle-8.3-bin\dxjbbhstwasg8cbags9q7cvli\gradle-8.3\lib\agents\gradle-instrumentation-agent-8.3.jar 
java_command: org.gradle.launcher.daemon.bootstrap.GradleDaemon 8.3
java_class_path (initial): C:\Users\hp\.gradle\wrapper\dists\gradle-8.3-bin\dxjbbhstwasg8cbags9q7cvli\gradle-8.3\lib\gradle-launcher-8.3.jar
Launcher Type: SUN_STANDARD

[Global flags]
     intx CICompilerCount                          = 4                                         {product} {ergonomic}
   size_t CompressedClassSpaceSize                 = 322961408                                 {product} {ergonomic}
     uint ConcGCThreads                            = 2                                         {product} {ergonomic}
     uint G1ConcRefinementThreads                  = 8                                         {product} {ergonomic}
   size_t G1HeapRegionSize                         = 1048576                                   {product} {ergonomic}
    uintx GCDrainStackTargetSize                   = 64                                        {product} {ergonomic}
     bool HeapDumpOnOutOfMemoryError               = true                                   {manageable} {command line}
   size_t InitialHeapSize                          = 268435456                                 {product} {command line}
   size_t MarkStackSize                            = 4194304                                   {product} {ergonomic}
   size_t MaxHeapSize                              = 536870912                                 {product} {command line}
   size_t MaxMetaspaceSize                         = 402653184                                 {product} {command line}
   size_t MaxNewSize                               = 321912832                                 {product} {ergonomic}
   size_t MinHeapDeltaBytes                        = 1048576                                   {product} {ergonomic}
   size_t MinHeapSize                              = 268435456                                 {product} {command line}
    uintx NonNMethodCodeHeapSize                   = 5839372                                {pd product} {ergonomic}
    uintx NonProfiledCodeHeapSize                  = 122909434                              {pd product} {ergonomic}
    uintx ProfiledCodeHeapSize                     = 122909434                              {pd product} {ergonomic}
    uintx ReservedCodeCacheSize                    = 251658240                              {pd product} {ergonomic}
     bool SegmentedCodeCache                       = true                                      {product} {ergonomic}
   size_t SoftMaxHeapSize                          = 536870912                              {manageable} {ergonomic}
     bool UseCompressedClassPointers               = true                           {product lp64_product} {ergonomic}
     bool UseCompressedOops                        = true                           {product lp64_product} {ergonomic}
     bool UseG1GC                                  = true                                      {product} {ergonomic}
     bool UseLargePagesIndividualAllocation        = false                                  {pd product} {ergonomic}

Logging:
Log output configuration:
 #0: stdout all=warning uptime,level,tags
 #1: stderr all=off uptime,level,tags

Environment Variables:
PATH=C:\Program Files (x86)\Common Files\Oracle\Java\javapath;C:\Program Files\Microsoft\jdk-11.0.12.7-hotspot\bin;C:\Windows\system32;C:\Windows;C:\Windows\System32\Wbem;C:\Windows\System32\WindowsPowerShell\v1.0\;C:\Windows\System32\OpenSSH\;C:\Program Files\Microsoft SQL Server\Client SDK\ODBC\170\Tools\Binn\;C:\Program Files (x86)\Microsoft SQL Server\150\Tools\Binn\;C:\Program Files\Microsoft SQL Server\150\Tools\Binn\;C:\Program Files\Microsoft SQL Server\150\DTS\Binn\;C:\Program Files (x86)\Microsoft SQL Server\150\DTS\Binn\;C:\Program Files\Azure Data Studio\bin;C:\Program Files\dotnet\;C:\Program Files\Git\cmd;C:\Users\hp\AppData\Local\Programs\Python\Python311\Scripts\;C:\Users\hp\AppData\Local\Programs\Python\Python311\;C:\Users\hp\AppData\Local\Programs\Python\Python39\Scripts\;C:\Users\hp\AppData\Local\Programs\Python\Python39\;C:\Users\hp\AppData\Local\Microsoft\WindowsApps;C:\Users\hp\AppData\Local\Programs\Microsoft VS Code\bin;C:\Users\hp\.dotnet\tools;C:\Users\hp\AppData\Local\JetBrains\Toolbox\scripts;C:\Users\hp\AppData\Local\GitHubDesktop\bin
USERNAME=hp
OS=Windows_NT
PROCESSOR_IDENTIFIER=Intel64 Family 6 Model 142 Stepping 10, GenuineIntel
TMP=C:\Users\hp\AppData\Local\Temp
TEMP=C:\Users\hp\AppData\Local\Temp



---------------  S Y S T E M  ---------------

OS:
 Windows 10 , 64 bit Build 19041 (10.0.19041.3570)
OS uptime: 1 days 21:55 hours
Hyper-V role detected

CPU: total 8 (initial active 8) (4 cores per cpu, 2 threads per core) family 6 model 142 stepping 10 microcode 0xea, cx8, cmov, fxsr, ht, mmx, 3dnowpref, sse, sse2, sse3, ssse3, sse4.1, sse4.2, popcnt, lzcnt, tsc, tscinvbit, avx, avx2, aes, erms, clmul, bmi1, bmi2, adx, fma, vzeroupper, clflush, clflushopt, hv

Memory: 4k page, system-wide physical 6024M (16M free)
TotalPageFile size 24456M (AvailPageFile size 6M)
current process WorkingSet (physical memory assigned to process): 203M, peak: 203M
current process commit charge ("private bytes"): 408M, peak: 410M

vm_info: OpenJDK 64-Bit Server VM (17.0.6+10-LTS) for windows-amd64 JRE (17.0.6+10-LTS), built on Jan 13 2023 22:57:04 by "Administrator" with MS VC++ 15.9 (VS2017)

END.
