#
# There is insufficient memory for the Java Runtime Environment to continue.
# Native memory allocation (malloc) failed to allocate 805920 bytes for Chunk::new
# Possible reasons:
#   The system is out of physical RAM or swap space
#   The process is running with CompressedOops enabled, and the Java Heap may be blocking the growth of the native heap
# Possible solutions:
#   Reduce memory load on the system
#   Increase physical memory or swap space
#   Check if swap backing store is full
#   Decrease Java heap size (-Xmx/-Xms)
#   Decrease number of Java threads
#   Decrease Java thread stack sizes (-Xss)
#   Set larger code cache with -XX:ReservedCodeCacheSize=
#   JVM is running with Unscaled Compressed Oops mode in which the Java heap is
#     placed in the first 4GB address space. The Java Heap base address is the
#     maximum limit for the native heap growth. Please use -XX:HeapBaseMinAddress
#     to set the Java Heap base and to place the Java Heap above 4GB virtual address.
# This output file may be truncated or incomplete.
#
#  Out of Memory Error (arena.cpp:189), pid=19232, tid=10400
#
# JRE version: OpenJDK Runtime Environment Corretto-17.0.6.10.1 (17.0.6+10) (build 17.0.6+10-LTS)
# Java VM: OpenJDK 64-Bit Server VM Corretto-17.0.6.10.1 (17.0.6+10-LTS, mixed mode, sharing, tiered, compressed oops, compressed class ptrs, g1 gc, windows-amd64)
# No core dump will be written. Minidumps are not enabled by default on client versions of Windows
#

---------------  S U M M A R Y ------------

Command Line: --add-opens=java.base/java.util=ALL-UNNAMED --add-opens=java.base/java.lang=ALL-UNNAMED --add-opens=java.base/java.lang.invoke=ALL-UNNAMED --add-opens=java.prefs/java.util.prefs=ALL-UNNAMED --add-opens=java.base/java.nio.charset=ALL-UNNAMED --add-opens=java.base/java.net=ALL-UNNAMED --add-opens=java.base/java.util.concurrent.atomic=ALL-UNNAMED -XX:MaxMetaspaceSize=384m -XX:+HeapDumpOnOutOfMemoryError -Xms256m -Xmx512m -Dfile.encoding=windows-1250 -Duser.country=CZ -Duser.language=cs -Duser.variant -javaagent:C:\Users\hp\.gradle\wrapper\dists\gradle-8.3-bin\dxjbbhstwasg8cbags9q7cvli\gradle-8.3\lib\agents\gradle-instrumentation-agent-8.3.jar org.gradle.launcher.daemon.bootstrap.GradleDaemon 8.3

Host: Intel(R) Core(TM) i5-8250U CPU @ 1.60GHz, 8 cores, 5G,  Windows 10 , 64 bit Build 19041 (10.0.19041.3570)
Time: Sun Oct 15 11:03:11 2023 Stindows 10 , 64 bit Build 19041 (10.0.19041.3570) elapsed time: 17.794875 seconds (0d 0h 0m 17s)

---------------  T H R E A D  ---------------

Current thread (0x00000217a2b16920):  JavaThread "C2 CompilerThread0" daemon [_thread_in_native, id=10400, stack(0x000000da4d500000,0x000000da4d600000)]


Current CompileTask:
C2:  17795 4062       4       org.objectweb.asm.Frame::execute (2318 bytes)

Stack: [0x000000da4d500000,0x000000da4d600000]
Native frames: (J=compiled Java code, j=interpreted, Vv=VM code, C=native code)
V  [jvm.dll+0x64b39a]
V  [jvm.dll+0x7ff044]
V  [jvm.dll+0x8007fe]
V  [jvm.dll+0x800e53]
V  [jvm.dll+0x235848]
V  [jvm.dll+0xbce6c]
V  [jvm.dll+0xbd44c]
V  [jvm.dll+0x34f2a7]
V  [jvm.dll+0x1b0385]
V  [jvm.dll+0x209d8f]
V  [jvm.dll+0x209237]
V  [jvm.dll+0x19926d]
V  [jvm.dll+0x2185dd]
V  [jvm.dll+0x216824]
V  [jvm.dll+0x7b77bb]
V  [jvm.dll+0x7b1d6a]
V  [jvm.dll+0x64a265]
C  [ucrtbase.dll+0x21bb2]
C  [KERNEL32.DLL+0x17344]
C  [ntdll.dll+0x526b1]


---------------  P R O C E S S  ---------------

Threads class SMR info:
_java_thread_list=0x00000217a4349af0, length=41, elements={
0x0000021786086d00, 0x00000217a2afcee0, 0x00000217a2afdc60, 0x00000217a2b14240,
0x00000217a2b14b00, 0x00000217a2b153c0, 0x00000217a2b15c80, 0x00000217a2b16920,
0x00000217a2b172d0, 0x00000217a2b1c3c0, 0x00000217a359cfc0, 0x00000217a36681a0,
0x00000217a482a1d0, 0x00000217a37d7890, 0x00000217a3f0d030, 0x00000217a3f1cc20,
0x00000217a40924d0, 0x00000217a449f990, 0x00000217a44ac180, 0x00000217a364cff0,
0x00000217a364d4c0, 0x00000217a364c180, 0x00000217a364f670, 0x00000217a364fb40,
0x00000217a364f1a0, 0x00000217a364e800, 0x00000217a364c650, 0x00000217a364ecd0,
0x00000217a364cb20, 0x00000217a364d990, 0x00000217a364e330, 0x00000217a603dc10,
0x00000217a603f420, 0x00000217a603c8d0, 0x00000217a603d740, 0x00000217a603ea80,
0x00000217a6038a40, 0x00000217a603f8f0, 0x00000217a6038570, 0x00000217a6038f10,
0x00000217a60393e0
}

Java Threads: ( => current thread )
  0x0000021786086d00 JavaThread "main" [_thread_blocked, id=21884, stack(0x000000da4c800000,0x000000da4c900000)]
  0x00000217a2afcee0 JavaThread "Reference Handler" daemon [_thread_blocked, id=23032, stack(0x000000da4cf00000,0x000000da4d000000)]
  0x00000217a2afdc60 JavaThread "Finalizer" daemon [_thread_blocked, id=8472, stack(0x000000da4d000000,0x000000da4d100000)]
  0x00000217a2b14240 JavaThread "Signal Dispatcher" daemon [_thread_blocked, id=23120, stack(0x000000da4d100000,0x000000da4d200000)]
  0x00000217a2b14b00 JavaThread "Attach Listener" daemon [_thread_blocked, id=4384, stack(0x000000da4d200000,0x000000da4d300000)]
  0x00000217a2b153c0 JavaThread "Service Thread" daemon [_thread_blocked, id=24396, stack(0x000000da4d300000,0x000000da4d400000)]
  0x00000217a2b15c80 JavaThread "Monitor Deflation Thread" daemon [_thread_blocked, id=3936, stack(0x000000da4d400000,0x000000da4d500000)]
=>0x00000217a2b16920 JavaThread "C2 CompilerThread0" daemon [_thread_in_native, id=10400, stack(0x000000da4d500000,0x000000da4d600000)]
  0x00000217a2b172d0 JavaThread "C1 CompilerThread0" daemon [_thread_blocked, id=24068, stack(0x000000da4d600000,0x000000da4d700000)]
  0x00000217a2b1c3c0 JavaThread "Sweeper thread" daemon [_thread_blocked, id=16948, stack(0x000000da4d700000,0x000000da4d800000)]
  0x00000217a359cfc0 JavaThread "Common-Cleaner" daemon [_thread_blocked, id=12200, stack(0x000000da4d800000,0x000000da4d900000)]
  0x00000217a36681a0 JavaThread "Notification Thread" daemon [_thread_blocked, id=21688, stack(0x000000da4d900000,0x000000da4da00000)]
  0x00000217a482a1d0 JavaThread "Daemon health stats" [_thread_blocked, id=20888, stack(0x000000da4e000000,0x000000da4e100000)]
  0x00000217a37d7890 JavaThread "Incoming local TCP Connector on port 58420" [_thread_in_native, id=23268, stack(0x000000da4e100000,0x000000da4e200000)]
  0x00000217a3f0d030 JavaThread "Daemon periodic checks" [_thread_blocked, id=11632, stack(0x000000da4e200000,0x000000da4e300000)]
  0x00000217a3f1cc20 JavaThread "Daemon" [_thread_blocked, id=23788, stack(0x000000da4e300000,0x000000da4e400000)]
  0x00000217a40924d0 JavaThread "Handler for socket connection from /127.0.0.1:58420 to /127.0.0.1:58422" [_thread_in_native, id=10516, stack(0x000000da4e400000,0x000000da4e500000)]
  0x00000217a449f990 JavaThread "Cancel handler" [_thread_blocked, id=24292, stack(0x000000da4e500000,0x000000da4e600000)]
  0x00000217a44ac180 JavaThread "Daemon worker" [_thread_in_vm, id=21148, stack(0x000000da4e600000,0x000000da4e700000)]
  0x00000217a364cff0 JavaThread "Asynchronous log dispatcher for DefaultDaemonConnection: socket connection from /127.0.0.1:58420 to /127.0.0.1:58422" [_thread_blocked, id=21136, stack(0x000000da4e700000,0x000000da4e800000)]
  0x00000217a364d4c0 JavaThread "Stdin handler" [_thread_blocked, id=24640, stack(0x000000da4e800000,0x000000da4e900000)]
  0x00000217a364c180 JavaThread "Daemon client event forwarder" [_thread_blocked, id=6216, stack(0x000000da4e900000,0x000000da4ea00000)]
  0x00000217a364f670 JavaThread "Cache worker for journal cache (C:\Users\hp\.gradle\caches\journal-1)" [_thread_blocked, id=19056, stack(0x000000da4ea00000,0x000000da4eb00000)]
  0x00000217a364fb40 JavaThread "File lock request listener" [_thread_in_native, id=3652, stack(0x000000da4eb00000,0x000000da4ec00000)]
  0x00000217a364f1a0 JavaThread "Cache worker for file hash cache (C:\Users\hp\.gradle\caches\8.3\fileHashes)" [_thread_blocked, id=12416, stack(0x000000da4ec00000,0x000000da4ed00000)]
  0x00000217a364e800 JavaThread "File watcher server" daemon [_thread_in_native, id=10196, stack(0x000000da4ed00000,0x000000da4ee00000)]
  0x00000217a364c650 JavaThread "File watcher consumer" daemon [_thread_blocked, id=19192, stack(0x000000da4ee00000,0x000000da4ef00000)]
  0x00000217a364ecd0 JavaThread "Cache worker for checksums cache (C:\Users\hp\IdeaProjects\j2w-ukol03\.gradle\8.3\checksums)" [_thread_blocked, id=24828, stack(0x000000da4ef00000,0x000000da4f000000)]
  0x00000217a364cb20 JavaThread "Cache worker for file hash cache (C:\Users\hp\IdeaProjects\j2w-ukol03\.gradle\8.3\fileHashes)" [_thread_blocked, id=22388, stack(0x000000da4f000000,0x000000da4f100000)]
  0x00000217a364d990 JavaThread "Cache worker for cache directory md-supplier (C:\Users\hp\.gradle\caches\8.3\md-supplier)" [_thread_blocked, id=14220, stack(0x000000da4f100000,0x000000da4f200000)]
  0x00000217a364e330 JavaThread "Cache worker for file content cache (C:\Users\hp\.gradle\caches\8.3\fileContent)" [_thread_blocked, id=25556, stack(0x000000da4f500000,0x000000da4f600000)]
  0x00000217a603dc10 JavaThread "Cache worker for cache directory md-rule (C:\Users\hp\.gradle\caches\8.3\md-rule)" [_thread_blocked, id=16800, stack(0x000000da4f600000,0x000000da4f700000)]
  0x00000217a603f420 JavaThread "Cache worker for execution history cache (C:\Users\hp\.gradle\caches\8.3\executionHistory)" [_thread_blocked, id=15244, stack(0x000000da4f700000,0x000000da4f800000)]
  0x00000217a603c8d0 JavaThread "jar transforms" [_thread_blocked, id=20832, stack(0x000000da4f800000,0x000000da4f900000)]
  0x00000217a603d740 JavaThread "jar transforms Thread 2" [_thread_blocked, id=24644, stack(0x000000da4f900000,0x000000da4fa00000)]
  0x00000217a603ea80 JavaThread "jar transforms Thread 3" [_thread_blocked, id=21968, stack(0x000000da4fa00000,0x000000da4fb00000)]
  0x00000217a6038a40 JavaThread "jar transforms Thread 4" [_thread_blocked, id=8824, stack(0x000000da4fb00000,0x000000da4fc00000)]
  0x00000217a603f8f0 JavaThread "jar transforms Thread 5" [_thread_blocked, id=13800, stack(0x000000da4fc00000,0x000000da4fd00000)]
  0x00000217a6038570 JavaThread "jar transforms Thread 6" [_thread_blocked, id=4924, stack(0x000000da4fd00000,0x000000da4fe00000)]
  0x00000217a6038f10 JavaThread "Cache worker for dependencies-accessors (C:\Users\hp\IdeaProjects\j2w-ukol03\.gradle\8.3\dependencies-accessors)" [_thread_blocked, id=10584, stack(0x000000da4fe00000,0x000000da4ff00000)]
  0x00000217a60393e0 JavaThread "jar transforms Thread 7" [_thread_blocked, id=23724, stack(0x000000da4ff00000,0x000000da50000000)]

Other Threads:
  0x00000217a2af7f70 VMThread "VM Thread" [stack: 0x000000da4ce00000,0x000000da4cf00000] [id=12480]
  0x0000021786087ac0 WatcherThread [stack: 0x000000da4da00000,0x000000da4db00000] [id=25492]
  0x00000217860b43c0 GCTaskThread "GC Thread#0" [stack: 0x000000da4c900000,0x000000da4ca00000] [id=25332]
  0x00000217a3f8a0e0 GCTaskThread "GC Thread#1" [stack: 0x000000da4db00000,0x000000da4dc00000] [id=23676]
  0x00000217a3ff5150 GCTaskThread "GC Thread#2" [stack: 0x000000da4dc00000,0x000000da4dd00000] [id=22588]
  0x00000217a3ff5400 GCTaskThread "GC Thread#3" [stack: 0x000000da4dd00000,0x000000da4de00000] [id=13944]
  0x00000217a40feb50 GCTaskThread "GC Thread#4" [stack: 0x000000da4de00000,0x000000da4df00000] [id=14212]
  0x00000217a3e44da0 GCTaskThread "GC Thread#5" [stack: 0x000000da4df00000,0x000000da4e000000] [id=17824]
  0x00000217a5d5d5f0 GCTaskThread "GC Thread#6" [stack: 0x000000da4f200000,0x000000da4f300000] [id=22836]
  0x00000217a5d5cb30 GCTaskThread "GC Thread#7" [stack: 0x000000da4f300000,0x000000da4f400000] [id=12836]
  0x00000217860b9210 ConcurrentGCThread "G1 Main Marker" [stack: 0x000000da4ca00000,0x000000da4cb00000] [id=18504]
  0x00000217860b9b30 ConcurrentGCThread "G1 Conc#0" [stack: 0x000000da4cb00000,0x000000da4cc00000] [id=23424]
  0x00000217a5d5c070 ConcurrentGCThread "G1 Conc#1" [stack: 0x000000da4f400000,0x000000da4f500000] [id=17796]
  0x000002178615ebc0 ConcurrentGCThread "G1 Refine#0" [stack: 0x000000da4cc00000,0x000000da4cd00000] [id=20160]
  0x00000217a29b8630 ConcurrentGCThread "G1 Service" [stack: 0x000000da4cd00000,0x000000da4ce00000] [id=24392]

Threads with active compile tasks:
C2 CompilerThread0    17897 4062       4       org.objectweb.asm.Frame::execute (2318 bytes)

VM state: not at safepoint (normal execution)

VM Mutex/Monitor currently owned by a thread: None

Heap address: 0x00000000e0000000, size: 512 MB, Compressed Oops mode: 32-bit

CDS archive(s) mapped at: [0x0000000800000000-0x0000000800bc0000-0x0000000800bc0000), size 12320768, SharedBaseAddress: 0x0000000800000000, ArchiveRelocationMode: 0.
Compressed class space mapped at: 0x0000000800c00000-0x0000000814000000, reserved size: 322961408
Narrow klass base: 0x0000000800000000, Narrow klass shift: 0, Narrow klass range: 0x100000000

GC Precious Log:
 CPUs: 8 total, 8 available
 Memory: 6024M
 Large Page Support: Disabled
 NUMA Support: Disabled
 Compressed Oops: Enabled (32-bit)
 Heap Region Size: 1M
 Heap Min Capacity: 256M
 Heap Initial Capacity: 256M
 Heap Max Capacity: 512M
 Pre-touch: Disabled
 Parallel Workers: 8
 Concurrent Workers: 2
 Concurrent Refinement Workers: 8
 Periodic GC: Disabled

Heap:
 garbage-first heap   total 262144K, used 42948K [0x00000000e0000000, 0x0000000100000000)
  region size 1024K, 21 young (21504K), 10 survivors (10240K)
 Metaspace       used 37280K, committed 37632K, reserved 356352K
  class space    used 5130K, committed 5312K, reserved 315392K

Heap Regions: E=young(eden), S=young(survivor), O=old, HS=humongous(starts), HC=humongous(continues), CS=collection set, F=free, OA=open archive, CA=closed archive, TAMS=top-at-mark-start (previous, next)
|   0|0x00000000e0000000, 0x00000000e0100000, 0x00000000e0100000|100%|HS|  |TAMS 0x00000000e0100000, 0x00000000e0000000| Complete 
|   1|0x00000000e0100000, 0x00000000e0200000, 0x00000000e0200000|100%|HC|  |TAMS 0x00000000e0200000, 0x00000000e0100000| Complete 
|   2|0x00000000e0200000, 0x00000000e0300000, 0x00000000e0300000|100%|HC|  |TAMS 0x00000000e0300000, 0x00000000e0200000| Complete 
|   3|0x00000000e0300000, 0x00000000e0400000, 0x00000000e0400000|100%|HC|  |TAMS 0x00000000e0400000, 0x00000000e0300000| Complete 
|   4|0x00000000e0400000, 0x00000000e0500000, 0x00000000e0500000|100%| O|  |TAMS 0x00000000e0500000, 0x00000000e0400000| Untracked 
|   5|0x00000000e0500000, 0x00000000e0600000, 0x00000000e0600000|100%| O|  |TAMS 0x00000000e0600000, 0x00000000e0500000| Untracked 
|   6|0x00000000e0600000, 0x00000000e0700000, 0x00000000e0700000|100%| O|  |TAMS 0x00000000e0700000, 0x00000000e0600000| Untracked 
|   7|0x00000000e0700000, 0x00000000e0800000, 0x00000000e0800000|100%| O|  |TAMS 0x00000000e0800000, 0x00000000e0700000| Untracked 
|   8|0x00000000e0800000, 0x00000000e0900000, 0x00000000e0900000|100%| O|  |TAMS 0x00000000e0900000, 0x00000000e0800000| Untracked 
|   9|0x00000000e0900000, 0x00000000e0a00000, 0x00000000e0a00000|100%| O|  |TAMS 0x00000000e0a00000, 0x00000000e0900000| Untracked 
|  10|0x00000000e0a00000, 0x00000000e0b00000, 0x00000000e0b00000|100%| O|  |TAMS 0x00000000e0aa8a00, 0x00000000e0a00000| Untracked 
|  11|0x00000000e0b00000, 0x00000000e0c00000, 0x00000000e0c00000|100%|HS|  |TAMS 0x00000000e0b00000, 0x00000000e0b00000| Complete 
|  12|0x00000000e0c00000, 0x00000000e0d00000, 0x00000000e0d00000|100%|HS|  |TAMS 0x00000000e0c00000, 0x00000000e0c00000| Complete 
|  13|0x00000000e0d00000, 0x00000000e0d00000, 0x00000000e0e00000|  0%| F|  |TAMS 0x00000000e0d00000, 0x00000000e0d00000| Untracked 
|  14|0x00000000e0e00000, 0x00000000e0e00000, 0x00000000e0f00000|  0%| F|  |TAMS 0x00000000e0e00000, 0x00000000e0e00000| Untracked 
|  15|0x00000000e0f00000, 0x00000000e0f00000, 0x00000000e1000000|  0%| F|  |TAMS 0x00000000e0f00000, 0x00000000e0f00000| Untracked 
|  16|0x00000000e1000000, 0x00000000e1100000, 0x00000000e1100000|100%| O|  |TAMS 0x00000000e1000000, 0x00000000e1000000| Untracked 
|  17|0x00000000e1100000, 0x00000000e1200000, 0x00000000e1200000|100%| O|  |TAMS 0x00000000e1100000, 0x00000000e1100000| Untracked 
|  18|0x00000000e1200000, 0x00000000e1300000, 0x00000000e1300000|100%| O|  |TAMS 0x00000000e1200000, 0x00000000e1200000| Untracked 
|  19|0x00000000e1300000, 0x00000000e1400000, 0x00000000e1400000|100%| O|  |TAMS 0x00000000e1300000, 0x00000000e1300000| Untracked 
|  20|0x00000000e1400000, 0x00000000e1500000, 0x00000000e1500000|100%| O|  |TAMS 0x00000000e1400000, 0x00000000e1400000| Untracked 
|  21|0x00000000e1500000, 0x00000000e1600000, 0x00000000e1600000|100%| O|  |TAMS 0x00000000e1500000, 0x00000000e1500000| Untracked 
|  22|0x00000000e1600000, 0x00000000e1700000, 0x00000000e1700000|100%| O|  |TAMS 0x00000000e1600000, 0x00000000e1600000| Untracked 
|  23|0x00000000e1700000, 0x00000000e1800000, 0x00000000e1800000|100%| O|  |TAMS 0x00000000e1700000, 0x00000000e1700000| Untracked 
|  24|0x00000000e1800000, 0x00000000e1900000, 0x00000000e1900000|100%| O|  |TAMS 0x00000000e1800000, 0x00000000e1800000| Untracked 
|  25|0x00000000e1900000, 0x00000000e1a00000, 0x00000000e1a00000|100%| O|  |TAMS 0x00000000e1900000, 0x00000000e1900000| Untracked 
|  26|0x00000000e1a00000, 0x00000000e1a7b200, 0x00000000e1b00000| 48%| O|  |TAMS 0x00000000e1a00000, 0x00000000e1a00000| Untracked 
|  27|0x00000000e1b00000, 0x00000000e1b00000, 0x00000000e1c00000|  0%| F|  |TAMS 0x00000000e1b00000, 0x00000000e1b00000| Untracked 
|  28|0x00000000e1c00000, 0x00000000e1c00000, 0x00000000e1d00000|  0%| F|  |TAMS 0x00000000e1c00000, 0x00000000e1c00000| Untracked 
|  29|0x00000000e1d00000, 0x00000000e1d00000, 0x00000000e1e00000|  0%| F|  |TAMS 0x00000000e1d00000, 0x00000000e1d00000| Untracked 
|  30|0x00000000e1e00000, 0x00000000e1e00000, 0x00000000e1f00000|  0%| F|  |TAMS 0x00000000e1e00000, 0x00000000e1e00000| Untracked 
|  31|0x00000000e1f00000, 0x00000000e1f00000, 0x00000000e2000000|  0%| F|  |TAMS 0x00000000e1f00000, 0x00000000e1f00000| Untracked 
|  32|0x00000000e2000000, 0x00000000e2000000, 0x00000000e2100000|  0%| F|  |TAMS 0x00000000e2000000, 0x00000000e2000000| Untracked 
|  33|0x00000000e2100000, 0x00000000e2100000, 0x00000000e2200000|  0%| F|  |TAMS 0x00000000e2100000, 0x00000000e2100000| Untracked 
|  34|0x00000000e2200000, 0x00000000e2200000, 0x00000000e2300000|  0%| F|  |TAMS 0x00000000e2200000, 0x00000000e2200000| Untracked 
|  35|0x00000000e2300000, 0x00000000e2300000, 0x00000000e2400000|  0%| F|  |TAMS 0x00000000e2300000, 0x00000000e2300000| Untracked 
|  36|0x00000000e2400000, 0x00000000e2400000, 0x00000000e2500000|  0%| F|  |TAMS 0x00000000e2400000, 0x00000000e2400000| Untracked 
|  37|0x00000000e2500000, 0x00000000e2500000, 0x00000000e2600000|  0%| F|  |TAMS 0x00000000e2500000, 0x00000000e2500000| Untracked 
|  38|0x00000000e2600000, 0x00000000e2600000, 0x00000000e2700000|  0%| F|  |TAMS 0x00000000e2600000, 0x00000000e2600000| Untracked 
|  39|0x00000000e2700000, 0x00000000e2700000, 0x00000000e2800000|  0%| F|  |TAMS 0x00000000e2700000, 0x00000000e2700000| Untracked 
|  40|0x00000000e2800000, 0x00000000e2800000, 0x00000000e2900000|  0%| F|  |TAMS 0x00000000e2800000, 0x00000000e2800000| Untracked 
|  41|0x00000000e2900000, 0x00000000e2900000, 0x00000000e2a00000|  0%| F|  |TAMS 0x00000000e2900000, 0x00000000e2900000| Untracked 
|  42|0x00000000e2a00000, 0x00000000e2a00000, 0x00000000e2b00000|  0%| F|  |TAMS 0x00000000e2a00000, 0x00000000e2a00000| Untracked 
|  43|0x00000000e2b00000, 0x00000000e2b00000, 0x00000000e2c00000|  0%| F|  |TAMS 0x00000000e2b00000, 0x00000000e2b00000| Untracked 
|  44|0x00000000e2c00000, 0x00000000e2c00000, 0x00000000e2d00000|  0%| F|  |TAMS 0x00000000e2c00000, 0x00000000e2c00000| Untracked 
|  45|0x00000000e2d00000, 0x00000000e2d00000, 0x00000000e2e00000|  0%| F|  |TAMS 0x00000000e2d00000, 0x00000000e2d00000| Untracked 
|  46|0x00000000e2e00000, 0x00000000e2e00000, 0x00000000e2f00000|  0%| F|  |TAMS 0x00000000e2e00000, 0x00000000e2e00000| Untracked 
|  47|0x00000000e2f00000, 0x00000000e2f00000, 0x00000000e3000000|  0%| F|  |TAMS 0x00000000e2f00000, 0x00000000e2f00000| Untracked 
|  48|0x00000000e3000000, 0x00000000e3000000, 0x00000000e3100000|  0%| F|  |TAMS 0x00000000e3000000, 0x00000000e3000000| Untracked 
|  49|0x00000000e3100000, 0x00000000e3100000, 0x00000000e3200000|  0%| F|  |TAMS 0x00000000e3100000, 0x00000000e3100000| Untracked 
|  50|0x00000000e3200000, 0x00000000e3200000, 0x00000000e3300000|  0%| F|  |TAMS 0x00000000e3200000, 0x00000000e3200000| Untracked 
|  51|0x00000000e3300000, 0x00000000e3300000, 0x00000000e3400000|  0%| F|  |TAMS 0x00000000e3300000, 0x00000000e3300000| Untracked 
|  52|0x00000000e3400000, 0x00000000e3400000, 0x00000000e3500000|  0%| F|  |TAMS 0x00000000e3400000, 0x00000000e3400000| Untracked 
|  53|0x00000000e3500000, 0x00000000e3500000, 0x00000000e3600000|  0%| F|  |TAMS 0x00000000e3500000, 0x00000000e3500000| Untracked 
|  54|0x00000000e3600000, 0x00000000e3600000, 0x00000000e3700000|  0%| F|  |TAMS 0x00000000e3600000, 0x00000000e3600000| Untracked 
|  55|0x00000000e3700000, 0x00000000e3700000, 0x00000000e3800000|  0%| F|  |TAMS 0x00000000e3700000, 0x00000000e3700000| Untracked 
|  56|0x00000000e3800000, 0x00000000e3800000, 0x00000000e3900000|  0%| F|  |TAMS 0x00000000e3800000, 0x00000000e3800000| Untracked 
|  57|0x00000000e3900000, 0x00000000e3900000, 0x00000000e3a00000|  0%| F|  |TAMS 0x00000000e3900000, 0x00000000e3900000| Untracked 
|  58|0x00000000e3a00000, 0x00000000e3a00000, 0x00000000e3b00000|  0%| F|  |TAMS 0x00000000e3a00000, 0x00000000e3a00000| Untracked 
|  59|0x00000000e3b00000, 0x00000000e3b00000, 0x00000000e3c00000|  0%| F|  |TAMS 0x00000000e3b00000, 0x00000000e3b00000| Untracked 
|  60|0x00000000e3c00000, 0x00000000e3c00000, 0x00000000e3d00000|  0%| F|  |TAMS 0x00000000e3c00000, 0x00000000e3c00000| Untracked 
|  61|0x00000000e3d00000, 0x00000000e3d00000, 0x00000000e3e00000|  0%| F|  |TAMS 0x00000000e3d00000, 0x00000000e3d00000| Untracked 
|  62|0x00000000e3e00000, 0x00000000e3e00000, 0x00000000e3f00000|  0%| F|  |TAMS 0x00000000e3e00000, 0x00000000e3e00000| Untracked 
|  63|0x00000000e3f00000, 0x00000000e3f00000, 0x00000000e4000000|  0%| F|  |TAMS 0x00000000e3f00000, 0x00000000e3f00000| Untracked 
|  64|0x00000000e4000000, 0x00000000e4000000, 0x00000000e4100000|  0%| F|  |TAMS 0x00000000e4000000, 0x00000000e4000000| Untracked 
|  65|0x00000000e4100000, 0x00000000e4100000, 0x00000000e4200000|  0%| F|  |TAMS 0x00000000e4100000, 0x00000000e4100000| Untracked 
|  66|0x00000000e4200000, 0x00000000e4200000, 0x00000000e4300000|  0%| F|  |TAMS 0x00000000e4200000, 0x00000000e4200000| Untracked 
|  67|0x00000000e4300000, 0x00000000e4300000, 0x00000000e4400000|  0%| F|  |TAMS 0x00000000e4300000, 0x00000000e4300000| Untracked 
|  68|0x00000000e4400000, 0x00000000e4400000, 0x00000000e4500000|  0%| F|  |TAMS 0x00000000e4400000, 0x00000000e4400000| Untracked 
|  69|0x00000000e4500000, 0x00000000e4500000, 0x00000000e4600000|  0%| F|  |TAMS 0x00000000e4500000, 0x00000000e4500000| Untracked 
|  70|0x00000000e4600000, 0x00000000e4600000, 0x00000000e4700000|  0%| F|  |TAMS 0x00000000e4600000, 0x00000000e4600000| Untracked 
|  71|0x00000000e4700000, 0x00000000e4700000, 0x00000000e4800000|  0%| F|  |TAMS 0x00000000e4700000, 0x00000000e4700000| Untracked 
|  72|0x00000000e4800000, 0x00000000e4800000, 0x00000000e4900000|  0%| F|  |TAMS 0x00000000e4800000, 0x00000000e4800000| Untracked 
|  73|0x00000000e4900000, 0x00000000e4900000, 0x00000000e4a00000|  0%| F|  |TAMS 0x00000000e4900000, 0x00000000e4900000| Untracked 
|  74|0x00000000e4a00000, 0x00000000e4a00000, 0x00000000e4b00000|  0%| F|  |TAMS 0x00000000e4a00000, 0x00000000e4a00000| Untracked 
|  75|0x00000000e4b00000, 0x00000000e4b00000, 0x00000000e4c00000|  0%| F|  |TAMS 0x00000000e4b00000, 0x00000000e4b00000| Untracked 
|  76|0x00000000e4c00000, 0x00000000e4c00000, 0x00000000e4d00000|  0%| F|  |TAMS 0x00000000e4c00000, 0x00000000e4c00000| Untracked 
|  77|0x00000000e4d00000, 0x00000000e4d00000, 0x00000000e4e00000|  0%| F|  |TAMS 0x00000000e4d00000, 0x00000000e4d00000| Untracked 
|  78|0x00000000e4e00000, 0x00000000e4e00000, 0x00000000e4f00000|  0%| F|  |TAMS 0x00000000e4e00000, 0x00000000e4e00000| Untracked 
|  79|0x00000000e4f00000, 0x00000000e4f00000, 0x00000000e5000000|  0%| F|  |TAMS 0x00000000e4f00000, 0x00000000e4f00000| Untracked 
|  80|0x00000000e5000000, 0x00000000e5000000, 0x00000000e5100000|  0%| F|  |TAMS 0x00000000e5000000, 0x00000000e5000000| Untracked 
|  81|0x00000000e5100000, 0x00000000e5100000, 0x00000000e5200000|  0%| F|  |TAMS 0x00000000e5100000, 0x00000000e5100000| Untracked 
|  82|0x00000000e5200000, 0x00000000e5200000, 0x00000000e5300000|  0%| F|  |TAMS 0x00000000e5200000, 0x00000000e5200000| Untracked 
|  83|0x00000000e5300000, 0x00000000e5300000, 0x00000000e5400000|  0%| F|  |TAMS 0x00000000e5300000, 0x00000000e5300000| Untracked 
|  84|0x00000000e5400000, 0x00000000e5400000, 0x00000000e5500000|  0%| F|  |TAMS 0x00000000e5400000, 0x00000000e5400000| Untracked 
|  85|0x00000000e5500000, 0x00000000e5500000, 0x00000000e5600000|  0%| F|  |TAMS 0x00000000e5500000, 0x00000000e5500000| Untracked 
|  86|0x00000000e5600000, 0x00000000e5600000, 0x00000000e5700000|  0%| F|  |TAMS 0x00000000e5600000, 0x00000000e5600000| Untracked 
|  87|0x00000000e5700000, 0x00000000e5700000, 0x00000000e5800000|  0%| F|  |TAMS 0x00000000e5700000, 0x00000000e5700000| Untracked 
|  88|0x00000000e5800000, 0x00000000e5800000, 0x00000000e5900000|  0%| F|  |TAMS 0x00000000e5800000, 0x00000000e5800000| Untracked 
|  89|0x00000000e5900000, 0x00000000e5900000, 0x00000000e5a00000|  0%| F|  |TAMS 0x00000000e5900000, 0x00000000e5900000| Untracked 
|  90|0x00000000e5a00000, 0x00000000e5a00000, 0x00000000e5b00000|  0%| F|  |TAMS 0x00000000e5a00000, 0x00000000e5a00000| Untracked 
|  91|0x00000000e5b00000, 0x00000000e5b00000, 0x00000000e5c00000|  0%| F|  |TAMS 0x00000000e5b00000, 0x00000000e5b00000| Untracked 
|  92|0x00000000e5c00000, 0x00000000e5c00000, 0x00000000e5d00000|  0%| F|  |TAMS 0x00000000e5c00000, 0x00000000e5c00000| Untracked 
|  93|0x00000000e5d00000, 0x00000000e5d00000, 0x00000000e5e00000|  0%| F|  |TAMS 0x00000000e5d00000, 0x00000000e5d00000| Untracked 
|  94|0x00000000e5e00000, 0x00000000e5e00000, 0x00000000e5f00000|  0%| F|  |TAMS 0x00000000e5e00000, 0x00000000e5e00000| Untracked 
|  95|0x00000000e5f00000, 0x00000000e5f00000, 0x00000000e6000000|  0%| F|  |TAMS 0x00000000e5f00000, 0x00000000e5f00000| Untracked 
|  96|0x00000000e6000000, 0x00000000e6000000, 0x00000000e6100000|  0%| F|  |TAMS 0x00000000e6000000, 0x00000000e6000000| Untracked 
|  97|0x00000000e6100000, 0x00000000e6100000, 0x00000000e6200000|  0%| F|  |TAMS 0x00000000e6100000, 0x00000000e6100000| Untracked 
|  98|0x00000000e6200000, 0x00000000e6200000, 0x00000000e6300000|  0%| F|  |TAMS 0x00000000e6200000, 0x00000000e6200000| Untracked 
|  99|0x00000000e6300000, 0x00000000e6300000, 0x00000000e6400000|  0%| F|  |TAMS 0x00000000e6300000, 0x00000000e6300000| Untracked 
| 100|0x00000000e6400000, 0x00000000e6400000, 0x00000000e6500000|  0%| F|  |TAMS 0x00000000e6400000, 0x00000000e6400000| Untracked 
| 101|0x00000000e6500000, 0x00000000e6500000, 0x00000000e6600000|  0%| F|  |TAMS 0x00000000e6500000, 0x00000000e6500000| Untracked 
| 102|0x00000000e6600000, 0x00000000e6600000, 0x00000000e6700000|  0%| F|  |TAMS 0x00000000e6600000, 0x00000000e6600000| Untracked 
| 103|0x00000000e6700000, 0x00000000e6700000, 0x00000000e6800000|  0%| F|  |TAMS 0x00000000e6700000, 0x00000000e6700000| Untracked 
| 104|0x00000000e6800000, 0x00000000e6800000, 0x00000000e6900000|  0%| F|  |TAMS 0x00000000e6800000, 0x00000000e6800000| Untracked 
| 105|0x00000000e6900000, 0x00000000e6900000, 0x00000000e6a00000|  0%| F|  |TAMS 0x00000000e6900000, 0x00000000e6900000| Untracked 
| 106|0x00000000e6a00000, 0x00000000e6a00000, 0x00000000e6b00000|  0%| F|  |TAMS 0x00000000e6a00000, 0x00000000e6a00000| Untracked 
| 107|0x00000000e6b00000, 0x00000000e6b00000, 0x00000000e6c00000|  0%| F|  |TAMS 0x00000000e6b00000, 0x00000000e6b00000| Untracked 
| 108|0x00000000e6c00000, 0x00000000e6c00000, 0x00000000e6d00000|  0%| F|  |TAMS 0x00000000e6c00000, 0x00000000e6c00000| Untracked 
| 109|0x00000000e6d00000, 0x00000000e6d00000, 0x00000000e6e00000|  0%| F|  |TAMS 0x00000000e6d00000, 0x00000000e6d00000| Untracked 
| 110|0x00000000e6e00000, 0x00000000e6e00000, 0x00000000e6f00000|  0%| F|  |TAMS 0x00000000e6e00000, 0x00000000e6e00000| Untracked 
| 111|0x00000000e6f00000, 0x00000000e6f00000, 0x00000000e7000000|  0%| F|  |TAMS 0x00000000e6f00000, 0x00000000e6f00000| Untracked 
| 112|0x00000000e7000000, 0x00000000e7000000, 0x00000000e7100000|  0%| F|  |TAMS 0x00000000e7000000, 0x00000000e7000000| Untracked 
| 113|0x00000000e7100000, 0x00000000e7100000, 0x00000000e7200000|  0%| F|  |TAMS 0x00000000e7100000, 0x00000000e7100000| Untracked 
| 114|0x00000000e7200000, 0x00000000e7200000, 0x00000000e7300000|  0%| F|  |TAMS 0x00000000e7200000, 0x00000000e7200000| Untracked 
| 115|0x00000000e7300000, 0x00000000e7300000, 0x00000000e7400000|  0%| F|  |TAMS 0x00000000e7300000, 0x00000000e7300000| Untracked 
| 116|0x00000000e7400000, 0x00000000e7400000, 0x00000000e7500000|  0%| F|  |TAMS 0x00000000e7400000, 0x00000000e7400000| Untracked 
| 117|0x00000000e7500000, 0x00000000e7500000, 0x00000000e7600000|  0%| F|  |TAMS 0x00000000e7500000, 0x00000000e7500000| Untracked 
| 118|0x00000000e7600000, 0x00000000e7600000, 0x00000000e7700000|  0%| F|  |TAMS 0x00000000e7600000, 0x00000000e7600000| Untracked 
| 119|0x00000000e7700000, 0x00000000e7700000, 0x00000000e7800000|  0%| F|  |TAMS 0x00000000e7700000, 0x00000000e7700000| Untracked 
| 120|0x00000000e7800000, 0x00000000e7800000, 0x00000000e7900000|  0%| F|  |TAMS 0x00000000e7800000, 0x00000000e7800000| Untracked 
| 121|0x00000000e7900000, 0x00000000e7900000, 0x00000000e7a00000|  0%| F|  |TAMS 0x00000000e7900000, 0x00000000e7900000| Untracked 
| 122|0x00000000e7a00000, 0x00000000e7a00000, 0x00000000e7b00000|  0%| F|  |TAMS 0x00000000e7a00000, 0x00000000e7a00000| Untracked 
| 123|0x00000000e7b00000, 0x00000000e7b00000, 0x00000000e7c00000|  0%| F|  |TAMS 0x00000000e7b00000, 0x00000000e7b00000| Untracked 
| 124|0x00000000e7c00000, 0x00000000e7c76058, 0x00000000e7d00000| 46%| S|CS|TAMS 0x00000000e7c00000, 0x00000000e7c00000| Complete 
| 125|0x00000000e7d00000, 0x00000000e7e00000, 0x00000000e7e00000|100%| S|CS|TAMS 0x00000000e7d00000, 0x00000000e7d00000| Complete 
| 126|0x00000000e7e00000, 0x00000000e7f00000, 0x00000000e7f00000|100%| S|CS|TAMS 0x00000000e7e00000, 0x00000000e7e00000| Complete 
| 127|0x00000000e7f00000, 0x00000000e8000000, 0x00000000e8000000|100%| S|CS|TAMS 0x00000000e7f00000, 0x00000000e7f00000| Complete 
| 128|0x00000000e8000000, 0x00000000e8100000, 0x00000000e8100000|100%| S|CS|TAMS 0x00000000e8000000, 0x00000000e8000000| Complete 
| 129|0x00000000e8100000, 0x00000000e8100000, 0x00000000e8200000|  0%| F|  |TAMS 0x00000000e8100000, 0x00000000e8100000| Untracked 
| 130|0x00000000e8200000, 0x00000000e8200000, 0x00000000e8300000|  0%| F|  |TAMS 0x00000000e8200000, 0x00000000e8200000| Untracked 
| 131|0x00000000e8300000, 0x00000000e8300000, 0x00000000e8400000|  0%| F|  |TAMS 0x00000000e8300000, 0x00000000e8300000| Untracked 
| 132|0x00000000e8400000, 0x00000000e8400000, 0x00000000e8500000|  0%| F|  |TAMS 0x00000000e8400000, 0x00000000e8400000| Untracked 
| 133|0x00000000e8500000, 0x00000000e8500000, 0x00000000e8600000|  0%| F|  |TAMS 0x00000000e8500000, 0x00000000e8500000| Untracked 
| 134|0x00000000e8600000, 0x00000000e8600000, 0x00000000e8700000|  0%| F|  |TAMS 0x00000000e8600000, 0x00000000e8600000| Untracked 
| 135|0x00000000e8700000, 0x00000000e8700000, 0x00000000e8800000|  0%| F|  |TAMS 0x00000000e8700000, 0x00000000e8700000| Untracked 
| 136|0x00000000e8800000, 0x00000000e8800000, 0x00000000e8900000|  0%| F|  |TAMS 0x00000000e8800000, 0x00000000e8800000| Untracked 
| 137|0x00000000e8900000, 0x00000000e8900000, 0x00000000e8a00000|  0%| F|  |TAMS 0x00000000e8900000, 0x00000000e8900000| Untracked 
| 138|0x00000000e8a00000, 0x00000000e8a00000, 0x00000000e8b00000|  0%| F|  |TAMS 0x00000000e8a00000, 0x00000000e8a00000| Untracked 
| 139|0x00000000e8b00000, 0x00000000e8b00000, 0x00000000e8c00000|  0%| F|  |TAMS 0x00000000e8b00000, 0x00000000e8b00000| Untracked 
| 140|0x00000000e8c00000, 0x00000000e8c00000, 0x00000000e8d00000|  0%| F|  |TAMS 0x00000000e8c00000, 0x00000000e8c00000| Untracked 
| 141|0x00000000e8d00000, 0x00000000e8e00000, 0x00000000e8e00000|100%| S|CS|TAMS 0x00000000e8d00000, 0x00000000e8d00000| Complete 
| 142|0x00000000e8e00000, 0x00000000e8f00000, 0x00000000e8f00000|100%| S|CS|TAMS 0x00000000e8e00000, 0x00000000e8e00000| Complete 
| 143|0x00000000e8f00000, 0x00000000e9000000, 0x00000000e9000000|100%| S|CS|TAMS 0x00000000e8f00000, 0x00000000e8f00000| Complete 
| 144|0x00000000e9000000, 0x00000000e9100000, 0x00000000e9100000|100%| S|CS|TAMS 0x00000000e9000000, 0x00000000e9000000| Complete 
| 145|0x00000000e9100000, 0x00000000e9200000, 0x00000000e9200000|100%| S|CS|TAMS 0x00000000e9100000, 0x00000000e9100000| Complete 
| 146|0x00000000e9200000, 0x00000000e9200000, 0x00000000e9300000|  0%| F|  |TAMS 0x00000000e9200000, 0x00000000e9200000| Untracked 
| 147|0x00000000e9300000, 0x00000000e9300000, 0x00000000e9400000|  0%| F|  |TAMS 0x00000000e9300000, 0x00000000e9300000| Untracked 
| 148|0x00000000e9400000, 0x00000000e9400000, 0x00000000e9500000|  0%| F|  |TAMS 0x00000000e9400000, 0x00000000e9400000| Untracked 
| 149|0x00000000e9500000, 0x00000000e9500000, 0x00000000e9600000|  0%| F|  |TAMS 0x00000000e9500000, 0x00000000e9500000| Untracked 
| 150|0x00000000e9600000, 0x00000000e9600000, 0x00000000e9700000|  0%| F|  |TAMS 0x00000000e9600000, 0x00000000e9600000| Untracked 
| 151|0x00000000e9700000, 0x00000000e9700000, 0x00000000e9800000|  0%| F|  |TAMS 0x00000000e9700000, 0x00000000e9700000| Untracked 
| 152|0x00000000e9800000, 0x00000000e9800000, 0x00000000e9900000|  0%| F|  |TAMS 0x00000000e9800000, 0x00000000e9800000| Untracked 
| 153|0x00000000e9900000, 0x00000000e9900000, 0x00000000e9a00000|  0%| F|  |TAMS 0x00000000e9900000, 0x00000000e9900000| Untracked 
| 154|0x00000000e9a00000, 0x00000000e9a00000, 0x00000000e9b00000|  0%| F|  |TAMS 0x00000000e9a00000, 0x00000000e9a00000| Untracked 
| 155|0x00000000e9b00000, 0x00000000e9b00000, 0x00000000e9c00000|  0%| F|  |TAMS 0x00000000e9b00000, 0x00000000e9b00000| Untracked 
| 156|0x00000000e9c00000, 0x00000000e9c00000, 0x00000000e9d00000|  0%| F|  |TAMS 0x00000000e9c00000, 0x00000000e9c00000| Untracked 
| 157|0x00000000e9d00000, 0x00000000e9d00000, 0x00000000e9e00000|  0%| F|  |TAMS 0x00000000e9d00000, 0x00000000e9d00000| Untracked 
| 158|0x00000000e9e00000, 0x00000000e9e00000, 0x00000000e9f00000|  0%| F|  |TAMS 0x00000000e9e00000, 0x00000000e9e00000| Untracked 
| 159|0x00000000e9f00000, 0x00000000e9f00000, 0x00000000ea000000|  0%| F|  |TAMS 0x00000000e9f00000, 0x00000000e9f00000| Untracked 
| 160|0x00000000ea000000, 0x00000000ea000000, 0x00000000ea100000|  0%| F|  |TAMS 0x00000000ea000000, 0x00000000ea000000| Untracked 
| 161|0x00000000ea100000, 0x00000000ea100000, 0x00000000ea200000|  0%| F|  |TAMS 0x00000000ea100000, 0x00000000ea100000| Untracked 
| 162|0x00000000ea200000, 0x00000000ea200000, 0x00000000ea300000|  0%| F|  |TAMS 0x00000000ea200000, 0x00000000ea200000| Untracked 
| 163|0x00000000ea300000, 0x00000000ea300000, 0x00000000ea400000|  0%| F|  |TAMS 0x00000000ea300000, 0x00000000ea300000| Untracked 
| 164|0x00000000ea400000, 0x00000000ea400000, 0x00000000ea500000|  0%| F|  |TAMS 0x00000000ea400000, 0x00000000ea400000| Untracked 
| 165|0x00000000ea500000, 0x00000000ea500000, 0x00000000ea600000|  0%| F|  |TAMS 0x00000000ea500000, 0x00000000ea500000| Untracked 
| 166|0x00000000ea600000, 0x00000000ea600000, 0x00000000ea700000|  0%| F|  |TAMS 0x00000000ea600000, 0x00000000ea600000| Untracked 
| 167|0x00000000ea700000, 0x00000000ea700000, 0x00000000ea800000|  0%| F|  |TAMS 0x00000000ea700000, 0x00000000ea700000| Untracked 
| 168|0x00000000ea800000, 0x00000000ea800000, 0x00000000ea900000|  0%| F|  |TAMS 0x00000000ea800000, 0x00000000ea800000| Untracked 
| 169|0x00000000ea900000, 0x00000000ea900000, 0x00000000eaa00000|  0%| F|  |TAMS 0x00000000ea900000, 0x00000000ea900000| Untracked 
| 170|0x00000000eaa00000, 0x00000000eaa00000, 0x00000000eab00000|  0%| F|  |TAMS 0x00000000eaa00000, 0x00000000eaa00000| Untracked 
| 171|0x00000000eab00000, 0x00000000eab00000, 0x00000000eac00000|  0%| F|  |TAMS 0x00000000eab00000, 0x00000000eab00000| Untracked 
| 172|0x00000000eac00000, 0x00000000eac00000, 0x00000000ead00000|  0%| F|  |TAMS 0x00000000eac00000, 0x00000000eac00000| Untracked 
| 173|0x00000000ead00000, 0x00000000ead00000, 0x00000000eae00000|  0%| F|  |TAMS 0x00000000ead00000, 0x00000000ead00000| Untracked 
| 174|0x00000000eae00000, 0x00000000eae00000, 0x00000000eaf00000|  0%| F|  |TAMS 0x00000000eae00000, 0x00000000eae00000| Untracked 
| 175|0x00000000eaf00000, 0x00000000eaf00000, 0x00000000eb000000|  0%| F|  |TAMS 0x00000000eaf00000, 0x00000000eaf00000| Untracked 
| 176|0x00000000eb000000, 0x00000000eb000000, 0x00000000eb100000|  0%| F|  |TAMS 0x00000000eb000000, 0x00000000eb000000| Untracked 
| 177|0x00000000eb100000, 0x00000000eb100000, 0x00000000eb200000|  0%| F|  |TAMS 0x00000000eb100000, 0x00000000eb100000| Untracked 
| 178|0x00000000eb200000, 0x00000000eb200000, 0x00000000eb300000|  0%| F|  |TAMS 0x00000000eb200000, 0x00000000eb200000| Untracked 
| 179|0x00000000eb300000, 0x00000000eb300000, 0x00000000eb400000|  0%| F|  |TAMS 0x00000000eb300000, 0x00000000eb300000| Untracked 
| 180|0x00000000eb400000, 0x00000000eb400000, 0x00000000eb500000|  0%| F|  |TAMS 0x00000000eb400000, 0x00000000eb400000| Untracked 
| 181|0x00000000eb500000, 0x00000000eb500000, 0x00000000eb600000|  0%| F|  |TAMS 0x00000000eb500000, 0x00000000eb500000| Untracked 
| 182|0x00000000eb600000, 0x00000000eb600000, 0x00000000eb700000|  0%| F|  |TAMS 0x00000000eb600000, 0x00000000eb600000| Untracked 
| 183|0x00000000eb700000, 0x00000000eb700000, 0x00000000eb800000|  0%| F|  |TAMS 0x00000000eb700000, 0x00000000eb700000| Untracked 
| 184|0x00000000eb800000, 0x00000000eb800000, 0x00000000eb900000|  0%| F|  |TAMS 0x00000000eb800000, 0x00000000eb800000| Untracked 
| 185|0x00000000eb900000, 0x00000000eb900000, 0x00000000eba00000|  0%| F|  |TAMS 0x00000000eb900000, 0x00000000eb900000| Untracked 
| 186|0x00000000eba00000, 0x00000000eba00000, 0x00000000ebb00000|  0%| F|  |TAMS 0x00000000eba00000, 0x00000000eba00000| Untracked 
| 187|0x00000000ebb00000, 0x00000000ebb00000, 0x00000000ebc00000|  0%| F|  |TAMS 0x00000000ebb00000, 0x00000000ebb00000| Untracked 
| 188|0x00000000ebc00000, 0x00000000ebc00000, 0x00000000ebd00000|  0%| F|  |TAMS 0x00000000ebc00000, 0x00000000ebc00000| Untracked 
| 189|0x00000000ebd00000, 0x00000000ebd00000, 0x00000000ebe00000|  0%| F|  |TAMS 0x00000000ebd00000, 0x00000000ebd00000| Untracked 
| 190|0x00000000ebe00000, 0x00000000ebe00000, 0x00000000ebf00000|  0%| F|  |TAMS 0x00000000ebe00000, 0x00000000ebe00000| Untracked 
| 191|0x00000000ebf00000, 0x00000000ebf00000, 0x00000000ec000000|  0%| F|  |TAMS 0x00000000ebf00000, 0x00000000ebf00000| Untracked 
| 192|0x00000000ec000000, 0x00000000ec000000, 0x00000000ec100000|  0%| F|  |TAMS 0x00000000ec000000, 0x00000000ec000000| Untracked 
| 193|0x00000000ec100000, 0x00000000ec100000, 0x00000000ec200000|  0%| F|  |TAMS 0x00000000ec100000, 0x00000000ec100000| Untracked 
| 194|0x00000000ec200000, 0x00000000ec200000, 0x00000000ec300000|  0%| F|  |TAMS 0x00000000ec200000, 0x00000000ec200000| Untracked 
| 195|0x00000000ec300000, 0x00000000ec300000, 0x00000000ec400000|  0%| F|  |TAMS 0x00000000ec300000, 0x00000000ec300000| Untracked 
| 196|0x00000000ec400000, 0x00000000ec400000, 0x00000000ec500000|  0%| F|  |TAMS 0x00000000ec400000, 0x00000000ec400000| Untracked 
| 197|0x00000000ec500000, 0x00000000ec500000, 0x00000000ec600000|  0%| F|  |TAMS 0x00000000ec500000, 0x00000000ec500000| Untracked 
| 198|0x00000000ec600000, 0x00000000ec600000, 0x00000000ec700000|  0%| F|  |TAMS 0x00000000ec600000, 0x00000000ec600000| Untracked 
| 199|0x00000000ec700000, 0x00000000ec700000, 0x00000000ec800000|  0%| F|  |TAMS 0x00000000ec700000, 0x00000000ec700000| Untracked 
| 200|0x00000000ec800000, 0x00000000ec800000, 0x00000000ec900000|  0%| F|  |TAMS 0x00000000ec800000, 0x00000000ec800000| Untracked 
| 201|0x00000000ec900000, 0x00000000ec900000, 0x00000000eca00000|  0%| F|  |TAMS 0x00000000ec900000, 0x00000000ec900000| Untracked 
| 202|0x00000000eca00000, 0x00000000eca00000, 0x00000000ecb00000|  0%| F|  |TAMS 0x00000000eca00000, 0x00000000eca00000| Untracked 
| 203|0x00000000ecb00000, 0x00000000ecb00000, 0x00000000ecc00000|  0%| F|  |TAMS 0x00000000ecb00000, 0x00000000ecb00000| Untracked 
| 204|0x00000000ecc00000, 0x00000000ecc00000, 0x00000000ecd00000|  0%| F|  |TAMS 0x00000000ecc00000, 0x00000000ecc00000| Untracked 
| 205|0x00000000ecd00000, 0x00000000ecd00000, 0x00000000ece00000|  0%| F|  |TAMS 0x00000000ecd00000, 0x00000000ecd00000| Untracked 
| 206|0x00000000ece00000, 0x00000000ece00000, 0x00000000ecf00000|  0%| F|  |TAMS 0x00000000ece00000, 0x00000000ece00000| Untracked 
| 207|0x00000000ecf00000, 0x00000000ecf00000, 0x00000000ed000000|  0%| F|  |TAMS 0x00000000ecf00000, 0x00000000ecf00000| Untracked 
| 208|0x00000000ed000000, 0x00000000ed000000, 0x00000000ed100000|  0%| F|  |TAMS 0x00000000ed000000, 0x00000000ed000000| Untracked 
| 209|0x00000000ed100000, 0x00000000ed100000, 0x00000000ed200000|  0%| F|  |TAMS 0x00000000ed100000, 0x00000000ed100000| Untracked 
| 210|0x00000000ed200000, 0x00000000ed200000, 0x00000000ed300000|  0%| F|  |TAMS 0x00000000ed200000, 0x00000000ed200000| Untracked 
| 211|0x00000000ed300000, 0x00000000ed300000, 0x00000000ed400000|  0%| F|  |TAMS 0x00000000ed300000, 0x00000000ed300000| Untracked 
| 212|0x00000000ed400000, 0x00000000ed400000, 0x00000000ed500000|  0%| F|  |TAMS 0x00000000ed400000, 0x00000000ed400000| Untracked 
| 213|0x00000000ed500000, 0x00000000ed500000, 0x00000000ed600000|  0%| F|  |TAMS 0x00000000ed500000, 0x00000000ed500000| Untracked 
| 214|0x00000000ed600000, 0x00000000ed600000, 0x00000000ed700000|  0%| F|  |TAMS 0x00000000ed600000, 0x00000000ed600000| Untracked 
| 215|0x00000000ed700000, 0x00000000ed700000, 0x00000000ed800000|  0%| F|  |TAMS 0x00000000ed700000, 0x00000000ed700000| Untracked 
| 216|0x00000000ed800000, 0x00000000ed800000, 0x00000000ed900000|  0%| F|  |TAMS 0x00000000ed800000, 0x00000000ed800000| Untracked 
| 217|0x00000000ed900000, 0x00000000ed900000, 0x00000000eda00000|  0%| F|  |TAMS 0x00000000ed900000, 0x00000000ed900000| Untracked 
| 218|0x00000000eda00000, 0x00000000eda00000, 0x00000000edb00000|  0%| F|  |TAMS 0x00000000eda00000, 0x00000000eda00000| Untracked 
| 219|0x00000000edb00000, 0x00000000edb00000, 0x00000000edc00000|  0%| F|  |TAMS 0x00000000edb00000, 0x00000000edb00000| Untracked 
| 220|0x00000000edc00000, 0x00000000edc00000, 0x00000000edd00000|  0%| F|  |TAMS 0x00000000edc00000, 0x00000000edc00000| Untracked 
| 221|0x00000000edd00000, 0x00000000edd00000, 0x00000000ede00000|  0%| F|  |TAMS 0x00000000edd00000, 0x00000000edd00000| Untracked 
| 222|0x00000000ede00000, 0x00000000ede00000, 0x00000000edf00000|  0%| F|  |TAMS 0x00000000ede00000, 0x00000000ede00000| Untracked 
| 223|0x00000000edf00000, 0x00000000edf00000, 0x00000000ee000000|  0%| F|  |TAMS 0x00000000edf00000, 0x00000000edf00000| Untracked 
| 224|0x00000000ee000000, 0x00000000ee000000, 0x00000000ee100000|  0%| F|  |TAMS 0x00000000ee000000, 0x00000000ee000000| Untracked 
| 225|0x00000000ee100000, 0x00000000ee100000, 0x00000000ee200000|  0%| F|  |TAMS 0x00000000ee100000, 0x00000000ee100000| Untracked 
| 226|0x00000000ee200000, 0x00000000ee200000, 0x00000000ee300000|  0%| F|  |TAMS 0x00000000ee200000, 0x00000000ee200000| Untracked 
| 227|0x00000000ee300000, 0x00000000ee300000, 0x00000000ee400000|  0%| F|  |TAMS 0x00000000ee300000, 0x00000000ee300000| Untracked 
| 228|0x00000000ee400000, 0x00000000ee400000, 0x00000000ee500000|  0%| F|  |TAMS 0x00000000ee400000, 0x00000000ee400000| Untracked 
| 229|0x00000000ee500000, 0x00000000ee500000, 0x00000000ee600000|  0%| F|  |TAMS 0x00000000ee500000, 0x00000000ee500000| Untracked 
| 230|0x00000000ee600000, 0x00000000ee600000, 0x00000000ee700000|  0%| F|  |TAMS 0x00000000ee600000, 0x00000000ee600000| Untracked 
| 231|0x00000000ee700000, 0x00000000ee700000, 0x00000000ee800000|  0%| F|  |TAMS 0x00000000ee700000, 0x00000000ee700000| Untracked 
| 232|0x00000000ee800000, 0x00000000ee800000, 0x00000000ee900000|  0%| F|  |TAMS 0x00000000ee800000, 0x00000000ee800000| Untracked 
| 233|0x00000000ee900000, 0x00000000ee900000, 0x00000000eea00000|  0%| F|  |TAMS 0x00000000ee900000, 0x00000000ee900000| Untracked 
| 234|0x00000000eea00000, 0x00000000eea00000, 0x00000000eeb00000|  0%| F|  |TAMS 0x00000000eea00000, 0x00000000eea00000| Untracked 
| 235|0x00000000eeb00000, 0x00000000eeb00000, 0x00000000eec00000|  0%| F|  |TAMS 0x00000000eeb00000, 0x00000000eeb00000| Untracked 
| 236|0x00000000eec00000, 0x00000000eec00000, 0x00000000eed00000|  0%| F|  |TAMS 0x00000000eec00000, 0x00000000eec00000| Untracked 
| 237|0x00000000eed00000, 0x00000000eed00000, 0x00000000eee00000|  0%| F|  |TAMS 0x00000000eed00000, 0x00000000eed00000| Untracked 
| 238|0x00000000eee00000, 0x00000000eee00000, 0x00000000eef00000|  0%| F|  |TAMS 0x00000000eee00000, 0x00000000eee00000| Untracked 
| 239|0x00000000eef00000, 0x00000000eef00000, 0x00000000ef000000|  0%| F|  |TAMS 0x00000000eef00000, 0x00000000eef00000| Untracked 
| 240|0x00000000ef000000, 0x00000000ef000000, 0x00000000ef100000|  0%| F|  |TAMS 0x00000000ef000000, 0x00000000ef000000| Untracked 
| 241|0x00000000ef100000, 0x00000000ef100000, 0x00000000ef200000|  0%| F|  |TAMS 0x00000000ef100000, 0x00000000ef100000| Untracked 
| 242|0x00000000ef200000, 0x00000000ef200000, 0x00000000ef300000|  0%| F|  |TAMS 0x00000000ef200000, 0x00000000ef200000| Untracked 
| 243|0x00000000ef300000, 0x00000000ef300000, 0x00000000ef400000|  0%| F|  |TAMS 0x00000000ef300000, 0x00000000ef300000| Untracked 
| 244|0x00000000ef400000, 0x00000000ef400000, 0x00000000ef500000|  0%| F|  |TAMS 0x00000000ef400000, 0x00000000ef400000| Untracked 
| 245|0x00000000ef500000, 0x00000000ef600000, 0x00000000ef600000|100%| E|  |TAMS 0x00000000ef500000, 0x00000000ef500000| Complete 
| 246|0x00000000ef600000, 0x00000000ef700000, 0x00000000ef700000|100%| E|CS|TAMS 0x00000000ef600000, 0x00000000ef600000| Complete 
| 247|0x00000000ef700000, 0x00000000ef800000, 0x00000000ef800000|100%| E|CS|TAMS 0x00000000ef700000, 0x00000000ef700000| Complete 
| 248|0x00000000ef800000, 0x00000000ef900000, 0x00000000ef900000|100%| E|CS|TAMS 0x00000000ef800000, 0x00000000ef800000| Complete 
| 249|0x00000000ef900000, 0x00000000efa00000, 0x00000000efa00000|100%| E|CS|TAMS 0x00000000ef900000, 0x00000000ef900000| Complete 
| 250|0x00000000efa00000, 0x00000000efb00000, 0x00000000efb00000|100%| E|CS|TAMS 0x00000000efa00000, 0x00000000efa00000| Complete 
| 251|0x00000000efb00000, 0x00000000efc00000, 0x00000000efc00000|100%| E|CS|TAMS 0x00000000efb00000, 0x00000000efb00000| Complete 
| 252|0x00000000efc00000, 0x00000000efd00000, 0x00000000efd00000|100%| E|  |TAMS 0x00000000efc00000, 0x00000000efc00000| Complete 
| 253|0x00000000efd00000, 0x00000000efe00000, 0x00000000efe00000|100%| E|CS|TAMS 0x00000000efd00000, 0x00000000efd00000| Complete 
| 254|0x00000000efe00000, 0x00000000eff00000, 0x00000000eff00000|100%| E|CS|TAMS 0x00000000efe00000, 0x00000000efe00000| Complete 
| 255|0x00000000eff00000, 0x00000000f0000000, 0x00000000f0000000|100%| E|CS|TAMS 0x00000000eff00000, 0x00000000eff00000| Complete 

Card table byte_map: [0x000002179eed0000,0x000002179efd0000] _byte_map_base: 0x000002179e7d0000

Marking Bits (Prev, Next): (CMBitMap*) 0x00000217860b48e0, (CMBitMap*) 0x00000217860b4920
 Prev Bits: [0x000002179f0d0000, 0x000002179f8d0000)
 Next Bits: [0x000002179f8d0000, 0x00000217a00d0000)

Polling page: 0x0000021786160000

Metaspace:

Usage:
  Non-class:     31.42 MB used.
      Class:      5.03 MB used.
       Both:     36.44 MB used.

Virtual space:
  Non-class space:       40.00 MB reserved,      31.63 MB ( 79%) committed,  5 nodes.
      Class space:      308.00 MB reserved,       5.25 MB (  2%) committed,  1 nodes.
             Both:      348.00 MB reserved,      36.88 MB ( 11%) committed. 

Chunk freelists:
   Non-Class:  3.91 MB
       Class:  2.62 MB
        Both:  6.52 MB

MaxMetaspaceSize: 384.00 MB
CompressedClassSpaceSize: 308.00 MB
Initial GC threshold: 21.00 MB
Current GC threshold: 58.88 MB
CDS: on
MetaspaceReclaimPolicy: balanced
 - commit_granule_bytes: 65536.
 - commit_granule_words: 8192.
 - virtual_space_node_default_size: 1048576.
 - enlarge_chunks_in_place: 1.
 - new_chunks_are_fully_committed: 0.
 - uncommit_free_chunks: 1.
 - use_allocation_guard: 0.
 - handle_deallocations: 1.


Internal statistics:

num_allocs_failed_limit: 6.
num_arena_births: 374.
num_arena_deaths: 0.
num_vsnodes_births: 6.
num_vsnodes_deaths: 0.
num_space_committed: 590.
num_space_uncommitted: 0.
num_chunks_returned_to_freelist: 6.
num_chunks_taken_from_freelist: 1730.
num_chunk_merges: 6.
num_chunk_splits: 1174.
num_chunks_enlarged: 822.
num_purges: 0.
num_inconsistent_stats: 0.

CodeHeap 'non-profiled nmethods': size=120000Kb used=1995Kb max_used=1995Kb free=118004Kb
 bounds [0x0000021796e30000, 0x00000217970a0000, 0x000002179e360000]
CodeHeap 'profiled nmethods': size=120000Kb used=8997Kb max_used=8997Kb free=111002Kb
 bounds [0x000002178f360000, 0x000002178fc30000, 0x0000021796890000]
CodeHeap 'non-nmethods': size=5760Kb used=2295Kb max_used=2341Kb free=3464Kb
 bounds [0x0000021796890000, 0x0000021796b00000, 0x0000021796e30000]
 total_blobs=4969 nmethods=4161 adapters=719
 compilation: enabled
              stopped_count=0, restarted_count=0
 full_count=0

Compilation events (20 events):
Event: 17.745 Thread 0x00000217a2b172d0 nmethod 4123 0x000002178fbf8790 code [0x000002178fbf8920, 0x000002178fbf8a68]
Event: 17.745 Thread 0x00000217a2b172d0 4124       3       java.nio.ByteBuffer::clear (5 bytes)
Event: 17.745 Thread 0x00000217a2b172d0 nmethod 4124 0x000002178fbf8b10 code [0x000002178fbf8cc0, 0x000002178fbf8e88]
Event: 17.746 Thread 0x00000217a2b172d0 4125       3       java.util.Optional::isPresent (13 bytes)
Event: 17.746 Thread 0x00000217a2b172d0 nmethod 4125 0x000002178fbf8f10 code [0x000002178fbf90a0, 0x000002178fbf9218]
Event: 17.749 Thread 0x00000217a2b172d0 4126       3       java.util.concurrent.atomic.AtomicReferenceArray::set (13 bytes)
Event: 17.752 Thread 0x00000217a2b172d0 nmethod 4126 0x000002178fbf9290 code [0x000002178fbf9580, 0x000002178fbfa768]
Event: 17.752 Thread 0x00000217a2b172d0 4129       3       sun.security.provider.MD5::implCompress0 (1407 bytes)
Event: 17.774 Thread 0x00000217a2b172d0 nmethod 4129 0x000002178fbfae10 code [0x000002178fbfbba0, 0x000002178fc03e18]
Event: 17.774 Thread 0x00000217a2b172d0 4130       2       java.util.AbstractList$Itr::hasNext (20 bytes)
Event: 17.774 Thread 0x00000217a2b172d0 nmethod 4130 0x000002178fc07710 code [0x000002178fc078a0, 0x000002178fc079e8]
Event: 17.774 Thread 0x00000217a2b172d0 4131       3       org.gradle.internal.instantiation.generator.AbstractClassGenerator$LazyGroovySupportTypePropertyHandler::visitProperty (43 bytes)
Event: 17.776 Thread 0x00000217a2b172d0 nmethod 4131 0x000002178fc07a90 code [0x000002178fc07d40, 0x000002178fc08ba8]
Event: 17.776 Thread 0x00000217a2b172d0 4132       3       org.gradle.internal.instantiation.generator.AbstractClassGenerator$NamePropertyHandler::visitProperty (13 bytes)
Event: 17.776 Thread 0x00000217a2b172d0 nmethod 4132 0x000002178fc09010 code [0x000002178fc091c0, 0x000002178fc093e8]
Event: 17.776 Thread 0x00000217a2b172d0 4134       1       org.codehaus.groovy.reflection.stdclasses.ObjectCachedClass::isAssignableFrom (2 bytes)
Event: 17.776 Thread 0x00000217a2b172d0 nmethod 4134 0x0000021797021910 code [0x0000021797021aa0, 0x0000021797021b78]
Event: 17.776 Thread 0x00000217a2b172d0 4133       1       com.google.common.collect.LinkedHashMultimap$ValueSet::setSuccessorInValueSet (6 bytes)
Event: 17.776 Thread 0x00000217a2b172d0 nmethod 4133 0x0000021797021c10 code [0x0000021797021da0, 0x0000021797021eb8]
Event: 17.776 Thread 0x00000217a2b172d0 4127       3       java.lang.invoke.VarHandleGuards::guard_LIL_V (137 bytes)

GC Heap History (8 events):
Event: 2.620 GC heap before
{Heap before GC invocations=0 (full 0):
 garbage-first heap   total 262144K, used 26624K [0x00000000e0000000, 0x0000000100000000)
  region size 1024K, 23 young (23552K), 0 survivors (0K)
 Metaspace       used 3081K, committed 3200K, reserved 323584K
  class space    used 394K, committed 448K, reserved 315392K
}
Event: 2.637 GC heap after
{Heap after GC invocations=1 (full 0):
 garbage-first heap   total 262144K, used 10875K [0x00000000e0000000, 0x0000000100000000)
  region size 1024K, 3 young (3072K), 3 survivors (3072K)
 Metaspace       used 3081K, committed 3200K, reserved 323584K
  class space    used 394K, committed 448K, reserved 315392K
}
Event: 4.205 GC heap before
{Heap before GC invocations=1 (full 0):
 garbage-first heap   total 262144K, used 36475K [0x00000000e0000000, 0x0000000100000000)
  region size 1024K, 28 young (28672K), 3 survivors (3072K)
 Metaspace       used 4007K, committed 4160K, reserved 323584K
  class space    used 491K, committed 576K, reserved 315392K
}
Event: 4.210 GC heap after
{Heap after GC invocations=2 (full 0):
 garbage-first heap   total 262144K, used 11628K [0x00000000e0000000, 0x0000000100000000)
  region size 1024K, 1 young (1024K), 1 survivors (1024K)
 Metaspace       used 4007K, committed 4160K, reserved 323584K
  class space    used 491K, committed 576K, reserved 315392K
}
Event: 12.048 GC heap before
{Heap before GC invocations=2 (full 0):
 garbage-first heap   total 262144K, used 128364K [0x00000000e0000000, 0x0000000100000000)
  region size 1024K, 115 young (117760K), 1 survivors (1024K)
 Metaspace       used 21181K, committed 21504K, reserved 339968K
  class space    used 3154K, committed 3328K, reserved 315392K
}
Event: 12.063 GC heap after
{Heap after GC invocations=3 (full 0):
 garbage-first heap   total 262144K, used 22427K [0x00000000e0000000, 0x0000000100000000)
  region size 1024K, 12 young (12288K), 12 survivors (12288K)
 Metaspace       used 21181K, committed 21504K, reserved 339968K
  class space    used 3154K, committed 3328K, reserved 315392K
}
Event: 17.244 GC heap before
{Heap before GC invocations=4 (full 0):
 garbage-first heap   total 262144K, used 138139K [0x00000000e0000000, 0x0000000100000000)
  region size 1024K, 122 young (124928K), 12 survivors (12288K)
 Metaspace       used 35738K, committed 36096K, reserved 348160K
  class space    used 4994K, committed 5184K, reserved 315392K
}
Event: 17.269 GC heap after
{Heap after GC invocations=5 (full 0):
 garbage-first heap   total 262144K, used 31684K [0x00000000e0000000, 0x0000000100000000)
  region size 1024K, 10 young (10240K), 10 survivors (10240K)
 Metaspace       used 35738K, committed 36096K, reserved 348160K
  class space    used 4994K, committed 5184K, reserved 315392K
}

Dll operation events (14 events):
Event: 0.064 Loaded shared library C:\Users\hp\.jdks\corretto-17.0.6\bin\java.dll
Event: 0.154 Loaded shared library C:\Users\hp\.jdks\corretto-17.0.6\bin\jsvml.dll
Event: 0.428 Loaded shared library C:\Users\hp\.jdks\corretto-17.0.6\bin\zip.dll
Event: 0.436 Loaded shared library C:\Users\hp\.jdks\corretto-17.0.6\bin\instrument.dll
Event: 0.452 Loaded shared library C:\Users\hp\.jdks\corretto-17.0.6\bin\net.dll
Event: 0.463 Loaded shared library C:\Users\hp\.jdks\corretto-17.0.6\bin\nio.dll
Event: 0.478 Loaded shared library C:\Users\hp\.jdks\corretto-17.0.6\bin\zip.dll
Event: 1.394 Loaded shared library C:\Users\hp\.jdks\corretto-17.0.6\bin\jimage.dll
Event: 1.590 Loaded shared library C:\Users\hp\.jdks\corretto-17.0.6\bin\verify.dll
Event: 2.218 Loaded shared library C:\Users\hp\.gradle\native\68d5fa5c4cc2d200863cafc0d521ce42e7d3e7ee720ec0a83991735586a16f82\windows-amd64\native-platform.dll
Event: 2.243 Loaded shared library C:\Users\hp\.gradle\native\e376f236ea51e6404a007f0833ffe2c6e607c4080706a723a18a27aeea778392\windows-amd64\native-platform-file-events.dll
Event: 5.095 Loaded shared library C:\Users\hp\.jdks\corretto-17.0.6\bin\management.dll
Event: 5.106 Loaded shared library C:\Users\hp\.jdks\corretto-17.0.6\bin\management_ext.dll
Event: 7.020 Loaded shared library C:\Users\hp\.jdks\corretto-17.0.6\bin\sunmscapi.dll

Deoptimization events (20 events):
Event: 17.052 Thread 0x00000217a44ac180 DEOPT PACKING pc=0x0000021796fa4a84 sp=0x000000da4e6f8fd0
Event: 17.052 Thread 0x00000217a44ac180 DEOPT UNPACKING pc=0x00000217968e69a3 sp=0x000000da4e6f8f28 mode 2
Event: 17.135 Thread 0x00000217a44ac180 Uncommon trap: trap_request=0xffffff45 fr.pc=0x0000021796f8cbec relative=0x00000000000000ec
Event: 17.135 Thread 0x00000217a44ac180 Uncommon trap: reason=unstable_if action=reinterpret pc=0x0000021796f8cbec method=org.objectweb.asm.ByteVector.putShort(I)Lorg/objectweb/asm/ByteVector; @ 13 c2
Event: 17.136 Thread 0x00000217a44ac180 DEOPT PACKING pc=0x0000021796f8cbec sp=0x000000da4e6f8be0
Event: 17.136 Thread 0x00000217a44ac180 DEOPT UNPACKING pc=0x00000217968e69a3 sp=0x000000da4e6f8b78 mode 2
Event: 17.558 Thread 0x00000217a44ac180 Uncommon trap: trap_request=0xffffff45 fr.pc=0x0000021796eb8a84 relative=0x00000000000001e4
Event: 17.558 Thread 0x00000217a44ac180 Uncommon trap: reason=unstable_if action=reinterpret pc=0x0000021796eb8a84 method=java.net.URI$Parser.scan(IILjava/lang/String;)I @ 26 c2
Event: 17.558 Thread 0x00000217a44ac180 DEOPT PACKING pc=0x0000021796eb8a84 sp=0x000000da4e6f95c0
Event: 17.558 Thread 0x00000217a44ac180 DEOPT UNPACKING pc=0x00000217968e69a3 sp=0x000000da4e6f9550 mode 2
Event: 17.558 Thread 0x00000217a44ac180 Uncommon trap: trap_request=0xffffff45 fr.pc=0x0000021796e8c758 relative=0x0000000000000138
Event: 17.558 Thread 0x00000217a44ac180 Uncommon trap: reason=unstable_if action=reinterpret pc=0x0000021796e8c758 method=java.net.URI.match(CJJ)Z @ 45 c2
Event: 17.558 Thread 0x00000217a44ac180 DEOPT PACKING pc=0x0000021796e8c758 sp=0x000000da4e6f9330
Event: 17.558 Thread 0x00000217a44ac180 DEOPT UNPACKING pc=0x00000217968e69a3 sp=0x000000da4e6f9268 mode 2
Event: 17.558 Thread 0x00000217a44ac180 Uncommon trap: trap_request=0xffffff45 fr.pc=0x0000021796e564cc relative=0x000000000000004c
Event: 17.558 Thread 0x00000217a44ac180 Uncommon trap: reason=unstable_if action=reinterpret pc=0x0000021796e564cc method=java.net.URI.match(CJJ)Z @ 19 c2
Event: 17.558 Thread 0x00000217a44ac180 DEOPT PACKING pc=0x0000021796e564cc sp=0x000000da4e6f9340
Event: 17.558 Thread 0x00000217a44ac180 DEOPT UNPACKING pc=0x00000217968e69a3 sp=0x000000da4e6f92f0 mode 2
Event: 17.765 Thread 0x00000217a44ac180 DEOPT PACKING pc=0x000002178f7acedc sp=0x000000da4e6f8e40
Event: 17.765 Thread 0x00000217a44ac180 DEOPT UNPACKING pc=0x00000217968e7143 sp=0x000000da4e6f83c0 mode 0

Classes unloaded (0 events):
No events

Classes redefined (0 events):
No events

Internal exceptions (20 events):
Event: 16.154 Thread 0x00000217a44ac180 Exception <a 'sun/nio/fs/WindowsException'{0x00000000ea9e6100}> (0x00000000ea9e6100) 
thrown [s\src\hotspot\share\prims\jni.cpp, line 516]
Event: 16.182 Thread 0x00000217a44ac180 Exception <a 'java/lang/IncompatibleClassChangeError'{0x00000000ea852080}: Found class java.lang.Object, but interface was expected> (0x00000000ea852080) 
thrown [s\src\hotspot\share\interpreter\linkResolver.cpp, line 826]
Event: 16.228 Thread 0x00000217a44ac180 Exception <a 'java/lang/ClassNotFoundException'{0x00000000ea722408}: settings_9o3ab08321kbi0dqdw2tll7lzBeanInfo> (0x00000000ea722408) 
thrown [s\src\hotspot\share\classfile\systemDictionary.cpp, line 256]
Event: 16.229 Thread 0x00000217a44ac180 Exception <a 'java/lang/ClassNotFoundException'{0x00000000ea72cd38}: org/gradle/initialization/SettingsScriptBeanInfo> (0x00000000ea72cd38) 
thrown [s\src\hotspot\share\classfile\systemDictionary.cpp, line 256]
Event: 16.230 Thread 0x00000217a44ac180 Exception <a 'java/lang/ClassNotFoundException'{0x00000000ea7377e8}: org/gradle/plugin/use/internal/PluginsAwareScriptBeanInfo> (0x00000000ea7377e8) 
thrown [s\src\hotspot\share\classfile\systemDictionary.cpp, line 256]
Event: 16.231 Thread 0x00000217a44ac180 Exception <a 'java/lang/ClassNotFoundException'{0x00000000ea742290}: org/gradle/plugin/use/internal/PluginsAwareScriptCustomizer> (0x00000000ea742290) 
thrown [s\src\hotspot\share\classfile\systemDictionary.cpp, line 256]
Event: 16.235 Thread 0x00000217a44ac180 Exception <a 'java/lang/ClassNotFoundException'{0x00000000ea754c90}: org/gradle/initialization/SettingsScriptCustomizer> (0x00000000ea754c90) 
thrown [s\src\hotspot\share\classfile\systemDictionary.cpp, line 256]
Event: 16.236 Thread 0x00000217a44ac180 Exception <a 'java/lang/ClassNotFoundException'{0x00000000ea762cf0}: settings_9o3ab08321kbi0dqdw2tll7lzCustomizer> (0x00000000ea762cf0) 
thrown [s\src\hotspot\share\classfile\systemDictionary.cpp, line 256]
Event: 16.254 Thread 0x00000217a44ac180 Exception <a 'java/lang/ClassNotFoundException'{0x00000000ea7f8c60}: org/gradle/initialization/DefaultSettings_DecoratedBeanInfo> (0x00000000ea7f8c60) 
thrown [s\src\hotspot\share\classfile\systemDictionary.cpp, line 256]
Event: 16.256 Thread 0x00000217a44ac180 Exception <a 'java/lang/ClassNotFoundException'{0x00000000ea609160}: org/gradle/initialization/DefaultSettingsBeanInfo> (0x00000000ea609160) 
thrown [s\src\hotspot\share\classfile\systemDictionary.cpp, line 256]
Event: 16.259 Thread 0x00000217a44ac180 Exception <a 'java/lang/ClassNotFoundException'{0x00000000ea618ad0}: org/gradle/initialization/DefaultSettingsCustomizer> (0x00000000ea618ad0) 
thrown [s\src\hotspot\share\classfile\systemDictionary.cpp, line 256]
Event: 16.277 Thread 0x00000217a44ac180 Exception <a 'java/lang/ClassNotFoundException'{0x00000000ea65d730}: org/gradle/initialization/DefaultSettings_DecoratedCustomizer> (0x00000000ea65d730) 
thrown [s\src\hotspot\share\classfile\systemDictionary.cpp, line 256]
Event: 16.289 Thread 0x00000217a44ac180 Exception <a 'java/lang/ClassNotFoundException'{0x00000000ea6d1c78}: org/gradle/initialization/DefaultProjectDescriptorBeanInfo> (0x00000000ea6d1c78) 
thrown [s\src\hotspot\share\classfile\systemDictionary.cpp, line 256]
Event: 16.291 Thread 0x00000217a44ac180 Exception <a 'java/lang/ClassNotFoundException'{0x00000000ea6e0668}: org/gradle/initialization/DefaultProjectDescriptorCustomizer> (0x00000000ea6e0668) 
thrown [s\src\hotspot\share\classfile\systemDictionary.cpp, line 256]
Event: 16.308 Thread 0x00000217a44ac180 Exception <a 'java/lang/NoSuchMethodError'{0x00000000ea527f70}: 'void java.lang.invoke.DirectMethodHandle$Holder.invokeInterface(java.lang.Object, java.lang.Object)'> (0x00000000ea527f70) 
thrown [s\src\hotspot\share\interpreter\linkResolver.cpp, line 759]
Event: 16.368 Thread 0x00000217a44ac180 Implicit null exception at 0x0000021796fa42ec to 0x0000021796fa43a0
Event: 16.794 Thread 0x00000217a3f0d030 Implicit null exception at 0x0000021796e69e72 to 0x0000021796e6a4a8
Event: 16.795 Thread 0x00000217a3f0d030 Implicit null exception at 0x0000021796e82552 to 0x0000021796e82b28
Event: 17.041 Thread 0x00000217a44ac180 Exception <a 'java/lang/NoSuchMethodError'{0x00000000e96d07b8}: 'long java.lang.invoke.DirectMethodHandle$Holder.invokeStatic(java.lang.Object, long)'> (0x00000000e96d07b8) 
thrown [s\src\hotspot\share\interpreter\linkResolver.cpp, line 759]
Event: 17.714 Thread 0x00000217a44ac180 Exception <a 'java/lang/NoSuchMethodError'{0x00000000ef82c940}: 'void java.lang.invoke.DirectMethodHandle$Holder.invokeStatic(java.lang.Object, java.lang.Object, java.lang.Object, java.lang.Object, java.lang.Object, java.lang.Object)'> (0x00000000ef82c940) 
thrown [s\src\hotspot\share\interpreter\linkResolver.cpp, line 759]

VM Operations (20 events):
Event: 15.220 Executing VM operation: HandshakeAllThreads
Event: 15.220 Executing VM operation: HandshakeAllThreads done
Event: 15.531 Executing VM operation: ICBufferFull
Event: 15.531 Executing VM operation: ICBufferFull done
Event: 16.533 Executing VM operation: Cleanup
Event: 16.535 Executing VM operation: Cleanup done
Event: 16.635 Executing VM operation: HandshakeAllThreads
Event: 16.635 Executing VM operation: HandshakeAllThreads done
Event: 16.739 Executing VM operation: HandshakeAllThreads
Event: 16.739 Executing VM operation: HandshakeAllThreads done
Event: 16.803 Executing VM operation: HandshakeAllThreads
Event: 16.803 Executing VM operation: HandshakeAllThreads done
Event: 17.070 Executing VM operation: HandshakeAllThreads
Event: 17.070 Executing VM operation: HandshakeAllThreads done
Event: 17.244 Executing VM operation: CollectForMetadataAllocation
Event: 17.282 Executing VM operation: CollectForMetadataAllocation done
Event: 17.288 Executing VM operation: G1Concurrent
Event: 17.293 Executing VM operation: G1Concurrent done
Event: 17.303 Executing VM operation: G1Concurrent
Event: 17.304 Executing VM operation: G1Concurrent done

Events (20 events):
Event: 17.146 loading class java/lang/StringIndexOutOfBoundsException done
Event: 17.572 loading class javax/net/ssl/HostnameVerifier
Event: 17.573 loading class javax/net/ssl/HostnameVerifier done
Event: 17.586 loading class javax/net/ssl/TrustManager
Event: 17.587 loading class javax/net/ssl/TrustManager done
Event: 17.591 loading class javax/net/ssl/X509TrustManager
Event: 17.591 loading class javax/net/ssl/X509TrustManager done
Event: 17.609 loading class javax/net/ssl/SSLException
Event: 17.609 loading class javax/net/ssl/SSLException done
Event: 17.610 loading class javax/net/ssl/SSLPeerUnverifiedException
Event: 17.610 loading class javax/net/ssl/SSLPeerUnverifiedException done
Event: 17.610 loading class javax/naming/NamingException
Event: 17.610 loading class javax/naming/NamingException done
Event: 17.611 loading class javax/naming/InvalidNameException
Event: 17.612 loading class javax/naming/InvalidNameException done
Event: 17.613 loading class java/security/cert/CertificateParsingException
Event: 17.613 loading class java/security/cert/CertificateException
Event: 17.614 loading class java/security/cert/CertificateException done
Event: 17.614 loading class java/security/cert/CertificateParsingException done
Event: 17.754 Thread 0x00000217a60393e0 Thread added: 0x00000217a60393e0


Dynamic libraries:
0x00007ff7c1630000 - 0x00007ff7c163d000 	C:\Users\hp\.jdks\corretto-17.0.6\bin\java.exe
0x00007ff8038d0000 - 0x00007ff803ac7000 	C:\Windows\SYSTEM32\ntdll.dll
0x00007ff8033d0000 - 0x00007ff80348d000 	C:\Windows\System32\KERNEL32.DLL
0x00007ff8014a0000 - 0x00007ff801796000 	C:\Windows\System32\KERNELBASE.dll
0x00007ff801050000 - 0x00007ff801150000 	C:\Windows\System32\ucrtbase.dll
0x00007fffc0a70000 - 0x00007fffc0a87000 	C:\Users\hp\.jdks\corretto-17.0.6\bin\jli.dll
0x00007ff802d50000 - 0x00007ff802eee000 	C:\Windows\System32\USER32.dll
0x00007ff800f80000 - 0x00007ff800fa2000 	C:\Windows\System32\win32u.dll
0x00007ff801930000 - 0x00007ff80195c000 	C:\Windows\System32\GDI32.dll
0x00007ff8012c0000 - 0x00007ff8013da000 	C:\Windows\System32\gdi32full.dll
0x00007fffc09a0000 - 0x00007fffc09b5000 	C:\Users\hp\.jdks\corretto-17.0.6\bin\VCRUNTIME140.dll
0x00007ff800fb0000 - 0x00007ff80104d000 	C:\Windows\System32\msvcp_win.dll
0x00007fffe4260000 - 0x00007fffe44fa000 	C:\Windows\WinSxS\amd64_microsoft.windows.common-controls_6595b64144ccf1df_6.0.19041.3570_none_60bb2a3971f3e41a\COMCTL32.dll
0x00007ff8030d0000 - 0x00007ff80316e000 	C:\Windows\System32\msvcrt.dll
0x00007ff801900000 - 0x00007ff801930000 	C:\Windows\System32\IMM32.DLL
0x00007fffadd50000 - 0x00007fffaddeb000 	C:\Users\hp\.jdks\corretto-17.0.6\bin\msvcp140.dll
0x00007fff959a0000 - 0x00007fff965b8000 	C:\Users\hp\.jdks\corretto-17.0.6\bin\server\jvm.dll
0x00007ff803170000 - 0x00007ff80321e000 	C:\Windows\System32\ADVAPI32.dll
0x00007ff803030000 - 0x00007ff8030cc000 	C:\Windows\System32\sechost.dll
0x00007ff801cf0000 - 0x00007ff801e16000 	C:\Windows\System32\RPCRT4.dll
0x00007fffbffd0000 - 0x00007fffbffd9000 	C:\Windows\SYSTEM32\WSOCK32.dll
0x00007fffe8e60000 - 0x00007fffe8e87000 	C:\Windows\SYSTEM32\WINMM.dll
0x00007ff801f10000 - 0x00007ff801f7b000 	C:\Windows\System32\WS2_32.dll
0x00007ffffae50000 - 0x00007ffffae5a000 	C:\Windows\SYSTEM32\VERSION.dll
0x00007ffffedd0000 - 0x00007ffffede2000 	C:\Windows\SYSTEM32\kernel.appcore.dll
0x00007fffe4f80000 - 0x00007fffe4f8a000 	C:\Users\hp\.jdks\corretto-17.0.6\bin\jimage.dll
0x00007fffecda0000 - 0x00007fffecf84000 	C:\Windows\SYSTEM32\DBGHELP.DLL
0x00007fffe4670000 - 0x00007fffe46a4000 	C:\Windows\SYSTEM32\dbgcore.DLL
0x00007ff801150000 - 0x00007ff8011d2000 	C:\Windows\System32\bcryptPrimitives.dll
0x00007fffc0be0000 - 0x00007fffc0bee000 	C:\Users\hp\.jdks\corretto-17.0.6\bin\instrument.dll
0x00007fffbfc90000 - 0x00007fffbfcb5000 	C:\Users\hp\.jdks\corretto-17.0.6\bin\java.dll
0x00007fffaa6b0000 - 0x00007fffaa786000 	C:\Users\hp\.jdks\corretto-17.0.6\bin\jsvml.dll
0x00007ff802130000 - 0x00007ff802874000 	C:\Windows\System32\SHELL32.dll
0x00007ffffefd0000 - 0x00007fffff76b000 	C:\Windows\SYSTEM32\windows.storage.dll
0x00007ff803500000 - 0x00007ff803854000 	C:\Windows\System32\combase.dll
0x00007ff8009c0000 - 0x00007ff8009ed000 	C:\Windows\SYSTEM32\Wldp.dll
0x00007ff802f80000 - 0x00007ff80302d000 	C:\Windows\System32\SHCORE.dll
0x00007ff802cf0000 - 0x00007ff802d45000 	C:\Windows\System32\shlwapi.dll
0x00007ff800eb0000 - 0x00007ff800ed5000 	C:\Windows\SYSTEM32\profapi.dll
0x00007fffbfd40000 - 0x00007fffbfd58000 	C:\Users\hp\.jdks\corretto-17.0.6\bin\zip.dll
0x00007fffbffe0000 - 0x00007fffbfff9000 	C:\Users\hp\.jdks\corretto-17.0.6\bin\net.dll
0x00007ffffa570000 - 0x00007ffffa67a000 	C:\Windows\SYSTEM32\WINHTTP.dll
0x00007ff800720000 - 0x00007ff80078a000 	C:\Windows\system32\mswsock.dll
0x00007fffbff50000 - 0x00007fffbff65000 	C:\Users\hp\.jdks\corretto-17.0.6\bin\nio.dll
0x00007fffc0a60000 - 0x00007fffc0a70000 	C:\Users\hp\.jdks\corretto-17.0.6\bin\verify.dll
0x00007ffff1e30000 - 0x00007ffff1e57000 	C:\Users\hp\.gradle\native\68d5fa5c4cc2d200863cafc0d521ce42e7d3e7ee720ec0a83991735586a16f82\windows-amd64\native-platform.dll
0x00007fffa6990000 - 0x00007fffa6ad4000 	C:\Users\hp\.gradle\native\e376f236ea51e6404a007f0833ffe2c6e607c4080706a723a18a27aeea778392\windows-amd64\native-platform-file-events.dll
0x00007fffc0960000 - 0x00007fffc0969000 	C:\Users\hp\.jdks\corretto-17.0.6\bin\management.dll
0x00007fffc03b0000 - 0x00007fffc03bb000 	C:\Users\hp\.jdks\corretto-17.0.6\bin\management_ext.dll
0x00007ff801e20000 - 0x00007ff801e28000 	C:\Windows\System32\PSAPI.DLL
0x00007ff800920000 - 0x00007ff800938000 	C:\Windows\SYSTEM32\CRYPTSP.dll
0x00007ffffff60000 - 0x00007ffffff94000 	C:\Windows\system32\rsaenh.dll
0x00007ff801290000 - 0x00007ff8012b7000 	C:\Windows\System32\bcrypt.dll
0x00007ff800e70000 - 0x00007ff800e9e000 	C:\Windows\SYSTEM32\USERENV.dll
0x00007ff800910000 - 0x00007ff80091c000 	C:\Windows\SYSTEM32\CRYPTBASE.dll
0x00007ff8003a0000 - 0x00007ff8003db000 	C:\Windows\SYSTEM32\IPHLPAPI.DLL
0x00007ff801ce0000 - 0x00007ff801ce8000 	C:\Windows\System32\NSI.dll
0x00007ffffa9f0000 - 0x00007ffffaa07000 	C:\Windows\SYSTEM32\dhcpcsvc6.DLL
0x00007ffffafc0000 - 0x00007ffffafdd000 	C:\Windows\SYSTEM32\dhcpcsvc.DLL
0x00007ff8003e0000 - 0x00007ff8004aa000 	C:\Windows\SYSTEM32\DNSAPI.dll
0x00007fffc0260000 - 0x00007fffc026e000 	C:\Users\hp\.jdks\corretto-17.0.6\bin\sunmscapi.dll
0x00007ff8017a0000 - 0x00007ff8018fd000 	C:\Windows\System32\CRYPT32.dll
0x00007ff800a30000 - 0x00007ff800a57000 	C:\Windows\SYSTEM32\ncrypt.dll
0x00007ff8009f0000 - 0x00007ff800a2b000 	C:\Windows\SYSTEM32\NTASN1.dll
0x00007fffe4f70000 - 0x00007fffe4f77000 	C:\Windows\system32\wshunix.dll

dbghelp: loaded successfully - version: 4.0.5 - missing functions: none
symbol engine: initialized successfully - sym options: 0x614 - pdb path: .;C:\Users\hp\.jdks\corretto-17.0.6\bin;C:\Windows\SYSTEM32;C:\Windows\WinSxS\amd64_microsoft.windows.common-controls_6595b64144ccf1df_6.0.19041.3570_none_60bb2a3971f3e41a;C:\Users\hp\.jdks\corretto-17.0.6\bin\server;C:\Users\hp\.gradle\native\68d5fa5c4cc2d200863cafc0d521ce42e7d3e7ee720ec0a83991735586a16f82\windows-amd64;C:\Users\hp\.gradle\native\e376f236ea51e6404a007f0833ffe2c6e607c4080706a723a18a27aeea778392\windows-amd64

VM Arguments:
jvm_args: --add-opens=java.base/java.util=ALL-UNNAMED --add-opens=java.base/java.lang=ALL-UNNAMED --add-opens=java.base/java.lang.invoke=ALL-UNNAMED --add-opens=java.prefs/java.util.prefs=ALL-UNNAMED --add-opens=java.base/java.nio.charset=ALL-UNNAMED --add-opens=java.base/java.net=ALL-UNNAMED --add-opens=java.base/java.util.concurrent.atomic=ALL-UNNAMED -XX:MaxMetaspaceSize=384m -XX:+HeapDumpOnOutOfMemoryError -Xms256m -Xmx512m -Dfile.encoding=windows-1250 -Duser.country=CZ -Duser.language=cs -Duser.variant -javaagent:C:\Users\hp\.gradle\wrapper\dists\gradle-8.3-bin\dxjbbhstwasg8cbags9q7cvli\gradle-8.3\lib\agents\gradle-instrumentation-agent-8.3.jar 
java_command: org.gradle.launcher.daemon.bootstrap.GradleDaemon 8.3
java_class_path (initial): C:\Users\hp\.gradle\wrapper\dists\gradle-8.3-bin\dxjbbhstwasg8cbags9q7cvli\gradle-8.3\lib\gradle-launcher-8.3.jar
Launcher Type: SUN_STANDARD

[Global flags]
     intx CICompilerCount                          = 4                                         {product} {ergonomic}
   size_t CompressedClassSpaceSize                 = 322961408                                 {product} {ergonomic}
     uint ConcGCThreads                            = 2                                         {product} {ergonomic}
     uint G1ConcRefinementThreads                  = 8                                         {product} {ergonomic}
   size_t G1HeapRegionSize                         = 1048576                                   {product} {ergonomic}
    uintx GCDrainStackTargetSize                   = 64                                        {product} {ergonomic}
     bool HeapDumpOnOutOfMemoryError               = true                                   {manageable} {command line}
   size_t InitialHeapSize                          = 268435456                                 {product} {command line}
   size_t MarkStackSize                            = 4194304                                   {product} {ergonomic}
   size_t MaxHeapSize                              = 536870912                                 {product} {command line}
   size_t MaxMetaspaceSize                         = 402653184                                 {product} {command line}
   size_t MaxNewSize                               = 321912832                                 {product} {ergonomic}
   size_t MinHeapDeltaBytes                        = 1048576                                   {product} {ergonomic}
   size_t MinHeapSize                              = 268435456                                 {product} {command line}
    uintx NonNMethodCodeHeapSize                   = 5839372                                {pd product} {ergonomic}
    uintx NonProfiledCodeHeapSize                  = 122909434                              {pd product} {ergonomic}
    uintx ProfiledCodeHeapSize                     = 122909434                              {pd product} {ergonomic}
    uintx ReservedCodeCacheSize                    = 251658240                              {pd product} {ergonomic}
     bool SegmentedCodeCache                       = true                                      {product} {ergonomic}
   size_t SoftMaxHeapSize                          = 536870912                              {manageable} {ergonomic}
     bool UseCompressedClassPointers               = true                           {product lp64_product} {ergonomic}
     bool UseCompressedOops                        = true                           {product lp64_product} {ergonomic}
     bool UseG1GC                                  = true                                      {product} {ergonomic}
     bool UseLargePagesIndividualAllocation        = false                                  {pd product} {ergonomic}

Logging:
Log output configuration:
 #0: stdout all=warning uptime,level,tags
 #1: stderr all=off uptime,level,tags

Environment Variables:
PATH=C:\Program Files (x86)\Common Files\Oracle\Java\javapath;C:\Program Files\Microsoft\jdk-11.0.12.7-hotspot\bin;C:\Windows\system32;C:\Windows;C:\Windows\System32\Wbem;C:\Windows\System32\WindowsPowerShell\v1.0\;C:\Windows\System32\OpenSSH\;C:\Program Files\Microsoft SQL Server\Client SDK\ODBC\170\Tools\Binn\;C:\Program Files (x86)\Microsoft SQL Server\150\Tools\Binn\;C:\Program Files\Microsoft SQL Server\150\Tools\Binn\;C:\Program Files\Microsoft SQL Server\150\DTS\Binn\;C:\Program Files (x86)\Microsoft SQL Server\150\DTS\Binn\;C:\Program Files\Azure Data Studio\bin;C:\Program Files\dotnet\;C:\Program Files\Git\cmd;C:\Users\hp\AppData\Local\Programs\Python\Python311\Scripts\;C:\Users\hp\AppData\Local\Programs\Python\Python311\;C:\Users\hp\AppData\Local\Programs\Python\Python39\Scripts\;C:\Users\hp\AppData\Local\Programs\Python\Python39\;C:\Users\hp\AppData\Local\Microsoft\WindowsApps;C:\Users\hp\AppData\Local\Programs\Microsoft VS Code\bin;C:\Users\hp\.dotnet\tools;C:\Users\hp\AppData\Local\JetBrains\Toolbox\scripts;C:\Users\hp\AppData\Local\GitHubDesktop\bin
USERNAME=hp
OS=Windows_NT
PROCESSOR_IDENTIFIER=Intel64 Family 6 Model 142 Stepping 10, GenuineIntel
TMP=C:\Users\hp\AppData\Local\Temp
TEMP=C:\Users\hp\AppData\Local\Temp



---------------  S Y S T E M  ---------------

OS:
 Windows 10 , 64 bit Build 19041 (10.0.19041.3570)
OS uptime: 1 days 20:41 hours
Hyper-V role detected

CPU: total 8 (initial active 8) (4 cores per cpu, 2 threads per core) family 6 model 142 stepping 10 microcode 0xea, cx8, cmov, fxsr, ht, mmx, 3dnowpref, sse, sse2, sse3, ssse3, sse4.1, sse4.2, popcnt, lzcnt, tsc, tscinvbit, avx, avx2, aes, erms, clmul, bmi1, bmi2, adx, fma, vzeroupper, clflush, clflushopt, hv

Memory: 4k page, system-wide physical 6024M (104M free)
TotalPageFile size 24456M (AvailPageFile size 5M)
current process WorkingSet (physical memory assigned to process): 259M, peak: 292M
current process commit charge ("private bytes"): 440M, peak: 442M

vm_info: OpenJDK 64-Bit Server VM (17.0.6+10-LTS) for windows-amd64 JRE (17.0.6+10-LTS), built on Jan 13 2023 22:57:04 by "Administrator" with MS VC++ 15.9 (VS2017)

END.
