#
# There is insufficient memory for the Java Runtime Environment to continue.
# Native memory allocation (malloc) failed to allocate 710256 bytes for Chunk::new
# Possible reasons:
#   The system is out of physical RAM or swap space
#   The process is running with CompressedOops enabled, and the Java Heap may be blocking the growth of the native heap
# Possible solutions:
#   Reduce memory load on the system
#   Increase physical memory or swap space
#   Check if swap backing store is full
#   Decrease Java heap size (-Xmx/-Xms)
#   Decrease number of Java threads
#   Decrease Java thread stack sizes (-Xss)
#   Set larger code cache with -XX:ReservedCodeCacheSize=
#   JVM is running with Unscaled Compressed Oops mode in which the Java heap is
#     placed in the first 4GB address space. The Java Heap base address is the
#     maximum limit for the native heap growth. Please use -XX:HeapBaseMinAddress
#     to set the Java Heap base and to place the Java Heap above 4GB virtual address.
# This output file may be truncated or incomplete.
#
#  Out of Memory Error (arena.cpp:189), pid=3904, tid=17172
#
# JRE version: OpenJDK Runtime Environment Corretto-17.0.6.10.1 (17.0.6+10) (build 17.0.6+10-LTS)
# Java VM: OpenJDK 64-Bit Server VM Corretto-17.0.6.10.1 (17.0.6+10-LTS, mixed mode, sharing, tiered, compressed oops, compressed class ptrs, g1 gc, windows-amd64)
# No core dump will be written. Minidumps are not enabled by default on client versions of Windows
#

---------------  S U M M A R Y ------------

Command Line: --add-opens=java.base/java.util=ALL-UNNAMED --add-opens=java.base/java.lang=ALL-UNNAMED --add-opens=java.base/java.lang.invoke=ALL-UNNAMED --add-opens=java.prefs/java.util.prefs=ALL-UNNAMED --add-opens=java.base/java.nio.charset=ALL-UNNAMED --add-opens=java.base/java.net=ALL-UNNAMED --add-opens=java.base/java.util.concurrent.atomic=ALL-UNNAMED -XX:MaxMetaspaceSize=384m -XX:+HeapDumpOnOutOfMemoryError -Xms256m -Xmx512m -Dfile.encoding=windows-1250 -Duser.country=CZ -Duser.language=cs -Duser.variant -javaagent:C:\Users\hp\.gradle\wrapper\dists\gradle-8.3-bin\dxjbbhstwasg8cbags9q7cvli\gradle-8.3\lib\agents\gradle-instrumentation-agent-8.3.jar org.gradle.launcher.daemon.bootstrap.GradleDaemon 8.3

Host: Intel(R) Core(TM) i5-8250U CPU @ 1.60GHz, 8 cores, 5G,  Windows 10 , 64 bit Build 19041 (10.0.19041.3570)
Time: Sat Oct 14 10:03:59 2023 Stindows 10 , 64 bit Build 19041 (10.0.19041.3570) elapsed time: 1083.118193 seconds (0d 0h 18m 3s)

---------------  T H R E A D  ---------------

Current thread (0x0000024dffd8e3c0):  JavaThread "C2 CompilerThread0" daemon [_thread_in_native, id=17172, stack(0x000000e15bb00000,0x000000e15bc00000)]


Current CompileTask:
C2:1083118 18817   !   4       io.spring.gradle.dependencymanagement.org.apache.maven.model.BuildBase::clone (211 bytes)

Stack: [0x000000e15bb00000,0x000000e15bc00000]
Native frames: (J=compiled Java code, j=interpreted, Vv=VM code, C=native code)
V  [jvm.dll+0x64b39a]
V  [jvm.dll+0x7ff044]
V  [jvm.dll+0x8007fe]
V  [jvm.dll+0x800e53]
V  [jvm.dll+0x235848]
V  [jvm.dll+0xbce6c]
V  [jvm.dll+0xbd44c]
V  [jvm.dll+0x34f252]
V  [jvm.dll+0x319ccf]
V  [jvm.dll+0x31910a]
V  [jvm.dll+0x209ca5]
V  [jvm.dll+0x209237]
V  [jvm.dll+0x19926d]
V  [jvm.dll+0x2185dd]
V  [jvm.dll+0x216824]
V  [jvm.dll+0x7b77bb]
V  [jvm.dll+0x7b1d6a]
V  [jvm.dll+0x64a265]
C  [ucrtbase.dll+0x21bb2]
C  [KERNEL32.DLL+0x17344]
C  [ntdll.dll+0x526b1]


---------------  P R O C E S S  ---------------

Threads class SMR info:
_java_thread_list=0x0000024d91bf4b10, length=97, elements={
0x0000024df4236b10, 0x0000024dffd6f0a0, 0x0000024dffd6fe20, 0x0000024dffd830a0,
0x0000024dffd86a80, 0x0000024dffd87340, 0x0000024dffd8d320, 0x0000024dffd8e3c0,
0x0000024dffd8fd80, 0x0000024dffda2e50, 0x0000024d8f8a6fb0, 0x0000024d8f8a7480,
0x0000024d8f8a82f0, 0x0000024d8f8a7e20, 0x0000024d8f8a6ae0, 0x0000024d9039bc30,
0x0000024d9039f5f0, 0x0000024d90398740, 0x0000024d9039adc0, 0x0000024d903990e0,
0x0000024d9039dde0, 0x0000024d90399f50, 0x0000024d9039c100, 0x0000024d9039a420,
0x0000024d9039fac0, 0x0000024d9039c5d0, 0x0000024d90398c10, 0x0000024d903995b0,
0x0000024d9176eb40, 0x0000024d91901980, 0x0000024d91b59a10, 0x0000024d91d7ff30,
0x0000024d968e8d60, 0x0000024d94054bc0, 0x0000024d94055090, 0x0000024d968e6bb0,
0x0000024d968e7a20, 0x0000024d920debf0, 0x0000024d968e7ef0, 0x0000024d9390e050,
0x0000024d9390e520, 0x0000024d9390e9f0, 0x0000024d9390d1e0, 0x0000024d96f7d510,
0x0000024d96f7c6a0, 0x0000024d96f7ae90, 0x0000024d96f7b360, 0x0000024d96f7bd00,
0x0000024d96f7d9e0, 0x0000024d96f7c1d0, 0x0000024d96f7a9c0, 0x0000024d96f7d040,
0x0000024d96f7b830, 0x0000024d9379d400, 0x0000024d9379b720, 0x0000024d96ae6c20,
0x0000024d91d0e290, 0x0000024d91d0f100, 0x0000024d91d0e760, 0x0000024d91d0ec30,
0x0000024d91d0f5d0, 0x0000024d91d0ddc0, 0x0000024d91d10910, 0x0000024d920e0400,
0x0000024d91901e50, 0x0000024d91900fe0, 0x0000024d91902320, 0x0000024d919027f0,
0x0000024d96b48c20, 0x0000024d96b490f0, 0x0000024d96b460d0, 0x0000024d96b465a0,
0x0000024d96b46a70, 0x0000024d96b495c0, 0x0000024d96b46f40, 0x0000024d96b48750,
0x0000024d96b45c00, 0x0000024d970f35d0, 0x0000024d970f2760, 0x0000024d96b47410,
0x0000024d96b478e0, 0x0000024d96b47db0, 0x0000024d96b48280, 0x0000024d911cd740,
0x0000024d911cea80, 0x0000024d911cb0c0, 0x0000024d911cdc10, 0x0000024d911cb590,
0x0000024d911ce5b0, 0x0000024d911cc400, 0x0000024d911ccda0, 0x0000024d911cba60,
0x0000024d911ce0e0, 0x0000024d911cc8d0, 0x0000024d911cd270, 0x0000024d911cbf30,
0x0000024d968e7550
}

Java Threads: ( => current thread )
  0x0000024df4236b10 JavaThread "main" [_thread_blocked, id=11644, stack(0x000000e15ae00000,0x000000e15af00000)]
  0x0000024dffd6f0a0 JavaThread "Reference Handler" daemon [_thread_blocked, id=20904, stack(0x000000e15b500000,0x000000e15b600000)]
  0x0000024dffd6fe20 JavaThread "Finalizer" daemon [_thread_blocked, id=18320, stack(0x000000e15b600000,0x000000e15b700000)]
  0x0000024dffd830a0 JavaThread "Signal Dispatcher" daemon [_thread_blocked, id=21196, stack(0x000000e15b700000,0x000000e15b800000)]
  0x0000024dffd86a80 JavaThread "Attach Listener" daemon [_thread_blocked, id=14492, stack(0x000000e15b800000,0x000000e15b900000)]
  0x0000024dffd87340 JavaThread "Service Thread" daemon [_thread_blocked, id=20808, stack(0x000000e15b900000,0x000000e15ba00000)]
  0x0000024dffd8d320 JavaThread "Monitor Deflation Thread" daemon [_thread_blocked, id=2732, stack(0x000000e15ba00000,0x000000e15bb00000)]
=>0x0000024dffd8e3c0 JavaThread "C2 CompilerThread0" daemon [_thread_in_native, id=17172, stack(0x000000e15bb00000,0x000000e15bc00000)]
  0x0000024dffd8fd80 JavaThread "C1 CompilerThread0" daemon [_thread_blocked, id=12740, stack(0x000000e15bc00000,0x000000e15bd00000)]
  0x0000024dffda2e50 JavaThread "Sweeper thread" daemon [_thread_blocked, id=8656, stack(0x000000e15bd00000,0x000000e15be00000)]
  0x0000024d8f8a6fb0 JavaThread "Common-Cleaner" daemon [_thread_blocked, id=20588, stack(0x000000e15be00000,0x000000e15bf00000)]
  0x0000024d8f8a7480 JavaThread "Notification Thread" daemon [_thread_blocked, id=12728, stack(0x000000e15bf00000,0x000000e15c000000)]
  0x0000024d8f8a82f0 JavaThread "Daemon health stats" [_thread_blocked, id=22524, stack(0x000000e15c600000,0x000000e15c700000)]
  0x0000024d8f8a7e20 JavaThread "Incoming local TCP Connector on port 51613" [_thread_in_native, id=18492, stack(0x000000e15c700000,0x000000e15c800000)]
  0x0000024d8f8a6ae0 JavaThread "Daemon periodic checks" [_thread_blocked, id=21560, stack(0x000000e15c800000,0x000000e15c900000)]
  0x0000024d9039bc30 JavaThread "Cache worker for journal cache (C:\Users\hp\.gradle\caches\journal-1)" [_thread_blocked, id=12148, stack(0x000000e15d000000,0x000000e15d100000)]
  0x0000024d9039f5f0 JavaThread "File lock request listener" [_thread_in_native, id=8076, stack(0x000000e15d100000,0x000000e15d200000)]
  0x0000024d90398740 JavaThread "Cache worker for file hash cache (C:\Users\hp\.gradle\caches\8.3\fileHashes)" [_thread_blocked, id=12652, stack(0x000000e15d200000,0x000000e15d300000)]
  0x0000024d9039adc0 JavaThread "File watcher server" daemon [_thread_in_native, id=11696, stack(0x000000e15d300000,0x000000e15d400000)]
  0x0000024d903990e0 JavaThread "File watcher consumer" daemon [_thread_blocked, id=21840, stack(0x000000e15d400000,0x000000e15d500000)]
  0x0000024d9039dde0 JavaThread "jar transforms" [_thread_blocked, id=21796, stack(0x000000e15d500000,0x000000e15d600000)]
  0x0000024d90399f50 JavaThread "jar transforms Thread 2" [_thread_blocked, id=5460, stack(0x000000e15d600000,0x000000e15d700000)]
  0x0000024d9039c100 JavaThread "jar transforms Thread 3" [_thread_blocked, id=19632, stack(0x000000e15d700000,0x000000e15d800000)]
  0x0000024d9039a420 JavaThread "jar transforms Thread 4" [_thread_blocked, id=3776, stack(0x000000e15d800000,0x000000e15d900000)]
  0x0000024d9039fac0 JavaThread "jar transforms Thread 5" [_thread_blocked, id=13960, stack(0x000000e15d900000,0x000000e15da00000)]
  0x0000024d9039c5d0 JavaThread "jar transforms Thread 6" [_thread_blocked, id=23456, stack(0x000000e15da00000,0x000000e15db00000)]
  0x0000024d90398c10 JavaThread "jar transforms Thread 7" [_thread_blocked, id=14816, stack(0x000000e15db00000,0x000000e15dc00000)]
  0x0000024d903995b0 JavaThread "jar transforms Thread 8" [_thread_blocked, id=21780, stack(0x000000e15dc00000,0x000000e15dd00000)]
  0x0000024d9176eb40 JavaThread "Cache worker for file content cache (C:\Users\hp\.gradle\caches\8.3\fileContent)" [_thread_blocked, id=4916, stack(0x000000e15e300000,0x000000e15e400000)]
  0x0000024d91901980 JavaThread "Cache worker for execution history cache (C:\Users\hp\.gradle\caches\8.3\executionHistory)" [_thread_blocked, id=13324, stack(0x000000e15e500000,0x000000e15e600000)]
  0x0000024d91b59a10 JavaThread "Memory manager" [_thread_blocked, id=1700, stack(0x000000e15ef00000,0x000000e15f000000)]
  0x0000024d91d7ff30 JavaThread "Cache worker for Java compile cache (C:\Users\hp\.gradle\caches\8.3\javaCompile)" [_thread_blocked, id=20984, stack(0x000000e164300000,0x000000e164400000)]
  0x0000024d968e8d60 JavaThread "Daemon Thread 10" [_thread_blocked, id=22504, stack(0x000000e15ab00000,0x000000e15ac00000)]
  0x0000024d94054bc0 JavaThread "Daemon Thread 11" [_thread_blocked, id=12996, stack(0x000000e15c900000,0x000000e15ca00000)]
  0x0000024d94055090 JavaThread "Daemon worker Thread 8" [_thread_blocked, id=3684, stack(0x000000e15cd00000,0x000000e15ce00000)]
  0x0000024d968e6bb0 JavaThread "included builds" [_thread_blocked, id=3020, stack(0x000000e15f100000,0x000000e15f200000)]
  0x0000024d968e7a20 JavaThread "Handler for socket connection from /127.0.0.1:51613 to /127.0.0.1:51938" [_thread_in_native, id=22032, stack(0x000000e15ca00000,0x000000e15cb00000)]
  0x0000024d920debf0 JavaThread "Daemon Thread 12" [_thread_blocked, id=20564, stack(0x000000e15cb00000,0x000000e15cc00000)]
  0x0000024d968e7ef0 JavaThread "Cancel handler" [_thread_blocked, id=8660, stack(0x000000e15ce00000,0x000000e15cf00000)]
  0x0000024d9390e050 JavaThread "Asynchronous log dispatcher for DefaultDaemonConnection: socket connection from /127.0.0.1:51613 to /127.0.0.1:51938" [_thread_blocked, id=1452, stack(0x000000e15cf00000,0x000000e15d000000)]
  0x0000024d9390e520 JavaThread "Stdin handler" [_thread_blocked, id=19872, stack(0x000000e15e000000,0x000000e15e100000)]
  0x0000024d9390e9f0 JavaThread "Daemon client event forwarder" [_thread_blocked, id=21964, stack(0x000000e15e100000,0x000000e15e200000)]
  0x0000024d9390d1e0 JavaThread "Cache worker for checksums cache (C:\Users\hp\IdeaProjects\j2w-ukol03\.gradle\8.3\checksums)" [_thread_blocked, id=21852, stack(0x000000e15ad00000,0x000000e15ae00000)]
  0x0000024d96f7d510 JavaThread "Cache worker for file hash cache (C:\Users\hp\IdeaProjects\j2w-ukol03\.gradle\8.3\fileHashes)" [_thread_blocked, id=16300, stack(0x000000e15cc00000,0x000000e15cd00000)]
  0x0000024d96f7c6a0 JavaThread "Cache worker for cache directory md-supplier (C:\Users\hp\.gradle\caches\8.3\md-supplier)" [_thread_blocked, id=22376, stack(0x000000e15e200000,0x000000e15e300000)]
  0x0000024d96f7ae90 JavaThread "Cache worker for cache directory md-rule (C:\Users\hp\.gradle\caches\8.3\md-rule)" [_thread_blocked, id=4828, stack(0x000000e15e400000,0x000000e15e500000)]
  0x0000024d96f7b360 JavaThread "Cache worker for dependencies-accessors (C:\Users\hp\IdeaProjects\j2w-ukol03\.gradle\8.3\dependencies-accessors)" [_thread_blocked, id=20316, stack(0x000000e15e800000,0x000000e15e900000)]
  0x0000024d96f7bd00 JavaThread "Cache worker for Build Output Cleanup Cache (C:\Users\hp\IdeaProjects\j2w-ukol03\.gradle\buildOutputCleanup)" [_thread_blocked, id=12052, stack(0x000000e15e900000,0x000000e15ea00000)]
  0x0000024d96f7d9e0 JavaThread "Unconstrained build operations" [_thread_blocked, id=17280, stack(0x000000e15ea00000,0x000000e15eb00000)]
  0x0000024d96f7c1d0 JavaThread "Unconstrained build operations Thread 2" [_thread_blocked, id=17456, stack(0x000000e15eb00000,0x000000e15ec00000)]
  0x0000024d96f7a9c0 JavaThread "Unconstrained build operations Thread 3" [_thread_blocked, id=21536, stack(0x000000e15ec00000,0x000000e15ed00000)]
  0x0000024d96f7d040 JavaThread "Unconstrained build operations Thread 4" [_thread_blocked, id=3024, stack(0x000000e15ed00000,0x000000e15ee00000)]
  0x0000024d96f7b830 JavaThread "Unconstrained build operations Thread 5" [_thread_blocked, id=20300, stack(0x000000e15ee00000,0x000000e15ef00000)]
  0x0000024d9379d400 JavaThread "Unconstrained build operations Thread 6" [_thread_blocked, id=22728, stack(0x000000e15f000000,0x000000e15f100000)]
  0x0000024d9379b720 JavaThread "Unconstrained build operations Thread 7" [_thread_blocked, id=17980, stack(0x000000e15f200000,0x000000e15f300000)]
  0x0000024d96ae6c20 JavaThread "included builds" [_thread_blocked, id=20924, stack(0x000000e15f300000,0x000000e15f400000)]
  0x0000024d91d0e290 JavaThread "Execution worker" [_thread_blocked, id=3680, stack(0x000000e15f400000,0x000000e15f500000)]
  0x0000024d91d0f100 JavaThread "Execution worker Thread 2" [_thread_in_native, id=16768, stack(0x000000e15f500000,0x000000e15f600000)]
  0x0000024d91d0e760 JavaThread "Execution worker Thread 3" [_thread_blocked, id=21240, stack(0x000000e15f600000,0x000000e15f700000)]
  0x0000024d91d0ec30 JavaThread "Execution worker Thread 4" [_thread_blocked, id=21080, stack(0x000000e15f700000,0x000000e15f800000)]
  0x0000024d91d0f5d0 JavaThread "Execution worker Thread 5" [_thread_blocked, id=22332, stack(0x000000e15f800000,0x000000e15f900000)]
  0x0000024d91d0ddc0 JavaThread "Execution worker Thread 6" [_thread_blocked, id=13308, stack(0x000000e15f900000,0x000000e15fa00000)]
  0x0000024d91d10910 JavaThread "Execution worker Thread 7" [_thread_blocked, id=16960, stack(0x000000e15fa00000,0x000000e15fb00000)]
  0x0000024d920e0400 JavaThread "Cache worker for execution history cache (C:\Users\hp\IdeaProjects\j2w-ukol03\.gradle\8.3\executionHistory)" [_thread_blocked, id=12716, stack(0x000000e15fb00000,0x000000e15fc00000)]
  0x0000024d91901e50 JavaThread "Unconstrained build operations Thread 8" [_thread_blocked, id=23468, stack(0x000000e15fc00000,0x000000e15fd00000)]
  0x0000024d91900fe0 JavaThread "Unconstrained build operations Thread 9" [_thread_blocked, id=8824, stack(0x000000e15fd00000,0x000000e15fe00000)]
  0x0000024d91902320 JavaThread "Unconstrained build operations Thread 10" [_thread_blocked, id=18228, stack(0x000000e15fe00000,0x000000e15ff00000)]
  0x0000024d919027f0 JavaThread "Unconstrained build operations Thread 11" [_thread_blocked, id=10504, stack(0x000000e15ff00000,0x000000e160000000)]
  0x0000024d96b48c20 JavaThread "Unconstrained build operations Thread 12" [_thread_blocked, id=23484, stack(0x000000e160000000,0x000000e160100000)]
  0x0000024d96b490f0 JavaThread "Unconstrained build operations Thread 13" [_thread_blocked, id=10720, stack(0x000000e160100000,0x000000e160200000)]
  0x0000024d96b460d0 JavaThread "Unconstrained build operations Thread 14" [_thread_blocked, id=9900, stack(0x000000e160200000,0x000000e160300000)]
  0x0000024d96b465a0 JavaThread "Unconstrained build operations Thread 15" [_thread_blocked, id=17756, stack(0x000000e160300000,0x000000e160400000)]
  0x0000024d96b46a70 JavaThread "Unconstrained build operations Thread 16" [_thread_blocked, id=22632, stack(0x000000e160400000,0x000000e160500000)]
  0x0000024d96b495c0 JavaThread "Unconstrained build operations Thread 17" [_thread_blocked, id=11824, stack(0x000000e160500000,0x000000e160600000)]
  0x0000024d96b46f40 JavaThread "Unconstrained build operations Thread 18" [_thread_blocked, id=8384, stack(0x000000e160600000,0x000000e160700000)]
  0x0000024d96b48750 JavaThread "Unconstrained build operations Thread 19" [_thread_blocked, id=10592, stack(0x000000e160700000,0x000000e160800000)]
  0x0000024d96b45c00 JavaThread "Unconstrained build operations Thread 20" [_thread_blocked, id=23172, stack(0x000000e160800000,0x000000e160900000)]
  0x0000024d970f35d0 JavaThread "Unconstrained build operations Thread 21" [_thread_blocked, id=12512, stack(0x000000e160900000,0x000000e160a00000)]
  0x0000024d970f2760 JavaThread "Unconstrained build operations Thread 22" [_thread_blocked, id=10508, stack(0x000000e160a00000,0x000000e160b00000)]
  0x0000024d96b47410 JavaThread "Unconstrained build operations Thread 23" [_thread_blocked, id=17024, stack(0x000000e160b00000,0x000000e160c00000)]
  0x0000024d96b478e0 JavaThread "Unconstrained build operations Thread 24" [_thread_blocked, id=10804, stack(0x000000e160c00000,0x000000e160d00000)]
  0x0000024d96b47db0 JavaThread "Unconstrained build operations Thread 25" [_thread_blocked, id=21980, stack(0x000000e160d00000,0x000000e160e00000)]
  0x0000024d96b48280 JavaThread "Unconstrained build operations Thread 26" [_thread_blocked, id=1716, stack(0x000000e160e00000,0x000000e160f00000)]
  0x0000024d911cd740 JavaThread "Unconstrained build operations Thread 27" [_thread_blocked, id=10796, stack(0x000000e160f00000,0x000000e161000000)]
  0x0000024d911cea80 JavaThread "Unconstrained build operations Thread 28" [_thread_blocked, id=8060, stack(0x000000e161000000,0x000000e161100000)]
  0x0000024d911cb0c0 JavaThread "Unconstrained build operations Thread 29" [_thread_blocked, id=17888, stack(0x000000e161100000,0x000000e161200000)]
  0x0000024d911cdc10 JavaThread "Unconstrained build operations Thread 30" [_thread_blocked, id=14396, stack(0x000000e161200000,0x000000e161300000)]
  0x0000024d911cb590 JavaThread "Unconstrained build operations Thread 31" [_thread_blocked, id=19016, stack(0x000000e161300000,0x000000e161400000)]
  0x0000024d911ce5b0 JavaThread "Unconstrained build operations Thread 32" [_thread_blocked, id=18520, stack(0x000000e161400000,0x000000e161500000)]
  0x0000024d911cc400 JavaThread "Unconstrained build operations Thread 33" [_thread_blocked, id=20584, stack(0x000000e161500000,0x000000e161600000)]
  0x0000024d911ccda0 JavaThread "Unconstrained build operations Thread 34" [_thread_blocked, id=21528, stack(0x000000e161600000,0x000000e161700000)]
  0x0000024d911cba60 JavaThread "Unconstrained build operations Thread 35" [_thread_blocked, id=18468, stack(0x000000e161700000,0x000000e161800000)]
  0x0000024d911ce0e0 JavaThread "Unconstrained build operations Thread 36" [_thread_blocked, id=15204, stack(0x000000e161800000,0x000000e161900000)]
  0x0000024d911cc8d0 JavaThread "Unconstrained build operations Thread 37" [_thread_blocked, id=17760, stack(0x000000e161900000,0x000000e161a00000)]
  0x0000024d911cd270 JavaThread "Unconstrained build operations Thread 38" [_thread_blocked, id=23184, stack(0x000000e161a00000,0x000000e161b00000)]
  0x0000024d911cbf30 JavaThread "Unconstrained build operations Thread 39" [_thread_blocked, id=16748, stack(0x000000e161b00000,0x000000e161c00000)]
  0x0000024d968e7550 JavaThread "Unconstrained build operations Thread 40" [_thread_blocked, id=3932, stack(0x000000e161c00000,0x000000e161d00000)]

Other Threads:
  0x0000024dffd66170 VMThread "VM Thread" [stack: 0x000000e15b400000,0x000000e15b500000] [id=12404]
  0x0000024d8f8ec080 WatcherThread [stack: 0x000000e15c000000,0x000000e15c100000] [id=19416]
  0x0000024df42644c0 GCTaskThread "GC Thread#0" [stack: 0x000000e15af00000,0x000000e15b000000] [id=21940]
  0x0000024d903f0b80 GCTaskThread "GC Thread#1" [stack: 0x000000e15c100000,0x000000e15c200000] [id=1900]
  0x0000024d9045e1c0 GCTaskThread "GC Thread#2" [stack: 0x000000e15c200000,0x000000e15c300000] [id=22700]
  0x0000024d9045e470 GCTaskThread "GC Thread#3" [stack: 0x000000e15c300000,0x000000e15c400000] [id=5976]
  0x0000024d9045e720 GCTaskThread "GC Thread#4" [stack: 0x000000e15c400000,0x000000e15c500000] [id=19080]
  0x0000024d90413fb0 GCTaskThread "GC Thread#5" [stack: 0x000000e15c500000,0x000000e15c600000] [id=23084]
  0x0000024d92383cf0 GCTaskThread "GC Thread#6" [stack: 0x000000e15dd00000,0x000000e15de00000] [id=4136]
  0x0000024d91d147a0 GCTaskThread "GC Thread#7" [stack: 0x000000e15de00000,0x000000e15df00000] [id=464]
  0x0000024df4269310 ConcurrentGCThread "G1 Main Marker" [stack: 0x000000e15b000000,0x000000e15b100000] [id=17296]
  0x0000024df426a470 ConcurrentGCThread "G1 Conc#0" [stack: 0x000000e15b100000,0x000000e15b200000] [id=12308]
  0x0000024d91ac3810 ConcurrentGCThread "G1 Conc#1" [stack: 0x000000e15df00000,0x000000e15e000000] [id=21580]
  0x0000024df430ea10 ConcurrentGCThread "G1 Refine#0" [stack: 0x000000e15b200000,0x000000e15b300000] [id=1472]
  0x0000024d92448e40 ConcurrentGCThread "G1 Refine#1" [stack: 0x000000e15e600000,0x000000e15e700000] [id=21092]
  0x0000024d924496e0 ConcurrentGCThread "G1 Refine#2" [stack: 0x000000e15e700000,0x000000e15e800000] [id=22828]
  0x0000024d964b9be0 ConcurrentGCThread "G1 Refine#3" [stack: 0x000000e162900000,0x000000e162a00000] [id=6308]
  0x0000024d94155cb0 ConcurrentGCThread "G1 Refine#4" [stack: 0x000000e15ac00000,0x000000e15ad00000] [id=20736]
  0x0000024dffc284d0 ConcurrentGCThread "G1 Service" [stack: 0x000000e15b300000,0x000000e15b400000] [id=6016]

Threads with active compile tasks:
C2 CompilerThread0  1083200 18817   !   4       io.spring.gradle.dependencymanagement.org.apache.maven.model.BuildBase::clone (211 bytes)

VM state: not at safepoint (normal execution)

VM Mutex/Monitor currently owned by a thread: None

Heap address: 0x00000000e0000000, size: 512 MB, Compressed Oops mode: 32-bit

CDS archive(s) mapped at: [0x0000000800000000-0x0000000800bc0000-0x0000000800bc0000), size 12320768, SharedBaseAddress: 0x0000000800000000, ArchiveRelocationMode: 0.
Compressed class space mapped at: 0x0000000800c00000-0x0000000814000000, reserved size: 322961408
Narrow klass base: 0x0000000800000000, Narrow klass shift: 0, Narrow klass range: 0x100000000

GC Precious Log:
 CPUs: 8 total, 8 available
 Memory: 6024M
 Large Page Support: Disabled
 NUMA Support: Disabled
 Compressed Oops: Enabled (32-bit)
 Heap Region Size: 1M
 Heap Min Capacity: 256M
 Heap Initial Capacity: 256M
 Heap Max Capacity: 512M
 Pre-touch: Disabled
 Parallel Workers: 8
 Concurrent Workers: 2
 Concurrent Refinement Workers: 8
 Periodic GC: Disabled

Heap:
 garbage-first heap   total 262144K, used 205534K [0x00000000e0000000, 0x0000000100000000)
  region size 1024K, 87 young (89088K), 5 survivors (5120K)
 Metaspace       used 82364K, committed 84352K, reserved 389120K
  class space    used 10906K, committed 11648K, reserved 315392K

Heap Regions: E=young(eden), S=young(survivor), O=old, HS=humongous(starts), HC=humongous(continues), CS=collection set, F=free, OA=open archive, CA=closed archive, TAMS=top-at-mark-start (previous, next)
|   0|0x00000000e0000000, 0x00000000e0100000, 0x00000000e0100000|100%|HS|  |TAMS 0x00000000e0100000, 0x00000000e0000000| Complete 
|   1|0x00000000e0100000, 0x00000000e0200000, 0x00000000e0200000|100%|HC|  |TAMS 0x00000000e0200000, 0x00000000e0100000| Complete 
|   2|0x00000000e0200000, 0x00000000e0300000, 0x00000000e0300000|100%|HC|  |TAMS 0x00000000e0300000, 0x00000000e0200000| Complete 
|   3|0x00000000e0300000, 0x00000000e0400000, 0x00000000e0400000|100%|HC|  |TAMS 0x00000000e0400000, 0x00000000e0300000| Complete 
|   4|0x00000000e0400000, 0x00000000e0500000, 0x00000000e0500000|100%| O|  |TAMS 0x00000000e0500000, 0x00000000e0400000| Untracked 
|   5|0x00000000e0500000, 0x00000000e0600000, 0x00000000e0600000|100%| O|  |TAMS 0x00000000e0600000, 0x00000000e0500000| Untracked 
|   6|0x00000000e0600000, 0x00000000e0700000, 0x00000000e0700000|100%| O|  |TAMS 0x00000000e0700000, 0x00000000e0600000| Untracked 
|   7|0x00000000e0700000, 0x00000000e0800000, 0x00000000e0800000|100%| O|  |TAMS 0x00000000e0800000, 0x00000000e0700000| Untracked 
|   8|0x00000000e0800000, 0x00000000e0900000, 0x00000000e0900000|100%| O|  |TAMS 0x00000000e0900000, 0x00000000e0800000| Untracked 
|   9|0x00000000e0900000, 0x00000000e0a00000, 0x00000000e0a00000|100%| O|  |TAMS 0x00000000e0a00000, 0x00000000e0900000| Untracked 
|  10|0x00000000e0a00000, 0x00000000e0b00000, 0x00000000e0b00000|100%| O|  |TAMS 0x00000000e0b00000, 0x00000000e0a00000| Untracked 
|  11|0x00000000e0b00000, 0x00000000e0c00000, 0x00000000e0c00000|100%| O|  |TAMS 0x00000000e0c00000, 0x00000000e0b00000| Untracked 
|  12|0x00000000e0c00000, 0x00000000e0d00000, 0x00000000e0d00000|100%|HS|  |TAMS 0x00000000e0d00000, 0x00000000e0c00000| Complete 
|  13|0x00000000e0d00000, 0x00000000e0e00000, 0x00000000e0e00000|100%|HC|  |TAMS 0x00000000e0e00000, 0x00000000e0d00000| Complete 
|  14|0x00000000e0e00000, 0x00000000e0f00000, 0x00000000e0f00000|100%|HS|  |TAMS 0x00000000e0f00000, 0x00000000e0e00000| Complete 
|  15|0x00000000e0f00000, 0x00000000e1000000, 0x00000000e1000000|100%|HC|  |TAMS 0x00000000e1000000, 0x00000000e0f00000| Complete 
|  16|0x00000000e1000000, 0x00000000e1100000, 0x00000000e1100000|100%|HC|  |TAMS 0x00000000e1100000, 0x00000000e1000000| Complete 
|  17|0x00000000e1100000, 0x00000000e1200000, 0x00000000e1200000|100%|HS|  |TAMS 0x00000000e1200000, 0x00000000e1100000| Complete 
|  18|0x00000000e1200000, 0x00000000e1300000, 0x00000000e1300000|100%|HC|  |TAMS 0x00000000e1300000, 0x00000000e1200000| Complete 
|  19|0x00000000e1300000, 0x00000000e1400000, 0x00000000e1400000|100%|HC|  |TAMS 0x00000000e1400000, 0x00000000e1300000| Complete 
|  20|0x00000000e1400000, 0x00000000e1500000, 0x00000000e1500000|100%|HS|  |TAMS 0x00000000e1500000, 0x00000000e1400000| Complete 
|  21|0x00000000e1500000, 0x00000000e1600000, 0x00000000e1600000|100%|HC|  |TAMS 0x00000000e1600000, 0x00000000e1500000| Complete 
|  22|0x00000000e1600000, 0x00000000e1700000, 0x00000000e1700000|100%|HC|  |TAMS 0x00000000e1700000, 0x00000000e1600000| Complete 
|  23|0x00000000e1700000, 0x00000000e1800000, 0x00000000e1800000|100%| O|  |TAMS 0x00000000e1800000, 0x00000000e1700000| Untracked 
|  24|0x00000000e1800000, 0x00000000e1900000, 0x00000000e1900000|100%| O|  |TAMS 0x00000000e1900000, 0x00000000e1800000| Untracked 
|  25|0x00000000e1900000, 0x00000000e1a00000, 0x00000000e1a00000|100%| O|  |TAMS 0x00000000e1a00000, 0x00000000e1900000| Untracked 
|  26|0x00000000e1a00000, 0x00000000e1b00000, 0x00000000e1b00000|100%| O|  |TAMS 0x00000000e1b00000, 0x00000000e1a00000| Untracked 
|  27|0x00000000e1b00000, 0x00000000e1c00000, 0x00000000e1c00000|100%| O|  |TAMS 0x00000000e1c00000, 0x00000000e1b00000| Untracked 
|  28|0x00000000e1c00000, 0x00000000e1d00000, 0x00000000e1d00000|100%| O|  |TAMS 0x00000000e1d00000, 0x00000000e1c00000| Untracked 
|  29|0x00000000e1d00000, 0x00000000e1e00000, 0x00000000e1e00000|100%| O|  |TAMS 0x00000000e1e00000, 0x00000000e1d00000| Untracked 
|  30|0x00000000e1e00000, 0x00000000e1f00000, 0x00000000e1f00000|100%| O|  |TAMS 0x00000000e1f00000, 0x00000000e1e00000| Untracked 
|  31|0x00000000e1f00000, 0x00000000e2000000, 0x00000000e2000000|100%| O|  |TAMS 0x00000000e2000000, 0x00000000e1f00000| Untracked 
|  32|0x00000000e2000000, 0x00000000e2100000, 0x00000000e2100000|100%| O|  |TAMS 0x00000000e2100000, 0x00000000e2000000| Untracked 
|  33|0x00000000e2100000, 0x00000000e2200000, 0x00000000e2200000|100%| O|  |TAMS 0x00000000e2200000, 0x00000000e2100000| Untracked 
|  34|0x00000000e2200000, 0x00000000e2300000, 0x00000000e2300000|100%| O|  |TAMS 0x00000000e2300000, 0x00000000e2200000| Untracked 
|  35|0x00000000e2300000, 0x00000000e2400000, 0x00000000e2400000|100%| O|  |TAMS 0x00000000e2400000, 0x00000000e2300000| Untracked 
|  36|0x00000000e2400000, 0x00000000e2500000, 0x00000000e2500000|100%| O|  |TAMS 0x00000000e2500000, 0x00000000e2400000| Untracked 
|  37|0x00000000e2500000, 0x00000000e2600000, 0x00000000e2600000|100%| O|  |TAMS 0x00000000e2600000, 0x00000000e2500000| Untracked 
|  38|0x00000000e2600000, 0x00000000e2700000, 0x00000000e2700000|100%| O|  |TAMS 0x00000000e2700000, 0x00000000e2600000| Untracked 
|  39|0x00000000e2700000, 0x00000000e2800000, 0x00000000e2800000|100%| O|  |TAMS 0x00000000e2800000, 0x00000000e2700000| Untracked 
|  40|0x00000000e2800000, 0x00000000e2900000, 0x00000000e2900000|100%| O|  |TAMS 0x00000000e2900000, 0x00000000e2800000| Untracked 
|  41|0x00000000e2900000, 0x00000000e2a00000, 0x00000000e2a00000|100%| O|  |TAMS 0x00000000e2a00000, 0x00000000e2900000| Untracked 
|  42|0x00000000e2a00000, 0x00000000e2b00000, 0x00000000e2b00000|100%| O|  |TAMS 0x00000000e2b00000, 0x00000000e2a00000| Untracked 
|  43|0x00000000e2b00000, 0x00000000e2c00000, 0x00000000e2c00000|100%| O|  |TAMS 0x00000000e2c00000, 0x00000000e2b00000| Untracked 
|  44|0x00000000e2c00000, 0x00000000e2d00000, 0x00000000e2d00000|100%| O|  |TAMS 0x00000000e2d00000, 0x00000000e2c00000| Untracked 
|  45|0x00000000e2d00000, 0x00000000e2e00000, 0x00000000e2e00000|100%| O|  |TAMS 0x00000000e2e00000, 0x00000000e2d00000| Untracked 
|  46|0x00000000e2e00000, 0x00000000e2f00000, 0x00000000e2f00000|100%| O|  |TAMS 0x00000000e2f00000, 0x00000000e2e00000| Untracked 
|  47|0x00000000e2f00000, 0x00000000e2f00000, 0x00000000e3000000|  0%| F|  |TAMS 0x00000000e2f00000, 0x00000000e2f00000| Untracked 
|  48|0x00000000e3000000, 0x00000000e3100000, 0x00000000e3100000|100%| O|  |TAMS 0x00000000e3100000, 0x00000000e3000000| Untracked 
|  49|0x00000000e3100000, 0x00000000e3200000, 0x00000000e3200000|100%| O|  |TAMS 0x00000000e3200000, 0x00000000e3100000| Untracked 
|  50|0x00000000e3200000, 0x00000000e3300000, 0x00000000e3300000|100%| O|  |TAMS 0x00000000e3300000, 0x00000000e3200000| Untracked 
|  51|0x00000000e3300000, 0x00000000e3400000, 0x00000000e3400000|100%| O|  |TAMS 0x00000000e3400000, 0x00000000e3300000| Untracked 
|  52|0x00000000e3400000, 0x00000000e3500000, 0x00000000e3500000|100%|HS|  |TAMS 0x00000000e3500000, 0x00000000e3400000| Complete 
|  53|0x00000000e3500000, 0x00000000e3600000, 0x00000000e3600000|100%|HC|  |TAMS 0x00000000e3600000, 0x00000000e3500000| Complete 
|  54|0x00000000e3600000, 0x00000000e3700000, 0x00000000e3700000|100%|HS|  |TAMS 0x00000000e3700000, 0x00000000e3600000| Complete 
|  55|0x00000000e3700000, 0x00000000e3800000, 0x00000000e3800000|100%|HC|  |TAMS 0x00000000e3800000, 0x00000000e3700000| Complete 
|  56|0x00000000e3800000, 0x00000000e3900000, 0x00000000e3900000|100%|HC|  |TAMS 0x00000000e3900000, 0x00000000e3800000| Complete 
|  57|0x00000000e3900000, 0x00000000e3a00000, 0x00000000e3a00000|100%|HC|  |TAMS 0x00000000e3a00000, 0x00000000e3900000| Complete 
|  58|0x00000000e3a00000, 0x00000000e3b00000, 0x00000000e3b00000|100%|HC|  |TAMS 0x00000000e3b00000, 0x00000000e3a00000| Complete 
|  59|0x00000000e3b00000, 0x00000000e3c00000, 0x00000000e3c00000|100%|HC|  |TAMS 0x00000000e3c00000, 0x00000000e3b00000| Complete 
|  60|0x00000000e3c00000, 0x00000000e3d00000, 0x00000000e3d00000|100%|HS|  |TAMS 0x00000000e3d00000, 0x00000000e3c00000| Complete 
|  61|0x00000000e3d00000, 0x00000000e3e00000, 0x00000000e3e00000|100%|HS|  |TAMS 0x00000000e3e00000, 0x00000000e3d00000| Complete 
|  62|0x00000000e3e00000, 0x00000000e3f00000, 0x00000000e3f00000|100%|HC|  |TAMS 0x00000000e3f00000, 0x00000000e3e00000| Complete 
|  63|0x00000000e3f00000, 0x00000000e4000000, 0x00000000e4000000|100%|HS|  |TAMS 0x00000000e4000000, 0x00000000e3f00000| Complete 
|  64|0x00000000e4000000, 0x00000000e4100000, 0x00000000e4100000|100%|HC|  |TAMS 0x00000000e4100000, 0x00000000e4000000| Complete 
|  65|0x00000000e4100000, 0x00000000e4200000, 0x00000000e4200000|100%|HC|  |TAMS 0x00000000e4200000, 0x00000000e4100000| Complete 
|  66|0x00000000e4200000, 0x00000000e4300000, 0x00000000e4300000|100%|HS|  |TAMS 0x00000000e4300000, 0x00000000e4200000| Complete 
|  67|0x00000000e4300000, 0x00000000e4400000, 0x00000000e4400000|100%|HC|  |TAMS 0x00000000e4400000, 0x00000000e4300000| Complete 
|  68|0x00000000e4400000, 0x00000000e4500000, 0x00000000e4500000|100%|HC|  |TAMS 0x00000000e4500000, 0x00000000e4400000| Complete 
|  69|0x00000000e4500000, 0x00000000e4600000, 0x00000000e4600000|100%|HS|  |TAMS 0x00000000e4600000, 0x00000000e4500000| Complete 
|  70|0x00000000e4600000, 0x00000000e4700000, 0x00000000e4700000|100%|HC|  |TAMS 0x00000000e4700000, 0x00000000e4600000| Complete 
|  71|0x00000000e4700000, 0x00000000e4800000, 0x00000000e4800000|100%|HC|  |TAMS 0x00000000e4800000, 0x00000000e4700000| Complete 
|  72|0x00000000e4800000, 0x00000000e4900000, 0x00000000e4900000|100%|HS|  |TAMS 0x00000000e4900000, 0x00000000e4800000| Complete 
|  73|0x00000000e4900000, 0x00000000e4a00000, 0x00000000e4a00000|100%|HC|  |TAMS 0x00000000e4a00000, 0x00000000e4900000| Complete 
|  74|0x00000000e4a00000, 0x00000000e4b00000, 0x00000000e4b00000|100%|HS|  |TAMS 0x00000000e4b00000, 0x00000000e4a00000| Complete 
|  75|0x00000000e4b00000, 0x00000000e4c00000, 0x00000000e4c00000|100%|HC|  |TAMS 0x00000000e4c00000, 0x00000000e4b00000| Complete 
|  76|0x00000000e4c00000, 0x00000000e4d00000, 0x00000000e4d00000|100%|HC|  |TAMS 0x00000000e4d00000, 0x00000000e4c00000| Complete 
|  77|0x00000000e4d00000, 0x00000000e4e00000, 0x00000000e4e00000|100%|HC|  |TAMS 0x00000000e4e00000, 0x00000000e4d00000| Complete 
|  78|0x00000000e4e00000, 0x00000000e4f00000, 0x00000000e4f00000|100%|HC|  |TAMS 0x00000000e4f00000, 0x00000000e4e00000| Complete 
|  79|0x00000000e4f00000, 0x00000000e5000000, 0x00000000e5000000|100%|HC|  |TAMS 0x00000000e5000000, 0x00000000e4f00000| Complete 
|  80|0x00000000e5000000, 0x00000000e5100000, 0x00000000e5100000|100%|HS|  |TAMS 0x00000000e5100000, 0x00000000e5000000| Complete 
|  81|0x00000000e5100000, 0x00000000e5200000, 0x00000000e5200000|100%| O|  |TAMS 0x00000000e5200000, 0x00000000e5100000| Untracked 
|  82|0x00000000e5200000, 0x00000000e5300000, 0x00000000e5300000|100%| O|  |TAMS 0x00000000e5300000, 0x00000000e5200000| Untracked 
|  83|0x00000000e5300000, 0x00000000e5400000, 0x00000000e5400000|100%| O|  |TAMS 0x00000000e5400000, 0x00000000e5300000| Untracked 
|  84|0x00000000e5400000, 0x00000000e5500000, 0x00000000e5500000|100%| O|  |TAMS 0x00000000e5500000, 0x00000000e5400000| Untracked 
|  85|0x00000000e5500000, 0x00000000e5600000, 0x00000000e5600000|100%| O|  |TAMS 0x00000000e5600000, 0x00000000e5500000| Untracked 
|  86|0x00000000e5600000, 0x00000000e5700000, 0x00000000e5700000|100%| O|  |TAMS 0x00000000e5700000, 0x00000000e5600000| Untracked 
|  87|0x00000000e5700000, 0x00000000e5800000, 0x00000000e5800000|100%| O|  |TAMS 0x00000000e5800000, 0x00000000e5700000| Complete 
|  88|0x00000000e5800000, 0x00000000e5900000, 0x00000000e5900000|100%| O|  |TAMS 0x00000000e5900000, 0x00000000e5800000| Untracked 
|  89|0x00000000e5900000, 0x00000000e5a00000, 0x00000000e5a00000|100%| O|  |TAMS 0x00000000e5a00000, 0x00000000e5900000| Untracked 
|  90|0x00000000e5a00000, 0x00000000e5b00000, 0x00000000e5b00000|100%| O|  |TAMS 0x00000000e5b00000, 0x00000000e5a00000| Untracked 
|  91|0x00000000e5b00000, 0x00000000e5c00000, 0x00000000e5c00000|100%| O|  |TAMS 0x00000000e5c00000, 0x00000000e5b00000| Untracked 
|  92|0x00000000e5c00000, 0x00000000e5d00000, 0x00000000e5d00000|100%| O|  |TAMS 0x00000000e5d00000, 0x00000000e5c00000| Untracked 
|  93|0x00000000e5d00000, 0x00000000e5e00000, 0x00000000e5e00000|100%| O|  |TAMS 0x00000000e5e00000, 0x00000000e5d00000| Untracked 
|  94|0x00000000e5e00000, 0x00000000e5f00000, 0x00000000e5f00000|100%| O|  |TAMS 0x00000000e5f00000, 0x00000000e5e00000| Untracked 
|  95|0x00000000e5f00000, 0x00000000e6000000, 0x00000000e6000000|100%| O|  |TAMS 0x00000000e6000000, 0x00000000e5f00000| Untracked 
|  96|0x00000000e6000000, 0x00000000e6100000, 0x00000000e6100000|100%| O|  |TAMS 0x00000000e6100000, 0x00000000e6000000| Untracked 
|  97|0x00000000e6100000, 0x00000000e6200000, 0x00000000e6200000|100%| O|  |TAMS 0x00000000e6200000, 0x00000000e6100000| Complete 
|  98|0x00000000e6200000, 0x00000000e6300000, 0x00000000e6300000|100%| O|  |TAMS 0x00000000e6300000, 0x00000000e6200000| Untracked 
|  99|0x00000000e6300000, 0x00000000e6400000, 0x00000000e6400000|100%| O|  |TAMS 0x00000000e6400000, 0x00000000e6300000| Untracked 
| 100|0x00000000e6400000, 0x00000000e6500000, 0x00000000e6500000|100%| O|  |TAMS 0x00000000e6500000, 0x00000000e6400000| Untracked 
| 101|0x00000000e6500000, 0x00000000e6500000, 0x00000000e6600000|  0%| F|  |TAMS 0x00000000e6500000, 0x00000000e6500000| Untracked 
| 102|0x00000000e6600000, 0x00000000e6600000, 0x00000000e6700000|  0%| F|  |TAMS 0x00000000e6600000, 0x00000000e6600000| Untracked 
| 103|0x00000000e6700000, 0x00000000e6700000, 0x00000000e6800000|  0%| F|  |TAMS 0x00000000e6700000, 0x00000000e6700000| Untracked 
| 104|0x00000000e6800000, 0x00000000e6900000, 0x00000000e6900000|100%| O|  |TAMS 0x00000000e6900000, 0x00000000e6800000| Untracked 
| 105|0x00000000e6900000, 0x00000000e6a00000, 0x00000000e6a00000|100%| O|  |TAMS 0x00000000e6a00000, 0x00000000e6900000| Untracked 
| 106|0x00000000e6a00000, 0x00000000e6a00000, 0x00000000e6b00000|  0%| F|  |TAMS 0x00000000e6a00000, 0x00000000e6a00000| Untracked 
| 107|0x00000000e6b00000, 0x00000000e6c00000, 0x00000000e6c00000|100%| O|  |TAMS 0x00000000e6c00000, 0x00000000e6b00000| Untracked 
| 108|0x00000000e6c00000, 0x00000000e6c00000, 0x00000000e6d00000|  0%| F|  |TAMS 0x00000000e6c00000, 0x00000000e6c00000| Untracked 
| 109|0x00000000e6d00000, 0x00000000e6d00000, 0x00000000e6e00000|  0%| F|  |TAMS 0x00000000e6d00000, 0x00000000e6d00000| Untracked 
| 110|0x00000000e6e00000, 0x00000000e6e00000, 0x00000000e6f00000|  0%| F|  |TAMS 0x00000000e6e00000, 0x00000000e6e00000| Untracked 
| 111|0x00000000e6f00000, 0x00000000e6f00000, 0x00000000e7000000|  0%| F|  |TAMS 0x00000000e6f00000, 0x00000000e6f00000| Untracked 
| 112|0x00000000e7000000, 0x00000000e7000000, 0x00000000e7100000|  0%| F|  |TAMS 0x00000000e7000000, 0x00000000e7000000| Untracked 
| 113|0x00000000e7100000, 0x00000000e7100000, 0x00000000e7200000|  0%| F|  |TAMS 0x00000000e7100000, 0x00000000e7100000| Untracked 
| 114|0x00000000e7200000, 0x00000000e7200000, 0x00000000e7300000|  0%| F|  |TAMS 0x00000000e7200000, 0x00000000e7200000| Untracked 
| 115|0x00000000e7300000, 0x00000000e7300000, 0x00000000e7400000|  0%| F|  |TAMS 0x00000000e7300000, 0x00000000e7300000| Untracked 
| 116|0x00000000e7400000, 0x00000000e7400000, 0x00000000e7500000|  0%| F|  |TAMS 0x00000000e7400000, 0x00000000e7400000| Untracked 
| 117|0x00000000e7500000, 0x00000000e7500000, 0x00000000e7600000|  0%| F|  |TAMS 0x00000000e7500000, 0x00000000e7500000| Untracked 
| 118|0x00000000e7600000, 0x00000000e7600000, 0x00000000e7700000|  0%| F|  |TAMS 0x00000000e7600000, 0x00000000e7600000| Untracked 
| 119|0x00000000e7700000, 0x00000000e7800000, 0x00000000e7800000|100%| O|  |TAMS 0x00000000e7800000, 0x00000000e7700000| Untracked 
| 120|0x00000000e7800000, 0x00000000e7800000, 0x00000000e7900000|  0%| F|  |TAMS 0x00000000e7800000, 0x00000000e7800000| Untracked 
| 121|0x00000000e7900000, 0x00000000e7900000, 0x00000000e7a00000|  0%| F|  |TAMS 0x00000000e7900000, 0x00000000e7900000| Untracked 
| 122|0x00000000e7a00000, 0x00000000e7a00000, 0x00000000e7b00000|  0%| F|  |TAMS 0x00000000e7a00000, 0x00000000e7a00000| Untracked 
| 123|0x00000000e7b00000, 0x00000000e7c00000, 0x00000000e7c00000|100%| O|  |TAMS 0x00000000e7c00000, 0x00000000e7b00000| Untracked 
| 124|0x00000000e7c00000, 0x00000000e7d00000, 0x00000000e7d00000|100%| O|  |TAMS 0x00000000e7d00000, 0x00000000e7c00000| Untracked 
| 125|0x00000000e7d00000, 0x00000000e7e00000, 0x00000000e7e00000|100%| O|  |TAMS 0x00000000e7e00000, 0x00000000e7d00000| Untracked 
| 126|0x00000000e7e00000, 0x00000000e7f00000, 0x00000000e7f00000|100%| O|  |TAMS 0x00000000e7f00000, 0x00000000e7e00000| Untracked 
| 127|0x00000000e7f00000, 0x00000000e7f00000, 0x00000000e8000000|  0%| F|  |TAMS 0x00000000e7f00000, 0x00000000e7f00000| Untracked 
| 128|0x00000000e8000000, 0x00000000e8100000, 0x00000000e8100000|100%| O|  |TAMS 0x00000000e8100000, 0x00000000e8000000| Untracked 
| 129|0x00000000e8100000, 0x00000000e8200000, 0x00000000e8200000|100%| O|  |TAMS 0x00000000e8200000, 0x00000000e8100000| Untracked 
| 130|0x00000000e8200000, 0x00000000e8300000, 0x00000000e8300000|100%| O|  |TAMS 0x00000000e8300000, 0x00000000e8200000| Untracked 
| 131|0x00000000e8300000, 0x00000000e8400000, 0x00000000e8400000|100%| O|  |TAMS 0x00000000e8400000, 0x00000000e8300000| Complete 
| 132|0x00000000e8400000, 0x00000000e8500000, 0x00000000e8500000|100%| O|  |TAMS 0x00000000e8500000, 0x00000000e8400000| Complete 
| 133|0x00000000e8500000, 0x00000000e8600000, 0x00000000e8600000|100%| O|  |TAMS 0x00000000e8600000, 0x00000000e8500000| Complete 
| 134|0x00000000e8600000, 0x00000000e8700000, 0x00000000e8700000|100%| O|  |TAMS 0x00000000e8700000, 0x00000000e8600000| Complete 
| 135|0x00000000e8700000, 0x00000000e8700000, 0x00000000e8800000|  0%| F|  |TAMS 0x00000000e8700000, 0x00000000e8700000| Untracked 
| 136|0x00000000e8800000, 0x00000000e8800000, 0x00000000e8900000|  0%| F|  |TAMS 0x00000000e8800000, 0x00000000e8800000| Untracked 
| 137|0x00000000e8900000, 0x00000000e8900000, 0x00000000e8a00000|  0%| F|  |TAMS 0x00000000e8900000, 0x00000000e8900000| Untracked 
| 138|0x00000000e8a00000, 0x00000000e8b00000, 0x00000000e8b00000|100%| O|  |TAMS 0x00000000e8b00000, 0x00000000e8a00000| Complete 
| 139|0x00000000e8b00000, 0x00000000e8b09c00, 0x00000000e8c00000|  3%| O|  |TAMS 0x00000000e8b09c00, 0x00000000e8b00000| Untracked 
| 140|0x00000000e8c00000, 0x00000000e8c00000, 0x00000000e8d00000|  0%| F|  |TAMS 0x00000000e8c00000, 0x00000000e8c00000| Untracked 
| 141|0x00000000e8d00000, 0x00000000e8d00000, 0x00000000e8e00000|  0%| F|  |TAMS 0x00000000e8d00000, 0x00000000e8d00000| Untracked 
| 142|0x00000000e8e00000, 0x00000000e8e00000, 0x00000000e8f00000|  0%| F|  |TAMS 0x00000000e8e00000, 0x00000000e8e00000| Untracked 
| 143|0x00000000e8f00000, 0x00000000e8f00000, 0x00000000e9000000|  0%| F|  |TAMS 0x00000000e8f00000, 0x00000000e8f00000| Untracked 
| 144|0x00000000e9000000, 0x00000000e9000000, 0x00000000e9100000|  0%| F|  |TAMS 0x00000000e9000000, 0x00000000e9000000| Untracked 
| 145|0x00000000e9100000, 0x00000000e9100000, 0x00000000e9200000|  0%| F|  |TAMS 0x00000000e9100000, 0x00000000e9100000| Untracked 
| 146|0x00000000e9200000, 0x00000000e9200000, 0x00000000e9300000|  0%| F|  |TAMS 0x00000000e9200000, 0x00000000e9200000| Untracked 
| 147|0x00000000e9300000, 0x00000000e9300000, 0x00000000e9400000|  0%| F|  |TAMS 0x00000000e9300000, 0x00000000e9300000| Untracked 
| 148|0x00000000e9400000, 0x00000000e9400000, 0x00000000e9500000|  0%| F|  |TAMS 0x00000000e9400000, 0x00000000e9400000| Untracked 
| 149|0x00000000e9500000, 0x00000000e9500000, 0x00000000e9600000|  0%| F|  |TAMS 0x00000000e9500000, 0x00000000e9500000| Untracked 
| 150|0x00000000e9600000, 0x00000000e9600000, 0x00000000e9700000|  0%| F|  |TAMS 0x00000000e9600000, 0x00000000e9600000| Untracked 
| 151|0x00000000e9700000, 0x00000000e9700000, 0x00000000e9800000|  0%| F|  |TAMS 0x00000000e9700000, 0x00000000e9700000| Untracked 
| 152|0x00000000e9800000, 0x00000000e9800000, 0x00000000e9900000|  0%| F|  |TAMS 0x00000000e9800000, 0x00000000e9800000| Untracked 
| 153|0x00000000e9900000, 0x00000000e9900000, 0x00000000e9a00000|  0%| F|  |TAMS 0x00000000e9900000, 0x00000000e9900000| Untracked 
| 154|0x00000000e9a00000, 0x00000000e9a00000, 0x00000000e9b00000|  0%| F|  |TAMS 0x00000000e9a00000, 0x00000000e9a00000| Untracked 
| 155|0x00000000e9b00000, 0x00000000e9b00000, 0x00000000e9c00000|  0%| F|  |TAMS 0x00000000e9b00000, 0x00000000e9b00000| Untracked 
| 156|0x00000000e9c00000, 0x00000000e9cadde0, 0x00000000e9d00000| 67%| S|CS|TAMS 0x00000000e9c00000, 0x00000000e9c00000| Complete 
| 157|0x00000000e9d00000, 0x00000000e9e00000, 0x00000000e9e00000|100%| S|CS|TAMS 0x00000000e9d00000, 0x00000000e9d00000| Complete 
| 158|0x00000000e9e00000, 0x00000000e9e00000, 0x00000000e9f00000|  0%| F|  |TAMS 0x00000000e9e00000, 0x00000000e9e00000| Untracked 
| 159|0x00000000e9f00000, 0x00000000e9f00000, 0x00000000ea000000|  0%| F|  |TAMS 0x00000000e9f00000, 0x00000000e9f00000| Untracked 
| 160|0x00000000ea000000, 0x00000000ea000000, 0x00000000ea100000|  0%| F|  |TAMS 0x00000000ea000000, 0x00000000ea000000| Untracked 
| 161|0x00000000ea100000, 0x00000000ea100000, 0x00000000ea200000|  0%| F|  |TAMS 0x00000000ea100000, 0x00000000ea100000| Untracked 
| 162|0x00000000ea200000, 0x00000000ea300000, 0x00000000ea300000|100%| S|CS|TAMS 0x00000000ea200000, 0x00000000ea200000| Complete 
| 163|0x00000000ea300000, 0x00000000ea400000, 0x00000000ea400000|100%| S|CS|TAMS 0x00000000ea300000, 0x00000000ea300000| Complete 
| 164|0x00000000ea400000, 0x00000000ea500000, 0x00000000ea500000|100%| S|CS|TAMS 0x00000000ea400000, 0x00000000ea400000| Complete 
| 165|0x00000000ea500000, 0x00000000ea500000, 0x00000000ea600000|  0%| F|  |TAMS 0x00000000ea500000, 0x00000000ea500000| Untracked 
| 166|0x00000000ea600000, 0x00000000ea600000, 0x00000000ea700000|  0%| F|  |TAMS 0x00000000ea600000, 0x00000000ea600000| Untracked 
| 167|0x00000000ea700000, 0x00000000ea700000, 0x00000000ea800000|  0%| F|  |TAMS 0x00000000ea700000, 0x00000000ea700000| Untracked 
| 168|0x00000000ea800000, 0x00000000ea800000, 0x00000000ea900000|  0%| F|  |TAMS 0x00000000ea800000, 0x00000000ea800000| Untracked 
| 169|0x00000000ea900000, 0x00000000ea900000, 0x00000000eaa00000|  0%| F|  |TAMS 0x00000000ea900000, 0x00000000ea900000| Untracked 
| 170|0x00000000eaa00000, 0x00000000eaa00000, 0x00000000eab00000|  0%| F|  |TAMS 0x00000000eaa00000, 0x00000000eaa00000| Untracked 
| 171|0x00000000eab00000, 0x00000000eab00000, 0x00000000eac00000|  0%| F|  |TAMS 0x00000000eab00000, 0x00000000eab00000| Untracked 
| 172|0x00000000eac00000, 0x00000000eac00000, 0x00000000ead00000|  0%| F|  |TAMS 0x00000000eac00000, 0x00000000eac00000| Untracked 
| 173|0x00000000ead00000, 0x00000000ead7e280, 0x00000000eae00000| 49%| E|  |TAMS 0x00000000ead00000, 0x00000000ead00000| Complete 
| 174|0x00000000eae00000, 0x00000000eaf00000, 0x00000000eaf00000|100%| E|CS|TAMS 0x00000000eae00000, 0x00000000eae00000| Complete 
| 175|0x00000000eaf00000, 0x00000000eb000000, 0x00000000eb000000|100%| E|CS|TAMS 0x00000000eaf00000, 0x00000000eaf00000| Complete 
| 176|0x00000000eb000000, 0x00000000eb100000, 0x00000000eb100000|100%| E|CS|TAMS 0x00000000eb000000, 0x00000000eb000000| Complete 
| 177|0x00000000eb100000, 0x00000000eb200000, 0x00000000eb200000|100%| E|CS|TAMS 0x00000000eb100000, 0x00000000eb100000| Complete 
| 178|0x00000000eb200000, 0x00000000eb300000, 0x00000000eb300000|100%| E|  |TAMS 0x00000000eb200000, 0x00000000eb200000| Complete 
| 179|0x00000000eb300000, 0x00000000eb400000, 0x00000000eb400000|100%| E|CS|TAMS 0x00000000eb300000, 0x00000000eb300000| Complete 
| 180|0x00000000eb400000, 0x00000000eb500000, 0x00000000eb500000|100%| E|CS|TAMS 0x00000000eb400000, 0x00000000eb400000| Complete 
| 181|0x00000000eb500000, 0x00000000eb600000, 0x00000000eb600000|100%| E|CS|TAMS 0x00000000eb500000, 0x00000000eb500000| Complete 
| 182|0x00000000eb600000, 0x00000000eb700000, 0x00000000eb700000|100%| E|CS|TAMS 0x00000000eb600000, 0x00000000eb600000| Complete 
| 183|0x00000000eb700000, 0x00000000eb800000, 0x00000000eb800000|100%| E|CS|TAMS 0x00000000eb700000, 0x00000000eb700000| Complete 
| 184|0x00000000eb800000, 0x00000000eb900000, 0x00000000eb900000|100%| E|CS|TAMS 0x00000000eb800000, 0x00000000eb800000| Complete 
| 185|0x00000000eb900000, 0x00000000eba00000, 0x00000000eba00000|100%| E|CS|TAMS 0x00000000eb900000, 0x00000000eb900000| Complete 
| 186|0x00000000eba00000, 0x00000000ebb00000, 0x00000000ebb00000|100%| E|CS|TAMS 0x00000000eba00000, 0x00000000eba00000| Complete 
| 187|0x00000000ebb00000, 0x00000000ebc00000, 0x00000000ebc00000|100%| E|CS|TAMS 0x00000000ebb00000, 0x00000000ebb00000| Complete 
| 188|0x00000000ebc00000, 0x00000000ebd00000, 0x00000000ebd00000|100%| E|CS|TAMS 0x00000000ebc00000, 0x00000000ebc00000| Complete 
| 189|0x00000000ebd00000, 0x00000000ebe00000, 0x00000000ebe00000|100%| E|CS|TAMS 0x00000000ebd00000, 0x00000000ebd00000| Complete 
| 190|0x00000000ebe00000, 0x00000000ebf00000, 0x00000000ebf00000|100%| E|CS|TAMS 0x00000000ebe00000, 0x00000000ebe00000| Complete 
| 191|0x00000000ebf00000, 0x00000000ec000000, 0x00000000ec000000|100%| E|CS|TAMS 0x00000000ebf00000, 0x00000000ebf00000| Complete 
| 192|0x00000000ec000000, 0x00000000ec100000, 0x00000000ec100000|100%| E|CS|TAMS 0x00000000ec000000, 0x00000000ec000000| Complete 
| 193|0x00000000ec100000, 0x00000000ec200000, 0x00000000ec200000|100%| E|CS|TAMS 0x00000000ec100000, 0x00000000ec100000| Complete 
| 194|0x00000000ec200000, 0x00000000ec300000, 0x00000000ec300000|100%| E|CS|TAMS 0x00000000ec200000, 0x00000000ec200000| Complete 
| 195|0x00000000ec300000, 0x00000000ec400000, 0x00000000ec400000|100%| E|CS|TAMS 0x00000000ec300000, 0x00000000ec300000| Complete 
| 196|0x00000000ec400000, 0x00000000ec500000, 0x00000000ec500000|100%| E|CS|TAMS 0x00000000ec400000, 0x00000000ec400000| Complete 
| 197|0x00000000ec500000, 0x00000000ec600000, 0x00000000ec600000|100%| E|CS|TAMS 0x00000000ec500000, 0x00000000ec500000| Complete 
| 198|0x00000000ec600000, 0x00000000ec700000, 0x00000000ec700000|100%| E|CS|TAMS 0x00000000ec600000, 0x00000000ec600000| Complete 
| 199|0x00000000ec700000, 0x00000000ec800000, 0x00000000ec800000|100%| E|CS|TAMS 0x00000000ec700000, 0x00000000ec700000| Complete 
| 200|0x00000000ec800000, 0x00000000ec900000, 0x00000000ec900000|100%| E|CS|TAMS 0x00000000ec800000, 0x00000000ec800000| Complete 
| 201|0x00000000ec900000, 0x00000000eca00000, 0x00000000eca00000|100%| E|CS|TAMS 0x00000000ec900000, 0x00000000ec900000| Complete 
| 202|0x00000000eca00000, 0x00000000ecb00000, 0x00000000ecb00000|100%| E|CS|TAMS 0x00000000eca00000, 0x00000000eca00000| Complete 
| 203|0x00000000ecb00000, 0x00000000ecc00000, 0x00000000ecc00000|100%| E|CS|TAMS 0x00000000ecb00000, 0x00000000ecb00000| Complete 
| 204|0x00000000ecc00000, 0x00000000ecd00000, 0x00000000ecd00000|100%| E|CS|TAMS 0x00000000ecc00000, 0x00000000ecc00000| Complete 
| 205|0x00000000ecd00000, 0x00000000ece00000, 0x00000000ece00000|100%| E|CS|TAMS 0x00000000ecd00000, 0x00000000ecd00000| Complete 
| 206|0x00000000ece00000, 0x00000000ecf00000, 0x00000000ecf00000|100%| E|CS|TAMS 0x00000000ece00000, 0x00000000ece00000| Complete 
| 207|0x00000000ecf00000, 0x00000000ed000000, 0x00000000ed000000|100%| E|CS|TAMS 0x00000000ecf00000, 0x00000000ecf00000| Complete 
| 208|0x00000000ed000000, 0x00000000ed100000, 0x00000000ed100000|100%| E|CS|TAMS 0x00000000ed000000, 0x00000000ed000000| Complete 
| 209|0x00000000ed100000, 0x00000000ed200000, 0x00000000ed200000|100%| E|CS|TAMS 0x00000000ed100000, 0x00000000ed100000| Complete 
| 210|0x00000000ed200000, 0x00000000ed300000, 0x00000000ed300000|100%| E|CS|TAMS 0x00000000ed200000, 0x00000000ed200000| Complete 
| 211|0x00000000ed300000, 0x00000000ed400000, 0x00000000ed400000|100%| E|CS|TAMS 0x00000000ed300000, 0x00000000ed300000| Complete 
| 212|0x00000000ed400000, 0x00000000ed500000, 0x00000000ed500000|100%| E|CS|TAMS 0x00000000ed400000, 0x00000000ed400000| Complete 
| 213|0x00000000ed500000, 0x00000000ed600000, 0x00000000ed600000|100%| E|CS|TAMS 0x00000000ed500000, 0x00000000ed500000| Complete 
| 214|0x00000000ed600000, 0x00000000ed700000, 0x00000000ed700000|100%| E|CS|TAMS 0x00000000ed600000, 0x00000000ed600000| Complete 
| 215|0x00000000ed700000, 0x00000000ed800000, 0x00000000ed800000|100%| E|CS|TAMS 0x00000000ed700000, 0x00000000ed700000| Complete 
| 216|0x00000000ed800000, 0x00000000ed900000, 0x00000000ed900000|100%| E|CS|TAMS 0x00000000ed800000, 0x00000000ed800000| Complete 
| 217|0x00000000ed900000, 0x00000000eda00000, 0x00000000eda00000|100%| E|CS|TAMS 0x00000000ed900000, 0x00000000ed900000| Complete 
| 218|0x00000000eda00000, 0x00000000edb00000, 0x00000000edb00000|100%| E|CS|TAMS 0x00000000eda00000, 0x00000000eda00000| Complete 
| 219|0x00000000edb00000, 0x00000000edc00000, 0x00000000edc00000|100%| E|CS|TAMS 0x00000000edb00000, 0x00000000edb00000| Complete 
| 220|0x00000000edc00000, 0x00000000edd00000, 0x00000000edd00000|100%| E|CS|TAMS 0x00000000edc00000, 0x00000000edc00000| Complete 
| 221|0x00000000edd00000, 0x00000000ede00000, 0x00000000ede00000|100%| E|CS|TAMS 0x00000000edd00000, 0x00000000edd00000| Complete 
| 222|0x00000000ede00000, 0x00000000edf00000, 0x00000000edf00000|100%| E|CS|TAMS 0x00000000ede00000, 0x00000000ede00000| Complete 
| 223|0x00000000edf00000, 0x00000000ee000000, 0x00000000ee000000|100%| E|CS|TAMS 0x00000000edf00000, 0x00000000edf00000| Complete 
| 224|0x00000000ee000000, 0x00000000ee100000, 0x00000000ee100000|100%| E|CS|TAMS 0x00000000ee000000, 0x00000000ee000000| Complete 
| 225|0x00000000ee100000, 0x00000000ee200000, 0x00000000ee200000|100%| E|CS|TAMS 0x00000000ee100000, 0x00000000ee100000| Complete 
| 226|0x00000000ee200000, 0x00000000ee300000, 0x00000000ee300000|100%| E|CS|TAMS 0x00000000ee200000, 0x00000000ee200000| Complete 
| 227|0x00000000ee300000, 0x00000000ee400000, 0x00000000ee400000|100%| E|CS|TAMS 0x00000000ee300000, 0x00000000ee300000| Complete 
| 228|0x00000000ee400000, 0x00000000ee500000, 0x00000000ee500000|100%| E|CS|TAMS 0x00000000ee400000, 0x00000000ee400000| Complete 
| 229|0x00000000ee500000, 0x00000000ee600000, 0x00000000ee600000|100%| E|CS|TAMS 0x00000000ee500000, 0x00000000ee500000| Complete 
| 230|0x00000000ee600000, 0x00000000ee700000, 0x00000000ee700000|100%| E|CS|TAMS 0x00000000ee600000, 0x00000000ee600000| Complete 
| 231|0x00000000ee700000, 0x00000000ee800000, 0x00000000ee800000|100%| E|CS|TAMS 0x00000000ee700000, 0x00000000ee700000| Complete 
| 232|0x00000000ee800000, 0x00000000ee900000, 0x00000000ee900000|100%| E|CS|TAMS 0x00000000ee800000, 0x00000000ee800000| Complete 
| 233|0x00000000ee900000, 0x00000000eea00000, 0x00000000eea00000|100%| E|CS|TAMS 0x00000000ee900000, 0x00000000ee900000| Complete 
| 234|0x00000000eea00000, 0x00000000eeb00000, 0x00000000eeb00000|100%| E|CS|TAMS 0x00000000eea00000, 0x00000000eea00000| Complete 
| 235|0x00000000eeb00000, 0x00000000eec00000, 0x00000000eec00000|100%| E|CS|TAMS 0x00000000eeb00000, 0x00000000eeb00000| Complete 
| 236|0x00000000eec00000, 0x00000000eed00000, 0x00000000eed00000|100%| E|CS|TAMS 0x00000000eec00000, 0x00000000eec00000| Complete 
| 237|0x00000000eed00000, 0x00000000eee00000, 0x00000000eee00000|100%| E|CS|TAMS 0x00000000eed00000, 0x00000000eed00000| Complete 
| 238|0x00000000eee00000, 0x00000000eef00000, 0x00000000eef00000|100%| E|CS|TAMS 0x00000000eee00000, 0x00000000eee00000| Complete 
| 239|0x00000000eef00000, 0x00000000ef000000, 0x00000000ef000000|100%| E|CS|TAMS 0x00000000eef00000, 0x00000000eef00000| Complete 
| 240|0x00000000ef000000, 0x00000000ef100000, 0x00000000ef100000|100%| E|CS|TAMS 0x00000000ef000000, 0x00000000ef000000| Complete 
| 241|0x00000000ef100000, 0x00000000ef200000, 0x00000000ef200000|100%| E|CS|TAMS 0x00000000ef100000, 0x00000000ef100000| Complete 
| 242|0x00000000ef200000, 0x00000000ef300000, 0x00000000ef300000|100%| E|CS|TAMS 0x00000000ef200000, 0x00000000ef200000| Complete 
| 243|0x00000000ef300000, 0x00000000ef400000, 0x00000000ef400000|100%| E|CS|TAMS 0x00000000ef300000, 0x00000000ef300000| Complete 
| 244|0x00000000ef400000, 0x00000000ef500000, 0x00000000ef500000|100%| E|CS|TAMS 0x00000000ef400000, 0x00000000ef400000| Complete 
| 245|0x00000000ef500000, 0x00000000ef600000, 0x00000000ef600000|100%| E|CS|TAMS 0x00000000ef500000, 0x00000000ef500000| Complete 
| 246|0x00000000ef600000, 0x00000000ef700000, 0x00000000ef700000|100%| E|CS|TAMS 0x00000000ef600000, 0x00000000ef600000| Complete 
| 247|0x00000000ef700000, 0x00000000ef800000, 0x00000000ef800000|100%| E|CS|TAMS 0x00000000ef700000, 0x00000000ef700000| Complete 
| 248|0x00000000ef800000, 0x00000000ef900000, 0x00000000ef900000|100%| E|CS|TAMS 0x00000000ef800000, 0x00000000ef800000| Complete 
| 249|0x00000000ef900000, 0x00000000efa00000, 0x00000000efa00000|100%| E|CS|TAMS 0x00000000ef900000, 0x00000000ef900000| Complete 
| 250|0x00000000efa00000, 0x00000000efb00000, 0x00000000efb00000|100%| E|CS|TAMS 0x00000000efa00000, 0x00000000efa00000| Complete 
| 251|0x00000000efb00000, 0x00000000efc00000, 0x00000000efc00000|100%| E|CS|TAMS 0x00000000efb00000, 0x00000000efb00000| Complete 
| 252|0x00000000efc00000, 0x00000000efd00000, 0x00000000efd00000|100%| E|CS|TAMS 0x00000000efc00000, 0x00000000efc00000| Complete 
| 253|0x00000000efd00000, 0x00000000efe00000, 0x00000000efe00000|100%| E|CS|TAMS 0x00000000efd00000, 0x00000000efd00000| Complete 
| 254|0x00000000efe00000, 0x00000000eff00000, 0x00000000eff00000|100%| E|CS|TAMS 0x00000000efe00000, 0x00000000efe00000| Complete 
| 255|0x00000000eff00000, 0x00000000f0000000, 0x00000000f0000000|100%| E|CS|TAMS 0x00000000eff00000, 0x00000000eff00000| Complete 

Card table byte_map: [0x0000024dfc170000,0x0000024dfc270000] _byte_map_base: 0x0000024dfba70000

Marking Bits (Prev, Next): (CMBitMap*) 0x0000024df42649e0, (CMBitMap*) 0x0000024df4264a20
 Prev Bits: [0x0000024dfc370000, 0x0000024dfcb70000)
 Next Bits: [0x0000024dfcb70000, 0x0000024dfd370000)

Polling page: 0x0000024df3a10000

Metaspace:

Usage:
  Non-class:     69.78 MB used.
      Class:     10.65 MB used.
       Both:     80.43 MB used.

Virtual space:
  Non-class space:       72.00 MB reserved,      71.00 MB ( 99%) committed,  9 nodes.
      Class space:      308.00 MB reserved,      11.38 MB (  4%) committed,  1 nodes.
             Both:      380.00 MB reserved,      82.38 MB ( 22%) committed. 

Chunk freelists:
   Non-Class:  1.65 MB
       Class:  880.00 KB
        Both:  2.51 MB

MaxMetaspaceSize: 384.00 MB
CompressedClassSpaceSize: 308.00 MB
Initial GC threshold: 21.00 MB
Current GC threshold: 137.50 MB
CDS: on
MetaspaceReclaimPolicy: balanced
 - commit_granule_bytes: 65536.
 - commit_granule_words: 8192.
 - virtual_space_node_default_size: 1048576.
 - enlarge_chunks_in_place: 1.
 - new_chunks_are_fully_committed: 0.
 - uncommit_free_chunks: 1.
 - use_allocation_guard: 0.
 - handle_deallocations: 1.


Internal statistics:

num_allocs_failed_limit: 15.
num_arena_births: 1360.
num_arena_deaths: 382.
num_vsnodes_births: 10.
num_vsnodes_deaths: 0.
num_space_committed: 1330.
num_space_uncommitted: 12.
num_chunks_returned_to_freelist: 675.
num_chunks_taken_from_freelist: 5217.
num_chunk_merges: 210.
num_chunk_splits: 3155.
num_chunks_enlarged: 1898.
num_purges: 10.
num_inconsistent_stats: 0.

CodeHeap 'non-profiled nmethods': size=120000Kb used=12103Kb max_used=12103Kb free=107896Kb
 bounds [0x0000024d87ad0000, 0x0000024d886b0000, 0x0000024d8f000000]
CodeHeap 'profiled nmethods': size=120000Kb used=29127Kb max_used=29127Kb free=90872Kb
 bounds [0x0000024d80000000, 0x0000024d81c80000, 0x0000024d87530000]
CodeHeap 'non-nmethods': size=5760Kb used=2384Kb max_used=2479Kb free=3375Kb
 bounds [0x0000024d87530000, 0x0000024d877b0000, 0x0000024d87ad0000]
 total_blobs=15791 nmethods=14881 adapters=821
 compilation: enabled
              stopped_count=0, restarted_count=0
 full_count=0

Compilation events (20 events):
Event: 1082.641 Thread 0x0000024dffd8fd80 18812       3       org.gradle.api.internal.attributes.DefaultAttributesSchema$DefaultAttributeSelectionSchema::disambiguate (141 bytes)
Event: 1082.645 Thread 0x0000024dffd8fd80 nmethod 18812 0x0000024d81c71210 code [0x0000024d81c714e0, 0x0000024d81c724c8]
Event: 1082.645 Thread 0x0000024dffd8fd80 18813       3       org.gradle.api.internal.attributes.DefaultAttributesSchema::disambiguationRules (39 bytes)
Event: 1082.649 Thread 0x0000024dffd8fd80 nmethod 18813 0x0000024d81c72990 code [0x0000024d81c72b80, 0x0000024d81c731f8]
Event: 1082.649 Thread 0x0000024dffd8fd80 18814       3       org.gradle.api.internal.attributes.DefaultDisambiguationRuleChain::execute (9 bytes)
Event: 1082.650 Thread 0x0000024dffd8fd80 nmethod 18814 0x0000024d81c73390 code [0x0000024d81c73540, 0x0000024d81c73808]
Event: 1082.735 Thread 0x0000024dffd8fd80 18815       3       java.util.AbstractCollection::containsAll (38 bytes)
Event: 1082.735 Thread 0x0000024dffd8fd80 nmethod 18815 0x0000024d81c73910 code [0x0000024d81c73b00, 0x0000024d81c74058]
Event: 1082.942 Thread 0x0000024dffd8e3c0 nmethod 18734 0x0000024d8868cf90 code [0x0000024d8868d7a0, 0x0000024d88698178]
Event: 1082.944 Thread 0x0000024dffd8e3c0 18764       4       java.util.regex.Matcher::end (22 bytes)
Event: 1082.945 Thread 0x0000024dffd8e3c0 nmethod 18764 0x0000024d8869e110 code [0x0000024d8869e280, 0x0000024d8869e318]
Event: 1082.945 Thread 0x0000024dffd8e3c0 18737       4       java.util.Arrays::copyOfRange (90 bytes)
Event: 1082.952 Thread 0x0000024dffd8e3c0 nmethod 18737 0x0000024d8869e410 code [0x0000024d8869e5a0, 0x0000024d8869eab8]
Event: 1082.952 Thread 0x0000024dffd8e3c0 18736       4       org.gradle.api.internal.artifacts.ivyservice.resolveengine.graph.builder.NodeState::maybeCollectStrictVersions (68 bytes)
Event: 1082.960 Thread 0x0000024dffd8e3c0 nmethod 18736 0x0000024d8869ed10 code [0x0000024d8869eea0, 0x0000024d8869f058]
Event: 1082.960 Thread 0x0000024dffd8e3c0 18799   !   4       org.gradle.internal.typeconversion.ErrorHandlingNotationParser::parseNotation (98 bytes)
Event: 1082.962 Thread 0x0000024dffd8e3c0 nmethod 18799 0x0000024d8869f310 code [0x0000024d8869f4a0, 0x0000024d8869f598]
Event: 1082.962 Thread 0x0000024dffd8e3c0 18735       4       org.gradle.api.internal.artifacts.ivyservice.resolveengine.graph.builder.ResolveState$$Lambda$594/0x0000000801155cb8::apply (20 bytes)
Event: 1083.032 Thread 0x0000024dffd8e3c0 nmethod 18735 0x0000024d8869f690 code [0x0000024d8869f8a0, 0x0000024d886a1298]
Event: 1083.033 Thread 0x0000024dffd8e3c0 18817   !   4       io.spring.gradle.dependencymanagement.org.apache.maven.model.BuildBase::clone (211 bytes)

GC Heap History (20 events):
Event: 319.159 GC heap before
{Heap before GC invocations=35 (full 0):
 garbage-first heap   total 262144K, used 213800K [0x00000000e0000000, 0x0000000100000000)
  region size 1024K, 101 young (103424K), 14 survivors (14336K)
 Metaspace       used 82507K, committed 83328K, reserved 389120K
  class space    used 11116K, committed 11520K, reserved 315392K
}
Event: 319.194 GC heap after
{Heap after GC invocations=36 (full 0):
 garbage-first heap   total 262144K, used 132999K [0x00000000e0000000, 0x0000000100000000)
  region size 1024K, 7 young (7168K), 7 survivors (7168K)
 Metaspace       used 82507K, committed 83328K, reserved 389120K
  class space    used 11116K, committed 11520K, reserved 315392K
}
Event: 390.276 GC heap before
{Heap before GC invocations=36 (full 0):
 garbage-first heap   total 262144K, used 214919K [0x00000000e0000000, 0x0000000100000000)
  region size 1024K, 88 young (90112K), 7 survivors (7168K)
 Metaspace       used 83497K, committed 84352K, reserved 389120K
  class space    used 11227K, committed 11648K, reserved 315392K
}
Event: 390.528 GC heap after
{Heap after GC invocations=37 (full 0):
 garbage-first heap   total 262144K, used 140467K [0x00000000e0000000, 0x0000000100000000)
  region size 1024K, 10 young (10240K), 10 survivors (10240K)
 Metaspace       used 83497K, committed 84352K, reserved 389120K
  class space    used 11227K, committed 11648K, reserved 315392K
}
Event: 502.841 GC heap before
{Heap before GC invocations=38 (full 0):
 garbage-first heap   total 262144K, used 214195K [0x00000000e0000000, 0x0000000100000000)
  region size 1024K, 83 young (84992K), 10 survivors (10240K)
 Metaspace       used 83790K, committed 84608K, reserved 389120K
  class space    used 11237K, committed 11648K, reserved 315392K
}
Event: 502.935 GC heap after
{Heap after GC invocations=39 (full 0):
 garbage-first heap   total 262144K, used 141893K [0x00000000e0000000, 0x0000000100000000)
  region size 1024K, 7 young (7168K), 7 survivors (7168K)
 Metaspace       used 83790K, committed 84608K, reserved 389120K
  class space    used 11237K, committed 11648K, reserved 315392K
}
Event: 503.042 GC heap before
{Heap before GC invocations=39 (full 0):
 garbage-first heap   total 262144K, used 145989K [0x00000000e0000000, 0x0000000100000000)
  region size 1024K, 12 young (12288K), 7 survivors (7168K)
 Metaspace       used 83790K, committed 84608K, reserved 389120K
  class space    used 11237K, committed 11648K, reserved 315392K
}
Event: 503.084 GC heap after
{Heap after GC invocations=40 (full 0):
 garbage-first heap   total 262144K, used 140220K [0x00000000e0000000, 0x0000000100000000)
  region size 1024K, 2 young (2048K), 2 survivors (2048K)
 Metaspace       used 83790K, committed 84608K, reserved 389120K
  class space    used 11237K, committed 11648K, reserved 315392K
}
Event: 562.560 GC heap before
{Heap before GC invocations=40 (full 0):
 garbage-first heap   total 262144K, used 214972K [0x00000000e0000000, 0x0000000100000000)
  region size 1024K, 76 young (77824K), 2 survivors (2048K)
 Metaspace       used 84072K, committed 84928K, reserved 389120K
  class space    used 11238K, committed 11648K, reserved 315392K
}
Event: 562.606 GC heap after
{Heap after GC invocations=41 (full 0):
 garbage-first heap   total 262144K, used 144653K [0x00000000e0000000, 0x0000000100000000)
  region size 1024K, 6 young (6144K), 6 survivors (6144K)
 Metaspace       used 84072K, committed 84928K, reserved 389120K
  class space    used 11238K, committed 11648K, reserved 315392K
}
Event: 617.878 GC heap before
{Heap before GC invocations=42 (full 0):
 garbage-first heap   total 262144K, used 215309K [0x00000000e0000000, 0x0000000100000000)
  region size 1024K, 76 young (77824K), 6 survivors (6144K)
 Metaspace       used 80966K, committed 84160K, reserved 389120K
  class space    used 10786K, committed 11648K, reserved 315392K
}
Event: 617.990 GC heap after
{Heap after GC invocations=43 (full 0):
 garbage-first heap   total 262144K, used 141778K [0x00000000e0000000, 0x0000000100000000)
  region size 1024K, 6 young (6144K), 6 survivors (6144K)
 Metaspace       used 80966K, committed 84160K, reserved 389120K
  class space    used 10786K, committed 11648K, reserved 315392K
}
Event: 765.891 GC heap before
{Heap before GC invocations=43 (full 0):
 garbage-first heap   total 262144K, used 147922K [0x00000000e0000000, 0x0000000100000000)
  region size 1024K, 12 young (12288K), 6 survivors (6144K)
 Metaspace       used 81022K, committed 84160K, reserved 389120K
  class space    used 10791K, committed 11648K, reserved 315392K
}
Event: 766.175 GC heap after
{Heap after GC invocations=44 (full 0):
 garbage-first heap   total 262144K, used 122142K [0x00000000e0000000, 0x0000000100000000)
  region size 1024K, 2 young (2048K), 2 survivors (2048K)
 Metaspace       used 81022K, committed 84160K, reserved 389120K
  class space    used 10791K, committed 11648K, reserved 315392K
}
Event: 860.080 GC heap before
{Heap before GC invocations=44 (full 0):
 garbage-first heap   total 262144K, used 212254K [0x00000000e0000000, 0x0000000100000000)
  region size 1024K, 91 young (93184K), 2 survivors (2048K)
 Metaspace       used 81815K, committed 84224K, reserved 389120K
  class space    used 10895K, committed 11648K, reserved 315392K
}
Event: 860.166 GC heap after
{Heap after GC invocations=45 (full 0):
 garbage-first heap   total 262144K, used 122755K [0x00000000e0000000, 0x0000000100000000)
  region size 1024K, 2 young (2048K), 2 survivors (2048K)
 Metaspace       used 81815K, committed 84224K, reserved 389120K
  class space    used 10895K, committed 11648K, reserved 315392K
}
Event: 969.340 GC heap before
{Heap before GC invocations=45 (full 0):
 garbage-first heap   total 262144K, used 215939K [0x00000000e0000000, 0x0000000100000000)
  region size 1024K, 94 young (96256K), 2 survivors (2048K)
 Metaspace       used 82075K, committed 84288K, reserved 389120K
  class space    used 10908K, committed 11648K, reserved 315392K
}
Event: 969.418 GC heap after
{Heap after GC invocations=46 (full 0):
 garbage-first heap   total 262144K, used 124389K [0x00000000e0000000, 0x0000000100000000)
  region size 1024K, 4 young (4096K), 4 survivors (4096K)
 Metaspace       used 82075K, committed 84288K, reserved 389120K
  class space    used 10908K, committed 11648K, reserved 315392K
}
Event: 1047.489 GC heap before
{Heap before GC invocations=46 (full 0):
 garbage-first heap   total 262144K, used 216549K [0x00000000e0000000, 0x0000000100000000)
  region size 1024K, 95 young (97280K), 4 survivors (4096K)
 Metaspace       used 82252K, committed 84352K, reserved 389120K
  class space    used 10908K, committed 11648K, reserved 315392K
}
Event: 1047.545 GC heap after
{Heap after GC invocations=47 (full 0):
 garbage-first heap   total 262144K, used 125662K [0x00000000e0000000, 0x0000000100000000)
  region size 1024K, 5 young (5120K), 5 survivors (5120K)
 Metaspace       used 82252K, committed 84352K, reserved 389120K
  class space    used 10908K, committed 11648K, reserved 315392K
}

Dll operation events (14 events):
Event: 0.026 Loaded shared library C:\Users\hp\.jdks\corretto-17.0.6\bin\java.dll
Event: 0.040 Loaded shared library C:\Users\hp\.jdks\corretto-17.0.6\bin\jsvml.dll
Event: 0.158 Loaded shared library C:\Users\hp\.jdks\corretto-17.0.6\bin\zip.dll
Event: 0.167 Loaded shared library C:\Users\hp\.jdks\corretto-17.0.6\bin\instrument.dll
Event: 0.182 Loaded shared library C:\Users\hp\.jdks\corretto-17.0.6\bin\net.dll
Event: 0.189 Loaded shared library C:\Users\hp\.jdks\corretto-17.0.6\bin\nio.dll
Event: 0.198 Loaded shared library C:\Users\hp\.jdks\corretto-17.0.6\bin\zip.dll
Event: 0.798 Loaded shared library C:\Users\hp\.jdks\corretto-17.0.6\bin\jimage.dll
Event: 0.952 Loaded shared library C:\Users\hp\.jdks\corretto-17.0.6\bin\verify.dll
Event: 1.402 Loaded shared library C:\Users\hp\.gradle\native\68d5fa5c4cc2d200863cafc0d521ce42e7d3e7ee720ec0a83991735586a16f82\windows-amd64\native-platform.dll
Event: 1.426 Loaded shared library C:\Users\hp\.gradle\native\e376f236ea51e6404a007f0833ffe2c6e607c4080706a723a18a27aeea778392\windows-amd64\native-platform-file-events.dll
Event: 4.130 Loaded shared library C:\Users\hp\.jdks\corretto-17.0.6\bin\management.dll
Event: 4.141 Loaded shared library C:\Users\hp\.jdks\corretto-17.0.6\bin\management_ext.dll
Event: 5.363 Loaded shared library C:\Users\hp\.jdks\corretto-17.0.6\bin\sunmscapi.dll

Deoptimization events (20 events):
Event: 1081.184 Thread 0x0000024d96ae5db0 DEOPT PACKING pc=0x0000024d88601e60 sp=0x000000e15ccfeb10
Event: 1081.185 Thread 0x0000024d96ae5db0 DEOPT UNPACKING pc=0x0000024d875869a3 sp=0x000000e15ccfeaa8 mode 2
Event: 1081.853 Thread 0x0000024d94055090 Uncommon trap: trap_request=0xffffffd6 fr.pc=0x0000024d8868747c relative=0x000000000000079c
Event: 1081.853 Thread 0x0000024d94055090 Uncommon trap: reason=array_check action=maybe_recompile pc=0x0000024d8868747c method=java.util.AbstractCollection.toArray([Ljava/lang/Object;)[Ljava/lang/Object; @ 116 c2
Event: 1081.853 Thread 0x0000024d94055090 DEOPT PACKING pc=0x0000024d8868747c sp=0x000000e15cdf9600
Event: 1081.853 Thread 0x0000024d94055090 DEOPT UNPACKING pc=0x0000024d875869a3 sp=0x000000e15cdf95b0 mode 2
Event: 1081.853 Thread 0x0000024d94055090 Uncommon trap: trap_request=0xffffffd6 fr.pc=0x0000024d8868747c relative=0x000000000000079c
Event: 1081.853 Thread 0x0000024d94055090 Uncommon trap: reason=array_check action=maybe_recompile pc=0x0000024d8868747c method=java.util.AbstractCollection.toArray([Ljava/lang/Object;)[Ljava/lang/Object; @ 116 c2
Event: 1081.853 Thread 0x0000024d94055090 DEOPT PACKING pc=0x0000024d8868747c sp=0x000000e15cdf9600
Event: 1081.853 Thread 0x0000024d94055090 DEOPT UNPACKING pc=0x0000024d875869a3 sp=0x000000e15cdf95b0 mode 2
Event: 1081.853 Thread 0x0000024d94055090 Uncommon trap: trap_request=0xffffffd6 fr.pc=0x0000024d8868747c relative=0x000000000000079c
Event: 1081.853 Thread 0x0000024d94055090 Uncommon trap: reason=array_check action=maybe_recompile pc=0x0000024d8868747c method=java.util.AbstractCollection.toArray([Ljava/lang/Object;)[Ljava/lang/Object; @ 116 c2
Event: 1081.853 Thread 0x0000024d94055090 DEOPT PACKING pc=0x0000024d8868747c sp=0x000000e15cdf9600
Event: 1081.853 Thread 0x0000024d94055090 DEOPT UNPACKING pc=0x0000024d875869a3 sp=0x000000e15cdf95b0 mode 2
Event: 1081.853 Thread 0x0000024d94055090 Uncommon trap: trap_request=0xffffffd6 fr.pc=0x0000024d8868747c relative=0x000000000000079c
Event: 1081.853 Thread 0x0000024d94055090 Uncommon trap: reason=array_check action=maybe_recompile pc=0x0000024d8868747c method=java.util.AbstractCollection.toArray([Ljava/lang/Object;)[Ljava/lang/Object; @ 116 c2
Event: 1081.853 Thread 0x0000024d94055090 DEOPT PACKING pc=0x0000024d8868747c sp=0x000000e15cdf9600
Event: 1081.853 Thread 0x0000024d94055090 DEOPT UNPACKING pc=0x0000024d875869a3 sp=0x000000e15cdf95b0 mode 2
Event: 1082.958 Thread 0x0000024d91d0f100 DEOPT PACKING pc=0x0000024d80012c32 sp=0x000000e15f5fa3c0
Event: 1082.958 Thread 0x0000024d91d0f100 DEOPT UNPACKING pc=0x0000024d87587143 sp=0x000000e15f5f9880 mode 0

Classes unloaded (20 events):
Event: 563.080 Thread 0x0000024dffd66170 Unloading class 0x0000000800d6a000 'jdk/internal/reflect/GeneratedSerializationConstructorAccessor8'
Event: 563.080 Thread 0x0000024dffd66170 Unloading class 0x0000000800d69c00 'jdk/internal/reflect/GeneratedSerializationConstructorAccessor7'
Event: 563.080 Thread 0x0000024dffd66170 Unloading class 0x0000000800d69800 'jdk/internal/reflect/GeneratedSerializationConstructorAccessor6'
Event: 563.080 Thread 0x0000024dffd66170 Unloading class 0x0000000800d69000 'jdk/internal/reflect/GeneratedSerializationConstructorAccessor4'
Event: 563.080 Thread 0x0000024dffd66170 Unloading class 0x0000000800d68c00 'jdk/internal/reflect/GeneratedSerializationConstructorAccessor3'
Event: 563.080 Thread 0x0000024dffd66170 Unloading class 0x0000000800d68800 'jdk/internal/reflect/GeneratedSerializationConstructorAccessor2'
Event: 563.080 Thread 0x0000024dffd66170 Unloading class 0x0000000800d68400 'jdk/internal/reflect/GeneratedSerializationConstructorAccessor1'
Event: 563.080 Thread 0x0000024dffd66170 Unloading class 0x0000000800cce800 'java/lang/invoke/LambdaForm$MH+0x0000000800cce800'
Event: 563.080 Thread 0x0000024dffd66170 Unloading class 0x0000000800cce000 'java/lang/invoke/LambdaForm$MH+0x0000000800cce000'
Event: 563.080 Thread 0x0000024dffd66170 Unloading class 0x0000000800ccdc00 'java/lang/invoke/LambdaForm$MH+0x0000000800ccdc00'
Event: 563.081 Thread 0x0000024dffd66170 Unloading class 0x0000000800ccd800 'java/lang/invoke/LambdaForm$MH+0x0000000800ccd800'
Event: 563.081 Thread 0x0000024dffd66170 Unloading class 0x0000000800ccd400 'java/lang/invoke/LambdaForm$MH+0x0000000800ccd400'
Event: 563.081 Thread 0x0000024dffd66170 Unloading class 0x0000000800cccc00 'java/lang/invoke/LambdaForm$MH+0x0000000800cccc00'
Event: 1047.961 Thread 0x0000024dffd66170 Unloading class 0x0000000801779800 'jdk/internal/reflect/GeneratedSerializationConstructorAccessor110'
Event: 1047.961 Thread 0x0000024dffd66170 Unloading class 0x0000000801778000 'jdk/internal/reflect/GeneratedSerializationConstructorAccessor105'
Event: 1047.962 Thread 0x0000024dffd66170 Unloading class 0x0000000801465000 'jdk/internal/reflect/GeneratedSerializationConstructorAccessor71'
Event: 1047.962 Thread 0x0000024dffd66170 Unloading class 0x00000008013a0800 'java/lang/invoke/LambdaForm$MH+0x00000008013a0800'
Event: 1047.962 Thread 0x0000024dffd66170 Unloading class 0x00000008013a0400 'java/lang/invoke/LambdaForm$MH+0x00000008013a0400'
Event: 1047.962 Thread 0x0000024dffd66170 Unloading class 0x0000000801390400 'java/lang/invoke/LambdaForm$MH+0x0000000801390400'
Event: 1047.962 Thread 0x0000024dffd66170 Unloading class 0x0000000801174000 'java/lang/invoke/LambdaForm$DMH+0x0000000801174000'

Classes redefined (0 events):
No events

Internal exceptions (20 events):
Event: 968.534 Thread 0x0000024d91d10de0 Exception <a 'java/lang/NoClassDefFoundError'{0x00000000eac85298}: org/jetbrains/kotlin/gradle/plugin/KotlinPluginWrapper> (0x00000000eac85298) 
thrown [s\src\hotspot\share\oops\constantPool.cpp, line 835]
Event: 968.534 Thread 0x0000024d91d10de0 Exception <a 'java/lang/NoClassDefFoundError'{0x00000000eac878e0}: org/graalvm/buildtools/gradle/NativeImagePlugin> (0x00000000eac878e0) 
thrown [s\src\hotspot\share\oops\constantPool.cpp, line 835]
Event: 974.251 Thread 0x0000024d91d112b0 Exception <a 'sun/nio/fs/WindowsException'{0x00000000ec3f4bb8}> (0x00000000ec3f4bb8) 
thrown [s\src\hotspot\share\prims\jni.cpp, line 516]
Event: 974.251 Thread 0x0000024d91d112b0 Exception <a 'sun/nio/fs/WindowsException'{0x00000000ec3f4eb8}> (0x00000000ec3f4eb8) 
thrown [s\src\hotspot\share\prims\jni.cpp, line 516]
Event: 974.463 Thread 0x0000024d91d112b0 Exception <a 'java/lang/reflect/InvocationTargetException'{0x00000000ec19f060}> (0x00000000ec19f060) 
thrown [s\src\hotspot\share\runtime\reflection.cpp, line 1121]
Event: 1042.772 Thread 0x0000024d94055090 Exception <a 'sun/nio/fs/WindowsException'{0x00000000eba15cb0}> (0x00000000eba15cb0) 
thrown [s\src\hotspot\share\prims\jni.cpp, line 516]
Event: 1042.775 Thread 0x0000024d94055090 Exception <a 'sun/nio/fs/WindowsException'{0x00000000eba17218}> (0x00000000eba17218) 
thrown [s\src\hotspot\share\prims\jni.cpp, line 516]
Event: 1042.776 Thread 0x0000024d94055090 Exception <a 'sun/nio/fs/WindowsException'{0x00000000eba18780}> (0x00000000eba18780) 
thrown [s\src\hotspot\share\prims\jni.cpp, line 516]
Event: 1042.777 Thread 0x0000024d94055090 Exception <a 'sun/nio/fs/WindowsException'{0x00000000eba19cc0}> (0x00000000eba19cc0) 
thrown [s\src\hotspot\share\prims\jni.cpp, line 516]
Event: 1045.184 Thread 0x0000024d94055090 Exception <a 'java/lang/NoClassDefFoundError'{0x00000000eb620d90}: org/jetbrains/kotlin/gradle/plugin/KotlinPluginWrapper> (0x00000000eb620d90) 
thrown [s\src\hotspot\share\oops\constantPool.cpp, line 835]
Event: 1045.184 Thread 0x0000024d94055090 Exception <a 'java/lang/NoClassDefFoundError'{0x00000000eb6233d8}: org/graalvm/buildtools/gradle/NativeImagePlugin> (0x00000000eb6233d8) 
thrown [s\src\hotspot\share\oops\constantPool.cpp, line 835]
Event: 1051.948 Thread 0x0000024d968e6bb0 Exception <a 'sun/nio/fs/WindowsException'{0x00000000ecc39a48}> (0x00000000ecc39a48) 
thrown [s\src\hotspot\share\prims\jni.cpp, line 516]
Event: 1051.949 Thread 0x0000024d968e6bb0 Exception <a 'sun/nio/fs/WindowsException'{0x00000000ecc39d48}> (0x00000000ecc39d48) 
thrown [s\src\hotspot\share\prims\jni.cpp, line 516]
Event: 1052.364 Thread 0x0000024d968e6bb0 Exception <a 'java/lang/reflect/InvocationTargetException'{0x00000000ecbf92e8}> (0x00000000ecbf92e8) 
thrown [s\src\hotspot\share\runtime\reflection.cpp, line 1121]
Event: 1081.521 Thread 0x0000024d94055090 Exception <a 'sun/nio/fs/WindowsException'{0x00000000ec4441d8}> (0x00000000ec4441d8) 
thrown [s\src\hotspot\share\prims\jni.cpp, line 516]
Event: 1081.524 Thread 0x0000024d94055090 Exception <a 'sun/nio/fs/WindowsException'{0x00000000ec445740}> (0x00000000ec445740) 
thrown [s\src\hotspot\share\prims\jni.cpp, line 516]
Event: 1081.526 Thread 0x0000024d94055090 Exception <a 'sun/nio/fs/WindowsException'{0x00000000ec446ee8}> (0x00000000ec446ee8) 
thrown [s\src\hotspot\share\prims\jni.cpp, line 516]
Event: 1081.528 Thread 0x0000024d94055090 Exception <a 'sun/nio/fs/WindowsException'{0x00000000ec448428}> (0x00000000ec448428) 
thrown [s\src\hotspot\share\prims\jni.cpp, line 516]
Event: 1082.113 Thread 0x0000024d94055090 Exception <a 'java/lang/NoClassDefFoundError'{0x00000000ec00dde0}: org/jetbrains/kotlin/gradle/plugin/KotlinPluginWrapper> (0x00000000ec00dde0) 
thrown [s\src\hotspot\share\oops\constantPool.cpp, line 835]
Event: 1082.114 Thread 0x0000024d94055090 Exception <a 'java/lang/NoClassDefFoundError'{0x00000000ec010428}: org/graalvm/buildtools/gradle/NativeImagePlugin> (0x00000000ec010428) 
thrown [s\src\hotspot\share\oops\constantPool.cpp, line 835]

VM Operations (20 events):
Event: 1047.476 Executing VM operation: G1CollectForAllocation
Event: 1047.545 Executing VM operation: G1CollectForAllocation done
Event: 1047.956 Executing VM operation: G1Concurrent
Event: 1048.403 Executing VM operation: G1Concurrent done
Event: 1048.493 Executing VM operation: G1Concurrent
Event: 1048.996 Executing VM operation: G1Concurrent done
Event: 1050.005 Executing VM operation: Cleanup
Event: 1050.045 Executing VM operation: Cleanup done
Event: 1051.049 Executing VM operation: Cleanup
Event: 1051.050 Executing VM operation: Cleanup done
Event: 1052.062 Executing VM operation: Cleanup
Event: 1052.063 Executing VM operation: Cleanup done
Event: 1053.072 Executing VM operation: Cleanup
Event: 1053.073 Executing VM operation: Cleanup done
Event: 1059.133 Executing VM operation: Cleanup
Event: 1059.134 Executing VM operation: Cleanup done
Event: 1081.318 Executing VM operation: Cleanup
Event: 1081.319 Executing VM operation: Cleanup done
Event: 1082.329 Executing VM operation: Cleanup
Event: 1082.346 Executing VM operation: Cleanup done

Events (20 events):
Event: 1082.875 Thread 0x0000024d96b465a0 Thread added: 0x0000024d96b465a0
Event: 1082.886 Thread 0x0000024d96b46a70 Thread added: 0x0000024d96b46a70
Event: 1082.899 Thread 0x0000024d96b495c0 Thread added: 0x0000024d96b495c0
Event: 1082.911 Thread 0x0000024d96b46f40 Thread added: 0x0000024d96b46f40
Event: 1082.922 Thread 0x0000024d96b48750 Thread added: 0x0000024d96b48750
Event: 1082.946 Thread 0x0000024d96b45c00 Thread added: 0x0000024d96b45c00
Event: 1082.956 Thread 0x0000024d970f35d0 Thread added: 0x0000024d970f35d0
Event: 1082.964 Thread 0x0000024d970f2760 Thread added: 0x0000024d970f2760
Event: 1082.986 Thread 0x0000024d96b47410 Thread added: 0x0000024d96b47410
Event: 1082.999 Thread 0x0000024d96b478e0 Thread added: 0x0000024d96b478e0
Event: 1083.013 Thread 0x0000024d96b47db0 Thread added: 0x0000024d96b47db0
Event: 1083.024 Thread 0x0000024d96b48280 Thread added: 0x0000024d96b48280
Event: 1083.035 Thread 0x0000024d911cd740 Thread added: 0x0000024d911cd740
Event: 1083.047 Thread 0x0000024d911cea80 Thread added: 0x0000024d911cea80
Event: 1083.055 Thread 0x0000024d911cb0c0 Thread added: 0x0000024d911cb0c0
Event: 1083.063 Thread 0x0000024d911cdc10 Thread added: 0x0000024d911cdc10
Event: 1083.074 Thread 0x0000024d911cb590 Thread added: 0x0000024d911cb590
Event: 1083.088 Thread 0x0000024d911ce5b0 Thread added: 0x0000024d911ce5b0
Event: 1083.096 Thread 0x0000024d911cc400 Thread added: 0x0000024d911cc400
Event: 1083.109 Thread 0x0000024d911ccda0 Thread added: 0x0000024d911ccda0


Dynamic libraries:
0x00007ff66a9f0000 - 0x00007ff66a9fd000 	C:\Users\hp\.jdks\corretto-17.0.6\bin\java.exe
0x00007ff8038d0000 - 0x00007ff803ac7000 	C:\Windows\SYSTEM32\ntdll.dll
0x00007ff8033d0000 - 0x00007ff80348d000 	C:\Windows\System32\KERNEL32.DLL
0x00007ff8014a0000 - 0x00007ff801796000 	C:\Windows\System32\KERNELBASE.dll
0x00007ff801050000 - 0x00007ff801150000 	C:\Windows\System32\ucrtbase.dll
0x00007fffb91d0000 - 0x00007fffb91e5000 	C:\Users\hp\.jdks\corretto-17.0.6\bin\VCRUNTIME140.dll
0x00007fffb90d0000 - 0x00007fffb90e7000 	C:\Users\hp\.jdks\corretto-17.0.6\bin\jli.dll
0x00007ff802d50000 - 0x00007ff802eee000 	C:\Windows\System32\USER32.dll
0x00007ff800f80000 - 0x00007ff800fa2000 	C:\Windows\System32\win32u.dll
0x00007fffe4260000 - 0x00007fffe44fa000 	C:\Windows\WinSxS\amd64_microsoft.windows.common-controls_6595b64144ccf1df_6.0.19041.3570_none_60bb2a3971f3e41a\COMCTL32.dll
0x00007ff801930000 - 0x00007ff80195c000 	C:\Windows\System32\GDI32.dll
0x00007ff8030d0000 - 0x00007ff80316e000 	C:\Windows\System32\msvcrt.dll
0x00007ff8012c0000 - 0x00007ff8013da000 	C:\Windows\System32\gdi32full.dll
0x00007ff800fb0000 - 0x00007ff80104d000 	C:\Windows\System32\msvcp_win.dll
0x00007ff801900000 - 0x00007ff801930000 	C:\Windows\System32\IMM32.DLL
0x00007fffaa660000 - 0x00007fffaa6fb000 	C:\Users\hp\.jdks\corretto-17.0.6\bin\msvcp140.dll
0x00007fff7d7b0000 - 0x00007fff7e3c8000 	C:\Users\hp\.jdks\corretto-17.0.6\bin\server\jvm.dll
0x00007ff803170000 - 0x00007ff80321e000 	C:\Windows\System32\ADVAPI32.dll
0x00007ff803030000 - 0x00007ff8030cc000 	C:\Windows\System32\sechost.dll
0x00007ff801cf0000 - 0x00007ff801e16000 	C:\Windows\System32\RPCRT4.dll
0x00007fffbffd0000 - 0x00007fffbffd9000 	C:\Windows\SYSTEM32\WSOCK32.dll
0x00007ffffae50000 - 0x00007ffffae5a000 	C:\Windows\SYSTEM32\VERSION.dll
0x00007fffe8e60000 - 0x00007fffe8e87000 	C:\Windows\SYSTEM32\WINMM.dll
0x00007ff801f10000 - 0x00007ff801f7b000 	C:\Windows\System32\WS2_32.dll
0x00007ffffedd0000 - 0x00007ffffede2000 	C:\Windows\SYSTEM32\kernel.appcore.dll
0x00007ffffccd0000 - 0x00007ffffccda000 	C:\Users\hp\.jdks\corretto-17.0.6\bin\jimage.dll
0x00007fffecda0000 - 0x00007fffecf84000 	C:\Windows\SYSTEM32\DBGHELP.DLL
0x00007fffe4670000 - 0x00007fffe46a4000 	C:\Windows\SYSTEM32\dbgcore.DLL
0x00007ff801150000 - 0x00007ff8011d2000 	C:\Windows\System32\bcryptPrimitives.dll
0x00007ffff1e20000 - 0x00007ffff1e2e000 	C:\Users\hp\.jdks\corretto-17.0.6\bin\instrument.dll
0x00007fffb98c0000 - 0x00007fffb98e5000 	C:\Users\hp\.jdks\corretto-17.0.6\bin\java.dll
0x00007fffa72f0000 - 0x00007fffa73c6000 	C:\Users\hp\.jdks\corretto-17.0.6\bin\jsvml.dll
0x00007ff802130000 - 0x00007ff802874000 	C:\Windows\System32\SHELL32.dll
0x00007ffffefd0000 - 0x00007fffff76b000 	C:\Windows\SYSTEM32\windows.storage.dll
0x00007ff803500000 - 0x00007ff803854000 	C:\Windows\System32\combase.dll
0x00007ff8009c0000 - 0x00007ff8009ed000 	C:\Windows\SYSTEM32\Wldp.dll
0x00007ff802f80000 - 0x00007ff80302d000 	C:\Windows\System32\SHCORE.dll
0x00007ff802cf0000 - 0x00007ff802d45000 	C:\Windows\System32\shlwapi.dll
0x00007ff800eb0000 - 0x00007ff800ed5000 	C:\Windows\SYSTEM32\profapi.dll
0x00007fffb8a90000 - 0x00007fffb8aa8000 	C:\Users\hp\.jdks\corretto-17.0.6\bin\zip.dll
0x00007fffbc010000 - 0x00007fffbc029000 	C:\Users\hp\.jdks\corretto-17.0.6\bin\net.dll
0x00007ffffa570000 - 0x00007ffffa67a000 	C:\Windows\SYSTEM32\WINHTTP.dll
0x00007ff800720000 - 0x00007ff80078a000 	C:\Windows\system32\mswsock.dll
0x00007fffb9200000 - 0x00007fffb9215000 	C:\Users\hp\.jdks\corretto-17.0.6\bin\nio.dll
0x00007fffbfb90000 - 0x00007fffbfba0000 	C:\Users\hp\.jdks\corretto-17.0.6\bin\verify.dll
0x00007ffff1e30000 - 0x00007ffff1e57000 	C:\Users\hp\.gradle\native\68d5fa5c4cc2d200863cafc0d521ce42e7d3e7ee720ec0a83991735586a16f82\windows-amd64\native-platform.dll
0x00007fffa6720000 - 0x00007fffa6864000 	C:\Users\hp\.gradle\native\e376f236ea51e6404a007f0833ffe2c6e607c4080706a723a18a27aeea778392\windows-amd64\native-platform-file-events.dll
0x00007ffff1e10000 - 0x00007ffff1e19000 	C:\Users\hp\.jdks\corretto-17.0.6\bin\management.dll
0x00007fffc0980000 - 0x00007fffc098b000 	C:\Users\hp\.jdks\corretto-17.0.6\bin\management_ext.dll
0x00007ff801e20000 - 0x00007ff801e28000 	C:\Windows\System32\PSAPI.DLL
0x00007ff800920000 - 0x00007ff800938000 	C:\Windows\SYSTEM32\CRYPTSP.dll
0x00007ffffff60000 - 0x00007ffffff94000 	C:\Windows\system32\rsaenh.dll
0x00007ff801290000 - 0x00007ff8012b7000 	C:\Windows\System32\bcrypt.dll
0x00007ff800e70000 - 0x00007ff800e9e000 	C:\Windows\SYSTEM32\USERENV.dll
0x00007ff800910000 - 0x00007ff80091c000 	C:\Windows\SYSTEM32\CRYPTBASE.dll
0x00007ff8003a0000 - 0x00007ff8003db000 	C:\Windows\SYSTEM32\IPHLPAPI.DLL
0x00007ff801ce0000 - 0x00007ff801ce8000 	C:\Windows\System32\NSI.dll
0x00007ffffa9f0000 - 0x00007ffffaa07000 	C:\Windows\SYSTEM32\dhcpcsvc6.DLL
0x00007ffffafc0000 - 0x00007ffffafdd000 	C:\Windows\SYSTEM32\dhcpcsvc.DLL
0x00007ff8003e0000 - 0x00007ff8004aa000 	C:\Windows\SYSTEM32\DNSAPI.dll
0x00007fffc0970000 - 0x00007fffc097e000 	C:\Users\hp\.jdks\corretto-17.0.6\bin\sunmscapi.dll
0x00007ff8017a0000 - 0x00007ff8018fd000 	C:\Windows\System32\CRYPT32.dll
0x00007ff800a30000 - 0x00007ff800a57000 	C:\Windows\SYSTEM32\ncrypt.dll
0x00007ff8009f0000 - 0x00007ff800a2b000 	C:\Windows\SYSTEM32\NTASN1.dll
0x00007fffe4f70000 - 0x00007fffe4f77000 	C:\Windows\system32\wshunix.dll
0x00007ff8000a0000 - 0x00007ff8000d3000 	C:\Windows\SYSTEM32\ntmarta.dll

dbghelp: loaded successfully - version: 4.0.5 - missing functions: none
symbol engine: initialized successfully - sym options: 0x614 - pdb path: .;C:\Users\hp\.jdks\corretto-17.0.6\bin;C:\Windows\SYSTEM32;C:\Windows\WinSxS\amd64_microsoft.windows.common-controls_6595b64144ccf1df_6.0.19041.3570_none_60bb2a3971f3e41a;C:\Users\hp\.jdks\corretto-17.0.6\bin\server;C:\Users\hp\.gradle\native\68d5fa5c4cc2d200863cafc0d521ce42e7d3e7ee720ec0a83991735586a16f82\windows-amd64;C:\Users\hp\.gradle\native\e376f236ea51e6404a007f0833ffe2c6e607c4080706a723a18a27aeea778392\windows-amd64

VM Arguments:
jvm_args: --add-opens=java.base/java.util=ALL-UNNAMED --add-opens=java.base/java.lang=ALL-UNNAMED --add-opens=java.base/java.lang.invoke=ALL-UNNAMED --add-opens=java.prefs/java.util.prefs=ALL-UNNAMED --add-opens=java.base/java.nio.charset=ALL-UNNAMED --add-opens=java.base/java.net=ALL-UNNAMED --add-opens=java.base/java.util.concurrent.atomic=ALL-UNNAMED -XX:MaxMetaspaceSize=384m -XX:+HeapDumpOnOutOfMemoryError -Xms256m -Xmx512m -Dfile.encoding=windows-1250 -Duser.country=CZ -Duser.language=cs -Duser.variant -javaagent:C:\Users\hp\.gradle\wrapper\dists\gradle-8.3-bin\dxjbbhstwasg8cbags9q7cvli\gradle-8.3\lib\agents\gradle-instrumentation-agent-8.3.jar 
java_command: org.gradle.launcher.daemon.bootstrap.GradleDaemon 8.3
java_class_path (initial): C:\Users\hp\.gradle\wrapper\dists\gradle-8.3-bin\dxjbbhstwasg8cbags9q7cvli\gradle-8.3\lib\gradle-launcher-8.3.jar
Launcher Type: SUN_STANDARD

[Global flags]
     intx CICompilerCount                          = 4                                         {product} {ergonomic}
   size_t CompressedClassSpaceSize                 = 322961408                                 {product} {ergonomic}
     uint ConcGCThreads                            = 2                                         {product} {ergonomic}
     uint G1ConcRefinementThreads                  = 8                                         {product} {ergonomic}
   size_t G1HeapRegionSize                         = 1048576                                   {product} {ergonomic}
    uintx GCDrainStackTargetSize                   = 64                                        {product} {ergonomic}
     bool HeapDumpOnOutOfMemoryError               = true                                   {manageable} {command line}
   size_t InitialHeapSize                          = 268435456                                 {product} {command line}
   size_t MarkStackSize                            = 4194304                                   {product} {ergonomic}
   size_t MaxHeapSize                              = 536870912                                 {product} {command line}
   size_t MaxMetaspaceSize                         = 402653184                                 {product} {command line}
   size_t MaxNewSize                               = 321912832                                 {product} {ergonomic}
   size_t MinHeapDeltaBytes                        = 1048576                                   {product} {ergonomic}
   size_t MinHeapSize                              = 268435456                                 {product} {command line}
    uintx NonNMethodCodeHeapSize                   = 5839372                                {pd product} {ergonomic}
    uintx NonProfiledCodeHeapSize                  = 122909434                              {pd product} {ergonomic}
    uintx ProfiledCodeHeapSize                     = 122909434                              {pd product} {ergonomic}
    uintx ReservedCodeCacheSize                    = 251658240                              {pd product} {ergonomic}
     bool SegmentedCodeCache                       = true                                      {product} {ergonomic}
   size_t SoftMaxHeapSize                          = 536870912                              {manageable} {ergonomic}
     bool UseCompressedClassPointers               = true                           {product lp64_product} {ergonomic}
     bool UseCompressedOops                        = true                           {product lp64_product} {ergonomic}
     bool UseG1GC                                  = true                                      {product} {ergonomic}
     bool UseLargePagesIndividualAllocation        = false                                  {pd product} {ergonomic}

Logging:
Log output configuration:
 #0: stdout all=warning uptime,level,tags
 #1: stderr all=off uptime,level,tags

Environment Variables:
PATH=C:\Program Files (x86)\Common Files\Oracle\Java\javapath;C:\Program Files\Microsoft\jdk-11.0.12.7-hotspot\bin;C:\Windows\system32;C:\Windows;C:\Windows\System32\Wbem;C:\Windows\System32\WindowsPowerShell\v1.0\;C:\Windows\System32\OpenSSH\;C:\Program Files\Microsoft SQL Server\Client SDK\ODBC\170\Tools\Binn\;C:\Program Files (x86)\Microsoft SQL Server\150\Tools\Binn\;C:\Program Files\Microsoft SQL Server\150\Tools\Binn\;C:\Program Files\Microsoft SQL Server\150\DTS\Binn\;C:\Program Files (x86)\Microsoft SQL Server\150\DTS\Binn\;C:\Program Files\Azure Data Studio\bin;C:\Program Files\dotnet\;C:\Program Files\Git\cmd;C:\Users\hp\AppData\Local\Programs\Python\Python311\Scripts\;C:\Users\hp\AppData\Local\Programs\Python\Python311\;C:\Users\hp\AppData\Local\Programs\Python\Python39\Scripts\;C:\Users\hp\AppData\Local\Programs\Python\Python39\;C:\Users\hp\AppData\Local\Microsoft\WindowsApps;C:\Users\hp\AppData\Local\Programs\Microsoft VS Code\bin;C:\Users\hp\.dotnet\tools;C:\Users\hp\AppData\Local\JetBrains\Toolbox\scripts;C:\Users\hp\AppData\Local\GitHubDesktop\bin
USERNAME=hp
OS=Windows_NT
PROCESSOR_IDENTIFIER=Intel64 Family 6 Model 142 Stepping 10, GenuineIntel
TMP=C:\Users\hp\AppData\Local\Temp
TEMP=C:\Users\hp\AppData\Local\Temp



---------------  S Y S T E M  ---------------

OS:
 Windows 10 , 64 bit Build 19041 (10.0.19041.3570)
OS uptime: 0 days 19:41 hours
Hyper-V role detected

CPU: total 8 (initial active 8) (4 cores per cpu, 2 threads per core) family 6 model 142 stepping 10 microcode 0xea, cx8, cmov, fxsr, ht, mmx, 3dnowpref, sse, sse2, sse3, ssse3, sse4.1, sse4.2, popcnt, lzcnt, tsc, tscinvbit, avx, avx2, aes, erms, clmul, bmi1, bmi2, adx, fma, vzeroupper, clflush, clflushopt, hv

Memory: 4k page, system-wide physical 6024M (209M free)
TotalPageFile size 24456M (AvailPageFile size 1M)
current process WorkingSet (physical memory assigned to process): 218M, peak: 350M
current process commit charge ("private bytes"): 555M, peak: 567M

vm_info: OpenJDK 64-Bit Server VM (17.0.6+10-LTS) for windows-amd64 JRE (17.0.6+10-LTS), built on Jan 13 2023 22:57:04 by "Administrator" with MS VC++ 15.9 (VS2017)

END.
